Log file open, 09/04/17 13:00:36
LogInit:Display: Running engine for game: MyProject2
LogPlatformFile: Not using cached read wrapper
LogInit:Display: RandInit(645159151) SRandInit(645159151).
LogTaskGraph: Started task graph with 5 named threads and 8 total threads with 1 sets of task threads.
LogStats: Stats thread started at 0.271595
LogPluginManager: Loaded Plugin Paper2D, From C:/apps/Epic Games/4.14/Engine/Plugins/2D/Paper2D/Paper2D.uplugin
LogPluginManager: Loaded Plugin LightPropagationVolume, From C:/apps/Epic Games/4.14/Engine/Plugins/Blendables/LightPropagationVolume/LightPropagationVolume.uplugin
LogPluginManager: Loaded Plugin BlankPlugin, From C:/apps/Epic Games/4.14/Engine/Plugins/Developer/BlankPlugin/BlankPlugin.uplugin
LogPluginManager: Loaded Plugin CodeLiteSourceCodeAccess, From C:/apps/Epic Games/4.14/Engine/Plugins/Developer/CodeLiteSourceCodeAccess/CodeLiteSourceCodeAccess.uplugin
LogPluginManager: Loaded Plugin GitSourceControl, From C:/apps/Epic Games/4.14/Engine/Plugins/Developer/GitSourceControl/GitSourceControl.uplugin
LogPluginManager: Loaded Plugin KDevelopSourceCodeAccess, From C:/apps/Epic Games/4.14/Engine/Plugins/Developer/KDevelopSourceCodeAccess/KDevelopSourceCodeAccess.uplugin
LogPluginManager: Loaded Plugin NullSourceCodeAccess, From C:/apps/Epic Games/4.14/Engine/Plugins/Developer/NullSourceCodeAccess/NullSourceCodeAccess.uplugin
LogPluginManager: Loaded Plugin OneSkyLocalizationService, From C:/apps/Epic Games/4.14/Engine/Plugins/Developer/OneSkyLocalizationService/OneSkyLocalizationService.uplugin
LogPluginManager: Loaded Plugin PerforceSourceControl, From C:/apps/Epic Games/4.14/Engine/Plugins/Developer/PerforceSourceControl/PerforceSourceControl.uplugin
LogPluginManager: Loaded Plugin SubversionSourceControl, From C:/apps/Epic Games/4.14/Engine/Plugins/Developer/SubversionSourceControl/SubversionSourceControl.uplugin
LogPluginManager: Loaded Plugin UObjectPlugin, From C:/apps/Epic Games/4.14/Engine/Plugins/Developer/UObjectPlugin/UObjectPlugin.uplugin
LogPluginManager: Loaded Plugin VisualStudioSourceCodeAccess, From C:/apps/Epic Games/4.14/Engine/Plugins/Developer/VisualStudioSourceCodeAccess/VisualStudioSourceCodeAccess.uplugin
LogPluginManager: Loaded Plugin XCodeSourceCodeAccess, From C:/apps/Epic Games/4.14/Engine/Plugins/Developer/XCodeSourceCodeAccess/XCodeSourceCodeAccess.uplugin
LogPluginManager: Loaded Plugin AudioCapture, From C:/apps/Epic Games/4.14/Engine/Plugins/Editor/AudioCapture/AudioCapture.uplugin
LogPluginManager: Loaded Plugin EpicSurvey, From C:/apps/Epic Games/4.14/Engine/Plugins/Editor/EpicSurvey/EpicSurvey.uplugin
LogPluginManager: Loaded Plugin MacGraphicsSwitching, From C:/apps/Epic Games/4.14/Engine/Plugins/Editor/MacGraphicsSwitching/MacGraphicsSwitching.uplugin
LogPluginManager: Loaded Plugin MobileLauncherProfileWizard, From C:/apps/Epic Games/4.14/Engine/Plugins/Editor/MobileLauncherProfileWizard/MobileLauncherProfileWizard.uplugin
LogPluginManager: Loaded Plugin PluginBrowser, From C:/apps/Epic Games/4.14/Engine/Plugins/Editor/PluginBrowser/PluginBrowser.uplugin
LogPluginManager: Loaded Plugin SpeedTreeImporter, From C:/apps/Epic Games/4.14/Engine/Plugins/Editor/SpeedTreeImporter/SpeedTreeImporter.uplugin
LogPluginManager: Loaded Plugin SuperSearchEditor, From C:/apps/Epic Games/4.14/Engine/Plugins/Editor/SuperSearchEditor/SuperSearchEditor.uplugin
LogPluginManager: Loaded Plugin AlembicImporter, From C:/apps/Epic Games/4.14/Engine/Plugins/Experimental/AlembicImporter/AlembicImporter.uplugin
LogPluginManager: Loaded Plugin BlueprintStats, From C:/apps/Epic Games/4.14/Engine/Plugins/Experimental/BlueprintStats/BlueprintStats.uplugin
LogPluginManager: Loaded Plugin CharacterAI, From C:/apps/Epic Games/4.14/Engine/Plugins/Experimental/CharacterAI/CharacterAI.uplugin
LogPluginManager: Loaded Plugin CodeEditor, From C:/apps/Epic Games/4.14/Engine/Plugins/Experimental/CodeEditor/CodeEditor.uplugin
LogPluginManager: Loaded Plugin CodeView, From C:/apps/Epic Games/4.14/Engine/Plugins/Experimental/CodeView/CodeView.uplugin
LogPluginManager: Loaded Plugin HTML5Networking, From C:/apps/Epic Games/4.14/Engine/Plugins/Experimental/HTML5Networking/HTML5Networking.uplugin
LogPluginManager: Loaded Plugin OSVR, From C:/apps/Epic Games/4.14/Engine/Plugins/Experimental/OSVR/OSVR.uplugin
LogPluginManager: Loaded Plugin Phya, From C:/apps/Epic Games/4.14/Engine/Plugins/Experimental/Phya/Phya.uplugin
LogPluginManager: Loaded Plugin SignificanceManager, From C:/apps/Epic Games/4.14/Engine/Plugins/Experimental/SignificanceManager/SignificanceManager.uplugin
LogPluginManager: Loaded Plugin SimpleHMD, From C:/apps/Epic Games/4.14/Engine/Plugins/Experimental/SimpleHMD/SimpleHMD.uplugin
LogPluginManager: Loaded Plugin StereoPanorama, From C:/apps/Epic Games/4.14/Engine/Plugins/Experimental/StereoPanorama/StereoPanorama.uplugin
LogPluginManager: Loaded Plugin StructBox, From C:/apps/Epic Games/4.14/Engine/Plugins/Experimental/StructBox/StructBox.uplugin
LogPluginManager: Loaded Plugin Substance, From C:/apps/Epic Games/4.14/Engine/Plugins/Marketplace/Substance/Substance.uplugin
LogPluginManager: Loaded Plugin AndroidMedia, From C:/apps/Epic Games/4.14/Engine/Plugins/Media/AndroidMedia/AndroidMedia.uplugin
LogPluginManager: Loaded Plugin AvfMedia, From C:/apps/Epic Games/4.14/Engine/Plugins/Media/AvfMedia/AvfMedia.uplugin
LogPluginManager: Loaded Plugin MediaPlayerEditor, From C:/apps/Epic Games/4.14/Engine/Plugins/Media/MediaPlayerEditor/MediaPlayerEditor.uplugin
LogPluginManager: Loaded Plugin WmfMedia, From C:/apps/Epic Games/4.14/Engine/Plugins/Media/WmfMedia/WmfMedia.uplugin
LogPluginManager: Loaded Plugin MessagingDebugger, From C:/apps/Epic Games/4.14/Engine/Plugins/Messaging/MessagingDebugger/MessagingDebugger.uplugin
LogPluginManager: Loaded Plugin TcpMessaging, From C:/apps/Epic Games/4.14/Engine/Plugins/Messaging/TcpMessaging/TcpMessaging.uplugin
LogPluginManager: Loaded Plugin UdpMessaging, From C:/apps/Epic Games/4.14/Engine/Plugins/Messaging/UdpMessaging/UdpMessaging.uplugin
LogPluginManager: Loaded Plugin LevelSequenceEditor, From C:/apps/Epic Games/4.14/Engine/Plugins/MovieScene/LevelSequenceEditor/LevelSequenceEditor.uplugin
LogPluginManager: Loaded Plugin MatineeToLevelSequence, From C:/apps/Epic Games/4.14/Engine/Plugins/MovieScene/MatineeToLevelSequence/MatineeToLevelSequence.uplugin
LogPluginManager: Loaded Plugin NetcodeUnitTest, From C:/apps/Epic Games/4.14/Engine/Plugins/NetcodeUnitTest/NetcodeUnitTest/NetcodeUnitTest.uplugin
LogPluginManager: Loaded Plugin NUTUnrealEngine4, From C:/apps/Epic Games/4.14/Engine/Plugins/NetcodeUnitTest/NUTUnrealEngine4/NUTUnrealEngine4.uplugin
LogPluginManager: Loaded Plugin OnlineSubsystemGameCircle, From C:/apps/Epic Games/4.14/Engine/Plugins/Online/Android/OnlineSubsystemGameCircle/OnlineSubsystemGameCircle.uplugin
LogPluginManager: Loaded Plugin OnlineSubsystemGooglePlay, From C:/apps/Epic Games/4.14/Engine/Plugins/Online/Android/OnlineSubsystemGooglePlay/OnlineSubsystemGooglePlay.uplugin
LogPluginManager: Loaded Plugin OnlineSubsystemIOS, From C:/apps/Epic Games/4.14/Engine/Plugins/Online/IOS/OnlineSubsystemIOS/OnlineSubsystemIOS.uplugin
LogPluginManager: Loaded Plugin OnlineFramework, From C:/apps/Epic Games/4.14/Engine/Plugins/Online/OnlineFramework/OnlineFramework.uplugin
LogPluginManager: Loaded Plugin OnlineSubsystem, From C:/apps/Epic Games/4.14/Engine/Plugins/Online/OnlineSubsystem/OnlineSubsystem.uplugin
LogPluginManager: Loaded Plugin OnlineSubsystemAmazon, From C:/apps/Epic Games/4.14/Engine/Plugins/Online/OnlineSubsystemAmazon/OnlineSubsystemAmazon.uplugin
LogPluginManager: Loaded Plugin OnlineSubsystemFacebook, From C:/apps/Epic Games/4.14/Engine/Plugins/Online/OnlineSubsystemFacebook/OnlineSubsystemFacebook.uplugin
LogPluginManager: Loaded Plugin OnlineSubsystemNull, From C:/apps/Epic Games/4.14/Engine/Plugins/Online/OnlineSubsystemNull/OnlineSubsystemNull.uplugin
LogPluginManager: Loaded Plugin OnlineSubsystemOculus, From C:/apps/Epic Games/4.14/Engine/Plugins/Online/OnlineSubsystemOculus/OnlineSubsystemOculus.uplugin
LogPluginManager: Loaded Plugin OnlineSubsystemSteam, From C:/apps/Epic Games/4.14/Engine/Plugins/Online/OnlineSubsystemSteam/OnlineSubsystemSteam.uplugin
LogPluginManager: Loaded Plugin OnlineSubsystemUtils, From C:/apps/Epic Games/4.14/Engine/Plugins/Online/OnlineSubsystemUtils/OnlineSubsystemUtils.uplugin
LogPluginManager: Loaded Plugin IOSTapJoy, From C:/apps/Epic Games/4.14/Engine/Plugins/Runtime/Advertising/IOSTapJoy/IOSTapJoy.uplugin
LogPluginManager: Loaded Plugin AnalyticsBlueprintLibrary, From C:/apps/Epic Games/4.14/Engine/Plugins/Runtime/Analytics/AnalyticsBlueprintLibrary/AnalyticsBlueprintLibrary.uplugin
LogPluginManager: Loaded Plugin AnalyticsMulticast, From C:/apps/Epic Games/4.14/Engine/Plugins/Runtime/Analytics/AnalyticsMulticast/AnalyticsMulticast.uplugin
LogPluginManager: Loaded Plugin Apsalar, From C:/apps/Epic Games/4.14/Engine/Plugins/Runtime/Analytics/Apsalar/Apsalar.uplugin
LogPluginManager: Loaded Plugin FileLogging, From C:/apps/Epic Games/4.14/Engine/Plugins/Runtime/Analytics/FileLogging/FileLogging.uplugin
LogPluginManager: Loaded Plugin Flurry, From C:/apps/Epic Games/4.14/Engine/Plugins/Runtime/Analytics/Flurry/Flurry.uplugin
LogPluginManager: Loaded Plugin AndroidDeviceProfileSelector, From C:/apps/Epic Games/4.14/Engine/Plugins/Runtime/AndroidDeviceProfileSelector/AndroidDeviceProfileSelector.uplugin
LogPluginManager: Loaded Plugin AndroidMoviePlayer, From C:/apps/Epic Games/4.14/Engine/Plugins/Runtime/AndroidMoviePlayer/AndroidMoviePlayer.uplugin
LogPluginManager: Loaded Plugin AppleMoviePlayer, From C:/apps/Epic Games/4.14/Engine/Plugins/Runtime/AppleMoviePlayer/AppleMoviePlayer.uplugin
LogPluginManager: Loaded Plugin ArchVisCharacter, From C:/apps/Epic Games/4.14/Engine/Plugins/Runtime/ArchVisCharacter/ArchVisCharacter.uplugin
LogPluginManager: Loaded Plugin CableComponent, From C:/apps/Epic Games/4.14/Engine/Plugins/Runtime/CableComponent/CableComponent.uplugin
LogPluginManager: Loaded Plugin CustomMeshComponent, From C:/apps/Epic Games/4.14/Engine/Plugins/Runtime/CustomMeshComponent/CustomMeshComponent.uplugin
LogPluginManager: Loaded Plugin ExampleDeviceProfileSelector, From C:/apps/Epic Games/4.14/Engine/Plugins/Runtime/ExampleDeviceProfileSelector/ExampleDeviceProfileSelector.uplugin
LogPluginManager: Loaded Plugin GearVR, From C:/apps/Epic Games/4.14/Engine/Plugins/Runtime/GearVR/GearVR.uplugin
LogPluginManager: Loaded Plugin GoogleVRController, From C:/apps/Epic Games/4.14/Engine/Plugins/Runtime/GoogleVR/GoogleVRController/GoogleVRController.uplugin
LogPluginManager: Loaded Plugin GoogleVRHMD, From C:/apps/Epic Games/4.14/Engine/Plugins/Runtime/GoogleVR/GoogleVRHMD/GoogleVRHMD.uplugin
LogPluginManager: Loaded Plugin IOSDeviceProfileSelector, From C:/apps/Epic Games/4.14/Engine/Plugins/Runtime/IOSDeviceProfileSelector/IOSDeviceProfileSelector.uplugin
LogPluginManager: Loaded Plugin LeapMotion, From C:/apps/Epic Games/4.14/Engine/Plugins/Runtime/LeapMotion/LeapMotion.uplugin
LogPluginManager: Loaded Plugin LinuxDeviceProfileSelector, From C:/apps/Epic Games/4.14/Engine/Plugins/Runtime/LinuxDeviceProfileSelector/LinuxDeviceProfileSelector.uplugin
LogPluginManager: Loaded Plugin MIDIDevice, From C:/apps/Epic Games/4.14/Engine/Plugins/Runtime/MIDIDevice/MIDIDevice.uplugin
LogPluginManager: Loaded Plugin MobilePatchingUtils, From C:/apps/Epic Games/4.14/Engine/Plugins/Runtime/MobilePatchingUtils/MobilePatchingUtils.uplugin
LogPluginManager: Loaded Plugin Ansel, From C:/apps/Epic Games/4.14/Engine/Plugins/Runtime/Nvidia/Ansel/Ansel.uplugin
LogPluginManager: Loaded Plugin OculusAudio, From C:/apps/Epic Games/4.14/Engine/Plugins/Runtime/OculusAudio/OculusAudio.uplugin
LogPluginManager: Loaded Plugin OculusInput, From C:/apps/Epic Games/4.14/Engine/Plugins/Runtime/OculusInput/OculusInput.uplugin
LogPluginManager: Loaded Plugin OculusLibrary, From C:/apps/Epic Games/4.14/Engine/Plugins/Runtime/OculusLibrary/OculusLibrary.uplugin
LogPluginManager: Loaded Plugin OculusRift, From C:/apps/Epic Games/4.14/Engine/Plugins/Runtime/OculusRift/OculusRift.uplugin
LogPluginManager: Loaded Plugin Oodle, From C:/apps/Epic Games/4.14/Engine/Plugins/Runtime/PacketHandlers/CompressionComponents/Oodle/Oodle.uplugin
LogPluginManager: Loaded Plugin ProceduralMeshComponent, From C:/apps/Epic Games/4.14/Engine/Plugins/Runtime/ProceduralMeshComponent/ProceduralMeshComponent.uplugin
LogPluginManager: Loaded Plugin SoundMod, From C:/apps/Epic Games/4.14/Engine/Plugins/Runtime/SoundMod/SoundMod.uplugin
LogPluginManager: Loaded Plugin SoundVisualizations, From C:/apps/Epic Games/4.14/Engine/Plugins/Runtime/SoundVisualizations/SoundVisualizations.uplugin
LogPluginManager: Loaded Plugin SteamController, From C:/apps/Epic Games/4.14/Engine/Plugins/Runtime/Steam/SteamController/SteamController.uplugin
LogPluginManager: Loaded Plugin SteamVR, From C:/apps/Epic Games/4.14/Engine/Plugins/Runtime/Steam/SteamVR/SteamVR.uplugin
LogPluginManager: Loaded Plugin WebBrowserWidget, From C:/apps/Epic Games/4.14/Engine/Plugins/Runtime/WebBrowserWidget/WebBrowserWidget.uplugin
LogPluginManager: Loaded Plugin WindowsDeviceProfileSelector, From C:/apps/Epic Games/4.14/Engine/Plugins/Runtime/WindowsDeviceProfileSelector/WindowsDeviceProfileSelector.uplugin
LogPluginManager: Loaded Plugin WindowsMoviePlayer, From C:/apps/Epic Games/4.14/Engine/Plugins/Runtime/WindowsMoviePlayer/WindowsMoviePlayer.uplugin
LogPluginManager: Loaded Plugin ScriptPlugin, From C:/apps/Epic Games/4.14/Engine/Plugins/ScriptPlugin/ScriptPlugin.uplugin
LogPluginManager: Loaded Plugin SlateRemote, From C:/apps/Epic Games/4.14/Engine/Plugins/Slate/SlateRemote/SlateRemote.uplugin
LogPluginManager: Loaded Plugin EditorTests, From C:/apps/Epic Games/4.14/Engine/Plugins/Tests/EditorTests/EditorTests.uplugin
LogPluginManager: Loaded Plugin FbxAutomationTestBuilder, From C:/apps/Epic Games/4.14/Engine/Plugins/Tests/FbxAutomationTestBuilder/FbxAutomationTestBuilder.uplugin
LogPluginManager: Loaded Plugin FunctionalTestingEditor, From C:/apps/Epic Games/4.14/Engine/Plugins/Tests/FunctionalTestingEditor/FunctionalTestingEditor.uplugin
LogPluginManager: Loaded Plugin RuntimeTests, From C:/apps/Epic Games/4.14/Engine/Plugins/Tests/RuntimeTests/RuntimeTests.uplugin
LogPluginManager: Loaded Plugin ScreenshotTools, From C:/apps/Epic Games/4.14/Engine/Plugins/Tests/ScreenshotTools/ScreenshotTools.uplugin
LogInit: Using libcurl 7.47.1
LogInit:  - built for x86_64-pc-win32
LogInit:  - supports SSL with OpenSSL/1.0.2g
LogInit:  - supports HTTP deflate (compression) using libz 1.2.8
LogInit:  - other features:
LogInit:      CURL_VERSION_SSL
LogInit:      CURL_VERSION_LIBZ
LogInit:      CURL_VERSION_IPV6
LogInit:      CURL_VERSION_ASYNCHDNS
LogInit:      CURL_VERSION_LARGEFILE
LogInit:      CURL_VERSION_IDN
LogInit:  CurlRequestOptions (configurable via config and command line):
LogInit:  - bVerifyPeer = false  - Libcurl will NOT verify peer certificate
LogInit:  - bUseHttpProxy = false  - Libcurl will NOT use HTTP proxy
LogInit:  - bDontReuseConnections = false  - Libcurl will reuse connections
LogInit:  - CertBundlePath = nullptr  - Libcurl will use whatever was configured at build time.
LogInit: Build: ++UE4+Release-4.14-CL-3249277
LogInit: Engine Version: 4.14.3-3249277+++UE4+Release-4.14
LogInit: Compatible Engine Version: 4.14.0-3195953+++UE4+Release-4.14
LogInit: Net CL: 3195953
LogDevObjectVersion: Number of dev versions registered: 13
LogDevObjectVersion:   Dev-Blueprints (B0D832E4-1F89-4F0D-ACCF-7EB736FD4AA2): 7
LogDevObjectVersion:   Dev-Build (E1C64328-A22C-4D53-A36C-8E866417BD8C): 0
LogDevObjectVersion:   Dev-Core (375EC13C-06E4-48FB-B500-84F0262A717E): 1
LogDevObjectVersion:   Dev-Editor (E4B068ED-F494-42E9-A231-DA0B2E46BB41): 8
LogDevObjectVersion:   Dev-Framework (CFFC743F-43B0-4480-9391-14DF171D2073): 17
LogDevObjectVersion:   Dev-Mobile (B02B49B5-BB20-44E9-A304-32B752E40360): 0
LogDevObjectVersion:   Dev-Networking (A4E4105C-59A1-49B5-A7C5-40C4547EDFEE): 0
LogDevObjectVersion:   Dev-Online (39C831C9-5AE6-47DC-9A44-9C173E1C8E7C): 0
LogDevObjectVersion:   Dev-Physics (78F01B33-EBEA-4F98-B9B4-84EACCB95AA2): 0
LogDevObjectVersion:   Dev-Platform (6631380F-2D4D-43E0-8009-CF276956A95A): 0
LogDevObjectVersion:   Dev-Rendering (12F88B9F-8875-4AFC-A67C-D90C383ABD29): 12
LogDevObjectVersion:   Dev-Sequencer (7B5AE74C-D270-4C10-A958-57980B212A5A): 1
LogDevObjectVersion:   Dev-VR (D7296918-1DD6-4BDD-9DE2-64A83CC13884): 0
LogInit: Compiled (64-bit): Jan  6 2017 10:49:43
LogInit: Compiled with Visual C++: 19.00.23026.00
LogInit: Build Configuration: Development
LogInit: Branch Name: ++UE4+Release-4.14
LogInit: Command line:  
LogInit: Base directory: C:/apps/Epic Games/4.14/Engine/Binaries/Win64/
LogInit: Installed Engine Build: 1
LogInit: Presizing for max 8388607 objects, including 0 objects not considered by GC, pre-allocating 0 bytes for permanent pool.
LogInit: Object subsystem initialized
[2017.09.04-01.00.38:519][  0]LogInit: Selected Device Profile: [Windows]
[2017.09.04-01.00.38:519][  0]LogInit: Applying CVar settings loaded from the selected device profile: [Windows]
[2017.09.04-01.00.38:690][  0]LogInit: Computer: 1916C011
[2017.09.04-01.00.38:690][  0]LogInit: User: liamhal6872
[2017.09.04-01.00.38:690][  0]LogInit: CPU Page size=65536, Cores=4
[2017.09.04-01.00.38:690][  0]LogInit: High frequency timer resolution =3.312832 MHz
[2017.09.04-01.00.38:697][  0]LogMemory: Memory total: Physical=8.0GB (8GB approx)
[2017.09.04-01.00.38:700][  0]LogMemory: Platform Memory Stats for Windows
[2017.09.04-01.00.38:700][  0]LogMemory: Process Physical Memory: 266.12 MB used, 266.12 MB peak
[2017.09.04-01.00.38:700][  0]LogMemory: Process Virtual Memory: 265.44 MB used, 265.44 MB peak
[2017.09.04-01.00.38:700][  0]LogMemory: Physical Memory: 4910.73 MB used,  3239.43 MB free, 8150.16 MB total
[2017.09.04-01.00.38:700][  0]LogMemory: Virtual Memory: 663.93 MB used,  3239.43 MB free, 8388608.00 MB total
[2017.09.04-01.00.39:322][  0]LogTextLocalizationManager: No specific translations for ('en-NZ') exist, so ('en') translations will be used.
[2017.09.04-01.00.41:025][  0]LogD3D11RHI: D3D11 adapters:
[2017.09.04-01.00.41:068][  0]LogD3D11RHI:    0. 'NVIDIA GeForce GTX 670' (Feature Level 11_0)
[2017.09.04-01.00.41:068][  0]LogD3D11RHI:       1989/0/2048 MB DedicatedVideo/DedicatedSystem/SharedSystem, Outputs:2, VendorId:0x10de
[2017.09.04-01.00.41:068][  0]LogD3D11RHI: Chosen D3D11 Adapter: 0
[2017.09.04-01.00.41:073][  0]LogD3D11RHI: Creating new Direct3DDevice
[2017.09.04-01.00.41:073][  0]LogD3D11RHI:     GPU DeviceId: 0x1189 (for the marketing name, search the web for "GPU Device Id")
[2017.09.04-01.00.41:073][  0]LogWindows: EnumDisplayDevices:
[2017.09.04-01.00.41:073][  0]LogWindows:    0. 'NVIDIA GeForce GTX 670' (P:0 D:1)
[2017.09.04-01.00.41:074][  0]LogWindows:    1. 'NVIDIA GeForce GTX 670' (P:1 D:1)
[2017.09.04-01.00.41:074][  0]LogWindows:    2. 'NVIDIA GeForce GTX 670' (P:0 D:0)
[2017.09.04-01.00.41:074][  0]LogWindows:    3. 'NVIDIA GeForce GTX 670' (P:0 D:0)
[2017.09.04-01.00.41:074][  0]LogWindows:    4. 'RDPDD Chained DD' (P:0 D:0)
[2017.09.04-01.00.41:074][  0]LogWindows:    5. 'RDP Encoder Mirror Driver' (P:0 D:0)
[2017.09.04-01.00.41:074][  0]LogWindows:    6. 'RDP Reflector Display Driver' (P:0 D:0)
[2017.09.04-01.00.41:074][  0]LogWindows:    7. 'Mirage Driver' (P:0 D:0)
[2017.09.04-01.00.41:074][  0]LogWindows: DebugString: GetVideoDriverDetailsInvalid PrimaryIsNotTheChoosenAdapter GetVideoDriverDetailsInvalid PrimaryIsNotTheChoosenAdapter GetVideoDriverDetailsInvalid PrimaryIsNotTheChoosenAdapter GetVideoDriverDetailsInvalid PrimaryIsNotTheChoosenAdapter FoundDriverCount:4 
[2017.09.04-01.00.41:074][  0]LogD3D11RHI:     Adapter Name: NVIDIA GeForce GTX 670
[2017.09.04-01.00.41:074][  0]LogD3D11RHI:   Driver Version: 364.72 (internal:10.18.13.6472, unified:364.72)
[2017.09.04-01.00.41:074][  0]LogD3D11RHI:      Driver Date: 3-21-2016
[2017.09.04-01.00.41:074][  0]LogRHI: Texture pool is 1361 MB (70% of 1945 MB)
[2017.09.04-01.00.41:089][  0]LogD3D11RHI:Warning: Timestamp queries are currently disabled on this hardware due to instability. Realtime GPU stats will not be available. You can override this behaviour by setting r.NVIDIATimestampWorkaround to 0
[2017.09.04-01.00.41:089][  0]LogD3D11RHI: Async texture creation enabled
[2017.09.04-01.00.41:334][  0]LogD3D11RHI: GPU Timing Frequency: 1000.000000 (Debug: 2 2)
[2017.09.04-01.00.41:395][  0]LogShaderCompilers: Guid format shader working directory is 28 characters bigger than the processId version (E:/!Prototype 4/CUBE-JUMP/Intermediate/Shaders/WorkingDirectory/4380/).
[2017.09.04-01.00.41:396][  0]LogShaderCompilers: Cleaned the shader compiler working directory 'C:/Users/liam.hal6872/AppData/Local/Temp/UnrealShaderWorkingDir/110F3C6344D37019E4405F9EB1F0B72D/'.
[2017.09.04-01.00.41:396][  0]LogShaderCompilers:Display: Using Local Shader Compiler.
[2017.09.04-01.00.44:617][  0]LogTemp:Display: Loaded TP AllDesktopTargetPlatform
[2017.09.04-01.00.44:759][  0]LogTemp:Display: Loaded TP MacClientTargetPlatform
[2017.09.04-01.00.44:890][  0]LogTemp:Display: Loaded TP MacNoEditorTargetPlatform
[2017.09.04-01.00.45:056][  0]LogTemp:Display: Loaded TP MacServerTargetPlatform
[2017.09.04-01.00.45:230][  0]LogTemp:Display: Loaded TP MacTargetPlatform
[2017.09.04-01.00.45:380][  0]LogTemp:Display: Loaded TP WindowsClientTargetPlatform
[2017.09.04-01.00.45:533][  0]LogTemp:Display: Loaded TP WindowsNoEditorTargetPlatform
[2017.09.04-01.00.45:717][  0]LogTemp:Display: Loaded TP WindowsServerTargetPlatform
[2017.09.04-01.00.45:852][  0]LogTemp:Display: Loaded TP WindowsTargetPlatform
[2017.09.04-01.00.45:996][  0]LogTemp:Display: Loaded TP AndroidTargetPlatform
[2017.09.04-01.00.46:129][  0]LogTemp:Display: Loaded TP Android_ASTCTargetPlatform
[2017.09.04-01.00.46:269][  0]LogTemp:Display: Loaded TP Android_ATCTargetPlatform
[2017.09.04-01.00.46:403][  0]LogTemp:Display: Loaded TP Android_DXTTargetPlatform
[2017.09.04-01.00.46:546][  0]LogTemp:Display: Loaded TP Android_ETC1TargetPlatform
[2017.09.04-01.00.46:688][  0]LogTemp:Display: Loaded TP Android_ETC2TargetPlatform
[2017.09.04-01.00.46:960][  0]LogTemp:Display: Loaded TP Android_MultiTargetPlatform
[2017.09.04-01.00.46:960][  0]LogTemp:Display: Loaded TP Android_PVRTCTargetPlatform
[2017.09.04-01.00.47:072][  0]LogTemp:Display: Loaded TP HTML5TargetPlatform
[2017.09.04-01.00.47:333][  0]LogTemp:Display: Loaded TP IOSTargetPlatform
[2017.09.04-01.00.47:424][  0]LogTemp:Display: Loaded TP TVOSTargetPlatform
[2017.09.04-01.00.47:557][  0]LogTemp:Display: Loaded TP LinuxClientTargetPlatform
[2017.09.04-01.00.47:696][  0]LogTemp:Display: Loaded TP LinuxNoEditorTargetPlatform
[2017.09.04-01.00.47:827][  0]LogTemp:Display: Loaded TP LinuxServerTargetPlatform
[2017.09.04-01.00.47:967][  0]LogTemp:Display: Loaded TP LinuxTargetPlatform
[2017.09.04-01.00.47:967][  0]LogTargetPlatformManager:Display: Building Assets For Windows
[2017.09.04-01.00.49:861][  0]LogDerivedDataCache:Display: Max Cache Size: 512 MB
[2017.09.04-01.00.50:462][  0]LogDerivedDataCache: Loaded boot cache 0.60s 50MB C:/Users/liam.hal6872/AppData/Local/UnrealEngine/4.14/DerivedDataCache/Boot.ddc.
[2017.09.04-01.00.50:462][  0]LogDerivedDataCache:Display: Loaded Boot cache: C:/Users/liam.hal6872/AppData/Local/UnrealEngine/4.14/DerivedDataCache/Boot.ddc
[2017.09.04-01.00.50:463][  0]LogDerivedDataCache: FDerivedDataBackendGraph:  Pak pak cache file E:/!Prototype 4/CUBE-JUMP/DerivedDataCache/DDC.ddp not found, will not use a pak cache.
[2017.09.04-01.00.50:463][  0]LogDerivedDataCache: Unable to find inner node Pak for hierarchical cache Hierarchy.
[2017.09.04-01.00.50:463][  0]LogDerivedDataCache: FDerivedDataBackendGraph:  CompressedPak pak cache file E:/!Prototype 4/CUBE-JUMP/DerivedDataCache/Compressed.ddp not found, will not use a pak cache.
[2017.09.04-01.00.50:463][  0]LogDerivedDataCache: Unable to find inner node CompressedPak for hierarchical cache Hierarchy.
[2017.09.04-01.00.50:507][  0]LogDerivedDataCache:Display: Pak cache opened for reading ../../../Engine/DerivedDataCache/Compressed.ddp.
[2017.09.04-01.00.50:519][  0]LogDerivedDataCache: Using Local data cache path C:/Users/liam.hal6872/AppData/Local/UnrealEngine/Common/DerivedDataCache: Writable
[2017.09.04-01.00.53:179][  0]LogInit: Selected Device Profile: [Windows]
[2017.09.04-01.00.53:240][  0]LogContentStreaming: Texture pool size is 0.00 MB
[2017.09.04-01.00.54:090][  0]LogMeshUtilities: Using QuadricMeshReduction for automatic static mesh reduction
[2017.09.04-01.00.54:645][  0]LogSimplygon: Simplygon DLL not present - disabling.
[2017.09.04-01.00.54:792][  0]LogMeshUtilities: Using SimplygonSwarm for distributed automatic mesh merging
[2017.09.04-01.00.54:792][  0]LogMeshUtilities: No automatic skeletal mesh reduction module available
[2017.09.04-01.00.54:792][  0]LogMeshUtilities: No automatic mesh merging module available
[2017.09.04-01.00.57:179][  0]LogNetVersion: GetLocalNetworkVersion: CL: 3195953, ProjectName: myproject2, ProjectVersion: , EngineNetworkVersion: 2, GameNetworkVersion: 0, NetworkChecksum: 178977787
[2017.09.04-01.00.57:412][  0]LogAssetRegistry: FAssetRegistry took 0.0237 seconds to start up
[2017.09.04-01.00.58:266][  0]LogPackageLocalizationCache: Processed 3 localized package path(s) for 2 prioritized culture(s) in 0.590592 seconds
[2017.09.04-01.00.58:273][  0]LogUObjectArray: 31946 objects as part of root set at end of initial load.
[2017.09.04-01.00.58:273][  0]LogUObjectAllocator: 6935848 out of 0 bytes used by permanent object pool.
[2017.09.04-01.00.58:273][  0]LogUObjectArray: CloseDisregardForGC: 0/0 objects in disregard for GC pool
[2017.09.04-01.00.58:963][  0]LogInit: WinSock: version 1.1 (2.2), MaxSocks=32767, MaxUdp=65467
[2017.09.04-01.01.01:966][  0]LogSlate: Using Freetype 2.6.0
[2017.09.04-01.01.01:979][  0]LogSlate: SlateFontCache - WITH_FREETYPE: 1, WITH_HARFBUZZ: 1
[2017.09.04-01.01.01:980][  0]LogSlate: SlateFontCache - WITH_FREETYPE: 1, WITH_HARFBUZZ: 1
[2017.09.04-01.01.06:122][  0]LogSubstanceCoreModule: Substance [CPU] Engine Loaded, Max Texture Size = 2048
[2017.09.04-01.01.06:199][  0]LogTcpMessaging: Initializing TcpMessaging bridge
[2017.09.04-01.01.06:313][  0]LogUdpMessaging: Initializing bridge on interface 0.0.0.0:0 to multicast group 230.0.0.1:6666.
[2017.09.04-01.01.07:577][  0]LogMaterial: Uniform references updated for custom material expression Custom.
[2017.09.04-01.01.08:851][  0]SourceControl: Info Source control is disabled
[2017.09.04-01.01.08:966][  0]SourceControl: Info Source control is disabled
[2017.09.04-01.01.09:140][  0]SourceControl: Info Source control is disabled
[2017.09.04-01.01.09:293][  0]SourceControl: Info Source control is disabled
[2017.09.04-01.01.13:540][  0]LogEngine: Initializing Engine...
[2017.09.04-01.01.13:555][  0]LogHMD: Failed to initialize OpenVR with code 110
[2017.09.04-01.01.14:454][  0]LogAIModule: Creating AISystem for world Untitled
[2017.09.04-01.01.14:541][  0]LogInit: No audio devices found!
[2017.09.04-01.01.14:565][  0]LogDerivedDataCache: Saved boot cache 0.02s 50MB C:/Users/liam.hal6872/AppData/Local/UnrealEngine/4.14/DerivedDataCache/Boot.ddc.
[2017.09.04-01.01.14:571][  0]LogInit: Texture streaming: Enabled
[2017.09.04-01.01.15:235][  0]LogInit: Transaction tracking system initialized
[2017.09.04-01.01.16:376][  0]BlueprintLog: New page: Editor Load
[2017.09.04-01.01.19:612][  0]LocalizationService: Info Localization service is disabled
[2017.09.04-01.01.21:871][  0]LogConsoleResponse:Display: 
[2017.09.04-01.01.22:484][  0]LogCook:Display: Max memory allowance for cook 16384mb min free memory 0mb
[2017.09.04-01.01.22:495][  0]LogFileCache: Scanning file cache for directory 'E:/!Prototype 4/CUBE-JUMP/Content/' took 0.02s
[2017.09.04-01.01.22:495][  0]LogCook:Display: Mobile HDR setting 1
[2017.09.04-01.01.25:558][  0]SourceControl: Info Source control is disabled
[2017.09.04-01.01.25:570][  0]Cmd: MAP LOAD FILE="E:/!Prototype 4/CUBE-JUMP/Content/SideScrollerBP/Maps/LevelONE.umap" TEMPLATE=0 SHOWPROGRESS=1 FEATURELEVEL=3
[2017.09.04-01.01.25:581][  0]LightingResults: New page: Lighting Build
[2017.09.04-01.01.25:750][  0]MapCheck: New page: Map Check
[2017.09.04-01.01.25:750][  0]LightingResults: New page: Lighting Build
[2017.09.04-01.01.26:659][  0]LogTexture:Display: Building textures: bg2_D (AutoDXT)
[2017.09.04-01.01.26:843][  0]LogMaterial: Missing cached shader map for material Backdrop_M, compiling. 
[2017.09.04-01.01.26:944][  0]LogTexture:Display: Building textures: HQ_Lightmap1_1 (AutoDXT)
[2017.09.04-01.01.26:947][  0]LogTexture:Display: Building textures: HQ_Lightmap1_2 (AutoDXT)
[2017.09.04-01.01.26:948][  0]LogTexture:Display: Building textures: LQ_Lightmap_1_1 (DXT1)
[2017.09.04-01.01.26:951][  0]LogTexture:Display: Building textures: LQ_Lightmap_1_2 (DXT1)
[2017.09.04-01.01.26:955][  0]LogTexture:Display: Building textures: SkyOcclusion1_1 (AutoDXT)
[2017.09.04-01.01.26:964][  0]LogTexture:Display: Building textures: SkyOcclusion1_2 (AutoDXT)
[2017.09.04-01.01.27:018][  0]LogStaticMesh: Building static mesh cube_Mesh...
[2017.09.04-01.01.27:097][  0]LogStaticMesh: Built static mesh [0.08s] /Game/SideScrollerBP/Meshes/cube_MEsh.cube_Mesh
[2017.09.04-01.01.27:111][  0]LogStaticMesh: Building static mesh lava_mesh...
[2017.09.04-01.01.27:118][  0]LogStaticMesh: Built static mesh [0.01s] /Game/SideScrollerBP/Meshes/lava_mesh.lava_mesh
[2017.09.04-01.01.27:226][  0]LogTexture:Display: Building textures: lavaBubble2_D (AutoDXT)
[2017.09.04-01.01.27:325][  0]LogTexture:Display: Building textures: lava_R (AutoDXT)
[2017.09.04-01.01.27:483][  0]LogTexture:Display: Building textures: lava_DBLur (AutoDXT)
[2017.09.04-01.01.27:676][  0]LogTexture:Display: Building textures: lava_D (AutoDXT)
[2017.09.04-01.01.27:858][  0]LogMaterial: Missing cached shader map for material Lava_M, compiling. 
[2017.09.04-01.01.27:953][  0]LogMaterial: Missing cached shader map for material lambert1, compiling. 
[2017.09.04-01.01.28:478][  0]LogAIModule: Creating AISystem for world LevelONE
[2017.09.04-01.01.28:658][  0]LogEditorServer: Finished looking for orphan Actors (0.000 secs)
[2017.09.04-01.01.28:667][  0]Cmd: MAP CHECKDEP NOCLEARLOG
[2017.09.04-01.01.28:893][  0]MapCheck: Info Map check complete: 0 Error(s), 0 Warning(s), took 225.164ms to complete.
[2017.09.04-01.01.28:893][  0]LogFileHelpers: Loading map 'LevelONE' took 3.323
[2017.09.04-01.01.29:745][  0]LogCollectionManager: Loaded 0 collections in 0.002900 seconds
[2017.09.04-01.01.30:123][  0]LogFileCache: Scanning file cache for directory 'E:/!Prototype 4/CUBE-JUMP/Saved/Collections/' took 0.01s
[2017.09.04-01.01.30:123][  0]LogFileCache: Scanning file cache for directory 'E:/!Prototype 4/CUBE-JUMP/Content/Developers/liamhal6872/Collections/' took 0.01s
[2017.09.04-01.01.30:123][  0]LogFileCache: Scanning file cache for directory 'E:/!Prototype 4/CUBE-JUMP/Content/Collections/' took 0.01s
[2017.09.04-01.01.30:123][  0]LogCollectionManager: Rebuilt the GUID cache for 0 collections in 0.000002 seconds
[2017.09.04-01.01.30:148][  0]LogContentBrowser: Native class hierarchy populated in 0.0229 seconds. Added 2205 classes and 436 folders.
[2017.09.04-01.01.30:361][  0]LogStats: UGameplayTagsManager::ConstructGameplayTagTree: Construct from data asset -  0.000 s
[2017.09.04-01.01.30:361][  0]LogStats: UGameplayTagsManager::ConstructGameplayTagTree: GameplayTagTreeChangedEvent.Broadcast -  0.000 s
[2017.09.04-01.01.30:371][  0]LogContentBrowser: Native class hierarchy updated for 'GameplayTags' in 0.0089 seconds. Added 13 classes and 0 folders.
[2017.09.04-01.01.30:625][  0]LogContentBrowser: Native class hierarchy updated for 'WidgetCarousel' in 0.0017 seconds. Added 0 classes and 0 folders.
[2017.09.04-01.01.31:023][  0]LogContentBrowser: Native class hierarchy updated for 'AddContentDialog' in 0.0021 seconds. Added 0 classes and 0 folders.
[2017.09.04-01.01.31:312][  0]LogCrashTracker: Crashtracker disabled due to settings.
[2017.09.04-01.01.31:330][  0]LogUObjectGlobals:Warning: Failed to find object 'Class None.'
[2017.09.04-01.01.31:539][  0]LogContentBrowser: Native class hierarchy updated for 'HierarchicalLODOutliner' in 0.0015 seconds. Added 1 classes and 2 folders.
[2017.09.04-01.01.31:543][  0]LogLoad: (Engine Initialization) Total time: 71.44 seconds
[2017.09.04-01.01.31:543][  0]LogLoad: (Engine Initialization) Total Blueprint compile time: 0.44 seconds
[2017.09.04-01.01.31:565][  0]LogExternalProfiler: Found external profiler: VSPerf
[2017.09.04-01.01.31:565][  0]LogExternalProfiler: Using external profiler: VSPerf
[2017.09.04-01.01.31:932][  0]LogOcInput: OculusInput pre-init called
[2017.09.04-01.01.32:036][  0]LogContentStreaming: Texture pool size now 1000 MB
[2017.09.04-01.01.32:387][  0]LogRenderer: Reallocating scene render targets to support 1208x580 NumSamples 1 (Frame:2).
[2017.09.04-01.01.32:517][  1]LogAssetRegistry: Asset discovery search completed in 35.1246 seconds
[2017.09.04-01.01.32:517][  1]LogCollectionManager: Rebuilt the object cache for 0 collections in 0.000001 seconds (found 0 objects)
[2017.09.04-01.01.32:517][  1]LogCollectionManager: Fixed up redirectors for 0 collections in 0.000014 seconds (updated 0 objects)
[2017.09.04-01.02.00:606][ 93]LogTemp: Repeting last play command: New Editor Window (PIE)
[2017.09.04-01.02.00:669][ 93]LogBlueprintUserMessages: Early PlayInEditor Detection: Level '/Game/SideScrollerBP/Maps/LevelONE.LevelONE:PersistentLevel' has LevelScriptBlueprint '/Game/SideScrollerBP/Maps/LevelONE.LevelONE:PersistentLevel.LevelONE' with GeneratedClass '/Game/SideScrollerBP/Maps/LevelONE.LevelONE_C' with ClassGeneratedBy '/Game/SideScrollerBP/Maps/LevelONE.LevelONE:PersistentLevel.LevelONE'
[2017.09.04-01.02.00:669][ 93]LogPlayLevel: PlayLevel: No blueprints needed recompiling
[2017.09.04-01.02.00:705][ 93]PIE: New page: PIE session: LevelONE (5/09/2017 1:02:00 am)
[2017.09.04-01.02.00:705][ 93]LogPlayLevel: Creating play world package: /Game/SideScrollerBP/Maps/UEDPIE_0_LevelONE
[2017.09.04-01.02.00:739][ 93]LogPlayLevel: PIE: StaticDuplicateObject took: (0.034227s)
[2017.09.04-01.02.00:740][ 93]LogAIModule: Creating AISystem for world LevelONE
[2017.09.04-01.02.00:740][ 93]LogPlayLevel: PIE: World Init took: (0.001287s)
[2017.09.04-01.02.00:740][ 93]LogPlayLevel: PIE: Created PIE world by copying editor world from /Game/SideScrollerBP/Maps/LevelONE.LevelONE to /Game/SideScrollerBP/Maps/UEDPIE_0_LevelONE.LevelONE (0.035797s)
[2017.09.04-01.02.00:874][ 93]LogLoad: Game class is 'SideScrollerGameMode_C'
[2017.09.04-01.02.00:878][ 93]LogWorld: Bringing World /Game/SideScrollerBP/Maps/UEDPIE_0_LevelONE.LevelONE up for play (max tick rate 0) at 2017.09.04-13.02.00
[2017.09.04-01.02.00:880][ 93]LogWorld: Bringing up level for play took: 0.003866
[2017.09.04-01.02.01:019][ 93]LogContentBrowser: Native class hierarchy updated for 'MovieSceneCapture' in 0.0019 seconds. Added 11 classes and 0 folders.
[2017.09.04-01.02.01:045][ 93]PIE: Info Play in editor start time for /Game/SideScrollerBP/Maps/UEDPIE_0_LevelONE -0.048
[2017.09.04-01.02.01:046][ 93]LogBlueprintUserMessages: Late PlayInEditor Detection: Level '/Game/SideScrollerBP/Maps/LevelONE.LevelONE:PersistentLevel' has LevelScriptBlueprint '/Game/SideScrollerBP/Maps/LevelONE.LevelONE:PersistentLevel.LevelONE' with GeneratedClass '/Game/SideScrollerBP/Maps/LevelONE.LevelONE_C' with ClassGeneratedBy '/Game/SideScrollerBP/Maps/LevelONE.LevelONE:PersistentLevel.LevelONE'
[2017.09.04-01.02.01:127][ 93]LogRenderer: Reallocating scene render targets to support 1292x756 NumSamples 1 (Frame:4).
[2017.09.04-01.02.08:524][963]LogNet: Browse: /Game/SideScrollerBP/Maps/LevelONE
[2017.09.04-01.02.08:524][963]LogLoad: LoadMap: /Game/SideScrollerBP/Maps/LevelONE
[2017.09.04-01.02.08:565][963]Cmd: MEM
[2017.09.04-01.02.08:576][963]LogMemory: Platform Memory Stats for Windows
[2017.09.04-01.02.08:576][963]LogMemory: Process Physical Memory: 977.21 MB used, 979.61 MB peak
[2017.09.04-01.02.08:576][963]LogMemory: Process Virtual Memory: 1419.13 MB used, 1510.39 MB peak
[2017.09.04-01.02.08:576][963]LogMemory: Physical Memory: 5631.07 MB used,  2519.08 MB free, 8150.16 MB total
[2017.09.04-01.02.08:576][963]LogMemory: Virtual Memory: 2123.06 MB used,  2519.08 MB free, 8388608.00 MB total
[2017.09.04-01.02.08:576][963]LogMemory: 
[2017.09.04-01.02.08:576][963]Allocator Stats for TBB: (not implemented)
[2017.09.04-01.02.08:577][963]LogPlayLevel: Creating play world package: /Game/SideScrollerBP/Maps/UEDPIE_0_LevelONE
[2017.09.04-01.02.08:598][963]LogPlayLevel: PIE: StaticDuplicateObject took: (0.020790s)
[2017.09.04-01.02.08:598][963]LogAIModule: Creating AISystem for world LevelONE
[2017.09.04-01.02.08:598][963]LogPlayLevel: PIE: World Init took: (0.000625s)
[2017.09.04-01.02.08:598][963]LogPlayLevel: PIE: Created PIE world by copying editor world from /Game/SideScrollerBP/Maps/LevelONE.LevelONE to /Game/SideScrollerBP/Maps/UEDPIE_0_LevelONE.LevelONE (0.021650s)
[2017.09.04-01.02.08:598][963]LogLoad: Game class is 'SideScrollerGameMode_C'
[2017.09.04-01.02.08:605][963]LogWorld: Bringing World /Game/SideScrollerBP/Maps/UEDPIE_0_LevelONE.LevelONE up for play (max tick rate 0) at 2017.09.04-13.02.08
[2017.09.04-01.02.08:605][963]LogWorld: Bringing up level for play took: 0.005748
[2017.09.04-01.02.08:606][963]LogLoad: Took 0.081806 seconds to LoadMap(/Game/SideScrollerBP/Maps/UEDPIE_0_LevelONE)
[2017.09.04-01.02.09:891][112]LogNet: Browse: /Game/SideScrollerBP/Maps/LevelONE
[2017.09.04-01.02.09:891][112]LogLoad: LoadMap: /Game/SideScrollerBP/Maps/LevelONE
[2017.09.04-01.02.09:901][112]Cmd: MEM
[2017.09.04-01.02.09:910][112]LogMemory: Platform Memory Stats for Windows
[2017.09.04-01.02.09:910][112]LogMemory: Process Physical Memory: 976.54 MB used, 994.74 MB peak
[2017.09.04-01.02.09:910][112]LogMemory: Process Virtual Memory: 1330.90 MB used, 1579.74 MB peak
[2017.09.04-01.02.09:910][112]LogMemory: Physical Memory: 5634.07 MB used,  2516.08 MB free, 8150.16 MB total
[2017.09.04-01.02.09:910][112]LogMemory: Virtual Memory: 2036.18 MB used,  2516.08 MB free, 8388608.00 MB total
[2017.09.04-01.02.09:910][112]LogMemory: 
[2017.09.04-01.02.09:910][112]Allocator Stats for TBB: (not implemented)
[2017.09.04-01.02.09:910][112]LogPlayLevel: Creating play world package: /Game/SideScrollerBP/Maps/UEDPIE_0_LevelONE
[2017.09.04-01.02.09:928][112]LogPlayLevel: PIE: StaticDuplicateObject took: (0.017154s)
[2017.09.04-01.02.09:928][112]LogAIModule: Creating AISystem for world LevelONE
[2017.09.04-01.02.09:928][112]LogPlayLevel: PIE: World Init took: (0.000671s)
[2017.09.04-01.02.09:929][112]LogPlayLevel: PIE: Created PIE world by copying editor world from /Game/SideScrollerBP/Maps/LevelONE.LevelONE to /Game/SideScrollerBP/Maps/UEDPIE_0_LevelONE.LevelONE (0.018069s)
[2017.09.04-01.02.09:929][112]LogLoad: Game class is 'SideScrollerGameMode_C'
[2017.09.04-01.02.09:934][112]LogWorld: Bringing World /Game/SideScrollerBP/Maps/UEDPIE_0_LevelONE.LevelONE up for play (max tick rate 0) at 2017.09.04-13.02.09
[2017.09.04-01.02.09:934][112]LogWorld: Bringing up level for play took: 0.004951
[2017.09.04-01.02.09:935][112]LogLoad: Took 0.044148 seconds to LoadMap(/Game/SideScrollerBP/Maps/UEDPIE_0_LevelONE)
[2017.09.04-01.02.11:701][321]LogNet: Browse: /Game/SideScrollerBP/Maps/LevelONE
[2017.09.04-01.02.11:701][321]LogLoad: LoadMap: /Game/SideScrollerBP/Maps/LevelONE
[2017.09.04-01.02.11:710][321]Cmd: MEM
[2017.09.04-01.02.11:720][321]LogMemory: Platform Memory Stats for Windows
[2017.09.04-01.02.11:720][321]LogMemory: Process Physical Memory: 978.97 MB used, 996.68 MB peak
[2017.09.04-01.02.11:720][321]LogMemory: Process Virtual Memory: 1330.95 MB used, 1579.74 MB peak
[2017.09.04-01.02.11:720][321]LogMemory: Physical Memory: 5636.19 MB used,  2513.97 MB free, 8150.16 MB total
[2017.09.04-01.02.11:720][321]LogMemory: Virtual Memory: 2036.18 MB used,  2513.97 MB free, 8388608.00 MB total
[2017.09.04-01.02.11:720][321]LogMemory: 
[2017.09.04-01.02.11:720][321]Allocator Stats for TBB: (not implemented)
[2017.09.04-01.02.11:720][321]LogPlayLevel: Creating play world package: /Game/SideScrollerBP/Maps/UEDPIE_0_LevelONE
[2017.09.04-01.02.11:738][321]LogPlayLevel: PIE: StaticDuplicateObject took: (0.017855s)
[2017.09.04-01.02.11:738][321]LogAIModule: Creating AISystem for world LevelONE
[2017.09.04-01.02.11:739][321]LogPlayLevel: PIE: World Init took: (0.000671s)
[2017.09.04-01.02.11:739][321]LogPlayLevel: PIE: Created PIE world by copying editor world from /Game/SideScrollerBP/Maps/LevelONE.LevelONE to /Game/SideScrollerBP/Maps/UEDPIE_0_LevelONE.LevelONE (0.018748s)
[2017.09.04-01.02.11:739][321]LogLoad: Game class is 'SideScrollerGameMode_C'
[2017.09.04-01.02.11:743][321]LogWorld: Bringing World /Game/SideScrollerBP/Maps/UEDPIE_0_LevelONE.LevelONE up for play (max tick rate 0) at 2017.09.04-13.02.11
[2017.09.04-01.02.11:744][321]LogWorld: Bringing up level for play took: 0.004219
[2017.09.04-01.02.11:745][321]LogLoad: Took 0.043969 seconds to LoadMap(/Game/SideScrollerBP/Maps/UEDPIE_0_LevelONE)
[2017.09.04-01.02.22:966][664]LogNet: Browse: /Game/SideScrollerBP/Maps/LevelTWO
[2017.09.04-01.02.22:966][664]LogLoad: LoadMap: /Game/SideScrollerBP/Maps/LevelTWO
[2017.09.04-01.02.22:976][664]Cmd: MEM
[2017.09.04-01.02.22:985][664]LogMemory: Platform Memory Stats for Windows
[2017.09.04-01.02.22:985][664]LogMemory: Process Physical Memory: 979.76 MB used, 998.88 MB peak
[2017.09.04-01.02.22:985][664]LogMemory: Process Virtual Memory: 1330.89 MB used, 1579.74 MB peak
[2017.09.04-01.02.22:985][664]LogMemory: Physical Memory: 5632.51 MB used,  2517.65 MB free, 8150.16 MB total
[2017.09.04-01.02.22:985][664]LogMemory: Virtual Memory: 2031.37 MB used,  2517.65 MB free, 8388608.00 MB total
[2017.09.04-01.02.22:985][664]LogMemory: 
[2017.09.04-01.02.22:985][664]Allocator Stats for TBB: (not implemented)
[2017.09.04-01.02.23:895][664]LogAIModule: Creating AISystem for world LevelTWO
[2017.09.04-01.02.23:895][664]LogLoad: Game class is 'SideScrollerGameMode_C'
[2017.09.04-01.02.23:901][664]LogWorld: Bringing World /Game/SideScrollerBP/Maps/UEDPIE_0_LevelTWO.LevelTWO up for play (max tick rate 0) at 2017.09.04-13.02.23
[2017.09.04-01.02.23:901][664]LogWorld: Bringing up level for play took: 0.004493
[2017.09.04-01.02.23:902][664]LogLoad: Took 0.936249 seconds to LoadMap(/Game/SideScrollerBP/Maps/LevelTWO)
[2017.09.04-01.02.28:187][153]LogNet: Browse: /Game/SideScrollerBP/Maps/LevelTWO
[2017.09.04-01.02.28:187][153]LogLoad: LoadMap: /Game/SideScrollerBP/Maps/LevelTWO
[2017.09.04-01.02.28:202][153]Cmd: MEM
[2017.09.04-01.02.28:212][153]LogMemory: Platform Memory Stats for Windows
[2017.09.04-01.02.28:212][153]LogMemory: Process Physical Memory: 1033.27 MB used, 1071.02 MB peak
[2017.09.04-01.02.28:212][153]LogMemory: Process Virtual Memory: 1389.93 MB used, 1579.74 MB peak
[2017.09.04-01.02.28:212][153]LogMemory: Physical Memory: 5660.65 MB used,  2489.50 MB free, 8150.16 MB total
[2017.09.04-01.02.28:212][153]LogMemory: Virtual Memory: 2088.18 MB used,  2489.50 MB free, 8388608.00 MB total
[2017.09.04-01.02.28:212][153]LogMemory: 
[2017.09.04-01.02.28:212][153]Allocator Stats for TBB: (not implemented)
[2017.09.04-01.02.28:411][153]LogAIModule: Creating AISystem for world LevelTWO
[2017.09.04-01.02.28:411][153]LogLoad: Game class is 'SideScrollerGameMode_C'
[2017.09.04-01.02.28:416][153]LogWorld: Bringing World /Game/SideScrollerBP/Maps/UEDPIE_0_LevelTWO.LevelTWO up for play (max tick rate 0) at 2017.09.04-13.02.28
[2017.09.04-01.02.28:416][153]LogWorld: Bringing up level for play took: 0.004494
[2017.09.04-01.02.28:417][153]LogLoad: Took 0.229901 seconds to LoadMap(/Game/SideScrollerBP/Maps/LevelTWO)
[2017.09.04-01.02.29:964][336]LogBlueprintUserMessages: Early EndPlayMap Detection: Level '/Game/SideScrollerBP/Maps/LevelONE.LevelONE:PersistentLevel' has LevelScriptBlueprint '/Game/SideScrollerBP/Maps/LevelONE.LevelONE:PersistentLevel.LevelONE' with GeneratedClass '/Game/SideScrollerBP/Maps/LevelONE.LevelONE_C' with ClassGeneratedBy '/Game/SideScrollerBP/Maps/LevelONE.LevelONE:PersistentLevel.LevelONE'
[2017.09.04-01.02.30:056][336]LogBlueprintUserMessages: Late EndPlayMap Detection: Level '/Game/SideScrollerBP/Maps/LevelONE.LevelONE:PersistentLevel' has LevelScriptBlueprint '/Game/SideScrollerBP/Maps/LevelONE.LevelONE:PersistentLevel.LevelONE' with GeneratedClass '/Game/SideScrollerBP/Maps/LevelONE.LevelONE_C' with ClassGeneratedBy '/Game/SideScrollerBP/Maps/LevelONE.LevelONE:PersistentLevel.LevelONE'
[2017.09.04-01.02.43:118][765]LogContentBrowser: Native class hierarchy updated for 'BlueprintGraph' in 0.0022 seconds. Added 111 classes and 0 folders.
[2017.09.04-01.02.59:868][ 40]Cmd: OBJ SAVEPACKAGE PACKAGE="/Game/SideScrollerBP/Blueprints/PlayerCUBE" FILE="E:/!Prototype 4/CUBE-JUMP/Content/SideScrollerBP/Blueprints/PlayerCUBE.uasset" SILENT=true
[2017.09.04-01.03.02:982][ 40]LogSavePackage: Save=2867.54ms
[2017.09.04-01.03.02:982][ 40]LogSavePackage: Moving 'E:/!Prototype 4/CUBE-JUMP/Saved/PlayerCUBEA4F076E74BDBCDE1C075E7B4A226AE6F.tmp' to 'E:/!Prototype 4/CUBE-JUMP/Content/SideScrollerBP/Blueprints/PlayerCUBE.uasset'
[2017.09.04-01.03.03:066][ 40]LogSavePackage:Display: Finished SavePackage E:/!Prototype 4/CUBE-JUMP/Content/SideScrollerBP/Blueprints/PlayerCUBE.uasset
[2017.09.04-01.03.06:071][305]LogTemp: Repeting last play command: New Editor Window (PIE)
[2017.09.04-01.03.06:181][305]LogBlueprintUserMessages: Early PlayInEditor Detection: Level '/Game/SideScrollerBP/Maps/LevelONE.LevelONE:PersistentLevel' has LevelScriptBlueprint '/Game/SideScrollerBP/Maps/LevelONE.LevelONE:PersistentLevel.LevelONE' with GeneratedClass '/Game/SideScrollerBP/Maps/LevelONE.LevelONE_C' with ClassGeneratedBy '/Game/SideScrollerBP/Maps/LevelONE.LevelONE:PersistentLevel.LevelONE'
[2017.09.04-01.03.06:181][305]BlueprintLog: New page: Pre-Play auto-recompile
[2017.09.04-01.03.06:181][305]LogPlayLevel: [PlayLevel] Compiling PlayerCUBE before play...
[2017.09.04-01.03.06:456][305]LogPlayLevel: PlayLevel: Blueprint regeneration took 276 ms (1 blueprints)
[2017.09.04-01.03.06:456][305]PIE: New page: PIE session: LevelONE (5/09/2017 1:03:06 am)
[2017.09.04-01.03.06:456][305]LogPlayLevel: Creating play world package: /Game/SideScrollerBP/Maps/UEDPIE_0_LevelONE
[2017.09.04-01.03.06:481][305]LogPlayLevel: PIE: StaticDuplicateObject took: (0.024863s)
[2017.09.04-01.03.06:482][305]LogAIModule: Creating AISystem for world LevelONE
[2017.09.04-01.03.06:482][305]LogPlayLevel: PIE: World Init took: (0.000774s)
[2017.09.04-01.03.06:482][305]LogPlayLevel: PIE: Created PIE world by copying editor world from /Game/SideScrollerBP/Maps/LevelONE.LevelONE to /Game/SideScrollerBP/Maps/UEDPIE_0_LevelONE.LevelONE (0.025847s)
[2017.09.04-01.03.06:546][305]LogLoad: Game class is 'SideScrollerGameMode_C'
[2017.09.04-01.03.06:549][305]LogWorld: Bringing World /Game/SideScrollerBP/Maps/UEDPIE_0_LevelONE.LevelONE up for play (max tick rate 0) at 2017.09.04-13.03.06
[2017.09.04-01.03.06:550][305]LogWorld: Bringing up level for play took: 0.001854
[2017.09.04-01.03.06:556][305]PIE: Info Play in editor start time for /Game/SideScrollerBP/Maps/UEDPIE_0_LevelONE -0.536
[2017.09.04-01.03.06:558][305]LogBlueprintUserMessages: Late PlayInEditor Detection: Level '/Game/SideScrollerBP/Maps/LevelONE.LevelONE:PersistentLevel' has LevelScriptBlueprint '/Game/SideScrollerBP/Maps/LevelONE.LevelONE:PersistentLevel.LevelONE' with GeneratedClass '/Game/SideScrollerBP/Maps/LevelONE.LevelONE_C' with ClassGeneratedBy '/Game/SideScrollerBP/Maps/LevelONE.LevelONE:PersistentLevel.LevelONE'
[2017.09.04-01.03.10:714][589]LogNet: Browse: /Game/SideScrollerBP/Maps/LevelONE
[2017.09.04-01.03.10:714][589]LogLoad: LoadMap: /Game/SideScrollerBP/Maps/LevelONE
[2017.09.04-01.03.10:730][589]Cmd: MEM
[2017.09.04-01.03.10:742][589]LogMemory: Platform Memory Stats for Windows
[2017.09.04-01.03.10:743][589]LogMemory: Process Physical Memory: 1156.45 MB used, 1173.47 MB peak
[2017.09.04-01.03.10:743][589]LogMemory: Process Virtual Memory: 1772.32 MB used, 1786.38 MB peak
[2017.09.04-01.03.10:743][589]LogMemory: Physical Memory: 5762.08 MB used,  2388.08 MB free, 8150.16 MB total
[2017.09.04-01.03.10:743][589]LogMemory: Virtual Memory: 2469.44 MB used,  2388.08 MB free, 8388608.00 MB total
[2017.09.04-01.03.10:743][589]LogMemory: 
[2017.09.04-01.03.10:743][589]Allocator Stats for TBB: (not implemented)
[2017.09.04-01.03.10:743][589]LogPlayLevel: Creating play world package: /Game/SideScrollerBP/Maps/UEDPIE_0_LevelONE
[2017.09.04-01.03.10:762][589]LogPlayLevel: PIE: StaticDuplicateObject took: (0.019567s)
[2017.09.04-01.03.10:763][589]LogAIModule: Creating AISystem for world LevelONE
[2017.09.04-01.03.10:763][589]LogPlayLevel: PIE: World Init took: (0.000641s)
[2017.09.04-01.03.10:763][589]LogPlayLevel: PIE: Created PIE world by copying editor world from /Game/SideScrollerBP/Maps/LevelONE.LevelONE to /Game/SideScrollerBP/Maps/UEDPIE_0_LevelONE.LevelONE (0.020427s)
[2017.09.04-01.03.10:763][589]LogLoad: Game class is 'SideScrollerGameMode_C'
[2017.09.04-01.03.10:769][589]LogWorld: Bringing World /Game/SideScrollerBP/Maps/UEDPIE_0_LevelONE.LevelONE up for play (max tick rate 0) at 2017.09.04-13.03.10
[2017.09.04-01.03.10:769][589]LogWorld: Bringing up level for play took: 0.005429
[2017.09.04-01.03.10:770][589]LogLoad: Took 0.056088 seconds to LoadMap(/Game/SideScrollerBP/Maps/UEDPIE_0_LevelONE)
[2017.09.04-01.03.12:021][679]LogNet: Browse: /Game/SideScrollerBP/Maps/LevelONE
[2017.09.04-01.03.12:021][679]LogLoad: LoadMap: /Game/SideScrollerBP/Maps/LevelONE
[2017.09.04-01.03.12:035][679]Cmd: MEM
[2017.09.04-01.03.12:048][679]LogMemory: Platform Memory Stats for Windows
[2017.09.04-01.03.12:048][679]LogMemory: Process Physical Memory: 1157.00 MB used, 1176.15 MB peak
[2017.09.04-01.03.12:048][679]LogMemory: Process Virtual Memory: 1617.19 MB used, 1932.18 MB peak
[2017.09.04-01.03.12:048][679]LogMemory: Physical Memory: 5762.48 MB used,  2387.68 MB free, 8150.16 MB total
[2017.09.04-01.03.12:048][679]LogMemory: Virtual Memory: 2314.56 MB used,  2387.68 MB free, 8388608.00 MB total
[2017.09.04-01.03.12:048][679]LogMemory: 
[2017.09.04-01.03.12:048][679]Allocator Stats for TBB: (not implemented)
[2017.09.04-01.03.12:048][679]LogPlayLevel: Creating play world package: /Game/SideScrollerBP/Maps/UEDPIE_0_LevelONE
[2017.09.04-01.03.12:065][679]LogPlayLevel: PIE: StaticDuplicateObject took: (0.017253s)
[2017.09.04-01.03.12:066][679]LogAIModule: Creating AISystem for world LevelONE
[2017.09.04-01.03.12:066][679]LogPlayLevel: PIE: World Init took: (0.000827s)
[2017.09.04-01.03.12:066][679]LogPlayLevel: PIE: Created PIE world by copying editor world from /Game/SideScrollerBP/Maps/LevelONE.LevelONE to /Game/SideScrollerBP/Maps/UEDPIE_0_LevelONE.LevelONE (0.018334s)
[2017.09.04-01.03.12:066][679]LogLoad: Game class is 'SideScrollerGameMode_C'
[2017.09.04-01.03.12:071][679]LogWorld: Bringing World /Game/SideScrollerBP/Maps/UEDPIE_0_LevelONE.LevelONE up for play (max tick rate 0) at 2017.09.04-13.03.12
[2017.09.04-01.03.12:071][679]LogWorld: Bringing up level for play took: 0.003889
[2017.09.04-01.03.12:072][679]LogLoad: Took 0.051330 seconds to LoadMap(/Game/SideScrollerBP/Maps/UEDPIE_0_LevelONE)
[2017.09.04-01.03.13:159][758]LogNet: Browse: /Game/SideScrollerBP/Maps/LevelONE
[2017.09.04-01.03.13:159][758]LogLoad: LoadMap: /Game/SideScrollerBP/Maps/LevelONE
[2017.09.04-01.03.13:174][758]Cmd: MEM
[2017.09.04-01.03.13:186][758]LogMemory: Platform Memory Stats for Windows
[2017.09.04-01.03.13:186][758]LogMemory: Process Physical Memory: 1165.13 MB used, 1176.69 MB peak
[2017.09.04-01.03.13:186][758]LogMemory: Process Virtual Memory: 1625.77 MB used, 1932.18 MB peak
[2017.09.04-01.03.13:186][758]LogMemory: Physical Memory: 5770.01 MB used,  2380.14 MB free, 8150.16 MB total
[2017.09.04-01.03.13:186][758]LogMemory: Virtual Memory: 2323.13 MB used,  2380.14 MB free, 8388608.00 MB total
[2017.09.04-01.03.13:186][758]LogMemory: 
[2017.09.04-01.03.13:186][758]Allocator Stats for TBB: (not implemented)
[2017.09.04-01.03.13:186][758]LogPlayLevel: Creating play world package: /Game/SideScrollerBP/Maps/UEDPIE_0_LevelONE
[2017.09.04-01.03.13:202][758]LogPlayLevel: PIE: StaticDuplicateObject took: (0.016224s)
[2017.09.04-01.03.13:203][758]LogAIModule: Creating AISystem for world LevelONE
[2017.09.04-01.03.13:203][758]LogPlayLevel: PIE: World Init took: (0.000622s)
[2017.09.04-01.03.13:203][758]LogPlayLevel: PIE: Created PIE world by copying editor world from /Game/SideScrollerBP/Maps/LevelONE.LevelONE to /Game/SideScrollerBP/Maps/UEDPIE_0_LevelONE.LevelONE (0.017074s)
[2017.09.04-01.03.13:203][758]LogLoad: Game class is 'SideScrollerGameMode_C'
[2017.09.04-01.03.13:208][758]LogWorld: Bringing World /Game/SideScrollerBP/Maps/UEDPIE_0_LevelONE.LevelONE up for play (max tick rate 0) at 2017.09.04-13.03.13
[2017.09.04-01.03.13:209][758]LogWorld: Bringing up level for play took: 0.004624
[2017.09.04-01.03.13:210][758]LogLoad: Took 0.050578 seconds to LoadMap(/Game/SideScrollerBP/Maps/UEDPIE_0_LevelONE)
[2017.09.04-01.03.19:347][212]LogNet: Browse: /Game/SideScrollerBP/Maps/LevelONE
[2017.09.04-01.03.19:347][212]LogLoad: LoadMap: /Game/SideScrollerBP/Maps/LevelONE
[2017.09.04-01.03.19:362][212]Cmd: MEM
[2017.09.04-01.03.19:375][212]LogMemory: Platform Memory Stats for Windows
[2017.09.04-01.03.19:375][212]LogMemory: Process Physical Memory: 1153.26 MB used, 1176.81 MB peak
[2017.09.04-01.03.19:375][212]LogMemory: Process Virtual Memory: 1613.14 MB used, 1932.18 MB peak
[2017.09.04-01.03.19:375][212]LogMemory: Physical Memory: 5757.42 MB used,  2392.73 MB free, 8150.16 MB total
[2017.09.04-01.03.19:375][212]LogMemory: Virtual Memory: 2310.50 MB used,  2392.73 MB free, 8388608.00 MB total
[2017.09.04-01.03.19:375][212]LogMemory: 
[2017.09.04-01.03.19:375][212]Allocator Stats for TBB: (not implemented)
[2017.09.04-01.03.19:375][212]LogPlayLevel: Creating play world package: /Game/SideScrollerBP/Maps/UEDPIE_0_LevelONE
[2017.09.04-01.03.19:391][212]LogPlayLevel: PIE: StaticDuplicateObject took: (0.017346s)
[2017.09.04-01.03.19:392][212]LogAIModule: Creating AISystem for world LevelONE
[2017.09.04-01.03.19:392][212]LogPlayLevel: PIE: World Init took: (0.000663s)
[2017.09.04-01.03.19:392][212]LogPlayLevel: PIE: Created PIE world by copying editor world from /Game/SideScrollerBP/Maps/LevelONE.LevelONE to /Game/SideScrollerBP/Maps/UEDPIE_0_LevelONE.LevelONE (0.018239s)
[2017.09.04-01.03.19:392][212]LogLoad: Game class is 'SideScrollerGameMode_C'
[2017.09.04-01.03.19:397][212]LogWorld: Bringing World /Game/SideScrollerBP/Maps/UEDPIE_0_LevelONE.LevelONE up for play (max tick rate 0) at 2017.09.04-13.03.19
[2017.09.04-01.03.19:397][212]LogWorld: Bringing up level for play took: 0.004340
[2017.09.04-01.03.19:398][212]LogLoad: Took 0.052035 seconds to LoadMap(/Game/SideScrollerBP/Maps/UEDPIE_0_LevelONE)
[2017.09.04-01.03.20:622][301]LogNet: Browse: /Game/SideScrollerBP/Maps/LevelONE
[2017.09.04-01.03.20:622][301]LogLoad: LoadMap: /Game/SideScrollerBP/Maps/LevelONE
[2017.09.04-01.03.20:635][301]Cmd: MEM
[2017.09.04-01.03.20:648][301]LogMemory: Platform Memory Stats for Windows
[2017.09.04-01.03.20:648][301]LogMemory: Process Physical Memory: 1161.41 MB used, 1176.81 MB peak
[2017.09.04-01.03.20:648][301]LogMemory: Process Virtual Memory: 1621.71 MB used, 1932.18 MB peak
[2017.09.04-01.03.20:648][301]LogMemory: Physical Memory: 5765.74 MB used,  2384.41 MB free, 8150.16 MB total
[2017.09.04-01.03.20:648][301]LogMemory: Virtual Memory: 2319.06 MB used,  2384.41 MB free, 8388608.00 MB total
[2017.09.04-01.03.20:648][301]LogMemory: 
[2017.09.04-01.03.20:648][301]Allocator Stats for TBB: (not implemented)
[2017.09.04-01.03.20:648][301]LogPlayLevel: Creating play world package: /Game/SideScrollerBP/Maps/UEDPIE_0_LevelONE
[2017.09.04-01.03.20:664][301]LogPlayLevel: PIE: StaticDuplicateObject took: (0.015927s)
[2017.09.04-01.03.20:664][301]LogAIModule: Creating AISystem for world LevelONE
[2017.09.04-01.03.20:664][301]LogPlayLevel: PIE: World Init took: (0.000794s)
[2017.09.04-01.03.20:665][301]LogPlayLevel: PIE: Created PIE world by copying editor world from /Game/SideScrollerBP/Maps/LevelONE.LevelONE to /Game/SideScrollerBP/Maps/UEDPIE_0_LevelONE.LevelONE (0.016958s)
[2017.09.04-01.03.20:665][301]LogLoad: Game class is 'SideScrollerGameMode_C'
[2017.09.04-01.03.20:669][301]LogWorld: Bringing World /Game/SideScrollerBP/Maps/UEDPIE_0_LevelONE.LevelONE up for play (max tick rate 0) at 2017.09.04-13.03.20
[2017.09.04-01.03.20:670][301]LogWorld: Bringing up level for play took: 0.004122
[2017.09.04-01.03.20:671][301]LogLoad: Took 0.049842 seconds to LoadMap(/Game/SideScrollerBP/Maps/UEDPIE_0_LevelONE)
[2017.09.04-01.03.21:707][376]LogNet: Browse: /Game/SideScrollerBP/Maps/LevelONE
[2017.09.04-01.03.21:707][376]LogLoad: LoadMap: /Game/SideScrollerBP/Maps/LevelONE
[2017.09.04-01.03.21:722][376]Cmd: MEM
[2017.09.04-01.03.21:734][376]LogMemory: Platform Memory Stats for Windows
[2017.09.04-01.03.21:734][376]LogMemory: Process Physical Memory: 1161.47 MB used, 1176.81 MB peak
[2017.09.04-01.03.21:734][376]LogMemory: Process Virtual Memory: 1621.71 MB used, 1932.18 MB peak
[2017.09.04-01.03.21:734][376]LogMemory: Physical Memory: 5765.22 MB used,  2384.94 MB free, 8150.16 MB total
[2017.09.04-01.03.21:734][376]LogMemory: Virtual Memory: 2319.06 MB used,  2384.94 MB free, 8388608.00 MB total
[2017.09.04-01.03.21:734][376]LogMemory: 
[2017.09.04-01.03.21:734][376]Allocator Stats for TBB: (not implemented)
[2017.09.04-01.03.21:734][376]LogPlayLevel: Creating play world package: /Game/SideScrollerBP/Maps/UEDPIE_0_LevelONE
[2017.09.04-01.03.21:750][376]LogPlayLevel: PIE: StaticDuplicateObject took: (0.015978s)
[2017.09.04-01.03.21:750][376]LogAIModule: Creating AISystem for world LevelONE
[2017.09.04-01.03.21:751][376]LogPlayLevel: PIE: World Init took: (0.000616s)
[2017.09.04-01.03.21:751][376]LogPlayLevel: PIE: Created PIE world by copying editor world from /Game/SideScrollerBP/Maps/LevelONE.LevelONE to /Game/SideScrollerBP/Maps/UEDPIE_0_LevelONE.LevelONE (0.016838s)
[2017.09.04-01.03.21:751][376]LogLoad: Game class is 'SideScrollerGameMode_C'
[2017.09.04-01.03.21:755][376]LogWorld: Bringing World /Game/SideScrollerBP/Maps/UEDPIE_0_LevelONE.LevelONE up for play (max tick rate 0) at 2017.09.04-13.03.21
[2017.09.04-01.03.21:756][376]LogWorld: Bringing up level for play took: 0.004110
[2017.09.04-01.03.21:757][376]LogLoad: Took 0.049577 seconds to LoadMap(/Game/SideScrollerBP/Maps/UEDPIE_0_LevelONE)
[2017.09.04-01.03.22:977][465]LogNet: Browse: /Game/SideScrollerBP/Maps/LevelONE
[2017.09.04-01.03.22:977][465]LogLoad: LoadMap: /Game/SideScrollerBP/Maps/LevelONE
[2017.09.04-01.03.22:991][465]Cmd: MEM
[2017.09.04-01.03.23:004][465]LogMemory: Platform Memory Stats for Windows
[2017.09.04-01.03.23:004][465]LogMemory: Process Physical Memory: 1161.53 MB used, 1176.81 MB peak
[2017.09.04-01.03.23:004][465]LogMemory: Process Virtual Memory: 1621.71 MB used, 1932.18 MB peak
[2017.09.04-01.03.23:004][465]LogMemory: Physical Memory: 5765.80 MB used,  2384.36 MB free, 8150.16 MB total
[2017.09.04-01.03.23:004][465]LogMemory: Virtual Memory: 2319.06 MB used,  2384.36 MB free, 8388608.00 MB total
[2017.09.04-01.03.23:004][465]LogMemory: 
[2017.09.04-01.03.23:004][465]Allocator Stats for TBB: (not implemented)
[2017.09.04-01.03.23:004][465]LogPlayLevel: Creating play world package: /Game/SideScrollerBP/Maps/UEDPIE_0_LevelONE
[2017.09.04-01.03.23:020][465]LogPlayLevel: PIE: StaticDuplicateObject took: (0.015847s)
[2017.09.04-01.03.23:020][465]LogAIModule: Creating AISystem for world LevelONE
[2017.09.04-01.03.23:021][465]LogPlayLevel: PIE: World Init took: (0.000719s)
[2017.09.04-01.03.23:021][465]LogPlayLevel: PIE: Created PIE world by copying editor world from /Game/SideScrollerBP/Maps/LevelONE.LevelONE to /Game/SideScrollerBP/Maps/UEDPIE_0_LevelONE.LevelONE (0.016816s)
[2017.09.04-01.03.23:021][465]LogLoad: Game class is 'SideScrollerGameMode_C'
[2017.09.04-01.03.23:025][465]LogWorld: Bringing World /Game/SideScrollerBP/Maps/UEDPIE_0_LevelONE.LevelONE up for play (max tick rate 0) at 2017.09.04-13.03.23
[2017.09.04-01.03.23:026][465]LogWorld: Bringing up level for play took: 0.004112
[2017.09.04-01.03.23:027][465]LogLoad: Took 0.049371 seconds to LoadMap(/Game/SideScrollerBP/Maps/UEDPIE_0_LevelONE)
[2017.09.04-01.03.24:407][565]LogNet: Browse: /Game/SideScrollerBP/Maps/LevelONE
[2017.09.04-01.03.24:408][565]LogLoad: LoadMap: /Game/SideScrollerBP/Maps/LevelONE
[2017.09.04-01.03.24:422][565]Cmd: MEM
[2017.09.04-01.03.24:434][565]LogMemory: Platform Memory Stats for Windows
[2017.09.04-01.03.24:434][565]LogMemory: Process Physical Memory: 1161.77 MB used, 1176.81 MB peak
[2017.09.04-01.03.24:434][565]LogMemory: Process Virtual Memory: 1621.71 MB used, 1932.18 MB peak
[2017.09.04-01.03.24:434][565]LogMemory: Physical Memory: 5760.65 MB used,  2389.51 MB free, 8150.16 MB total
[2017.09.04-01.03.24:434][565]LogMemory: Virtual Memory: 2319.06 MB used,  2389.51 MB free, 8388608.00 MB total
[2017.09.04-01.03.24:434][565]LogMemory: 
[2017.09.04-01.03.24:434][565]Allocator Stats for TBB: (not implemented)
[2017.09.04-01.03.24:434][565]LogPlayLevel: Creating play world package: /Game/SideScrollerBP/Maps/UEDPIE_0_LevelONE
[2017.09.04-01.03.24:451][565]LogPlayLevel: PIE: StaticDuplicateObject took: (0.016202s)
[2017.09.04-01.03.24:451][565]LogAIModule: Creating AISystem for world LevelONE
[2017.09.04-01.03.24:451][565]LogPlayLevel: PIE: World Init took: (0.000654s)
[2017.09.04-01.03.24:452][565]LogPlayLevel: PIE: Created PIE world by copying editor world from /Game/SideScrollerBP/Maps/LevelONE.LevelONE to /Game/SideScrollerBP/Maps/UEDPIE_0_LevelONE.LevelONE (0.017093s)
[2017.09.04-01.03.24:452][565]LogLoad: Game class is 'SideScrollerGameMode_C'
[2017.09.04-01.03.24:456][565]LogWorld: Bringing World /Game/SideScrollerBP/Maps/UEDPIE_0_LevelONE.LevelONE up for play (max tick rate 0) at 2017.09.04-13.03.24
[2017.09.04-01.03.24:456][565]LogWorld: Bringing up level for play took: 0.003913
[2017.09.04-01.03.24:457][565]LogLoad: Took 0.049819 seconds to LoadMap(/Game/SideScrollerBP/Maps/UEDPIE_0_LevelONE)
[2017.09.04-01.03.26:752][734]LogNet: Browse: /Game/SideScrollerBP/Maps/LevelONE
[2017.09.04-01.03.26:752][734]LogLoad: LoadMap: /Game/SideScrollerBP/Maps/LevelONE
[2017.09.04-01.03.26:766][734]Cmd: MEM
[2017.09.04-01.03.26:779][734]LogMemory: Platform Memory Stats for Windows
[2017.09.04-01.03.26:779][734]LogMemory: Process Physical Memory: 1162.38 MB used, 1176.81 MB peak
[2017.09.04-01.03.26:779][734]LogMemory: Process Virtual Memory: 1621.71 MB used, 1932.18 MB peak
[2017.09.04-01.03.26:779][734]LogMemory: Physical Memory: 5760.33 MB used,  2389.83 MB free, 8150.16 MB total
[2017.09.04-01.03.26:779][734]LogMemory: Virtual Memory: 2319.06 MB used,  2389.83 MB free, 8388608.00 MB total
[2017.09.04-01.03.26:779][734]LogMemory: 
[2017.09.04-01.03.26:779][734]Allocator Stats for TBB: (not implemented)
[2017.09.04-01.03.26:779][734]LogPlayLevel: Creating play world package: /Game/SideScrollerBP/Maps/UEDPIE_0_LevelONE
[2017.09.04-01.03.26:795][734]LogPlayLevel: PIE: StaticDuplicateObject took: (0.015789s)
[2017.09.04-01.03.26:795][734]LogAIModule: Creating AISystem for world LevelONE
[2017.09.04-01.03.26:796][734]LogPlayLevel: PIE: World Init took: (0.000664s)
[2017.09.04-01.03.26:796][734]LogPlayLevel: PIE: Created PIE world by copying editor world from /Game/SideScrollerBP/Maps/LevelONE.LevelONE to /Game/SideScrollerBP/Maps/UEDPIE_0_LevelONE.LevelONE (0.016680s)
[2017.09.04-01.03.26:796][734]LogLoad: Game class is 'SideScrollerGameMode_C'
[2017.09.04-01.03.26:801][734]LogWorld: Bringing World /Game/SideScrollerBP/Maps/UEDPIE_0_LevelONE.LevelONE up for play (max tick rate 0) at 2017.09.04-13.03.26
[2017.09.04-01.03.26:801][734]LogWorld: Bringing up level for play took: 0.004353
[2017.09.04-01.03.26:802][734]LogLoad: Took 0.049892 seconds to LoadMap(/Game/SideScrollerBP/Maps/UEDPIE_0_LevelONE)
[2017.09.04-01.03.32:844][181]LogNet: Browse: /Game/SideScrollerBP/Maps/LevelTWO
[2017.09.04-01.03.32:844][181]LogLoad: LoadMap: /Game/SideScrollerBP/Maps/LevelTWO
[2017.09.04-01.03.32:859][181]Cmd: MEM
[2017.09.04-01.03.32:871][181]LogMemory: Platform Memory Stats for Windows
[2017.09.04-01.03.32:871][181]LogMemory: Process Physical Memory: 1162.38 MB used, 1176.81 MB peak
[2017.09.04-01.03.32:871][181]LogMemory: Process Virtual Memory: 1621.71 MB used, 1932.18 MB peak
[2017.09.04-01.03.32:871][181]LogMemory: Physical Memory: 5757.02 MB used,  2393.14 MB free, 8150.16 MB total
[2017.09.04-01.03.32:871][181]LogMemory: Virtual Memory: 2319.06 MB used,  2393.14 MB free, 8388608.00 MB total
[2017.09.04-01.03.32:871][181]LogMemory: 
[2017.09.04-01.03.32:871][181]Allocator Stats for TBB: (not implemented)
[2017.09.04-01.03.33:163][181]LogStats: FPlatformStackWalk::StackWalkAndDump -  0.143 s
[2017.09.04-01.03.33:163][181]LogOutputDevice:Error: === Handled ensure: ===
[2017.09.04-01.03.33:163][181]LogOutputDevice:Error: 
[2017.09.04-01.03.33:163][181]LogOutputDevice:Error: Ensure condition failed: IsObjectValidForDatabase(AssetObject) [File:D:\Build\++UE4+Release-4.14+Compile\Sync\Engine\Source\Editor\BlueprintGraph\Private\BlueprintActionDatabase.cpp] [Line: 1263]
[2017.09.04-01.03.33:163][181]LogOutputDevice:Error: 
[2017.09.04-01.03.33:163][181]LogOutputDevice:Error: Stack: 
[2017.09.04-01.03.33:163][181]LogOutputDevice:Error: UE4Editor-Core.dll
[2017.09.04-01.03.33:163][181]LogOutputDevice:Error: UE4Editor-Core.dll
[2017.09.04-01.03.33:163][181]LogOutputDevice:Error: UE4Editor-Core.dll
[2017.09.04-01.03.33:163][181]LogOutputDevice:Error: UE4Editor-BlueprintGraph.dll
[2017.09.04-01.03.33:163][181]LogOutputDevice:Error: UE4Editor-BlueprintGraph.dll
[2017.09.04-01.03.33:163][181]LogOutputDevice:Error: UE4Editor-CoreUObject.dll
[2017.09.04-01.03.33:163][181]LogOutputDevice:Error: UE4Editor-CoreUObject.dll
[2017.09.04-01.03.33:163][181]LogOutputDevice:Error: UE4Editor-CoreUObject.dll
[2017.09.04-01.03.33:163][181]LogOutputDevice:Error: UE4Editor-CoreUObject.dll
[2017.09.04-01.03.33:163][181]LogOutputDevice:Error: UE4Editor-Engine.dll
[2017.09.04-01.03.33:163][181]LogOutputDevice:Error: UE4Editor-Engine.dll
[2017.09.04-01.03.33:163][181]LogOutputDevice:Error: UE4Editor-Engine.dll
[2017.09.04-01.03.33:163][181]LogOutputDevice:Error: UE4Editor-UnrealEd.dll
[2017.09.04-01.03.33:163][181]LogOutputDevice:Error: UE4Editor-UnrealEd.dll
[2017.09.04-01.03.33:163][181]LogOutputDevice:Error: UE4Editor.exe
[2017.09.04-01.03.33:163][181]LogOutputDevice:Error: UE4Editor.exe
[2017.09.04-01.03.33:163][181]LogOutputDevice:Error: UE4Editor.exe
[2017.09.04-01.03.33:163][181]LogOutputDevice:Error: UE4Editor.exe
[2017.09.04-01.03.33:163][181]LogOutputDevice:Error: UE4Editor.exe
[2017.09.04-01.03.33:163][181]LogOutputDevice:Error: kernel32.dll
[2017.09.04-01.03.33:163][181]LogOutputDevice:Error: ntdll.dll
[2017.09.04-01.03.33:163][181]LogOutputDevice:Error: 
[2017.09.04-01.03.33:175][181]LogStats:                SubmitErrorReport -  0.000 s
