Log file open, 09/03/17 13:34:00
LogInit:Display: Running engine for game: MyProject2
LogPlatformFile: Not using cached read wrapper
LogInit:Display: RandInit(-1514842714) SRandInit(-1514842714).
LogTaskGraph: Started task graph with 5 named threads and 8 total threads with 1 sets of task threads.
LogStats: Stats thread started at 0.068744
LogPluginManager: Loaded Plugin Paper2D, From C:/Program Files/Epic Games/UE_4.14/Engine/Plugins/2D/Paper2D/Paper2D.uplugin
LogPluginManager: Loaded Plugin LightPropagationVolume, From C:/Program Files/Epic Games/UE_4.14/Engine/Plugins/Blendables/LightPropagationVolume/LightPropagationVolume.uplugin
LogPluginManager: Loaded Plugin BlankPlugin, From C:/Program Files/Epic Games/UE_4.14/Engine/Plugins/Developer/BlankPlugin/BlankPlugin.uplugin
LogPluginManager: Loaded Plugin CodeLiteSourceCodeAccess, From C:/Program Files/Epic Games/UE_4.14/Engine/Plugins/Developer/CodeLiteSourceCodeAccess/CodeLiteSourceCodeAccess.uplugin
LogPluginManager: Loaded Plugin GitSourceControl, From C:/Program Files/Epic Games/UE_4.14/Engine/Plugins/Developer/GitSourceControl/GitSourceControl.uplugin
LogPluginManager: Loaded Plugin KDevelopSourceCodeAccess, From C:/Program Files/Epic Games/UE_4.14/Engine/Plugins/Developer/KDevelopSourceCodeAccess/KDevelopSourceCodeAccess.uplugin
LogPluginManager: Loaded Plugin NullSourceCodeAccess, From C:/Program Files/Epic Games/UE_4.14/Engine/Plugins/Developer/NullSourceCodeAccess/NullSourceCodeAccess.uplugin
LogPluginManager: Loaded Plugin OneSkyLocalizationService, From C:/Program Files/Epic Games/UE_4.14/Engine/Plugins/Developer/OneSkyLocalizationService/OneSkyLocalizationService.uplugin
LogPluginManager: Loaded Plugin PerforceSourceControl, From C:/Program Files/Epic Games/UE_4.14/Engine/Plugins/Developer/PerforceSourceControl/PerforceSourceControl.uplugin
LogPluginManager: Loaded Plugin SubversionSourceControl, From C:/Program Files/Epic Games/UE_4.14/Engine/Plugins/Developer/SubversionSourceControl/SubversionSourceControl.uplugin
LogPluginManager: Loaded Plugin UObjectPlugin, From C:/Program Files/Epic Games/UE_4.14/Engine/Plugins/Developer/UObjectPlugin/UObjectPlugin.uplugin
LogPluginManager: Loaded Plugin VisualStudioSourceCodeAccess, From C:/Program Files/Epic Games/UE_4.14/Engine/Plugins/Developer/VisualStudioSourceCodeAccess/VisualStudioSourceCodeAccess.uplugin
LogPluginManager: Loaded Plugin XCodeSourceCodeAccess, From C:/Program Files/Epic Games/UE_4.14/Engine/Plugins/Developer/XCodeSourceCodeAccess/XCodeSourceCodeAccess.uplugin
LogPluginManager: Loaded Plugin AudioCapture, From C:/Program Files/Epic Games/UE_4.14/Engine/Plugins/Editor/AudioCapture/AudioCapture.uplugin
LogPluginManager: Loaded Plugin EpicSurvey, From C:/Program Files/Epic Games/UE_4.14/Engine/Plugins/Editor/EpicSurvey/EpicSurvey.uplugin
LogPluginManager: Loaded Plugin MacGraphicsSwitching, From C:/Program Files/Epic Games/UE_4.14/Engine/Plugins/Editor/MacGraphicsSwitching/MacGraphicsSwitching.uplugin
LogPluginManager: Loaded Plugin MobileLauncherProfileWizard, From C:/Program Files/Epic Games/UE_4.14/Engine/Plugins/Editor/MobileLauncherProfileWizard/MobileLauncherProfileWizard.uplugin
LogPluginManager: Loaded Plugin PluginBrowser, From C:/Program Files/Epic Games/UE_4.14/Engine/Plugins/Editor/PluginBrowser/PluginBrowser.uplugin
LogPluginManager: Loaded Plugin SpeedTreeImporter, From C:/Program Files/Epic Games/UE_4.14/Engine/Plugins/Editor/SpeedTreeImporter/SpeedTreeImporter.uplugin
LogPluginManager: Loaded Plugin SuperSearchEditor, From C:/Program Files/Epic Games/UE_4.14/Engine/Plugins/Editor/SuperSearchEditor/SuperSearchEditor.uplugin
LogPluginManager: Loaded Plugin AlembicImporter, From C:/Program Files/Epic Games/UE_4.14/Engine/Plugins/Experimental/AlembicImporter/AlembicImporter.uplugin
LogPluginManager: Loaded Plugin BlueprintStats, From C:/Program Files/Epic Games/UE_4.14/Engine/Plugins/Experimental/BlueprintStats/BlueprintStats.uplugin
LogPluginManager: Loaded Plugin CharacterAI, From C:/Program Files/Epic Games/UE_4.14/Engine/Plugins/Experimental/CharacterAI/CharacterAI.uplugin
LogPluginManager: Loaded Plugin CodeEditor, From C:/Program Files/Epic Games/UE_4.14/Engine/Plugins/Experimental/CodeEditor/CodeEditor.uplugin
LogPluginManager: Loaded Plugin CodeView, From C:/Program Files/Epic Games/UE_4.14/Engine/Plugins/Experimental/CodeView/CodeView.uplugin
LogPluginManager: Loaded Plugin HTML5Networking, From C:/Program Files/Epic Games/UE_4.14/Engine/Plugins/Experimental/HTML5Networking/HTML5Networking.uplugin
LogPluginManager: Loaded Plugin OSVR, From C:/Program Files/Epic Games/UE_4.14/Engine/Plugins/Experimental/OSVR/OSVR.uplugin
LogPluginManager: Loaded Plugin Phya, From C:/Program Files/Epic Games/UE_4.14/Engine/Plugins/Experimental/Phya/Phya.uplugin
LogPluginManager: Loaded Plugin SignificanceManager, From C:/Program Files/Epic Games/UE_4.14/Engine/Plugins/Experimental/SignificanceManager/SignificanceManager.uplugin
LogPluginManager: Loaded Plugin SimpleHMD, From C:/Program Files/Epic Games/UE_4.14/Engine/Plugins/Experimental/SimpleHMD/SimpleHMD.uplugin
LogPluginManager: Loaded Plugin StereoPanorama, From C:/Program Files/Epic Games/UE_4.14/Engine/Plugins/Experimental/StereoPanorama/StereoPanorama.uplugin
LogPluginManager: Loaded Plugin StructBox, From C:/Program Files/Epic Games/UE_4.14/Engine/Plugins/Experimental/StructBox/StructBox.uplugin
LogPluginManager: Loaded Plugin Substance, From C:/Program Files/Epic Games/UE_4.14/Engine/Plugins/Marketplace/Substance/Substance.uplugin
LogPluginManager: Loaded Plugin AndroidMedia, From C:/Program Files/Epic Games/UE_4.14/Engine/Plugins/Media/AndroidMedia/AndroidMedia.uplugin
LogPluginManager: Loaded Plugin AvfMedia, From C:/Program Files/Epic Games/UE_4.14/Engine/Plugins/Media/AvfMedia/AvfMedia.uplugin
LogPluginManager: Loaded Plugin MediaPlayerEditor, From C:/Program Files/Epic Games/UE_4.14/Engine/Plugins/Media/MediaPlayerEditor/MediaPlayerEditor.uplugin
LogPluginManager: Loaded Plugin WmfMedia, From C:/Program Files/Epic Games/UE_4.14/Engine/Plugins/Media/WmfMedia/WmfMedia.uplugin
LogPluginManager: Loaded Plugin MessagingDebugger, From C:/Program Files/Epic Games/UE_4.14/Engine/Plugins/Messaging/MessagingDebugger/MessagingDebugger.uplugin
LogPluginManager: Loaded Plugin TcpMessaging, From C:/Program Files/Epic Games/UE_4.14/Engine/Plugins/Messaging/TcpMessaging/TcpMessaging.uplugin
LogPluginManager: Loaded Plugin UdpMessaging, From C:/Program Files/Epic Games/UE_4.14/Engine/Plugins/Messaging/UdpMessaging/UdpMessaging.uplugin
LogPluginManager: Loaded Plugin LevelSequenceEditor, From C:/Program Files/Epic Games/UE_4.14/Engine/Plugins/MovieScene/LevelSequenceEditor/LevelSequenceEditor.uplugin
LogPluginManager: Loaded Plugin MatineeToLevelSequence, From C:/Program Files/Epic Games/UE_4.14/Engine/Plugins/MovieScene/MatineeToLevelSequence/MatineeToLevelSequence.uplugin
LogPluginManager: Loaded Plugin NetcodeUnitTest, From C:/Program Files/Epic Games/UE_4.14/Engine/Plugins/NetcodeUnitTest/NetcodeUnitTest/NetcodeUnitTest.uplugin
LogPluginManager: Loaded Plugin NUTUnrealEngine4, From C:/Program Files/Epic Games/UE_4.14/Engine/Plugins/NetcodeUnitTest/NUTUnrealEngine4/NUTUnrealEngine4.uplugin
LogPluginManager: Loaded Plugin OnlineSubsystemGameCircle, From C:/Program Files/Epic Games/UE_4.14/Engine/Plugins/Online/Android/OnlineSubsystemGameCircle/OnlineSubsystemGameCircle.uplugin
LogPluginManager: Loaded Plugin OnlineSubsystemGooglePlay, From C:/Program Files/Epic Games/UE_4.14/Engine/Plugins/Online/Android/OnlineSubsystemGooglePlay/OnlineSubsystemGooglePlay.uplugin
LogPluginManager: Loaded Plugin OnlineSubsystemIOS, From C:/Program Files/Epic Games/UE_4.14/Engine/Plugins/Online/IOS/OnlineSubsystemIOS/OnlineSubsystemIOS.uplugin
LogPluginManager: Loaded Plugin OnlineFramework, From C:/Program Files/Epic Games/UE_4.14/Engine/Plugins/Online/OnlineFramework/OnlineFramework.uplugin
LogPluginManager: Loaded Plugin OnlineSubsystem, From C:/Program Files/Epic Games/UE_4.14/Engine/Plugins/Online/OnlineSubsystem/OnlineSubsystem.uplugin
LogPluginManager: Loaded Plugin OnlineSubsystemAmazon, From C:/Program Files/Epic Games/UE_4.14/Engine/Plugins/Online/OnlineSubsystemAmazon/OnlineSubsystemAmazon.uplugin
LogPluginManager: Loaded Plugin OnlineSubsystemFacebook, From C:/Program Files/Epic Games/UE_4.14/Engine/Plugins/Online/OnlineSubsystemFacebook/OnlineSubsystemFacebook.uplugin
LogPluginManager: Loaded Plugin OnlineSubsystemNull, From C:/Program Files/Epic Games/UE_4.14/Engine/Plugins/Online/OnlineSubsystemNull/OnlineSubsystemNull.uplugin
LogPluginManager: Loaded Plugin OnlineSubsystemOculus, From C:/Program Files/Epic Games/UE_4.14/Engine/Plugins/Online/OnlineSubsystemOculus/OnlineSubsystemOculus.uplugin
LogPluginManager: Loaded Plugin OnlineSubsystemSteam, From C:/Program Files/Epic Games/UE_4.14/Engine/Plugins/Online/OnlineSubsystemSteam/OnlineSubsystemSteam.uplugin
LogPluginManager: Loaded Plugin OnlineSubsystemUtils, From C:/Program Files/Epic Games/UE_4.14/Engine/Plugins/Online/OnlineSubsystemUtils/OnlineSubsystemUtils.uplugin
LogPluginManager: Loaded Plugin IOSTapJoy, From C:/Program Files/Epic Games/UE_4.14/Engine/Plugins/Runtime/Advertising/IOSTapJoy/IOSTapJoy.uplugin
LogPluginManager: Loaded Plugin AnalyticsBlueprintLibrary, From C:/Program Files/Epic Games/UE_4.14/Engine/Plugins/Runtime/Analytics/AnalyticsBlueprintLibrary/AnalyticsBlueprintLibrary.uplugin
LogPluginManager: Loaded Plugin AnalyticsMulticast, From C:/Program Files/Epic Games/UE_4.14/Engine/Plugins/Runtime/Analytics/AnalyticsMulticast/AnalyticsMulticast.uplugin
LogPluginManager: Loaded Plugin Apsalar, From C:/Program Files/Epic Games/UE_4.14/Engine/Plugins/Runtime/Analytics/Apsalar/Apsalar.uplugin
LogPluginManager: Loaded Plugin FileLogging, From C:/Program Files/Epic Games/UE_4.14/Engine/Plugins/Runtime/Analytics/FileLogging/FileLogging.uplugin
LogPluginManager: Loaded Plugin Flurry, From C:/Program Files/Epic Games/UE_4.14/Engine/Plugins/Runtime/Analytics/Flurry/Flurry.uplugin
LogPluginManager: Loaded Plugin AndroidDeviceProfileSelector, From C:/Program Files/Epic Games/UE_4.14/Engine/Plugins/Runtime/AndroidDeviceProfileSelector/AndroidDeviceProfileSelector.uplugin
LogPluginManager: Loaded Plugin AndroidMoviePlayer, From C:/Program Files/Epic Games/UE_4.14/Engine/Plugins/Runtime/AndroidMoviePlayer/AndroidMoviePlayer.uplugin
LogPluginManager: Loaded Plugin AppleMoviePlayer, From C:/Program Files/Epic Games/UE_4.14/Engine/Plugins/Runtime/AppleMoviePlayer/AppleMoviePlayer.uplugin
LogPluginManager: Loaded Plugin ArchVisCharacter, From C:/Program Files/Epic Games/UE_4.14/Engine/Plugins/Runtime/ArchVisCharacter/ArchVisCharacter.uplugin
LogPluginManager: Loaded Plugin CableComponent, From C:/Program Files/Epic Games/UE_4.14/Engine/Plugins/Runtime/CableComponent/CableComponent.uplugin
LogPluginManager: Loaded Plugin CustomMeshComponent, From C:/Program Files/Epic Games/UE_4.14/Engine/Plugins/Runtime/CustomMeshComponent/CustomMeshComponent.uplugin
LogPluginManager: Loaded Plugin ExampleDeviceProfileSelector, From C:/Program Files/Epic Games/UE_4.14/Engine/Plugins/Runtime/ExampleDeviceProfileSelector/ExampleDeviceProfileSelector.uplugin
LogPluginManager: Loaded Plugin GearVR, From C:/Program Files/Epic Games/UE_4.14/Engine/Plugins/Runtime/GearVR/GearVR.uplugin
LogPluginManager: Loaded Plugin GoogleVRController, From C:/Program Files/Epic Games/UE_4.14/Engine/Plugins/Runtime/GoogleVR/GoogleVRController/GoogleVRController.uplugin
LogPluginManager: Loaded Plugin GoogleVRHMD, From C:/Program Files/Epic Games/UE_4.14/Engine/Plugins/Runtime/GoogleVR/GoogleVRHMD/GoogleVRHMD.uplugin
LogPluginManager: Loaded Plugin IOSDeviceProfileSelector, From C:/Program Files/Epic Games/UE_4.14/Engine/Plugins/Runtime/IOSDeviceProfileSelector/IOSDeviceProfileSelector.uplugin
LogPluginManager: Loaded Plugin LeapMotion, From C:/Program Files/Epic Games/UE_4.14/Engine/Plugins/Runtime/LeapMotion/LeapMotion.uplugin
LogPluginManager: Loaded Plugin LinuxDeviceProfileSelector, From C:/Program Files/Epic Games/UE_4.14/Engine/Plugins/Runtime/LinuxDeviceProfileSelector/LinuxDeviceProfileSelector.uplugin
LogPluginManager: Loaded Plugin MIDIDevice, From C:/Program Files/Epic Games/UE_4.14/Engine/Plugins/Runtime/MIDIDevice/MIDIDevice.uplugin
LogPluginManager: Loaded Plugin MobilePatchingUtils, From C:/Program Files/Epic Games/UE_4.14/Engine/Plugins/Runtime/MobilePatchingUtils/MobilePatchingUtils.uplugin
LogPluginManager: Loaded Plugin Ansel, From C:/Program Files/Epic Games/UE_4.14/Engine/Plugins/Runtime/Nvidia/Ansel/Ansel.uplugin
LogPluginManager: Loaded Plugin OculusAudio, From C:/Program Files/Epic Games/UE_4.14/Engine/Plugins/Runtime/OculusAudio/OculusAudio.uplugin
LogPluginManager: Loaded Plugin OculusInput, From C:/Program Files/Epic Games/UE_4.14/Engine/Plugins/Runtime/OculusInput/OculusInput.uplugin
LogPluginManager: Loaded Plugin OculusLibrary, From C:/Program Files/Epic Games/UE_4.14/Engine/Plugins/Runtime/OculusLibrary/OculusLibrary.uplugin
LogPluginManager: Loaded Plugin OculusRift, From C:/Program Files/Epic Games/UE_4.14/Engine/Plugins/Runtime/OculusRift/OculusRift.uplugin
LogPluginManager: Loaded Plugin Oodle, From C:/Program Files/Epic Games/UE_4.14/Engine/Plugins/Runtime/PacketHandlers/CompressionComponents/Oodle/Oodle.uplugin
LogPluginManager: Loaded Plugin ProceduralMeshComponent, From C:/Program Files/Epic Games/UE_4.14/Engine/Plugins/Runtime/ProceduralMeshComponent/ProceduralMeshComponent.uplugin
LogPluginManager: Loaded Plugin SoundMod, From C:/Program Files/Epic Games/UE_4.14/Engine/Plugins/Runtime/SoundMod/SoundMod.uplugin
LogPluginManager: Loaded Plugin SoundVisualizations, From C:/Program Files/Epic Games/UE_4.14/Engine/Plugins/Runtime/SoundVisualizations/SoundVisualizations.uplugin
LogPluginManager: Loaded Plugin SteamController, From C:/Program Files/Epic Games/UE_4.14/Engine/Plugins/Runtime/Steam/SteamController/SteamController.uplugin
LogPluginManager: Loaded Plugin SteamVR, From C:/Program Files/Epic Games/UE_4.14/Engine/Plugins/Runtime/Steam/SteamVR/SteamVR.uplugin
LogPluginManager: Loaded Plugin WebBrowserWidget, From C:/Program Files/Epic Games/UE_4.14/Engine/Plugins/Runtime/WebBrowserWidget/WebBrowserWidget.uplugin
LogPluginManager: Loaded Plugin WindowsDeviceProfileSelector, From C:/Program Files/Epic Games/UE_4.14/Engine/Plugins/Runtime/WindowsDeviceProfileSelector/WindowsDeviceProfileSelector.uplugin
LogPluginManager: Loaded Plugin WindowsMoviePlayer, From C:/Program Files/Epic Games/UE_4.14/Engine/Plugins/Runtime/WindowsMoviePlayer/WindowsMoviePlayer.uplugin
LogPluginManager: Loaded Plugin ScriptPlugin, From C:/Program Files/Epic Games/UE_4.14/Engine/Plugins/ScriptPlugin/ScriptPlugin.uplugin
LogPluginManager: Loaded Plugin SlateRemote, From C:/Program Files/Epic Games/UE_4.14/Engine/Plugins/Slate/SlateRemote/SlateRemote.uplugin
LogPluginManager: Loaded Plugin EditorTests, From C:/Program Files/Epic Games/UE_4.14/Engine/Plugins/Tests/EditorTests/EditorTests.uplugin
LogPluginManager: Loaded Plugin FbxAutomationTestBuilder, From C:/Program Files/Epic Games/UE_4.14/Engine/Plugins/Tests/FbxAutomationTestBuilder/FbxAutomationTestBuilder.uplugin
LogPluginManager: Loaded Plugin FunctionalTestingEditor, From C:/Program Files/Epic Games/UE_4.14/Engine/Plugins/Tests/FunctionalTestingEditor/FunctionalTestingEditor.uplugin
LogPluginManager: Loaded Plugin RuntimeTests, From C:/Program Files/Epic Games/UE_4.14/Engine/Plugins/Tests/RuntimeTests/RuntimeTests.uplugin
LogPluginManager: Loaded Plugin ScreenshotTools, From C:/Program Files/Epic Games/UE_4.14/Engine/Plugins/Tests/ScreenshotTools/ScreenshotTools.uplugin
LogInit: Using libcurl 7.47.1
LogInit:  - built for x86_64-pc-win32
LogInit:  - supports SSL with OpenSSL/1.0.2g
LogInit:  - supports HTTP deflate (compression) using libz 1.2.8
LogInit:  - other features:
LogInit:      CURL_VERSION_SSL
LogInit:      CURL_VERSION_LIBZ
LogInit:      CURL_VERSION_IPV6
LogInit:      CURL_VERSION_ASYNCHDNS
LogInit:      CURL_VERSION_LARGEFILE
LogInit:      CURL_VERSION_IDN
LogInit:  CurlRequestOptions (configurable via config and command line):
LogInit:  - bVerifyPeer = false  - Libcurl will NOT verify peer certificate
LogInit:  - bUseHttpProxy = false  - Libcurl will NOT use HTTP proxy
LogInit:  - bDontReuseConnections = false  - Libcurl will reuse connections
LogInit:  - CertBundlePath = nullptr  - Libcurl will use whatever was configured at build time.
LogInit: Build: ++UE4+Release-4.14-CL-3249277
LogInit: Engine Version: 4.14.3-3249277+++UE4+Release-4.14
LogInit: Compatible Engine Version: 4.14.0-3195953+++UE4+Release-4.14
LogInit: Net CL: 3195953
LogDevObjectVersion: Number of dev versions registered: 13
LogDevObjectVersion:   Dev-Blueprints (B0D832E4-1F89-4F0D-ACCF-7EB736FD4AA2): 7
LogDevObjectVersion:   Dev-Build (E1C64328-A22C-4D53-A36C-8E866417BD8C): 0
LogDevObjectVersion:   Dev-Core (375EC13C-06E4-48FB-B500-84F0262A717E): 1
LogDevObjectVersion:   Dev-Editor (E4B068ED-F494-42E9-A231-DA0B2E46BB41): 8
LogDevObjectVersion:   Dev-Framework (CFFC743F-43B0-4480-9391-14DF171D2073): 17
LogDevObjectVersion:   Dev-Mobile (B02B49B5-BB20-44E9-A304-32B752E40360): 0
LogDevObjectVersion:   Dev-Networking (A4E4105C-59A1-49B5-A7C5-40C4547EDFEE): 0
LogDevObjectVersion:   Dev-Online (39C831C9-5AE6-47DC-9A44-9C173E1C8E7C): 0
LogDevObjectVersion:   Dev-Physics (78F01B33-EBEA-4F98-B9B4-84EACCB95AA2): 0
LogDevObjectVersion:   Dev-Platform (6631380F-2D4D-43E0-8009-CF276956A95A): 0
LogDevObjectVersion:   Dev-Rendering (12F88B9F-8875-4AFC-A67C-D90C383ABD29): 12
LogDevObjectVersion:   Dev-Sequencer (7B5AE74C-D270-4C10-A958-57980B212A5A): 1
LogDevObjectVersion:   Dev-VR (D7296918-1DD6-4BDD-9DE2-64A83CC13884): 0
LogInit: Compiled (64-bit): Jan  6 2017 10:49:43
LogInit: Compiled with Visual C++: 19.00.23026.00
LogInit: Build Configuration: Development
LogInit: Branch Name: ++UE4+Release-4.14
LogInit: Command line: -EpicPortal 
LogInit: Base directory: C:/Program Files/Epic Games/UE_4.14/Engine/Binaries/Win64/
LogInit: Installed Engine Build: 1
LogInit: Presizing for max 8388607 objects, including 0 objects not considered by GC, pre-allocating 0 bytes for permanent pool.
LogInit: Object subsystem initialized
[2017.09.03-01.34.00:926][  0]LogInit: Selected Device Profile: [Windows]
[2017.09.03-01.34.00:926][  0]LogInit: Applying CVar settings loaded from the selected device profile: [Windows]
[2017.09.03-01.34.00:935][  0]LogInit: Computer: DESKTOP-1P9PEP9
[2017.09.03-01.34.00:935][  0]LogInit: User: Greg
[2017.09.03-01.34.00:935][  0]LogInit: CPU Page size=65536, Cores=4
[2017.09.03-01.34.00:935][  0]LogInit: High frequency timer resolution =3.914062 MHz
[2017.09.03-01.34.00:936][  0]LogMemory: Memory total: Physical=31.9GB (32GB approx)
[2017.09.03-01.34.00:936][  0]LogMemory: Platform Memory Stats for Windows
[2017.09.03-01.34.00:936][  0]LogMemory: Process Physical Memory: 264.26 MB used, 264.26 MB peak
[2017.09.03-01.34.00:936][  0]LogMemory: Process Virtual Memory: 262.46 MB used, 262.46 MB peak
[2017.09.03-01.34.00:936][  0]LogMemory: Physical Memory: 5882.49 MB used,  26803.20 MB free, 32685.68 MB total
[2017.09.03-01.34.00:936][  0]LogMemory: Virtual Memory: 676.21 MB used,  26803.20 MB free, 134217728.00 MB total
[2017.09.03-01.34.00:957][  0]LogTextLocalizationManager: No specific translations for ('en-NZ') exist, so ('en') translations will be used.
[2017.09.03-01.34.01:417][  0]LogD3D11RHI: D3D11 adapters:
[2017.09.03-01.34.01:451][  0]LogD3D11RHI:    0. 'NVIDIA GeForce GTX 1070' (Feature Level 11_0)
[2017.09.03-01.34.01:451][  0]LogD3D11RHI:       8085/0/16342 MB DedicatedVideo/DedicatedSystem/SharedSystem, Outputs:2, VendorId:0x10de
[2017.09.03-01.34.01:452][  0]LogD3D11RHI:    1. 'Microsoft Basic Render Driver' (Feature Level 11_0)
[2017.09.03-01.34.01:452][  0]LogD3D11RHI:       0/0/16342 MB DedicatedVideo/DedicatedSystem/SharedSystem, Outputs:0, VendorId:0x1414
[2017.09.03-01.34.01:452][  0]LogD3D11RHI: Chosen D3D11 Adapter: 0
[2017.09.03-01.34.01:456][  0]LogD3D11RHI: Creating new Direct3DDevice
[2017.09.03-01.34.01:456][  0]LogD3D11RHI:     GPU DeviceId: 0x1b81 (for the marketing name, search the web for "GPU Device Id")
[2017.09.03-01.34.01:456][  0]LogWindows: EnumDisplayDevices:
[2017.09.03-01.34.01:456][  0]LogWindows:    0. 'NVIDIA GeForce GTX 1070' (P:1 D:1)
[2017.09.03-01.34.01:456][  0]LogWindows:    1. 'NVIDIA GeForce GTX 1070' (P:0 D:1)
[2017.09.03-01.34.01:457][  0]LogWindows:    2. 'NVIDIA GeForce GTX 1070' (P:0 D:0)
[2017.09.03-01.34.01:457][  0]LogWindows:    3. 'NVIDIA GeForce GTX 1070' (P:0 D:0)
[2017.09.03-01.34.01:457][  0]LogWindows: DebugString: FoundDriverCount:4 
[2017.09.03-01.34.01:457][  0]LogD3D11RHI:     Adapter Name: NVIDIA GeForce GTX 1070
[2017.09.03-01.34.01:457][  0]LogD3D11RHI:   Driver Version: 385.28 (internal:22.21.13.8528, unified:385.28)
[2017.09.03-01.34.01:457][  0]LogD3D11RHI:      Driver Date: 8-9-2017
[2017.09.03-01.34.01:457][  0]LogRHI: Texture pool is 1361 MB (70% of 1945 MB)
[2017.09.03-01.34.01:480][  0]LogD3D11RHI: Async texture creation enabled
[2017.09.03-01.34.01:490][  0]LogD3D11RHI: GPU Timing Frequency: 1000.000000 (Debug: 2 1)
[2017.09.03-01.34.01:490][  0]LogShaderCompilers: Guid format shader working directory is -38 characters bigger than the processId version (E:/Greg/Pictures/MDS/Year 2/Semester 2/Rapid Game Prototyping/Prototype 4/CUBE-JUMP/Intermediate/Shaders/WorkingDirectory/3404/).
[2017.09.03-01.34.01:490][  0]LogShaderCompilers: Cleaned the shader compiler working directory 'C:/Users/Greg/AppData/Local/Temp/UnrealShaderWorkingDir/6E08AD8441A16773C2945083507217FD/'.
[2017.09.03-01.34.01:490][  0]LogShaderCompilers:Display: Using Local Shader Compiler.
[2017.09.03-01.34.02:470][  0]LogTemp:Display: Loaded TP AllDesktopTargetPlatform
[2017.09.03-01.34.02:508][  0]LogTemp:Display: Loaded TP MacClientTargetPlatform
[2017.09.03-01.34.02:545][  0]LogTemp:Display: Loaded TP MacNoEditorTargetPlatform
[2017.09.03-01.34.02:583][  0]LogTemp:Display: Loaded TP MacServerTargetPlatform
[2017.09.03-01.34.02:620][  0]LogTemp:Display: Loaded TP MacTargetPlatform
[2017.09.03-01.34.02:657][  0]LogTemp:Display: Loaded TP WindowsClientTargetPlatform
[2017.09.03-01.34.02:694][  0]LogTemp:Display: Loaded TP WindowsNoEditorTargetPlatform
[2017.09.03-01.34.02:733][  0]LogTemp:Display: Loaded TP WindowsServerTargetPlatform
[2017.09.03-01.34.02:764][  0]LogTemp:Display: Loaded TP WindowsTargetPlatform
[2017.09.03-01.34.02:803][  0]LogTemp:Display: Loaded TP AndroidTargetPlatform
[2017.09.03-01.34.02:840][  0]LogTemp:Display: Loaded TP Android_ASTCTargetPlatform
[2017.09.03-01.34.02:878][  0]LogTemp:Display: Loaded TP Android_ATCTargetPlatform
[2017.09.03-01.34.02:915][  0]LogTemp:Display: Loaded TP Android_DXTTargetPlatform
[2017.09.03-01.34.02:953][  0]LogTemp:Display: Loaded TP Android_ETC1TargetPlatform
[2017.09.03-01.34.02:990][  0]LogTemp:Display: Loaded TP Android_ETC2TargetPlatform
[2017.09.03-01.34.03:064][  0]LogTemp:Display: Loaded TP Android_MultiTargetPlatform
[2017.09.03-01.34.03:064][  0]LogTemp:Display: Loaded TP Android_PVRTCTargetPlatform
[2017.09.03-01.34.03:090][  0]LogTemp:Display: Loaded TP HTML5TargetPlatform
[2017.09.03-01.34.03:151][  0]LogTemp:Display: Loaded TP IOSTargetPlatform
[2017.09.03-01.34.03:175][  0]LogTemp:Display: Loaded TP TVOSTargetPlatform
[2017.09.03-01.34.03:211][  0]LogTemp:Display: Loaded TP LinuxClientTargetPlatform
[2017.09.03-01.34.03:251][  0]LogTemp:Display: Loaded TP LinuxNoEditorTargetPlatform
[2017.09.03-01.34.03:302][  0]LogTemp:Display: Loaded TP LinuxServerTargetPlatform
[2017.09.03-01.34.03:344][  0]LogTemp:Display: Loaded TP LinuxTargetPlatform
[2017.09.03-01.34.03:344][  0]LogTargetPlatformManager:Display: Building Assets For Windows
[2017.09.03-01.34.03:609][  0]LogDerivedDataCache:Display: Max Cache Size: 512 MB
[2017.09.03-01.34.03:646][  0]LogDerivedDataCache: Loaded boot cache 0.04s 50MB C:/Users/Greg/AppData/Local/UnrealEngine/4.14/DerivedDataCache/Boot.ddc.
[2017.09.03-01.34.03:646][  0]LogDerivedDataCache:Display: Loaded Boot cache: C:/Users/Greg/AppData/Local/UnrealEngine/4.14/DerivedDataCache/Boot.ddc
[2017.09.03-01.34.03:646][  0]LogDerivedDataCache: FDerivedDataBackendGraph:  Pak pak cache file E:/Greg/Pictures/MDS/Year 2/Semester 2/Rapid Game Prototyping/Prototype 4/CUBE-JUMP/DerivedDataCache/DDC.ddp not found, will not use a pak cache.
[2017.09.03-01.34.03:646][  0]LogDerivedDataCache: Unable to find inner node Pak for hierarchical cache Hierarchy.
[2017.09.03-01.34.03:647][  0]LogDerivedDataCache: FDerivedDataBackendGraph:  CompressedPak pak cache file E:/Greg/Pictures/MDS/Year 2/Semester 2/Rapid Game Prototyping/Prototype 4/CUBE-JUMP/DerivedDataCache/Compressed.ddp not found, will not use a pak cache.
[2017.09.03-01.34.03:647][  0]LogDerivedDataCache: Unable to find inner node CompressedPak for hierarchical cache Hierarchy.
[2017.09.03-01.34.03:658][  0]LogDerivedDataCache:Display: Pak cache opened for reading ../../../Engine/DerivedDataCache/Compressed.ddp.
[2017.09.03-01.34.03:669][  0]LogDerivedDataCache: Using Local data cache path C:/Users/Greg/AppData/Local/UnrealEngine/Common/DerivedDataCache: Writable
[2017.09.03-01.34.03:817][  0]LogInit: Selected Device Profile: [Windows]
[2017.09.03-01.34.03:819][  0]LogContentStreaming: Texture pool size is 0.00 MB
[2017.09.03-01.34.03:960][  0]LogMeshUtilities: Using QuadricMeshReduction for automatic static mesh reduction
[2017.09.03-01.34.03:989][  0]LogSimplygon: Simplygon DLL not present - disabling.
[2017.09.03-01.34.04:020][  0]LogMeshUtilities: Using SimplygonSwarm for distributed automatic mesh merging
[2017.09.03-01.34.04:020][  0]LogMeshUtilities: No automatic skeletal mesh reduction module available
[2017.09.03-01.34.04:020][  0]LogMeshUtilities: No automatic mesh merging module available
[2017.09.03-01.34.04:372][  0]LogNetVersion: GetLocalNetworkVersion: CL: 3195953, ProjectName: myproject2, ProjectVersion: , EngineNetworkVersion: 2, GameNetworkVersion: 0, NetworkChecksum: 178977787
[2017.09.03-01.34.04:418][  0]LogAssetRegistry: FAssetRegistry took 0.0218 seconds to start up
[2017.09.03-01.34.04:460][  0]LogPackageLocalizationCache: Processed 3 localized package path(s) for 2 prioritized culture(s) in 0.026896 seconds
[2017.09.03-01.34.04:466][  0]LogUObjectArray: 31946 objects as part of root set at end of initial load.
[2017.09.03-01.34.04:466][  0]LogUObjectAllocator: 6935840 out of 0 bytes used by permanent object pool.
[2017.09.03-01.34.04:466][  0]LogUObjectArray: CloseDisregardForGC: 0/0 objects in disregard for GC pool
[2017.09.03-01.34.04:510][  0]LogInit: WinSock: version 1.1 (2.2), MaxSocks=32767, MaxUdp=65467
[2017.09.03-01.34.05:034][  0]LogSlate: Using Freetype 2.6.0
[2017.09.03-01.34.05:034][  0]LogSlate: SlateFontCache - WITH_FREETYPE: 1, WITH_HARFBUZZ: 1
[2017.09.03-01.34.05:034][  0]LogSlate: SlateFontCache - WITH_FREETYPE: 1, WITH_HARFBUZZ: 1
[2017.09.03-01.34.05:592][  0]LogSubstanceCoreModule: Substance [CPU] Engine Loaded, Max Texture Size = 2048
[2017.09.03-01.34.05:611][  0]LogTcpMessaging: Initializing TcpMessaging bridge
[2017.09.03-01.34.05:641][  0]LogUdpMessaging: Initializing bridge on interface 0.0.0.0:0 to multicast group 230.0.0.1:6666.
[2017.09.03-01.34.05:866][  0]LogMaterial: Uniform references updated for custom material expression Custom.
[2017.09.03-01.34.06:134][  0]SourceControl: Info Source control is disabled
[2017.09.03-01.34.06:135][  0]SourceControl: Info Source control is disabled
[2017.09.03-01.34.06:167][  0]SourceControl: Info Source control is disabled
[2017.09.03-01.34.06:198][  0]SourceControl: Info Source control is disabled
[2017.09.03-01.34.07:099][  0]LogEngine: Initializing Engine...
[2017.09.03-01.34.07:099][  0]LogHMD: Failed to initialize OpenVR with code 110
[2017.09.03-01.34.07:266][  0]LogAIModule: Creating AISystem for world Untitled
[2017.09.03-01.34.07:273][  0]LogInit: XAudio2 using 'Speakers (Logitech G933 Gaming Headset)' : 8 channels at 48 kHz using 16 bits per sample (channel mask 0x63f)
[2017.09.03-01.34.07:284][  0]LogInit: FAudioDevice initialized.
[2017.09.03-01.34.07:304][  0]LogDerivedDataCache: Saved boot cache 0.02s 50MB C:/Users/Greg/AppData/Local/UnrealEngine/4.14/DerivedDataCache/Boot.ddc.
[2017.09.03-01.34.07:310][  0]LogInit: Texture streaming: Enabled
[2017.09.03-01.34.07:435][  0]LogInit: Transaction tracking system initialized
[2017.09.03-01.34.07:669][  0]BlueprintLog: New page: Editor Load
[2017.09.03-01.34.08:287][  0]LocalizationService: Info Localization service is disabled
[2017.09.03-01.34.08:747][  0]LogConsoleResponse:Display: 
[2017.09.03-01.34.08:854][  0]LogCook:Display: Max memory allowance for cook 16384mb min free memory 0mb
[2017.09.03-01.34.08:854][  0]LogCook:Display: Mobile HDR setting 1
[2017.09.03-01.34.09:182][  0]LogFileCache: Scanning file cache for directory 'E:/Greg/Pictures/MDS/Year 2/Semester 2/Rapid Game Prototyping/Prototype 4/CUBE-JUMP/Content/' took 0.01s
[2017.09.03-01.34.09:512][  0]SourceControl: Info Source control is disabled
[2017.09.03-01.34.09:512][  0]Cmd: MAP LOAD FILE="E:/Greg/Pictures/MDS/Year 2/Semester 2/Rapid Game Prototyping/Prototype 4/CUBE-JUMP/Content/SideScrollerBP/Maps/SideScrollerExampleMap.umap" TEMPLATE=0 SHOWPROGRESS=1 FEATURELEVEL=3
[2017.09.03-01.34.09:512][  0]LogEditorServer:Warning: Can't find file 'E:/Greg/Pictures/MDS/Year 2/Semester 2/Rapid Game Prototyping/Prototype 4/CUBE-JUMP/Content/SideScrollerBP/Maps/SideScrollerExampleMap.umap'
[2017.09.03-01.34.09:512][  0]Cmd: MAP CHECKDEP NOCLEARLOG
[2017.09.03-01.34.09:536][  0]MapCheck: Info Map check complete: 0 Error(s), 0 Warning(s), took 23.989ms to complete.
[2017.09.03-01.34.09:536][  0]LogFileHelpers: Loading map 'SideScrollerExampleMap' took 0.024
[2017.09.03-01.34.09:658][  0]LogWindowsTextInputMethodSystem:Display: IME system now deactivated.
[2017.09.03-01.34.09:757][  0]LogCollectionManager: Loaded 0 collections in 0.001136 seconds
[2017.09.03-01.34.09:839][  0]LogFileCache: Scanning file cache for directory 'E:/Greg/Pictures/MDS/Year 2/Semester 2/Rapid Game Prototyping/Prototype 4/CUBE-JUMP/Saved/Collections/' took 0.01s
[2017.09.03-01.34.09:839][  0]LogFileCache: Scanning file cache for directory 'E:/Greg/Pictures/MDS/Year 2/Semester 2/Rapid Game Prototyping/Prototype 4/CUBE-JUMP/Content/Developers/Greg/Collections/' took 0.01s
[2017.09.03-01.34.09:839][  0]LogFileCache: Scanning file cache for directory 'E:/Greg/Pictures/MDS/Year 2/Semester 2/Rapid Game Prototyping/Prototype 4/CUBE-JUMP/Content/Collections/' took 0.01s
[2017.09.03-01.34.09:839][  0]LogCollectionManager: Rebuilt the GUID cache for 0 collections in 0.000001 seconds
[2017.09.03-01.34.09:847][  0]LogContentBrowser: Native class hierarchy populated in 0.0070 seconds. Added 2204 classes and 434 folders.
[2017.09.03-01.34.09:877][  0]LogStats: UGameplayTagsManager::ConstructGameplayTagTree: Construct from data asset -  0.000 s
[2017.09.03-01.34.09:877][  0]LogStats: UGameplayTagsManager::ConstructGameplayTagTree: GameplayTagTreeChangedEvent.Broadcast -  0.000 s
[2017.09.03-01.34.09:877][  0]LogContentBrowser: Native class hierarchy updated for 'GameplayTags' in 0.0005 seconds. Added 13 classes and 0 folders.
[2017.09.03-01.34.09:920][  0]LogContentBrowser: Native class hierarchy updated for 'WidgetCarousel' in 0.0004 seconds. Added 0 classes and 0 folders.
[2017.09.03-01.34.10:173][  0]LogContentBrowser: Native class hierarchy updated for 'AddContentDialog' in 0.0005 seconds. Added 0 classes and 0 folders.
[2017.09.03-01.34.10:207][  0]LogContentBrowser: Native class hierarchy updated for 'SceneOutliner' in 0.0005 seconds. Added 1 classes and 2 folders.
[2017.09.03-01.34.10:272][  0]LogCrashTracker: Crashtracker disabled due to settings.
[2017.09.03-01.34.10:281][  0]LogUObjectGlobals:Warning: Failed to find object 'Class None.'
[2017.09.03-01.34.10:341][  0]LogContentBrowser: Native class hierarchy updated for 'HierarchicalLODOutliner' in 0.0008 seconds. Added 1 classes and 2 folders.
[2017.09.03-01.34.10:341][  0]LogLoad: (Engine Initialization) Total time: 10.55 seconds
[2017.09.03-01.34.10:341][  0]LogLoad: (Engine Initialization) Total Blueprint compile time: 0.03 seconds
[2017.09.03-01.34.10:342][  0]LogExternalProfiler: No external profilers were discovered.  External profiling features will not be available.
[2017.09.03-01.34.10:353][  0]LogOcInput: OculusInput pre-init called
[2017.09.03-01.34.10:367][  0]LogAssetRegistry: Asset discovery search completed in 5.9707 seconds
[2017.09.03-01.34.10:367][  0]LogCollectionManager: Rebuilt the object cache for 0 collections in 0.000001 seconds (found 0 objects)
[2017.09.03-01.34.10:367][  0]LogCollectionManager: Fixed up redirectors for 0 collections in 0.000010 seconds (updated 0 objects)
[2017.09.03-01.34.10:370][  0]LogContentStreaming: Texture pool size now 1000 MB
[2017.09.03-01.34.10:525][  2]LogRenderer: Reallocating scene render targets to support 960x480 NumSamples 1 (Frame:2).
[2017.09.03-01.34.19:744][880]LogMaterial: Missing cached shader map for material YELLOW, compiling. 
[2017.09.03-01.34.19:774][880]LogMaterial: Missing cached shader map for material BLACK, compiling. 
[2017.09.03-01.34.19:856][880]LogTexture:Display: Building textures: HQ_Lightmap1_1 (AutoDXT)
[2017.09.03-01.34.20:016][880]LogTexture:Display: Building textures: HQ_Lightmap1_2 (AutoDXT)
[2017.09.03-01.34.20:047][880]LogTexture:Display: Building textures: LQ_Lightmap_1_1 (DXT1)
[2017.09.03-01.34.20:194][880]LogTexture:Display: Building textures: LQ_Lightmap_1_2 (DXT1)
[2017.09.03-01.34.20:224][880]LogTexture:Display: Building textures: SkyOcclusion1_1 (AutoDXT)
[2017.09.03-01.34.20:319][880]LogTexture:Display: Building textures: SkyOcclusion1_2 (AutoDXT)
[2017.09.03-01.34.20:368][880]LogMaterial: Missing cached shader map for material RED, compiling. 
[2017.09.03-01.34.20:390][880]LogMaterial: Missing cached shader map for material CubeMaterial_2, compiling. 
[2017.09.03-01.34.20:455][880]LogMaterial: Missing cached shader map for material GREEN, compiling. 
[2017.09.03-01.34.20:473][880]LogAIModule: Creating AISystem for world LevelONE
[2017.09.03-01.34.20:501][880]Cmd: MAP LOAD FILE="E:/Greg/Pictures/MDS/Year 2/Semester 2/Rapid Game Prototyping/Prototype 4/CUBE-JUMP/Content/SideScrollerBP/Maps/LevelONE.umap" TEMPLATE=0 SHOWPROGRESS=1 FEATURELEVEL=3
[2017.09.03-01.34.20:501][880]LightingResults: New page: Lighting Build
[2017.09.03-01.34.20:550][880]LogContentBrowser: Native class hierarchy updated for 'StatsViewer' in 0.0007 seconds. Added 5 classes and 0 folders.
[2017.09.03-01.34.20:551][880]LoadErrors: New page: Loading map: LevelONE.umap
[2017.09.03-01.34.20:551][880]MapCheck: New page: Map Check
[2017.09.03-01.34.20:551][880]LightingResults: New page: Lighting Build
[2017.09.03-01.34.20:569][880]LogEditorServer: Finished looking for orphan Actors (0.000 secs)
[2017.09.03-01.34.20:591][880]Cmd: MAP CHECKDEP NOCLEARLOG
[2017.09.03-01.34.20:636][880]MapCheck: Info Map check complete: 0 Error(s), 0 Warning(s), took 44.973ms to complete.
[2017.09.03-01.34.20:636][880]LogFileHelpers: Loading map 'LevelONE' took 0.136
[2017.09.03-01.34.21:228][937]LogRenderer: Reallocating scene render targets to support 1616x808 NumSamples 1 (Frame:901).
[2017.09.03-01.34.24:911][359]LogAIModule: Creating AISystem for world LevelTWO
[2017.09.03-01.34.24:924][359]Cmd: MAP LOAD FILE="E:/Greg/Pictures/MDS/Year 2/Semester 2/Rapid Game Prototyping/Prototype 4/CUBE-JUMP/Content/SideScrollerBP/Maps/LevelTWO.umap" TEMPLATE=0 SHOWPROGRESS=1 FEATURELEVEL=3
[2017.09.03-01.34.24:924][359]LightingResults: New page: Lighting Build
[2017.09.03-01.34.24:925][359]LoadErrors: New page: Loading map: LevelTWO.umap
[2017.09.03-01.34.24:925][359]MapCheck: New page: Map Check
[2017.09.03-01.34.24:925][359]LightingResults: New page: Lighting Build
[2017.09.03-01.34.24:946][359]LogEditorServer: Finished looking for orphan Actors (0.000 secs)
[2017.09.03-01.34.24:963][359]Cmd: MAP CHECKDEP NOCLEARLOG
[2017.09.03-01.34.24:992][359]MapCheck: Info Map check complete: 0 Error(s), 0 Warning(s), took 29.562ms to complete.
[2017.09.03-01.34.24:992][359]LogFileHelpers: Loading map 'LevelTWO' took 0.070
[2017.09.03-01.34.27:110][599]LogAIModule: Creating AISystem for world LevelONE
[2017.09.03-01.34.27:123][599]Cmd: MAP LOAD FILE="E:/Greg/Pictures/MDS/Year 2/Semester 2/Rapid Game Prototyping/Prototype 4/CUBE-JUMP/Content/SideScrollerBP/Maps/LevelONE.umap" TEMPLATE=0 SHOWPROGRESS=1 FEATURELEVEL=3
[2017.09.03-01.34.27:123][599]LightingResults: New page: Lighting Build
[2017.09.03-01.34.27:124][599]LoadErrors: New page: Loading map: LevelONE.umap
[2017.09.03-01.34.27:124][599]MapCheck: New page: Map Check
[2017.09.03-01.34.27:124][599]LightingResults: New page: Lighting Build
[2017.09.03-01.34.27:135][599]LogEditorServer: Finished looking for orphan Actors (0.000 secs)
[2017.09.03-01.34.27:151][599]Cmd: MAP CHECKDEP NOCLEARLOG
[2017.09.03-01.34.27:179][599]MapCheck: Info Map check complete: 0 Error(s), 0 Warning(s), took 28.232ms to complete.
[2017.09.03-01.34.27:179][599]LogFileHelpers: Loading map 'LevelONE' took 0.057
[2017.09.03-01.34.48:697][ 47]LogSlate: Only BGRA pngs, bmps or icos are supported in by External Image Picker
[2017.09.03-01.34.48:734][ 49]LogTemp:Display: Executing iPhonePackager certificates Engine -bundlename com.YourCompany.MyProject2

[2017.09.03-01.34.48:734][ 49]LogTemp:Display: CWD: C:\Program Files\Epic Games\UE_4.14\Engine\Binaries\DotNet\IOS

[2017.09.03-01.34.48:734][ 49]LogTemp:Display: Initial Dir: C:\Program Files\Epic Games\UE_4.14

[2017.09.03-01.34.48:734][ 49]LogTemp:Display: Env CWD: C:\Program Files\Epic Games\UE_4.14\Engine\Binaries\DotNet\IOS

[2017.09.03-01.34.48:736][ 49]LogTemp:Display: BranchPath = DESKTOP-1P9PEP9/C/Program Files/Epic Games/UE_4.14/Engine/Binaries --- GameBranchPath = DESKTOP-1P9PEP9/C/Program Files/Epic Games/UE_4.14/Engine/Binaries

[2017.09.03-01.34.48:768][ 53]LogTemp:Display: IPP ERROR: Application exception: System.IO.DirectoryNotFoundException: Could not find a part of the path 'C:\Users\Greg\AppData\Local\Apple Computer\MobileDevice\Provisioning Profiles'.

[2017.09.03-01.34.48:768][ 53]LogTemp:Display:    at System.IO.__Error.WinIOError(Int32 errorCode, String maybeFullPath)

[2017.09.03-01.34.48:768][ 53]LogTemp:Display:    at System.IO.FileSystemEnumerableIterator`1.CommonInit()

[2017.09.03-01.34.48:768][ 53]LogTemp:Display:    at System.IO.Directory.EnumerateFiles(String path, String searchPattern)

[2017.09.03-01.34.48:768][ 53]LogTemp:Display:    at iPhonePackager.CodeSignatureBuilder.FindProvisions(String CFBundleIdentifier)

[2017.09.03-01.34.48:768][ 53]LogTemp:Display:    at iPhonePackager.Program.Main(String[] args)

[2017.09.03-01.35.09:534][510]LogEditorViewport: Clicking on Actor (LMB): StaticMeshActor (Cube3)
[2017.09.03-01.35.14:293][ 27]LogEditorViewport: Clicking on Actor (LMB): BP_Sky_Sphere_C (SkySphereBlueprint)
[2017.09.03-01.35.27:069][541]LogEditorViewport: Clicking on Actor (LMB): StaticMeshActor (Cube3)
[2017.09.03-01.35.50:089][221]LogEditorViewport: Clicking on Actor (LMB): StaticMeshActor (Cube2)
[2017.09.03-01.35.55:063][806]LogEditorViewport: Clicking on Actor (LMB): StaticMeshActor (Cube3)
[2017.09.03-01.35.57:577][103]LogEditorViewport: Clicking on Actor (LMB): StaticMeshActor (Cube)
[2017.09.03-01.36.01:456][550]LogEditorViewport: Clicking on Actor (LMB): winnerLevelOne_C (winnerLevelOne)
[2017.09.03-01.36.05:902][ 75]LogEditorViewport: Clicking on Actor (LMB): rightStart_C (rightStart)
[2017.09.03-01.36.08:173][338]LogEditorViewport: Clicking on Actor (LMB): rightStart_C (rightStart)
[2017.09.03-01.36.10:153][565]LogEditorViewport: Clicking on Actor (LMB): rightStart_C (rightStart)
[2017.09.03-01.36.10:232][573]LogEditorViewport: Clicking on Component (LMB): StaticMeshComponent (Cube)
[2017.09.03-01.37.23:916][ 67]LogEditorViewport: Clicking on Actor (LMB): StaticMeshActor (Cube3)
[2017.09.03-01.38.06:927][944]LogEditorViewport: Clicking on Actor (LMB): deathFloor_C (deathFloor)
[2017.09.03-01.38.09:078][197]LogEditorViewport: Clicking on Actor (LMB): deathFloor_C (deathFloor)
[2017.09.03-01.38.09:165][206]LogEditorViewport: Clicking on Component (LMB): StaticMeshComponent (Cube)
[2017.09.03-01.38.14:955][877]LogMaterial: Missing cached shader map for material RED, compiling. 
[2017.09.03-01.38.15:045][877]LogMaterial: Missing cached shader map for material RED, compiling. 
[2017.09.03-01.38.15:053][877]LogMaterial: 0.00 seconds spent updating 1 materials, 1 interfaces, 0 instances, 0 with static permutations.
[2017.09.03-01.38.15:079][877]LogMaterial: Missing cached shader map for material FMatExpressionPreview MaterialExpressionConstant3Vector_0, compiling. 
[2017.09.03-01.38.16:003][933]MaterialEditorStats: Info Base pass shader with static lighting: 48 instructions
[2017.09.03-01.38.16:003][933]MaterialEditorStats: Info Base pass shader with only dynamic lighting: 22 instructions
[2017.09.03-01.38.16:003][933]MaterialEditorStats: Info Vertex shader: 29 instructions
[2017.09.03-01.38.16:003][933]MaterialEditorStats: Info Texture samplers: 2/16
[2017.09.03-01.38.21:979][518]LogMaterial: Missing cached shader map for material RED, compiling. 
[2017.09.03-01.38.21:987][518]LogMaterial: 0.00 seconds spent updating 1 materials, 1 interfaces, 0 instances, 0 with static permutations.
[2017.09.03-01.38.22:015][518]LogMaterial: Missing cached shader map for material FMatExpressionPreview MaterialExpressionConstant3Vector_0, compiling. 
[2017.09.03-01.38.22:614][564]MaterialEditorStats: Info Base pass shader with static lighting: 48 instructions
[2017.09.03-01.38.22:614][564]MaterialEditorStats: Info Base pass shader with only dynamic lighting: 22 instructions
[2017.09.03-01.38.22:614][564]MaterialEditorStats: Info Vertex shader: 29 instructions
[2017.09.03-01.38.22:614][564]MaterialEditorStats: Info Texture samplers: 2/16
[2017.09.03-01.38.23:734][684]LogMaterial: Missing cached shader map for material RED, compiling. 
[2017.09.03-01.38.23:741][684]LogMaterial: 0.00 seconds spent updating 1 materials, 1 interfaces, 0 instances, 0 with static permutations.
[2017.09.03-01.38.23:767][684]LogMaterial: Missing cached shader map for material FMatExpressionPreview MaterialExpressionConstant3Vector_0, compiling. 
[2017.09.03-01.38.24:374][732]MaterialEditorStats: Info Base pass shader with static lighting: 48 instructions
[2017.09.03-01.38.24:374][732]MaterialEditorStats: Info Base pass shader with only dynamic lighting: 22 instructions
[2017.09.03-01.38.24:374][732]MaterialEditorStats: Info Vertex shader: 29 instructions
[2017.09.03-01.38.24:374][732]MaterialEditorStats: Info Texture samplers: 2/16
[2017.09.03-01.38.34:067][805]LogEditorViewport: Clicking on Actor (LMB): StaticMeshActor (Cube2)
[2017.09.03-01.38.36:435][  0]LogMaterial: Missing cached shader map for material BLACK, compiling. 
[2017.09.03-01.38.36:488][  0]LogMaterial: Missing cached shader map for material BLACK, compiling. 
[2017.09.03-01.38.36:495][  0]LogMaterial: 0.00 seconds spent updating 1 materials, 1 interfaces, 0 instances, 0 with static permutations.
[2017.09.03-01.38.36:521][  0]LogMaterial: Missing cached shader map for material FMatExpressionPreview MaterialExpressionConstant3Vector_1, compiling. 
[2017.09.03-01.38.37:151][ 44]MaterialEditorStats: Info Base pass shader with static lighting: 48 instructions
[2017.09.03-01.38.37:151][ 44]MaterialEditorStats: Info Base pass shader with only dynamic lighting: 22 instructions
[2017.09.03-01.38.37:151][ 44]MaterialEditorStats: Info Vertex shader: 29 instructions
[2017.09.03-01.38.37:151][ 44]MaterialEditorStats: Info Texture samplers: 2/16
[2017.09.03-01.39.08:018][259]LogTemp: Repeting last play command: New Editor Window (PIE)
[2017.09.03-01.39.08:027][259]LogBlueprintUserMessages: Early PlayInEditor Detection: Level '/Game/SideScrollerBP/Maps/LevelONE.LevelONE:PersistentLevel' has LevelScriptBlueprint '/Game/SideScrollerBP/Maps/LevelONE.LevelONE:PersistentLevel.LevelONE' with GeneratedClass '/Game/SideScrollerBP/Maps/LevelONE.LevelONE_C' with ClassGeneratedBy '/Game/SideScrollerBP/Maps/LevelONE.LevelONE:PersistentLevel.LevelONE'
[2017.09.03-01.39.08:029][259]LogPlayLevel: PlayLevel: No blueprints needed recompiling
[2017.09.03-01.39.08:029][259]PIE: New page: PIE session: LevelONE (4/09/2017 1:39:08 am)
[2017.09.03-01.39.08:029][259]LogPlayLevel: Creating play world package: /Game/SideScrollerBP/Maps/UEDPIE_0_LevelONE
[2017.09.03-01.39.08:046][259]LogPlayLevel: PIE: StaticDuplicateObject took: (0.017005s)
[2017.09.03-01.39.08:047][259]LogAIModule: Creating AISystem for world LevelONE
[2017.09.03-01.39.08:047][259]LogPlayLevel: PIE: World Init took: (0.000530s)
[2017.09.03-01.39.08:047][259]LogPlayLevel: PIE: Created PIE world by copying editor world from /Game/SideScrollerBP/Maps/LevelONE.LevelONE to /Game/SideScrollerBP/Maps/UEDPIE_0_LevelONE.LevelONE (0.017735s)
[2017.09.03-01.39.08:058][259]LogInit: XAudio2 using 'Speakers (Logitech G933 Gaming Headset)' : 8 channels at 48 kHz using 16 bits per sample (channel mask 0x63f)
[2017.09.03-01.39.08:067][259]LogInit: FAudioDevice initialized.
[2017.09.03-01.39.08:150][259]LogLoad: Game class is 'SideScrollerGameMode_C'
[2017.09.03-01.39.08:153][259]LogWorld: Bringing World /Game/SideScrollerBP/Maps/UEDPIE_0_LevelONE.LevelONE up for play (max tick rate 0) at 2017.09.03-13.39.08
[2017.09.03-01.39.08:154][259]LogWorld: Bringing up level for play took: 0.002339
[2017.09.03-01.39.08:184][259]LogContentBrowser: Native class hierarchy updated for 'MovieSceneCapture' in 0.0005 seconds. Added 11 classes and 0 folders.
[2017.09.03-01.39.08:189][259]PIE: Info Play in editor start time for /Game/SideScrollerBP/Maps/UEDPIE_0_LevelONE 1.078
[2017.09.03-01.39.08:189][259]LogBlueprintUserMessages: Late PlayInEditor Detection: Level '/Game/SideScrollerBP/Maps/LevelONE.LevelONE:PersistentLevel' has LevelScriptBlueprint '/Game/SideScrollerBP/Maps/LevelONE.LevelONE:PersistentLevel.LevelONE' with GeneratedClass '/Game/SideScrollerBP/Maps/LevelONE.LevelONE_C' with ClassGeneratedBy '/Game/SideScrollerBP/Maps/LevelONE.LevelONE:PersistentLevel.LevelONE'
[2017.09.03-01.39.12:148][723]LogNet: Browse: /Game/SideScrollerBP/Maps/LevelONE
[2017.09.03-01.39.12:149][723]LogLoad: LoadMap: /Game/SideScrollerBP/Maps/LevelONE
[2017.09.03-01.39.12:157][723]Cmd: MEM
[2017.09.03-01.39.12:164][723]LogMemory: Platform Memory Stats for Windows
[2017.09.03-01.39.12:165][723]LogMemory: Process Physical Memory: 1571.39 MB used, 1658.30 MB peak
[2017.09.03-01.39.12:165][723]LogMemory: Process Virtual Memory: 2045.11 MB used, 2218.52 MB peak
[2017.09.03-01.39.12:165][723]LogMemory: Physical Memory: 6389.34 MB used,  26296.34 MB free, 32685.68 MB total
[2017.09.03-01.39.12:165][723]LogMemory: Virtual Memory: 2974.67 MB used,  26296.34 MB free, 134217728.00 MB total
[2017.09.03-01.39.12:165][723]LogMemory: 
[2017.09.03-01.39.12:165][723]Allocator Stats for TBB: (not implemented)
[2017.09.03-01.39.12:165][723]LogPlayLevel: Creating play world package: /Game/SideScrollerBP/Maps/UEDPIE_0_LevelONE
[2017.09.03-01.39.12:178][723]LogPlayLevel: PIE: StaticDuplicateObject took: (0.013444s)
[2017.09.03-01.39.12:179][723]LogAIModule: Creating AISystem for world LevelONE
[2017.09.03-01.39.12:179][723]LogPlayLevel: PIE: World Init took: (0.000510s)
[2017.09.03-01.39.12:179][723]LogPlayLevel: PIE: Created PIE world by copying editor world from /Game/SideScrollerBP/Maps/LevelONE.LevelONE to /Game/SideScrollerBP/Maps/UEDPIE_0_LevelONE.LevelONE (0.014131s)
[2017.09.03-01.39.12:179][723]LogLoad: Game class is 'SideScrollerGameMode_C'
[2017.09.03-01.39.12:185][723]LogWorld: Bringing World /Game/SideScrollerBP/Maps/UEDPIE_0_LevelONE.LevelONE up for play (max tick rate 0) at 2017.09.03-13.39.12
[2017.09.03-01.39.12:185][723]LogWorld: Bringing up level for play took: 0.005655
[2017.09.03-01.39.12:186][723]LogLoad: Took 0.037146 seconds to LoadMap(/Game/SideScrollerBP/Maps/UEDPIE_0_LevelONE)
[2017.09.03-01.39.19:789][633]LogNet: Browse: /Game/SideScrollerBP/Maps/LevelONE
[2017.09.03-01.39.19:789][633]LogLoad: LoadMap: /Game/SideScrollerBP/Maps/LevelONE
[2017.09.03-01.39.19:799][633]Cmd: MEM
[2017.09.03-01.39.19:807][633]LogMemory: Platform Memory Stats for Windows
[2017.09.03-01.39.19:807][633]LogMemory: Process Physical Memory: 1498.23 MB used, 1658.30 MB peak
[2017.09.03-01.39.19:807][633]LogMemory: Process Virtual Memory: 1833.68 MB used, 2218.52 MB peak
[2017.09.03-01.39.19:807][633]LogMemory: Physical Memory: 6305.85 MB used,  26379.83 MB free, 32685.68 MB total
[2017.09.03-01.39.19:807][633]LogMemory: Virtual Memory: 2874.54 MB used,  26379.83 MB free, 134217728.00 MB total
[2017.09.03-01.39.19:807][633]LogMemory: 
[2017.09.03-01.39.19:807][633]Allocator Stats for TBB: (not implemented)
[2017.09.03-01.39.19:807][633]LogPlayLevel: Creating play world package: /Game/SideScrollerBP/Maps/UEDPIE_0_LevelONE
[2017.09.03-01.39.19:818][633]LogPlayLevel: PIE: StaticDuplicateObject took: (0.011565s)
[2017.09.03-01.39.19:819][633]LogAIModule: Creating AISystem for world LevelONE
[2017.09.03-01.39.19:819][633]LogPlayLevel: PIE: World Init took: (0.000647s)
[2017.09.03-01.39.19:819][633]LogPlayLevel: PIE: Created PIE world by copying editor world from /Game/SideScrollerBP/Maps/LevelONE.LevelONE to /Game/SideScrollerBP/Maps/UEDPIE_0_LevelONE.LevelONE (0.012392s)
[2017.09.03-01.39.19:819][633]LogLoad: Game class is 'SideScrollerGameMode_C'
[2017.09.03-01.39.19:824][633]LogWorld: Bringing World /Game/SideScrollerBP/Maps/UEDPIE_0_LevelONE.LevelONE up for play (max tick rate 0) at 2017.09.03-13.39.19
[2017.09.03-01.39.19:824][633]LogWorld: Bringing up level for play took: 0.004177
[2017.09.03-01.39.19:825][633]LogLoad: Took 0.035658 seconds to LoadMap(/Game/SideScrollerBP/Maps/UEDPIE_0_LevelONE)
[2017.09.03-01.39.35:862][557]LogNet: Browse: /Game/SideScrollerBP/Maps/LevelONE
[2017.09.03-01.39.35:862][557]LogLoad: LoadMap: /Game/SideScrollerBP/Maps/LevelONE
[2017.09.03-01.39.35:871][557]Cmd: MEM
[2017.09.03-01.39.35:878][557]LogMemory: Platform Memory Stats for Windows
[2017.09.03-01.39.35:878][557]LogMemory: Process Physical Memory: 1497.80 MB used, 1658.30 MB peak
[2017.09.03-01.39.35:878][557]LogMemory: Process Virtual Memory: 1837.14 MB used, 2218.52 MB peak
[2017.09.03-01.39.35:878][557]LogMemory: Physical Memory: 6289.67 MB used,  26396.01 MB free, 32685.68 MB total
[2017.09.03-01.39.35:878][557]LogMemory: Virtual Memory: 2846.54 MB used,  26396.01 MB free, 134217728.00 MB total
[2017.09.03-01.39.35:878][557]LogMemory: 
[2017.09.03-01.39.35:878][557]Allocator Stats for TBB: (not implemented)
[2017.09.03-01.39.35:878][557]LogPlayLevel: Creating play world package: /Game/SideScrollerBP/Maps/UEDPIE_0_LevelONE
[2017.09.03-01.39.35:890][557]LogPlayLevel: PIE: StaticDuplicateObject took: (0.011863s)
[2017.09.03-01.39.35:891][557]LogAIModule: Creating AISystem for world LevelONE
[2017.09.03-01.39.35:891][557]LogPlayLevel: PIE: World Init took: (0.000563s)
[2017.09.03-01.39.35:891][557]LogPlayLevel: PIE: Created PIE world by copying editor world from /Game/SideScrollerBP/Maps/LevelONE.LevelONE to /Game/SideScrollerBP/Maps/UEDPIE_0_LevelONE.LevelONE (0.012650s)
[2017.09.03-01.39.35:891][557]LogLoad: Game class is 'SideScrollerGameMode_C'
[2017.09.03-01.39.35:897][557]LogWorld: Bringing World /Game/SideScrollerBP/Maps/UEDPIE_0_LevelONE.LevelONE up for play (max tick rate 0) at 2017.09.03-13.39.35
[2017.09.03-01.39.35:897][557]LogWorld: Bringing up level for play took: 0.004936
[2017.09.03-01.39.35:897][557]LogLoad: Took 0.035122 seconds to LoadMap(/Game/SideScrollerBP/Maps/UEDPIE_0_LevelONE)
[2017.09.03-01.39.38:217][835]LogNet: Browse: /Game/SideScrollerBP/Maps/LevelONE
[2017.09.03-01.39.38:217][835]LogLoad: LoadMap: /Game/SideScrollerBP/Maps/LevelONE
[2017.09.03-01.39.38:224][835]Cmd: MEM
[2017.09.03-01.39.38:232][835]LogMemory: Platform Memory Stats for Windows
[2017.09.03-01.39.38:232][835]LogMemory: Process Physical Memory: 1515.32 MB used, 1658.30 MB peak
[2017.09.03-01.39.38:232][835]LogMemory: Process Virtual Memory: 1927.57 MB used, 2218.52 MB peak
[2017.09.03-01.39.38:232][835]LogMemory: Physical Memory: 6306.37 MB used,  26379.32 MB free, 32685.68 MB total
[2017.09.03-01.39.38:232][835]LogMemory: Virtual Memory: 2903.11 MB used,  26379.32 MB free, 134217728.00 MB total
[2017.09.03-01.39.38:232][835]LogMemory: 
[2017.09.03-01.39.38:232][835]Allocator Stats for TBB: (not implemented)
[2017.09.03-01.39.38:232][835]LogPlayLevel: Creating play world package: /Game/SideScrollerBP/Maps/UEDPIE_0_LevelONE
[2017.09.03-01.39.38:242][835]LogPlayLevel: PIE: StaticDuplicateObject took: (0.010017s)
[2017.09.03-01.39.38:242][835]LogAIModule: Creating AISystem for world LevelONE
[2017.09.03-01.39.38:242][835]LogPlayLevel: PIE: World Init took: (0.000464s)
[2017.09.03-01.39.38:242][835]LogPlayLevel: PIE: Created PIE world by copying editor world from /Game/SideScrollerBP/Maps/LevelONE.LevelONE to /Game/SideScrollerBP/Maps/UEDPIE_0_LevelONE.LevelONE (0.010644s)
[2017.09.03-01.39.38:242][835]LogLoad: Game class is 'SideScrollerGameMode_C'
[2017.09.03-01.39.38:256][835]LogWorld: Bringing World /Game/SideScrollerBP/Maps/UEDPIE_0_LevelONE.LevelONE up for play (max tick rate 0) at 2017.09.03-13.39.38
[2017.09.03-01.39.38:256][835]LogWorld: Bringing up level for play took: 0.013476
[2017.09.03-01.39.38:257][835]LogLoad: Took 0.039908 seconds to LoadMap(/Game/SideScrollerBP/Maps/UEDPIE_0_LevelONE)
[2017.09.03-01.39.39:769][ 16]LogNet: Browse: /Game/SideScrollerBP/Maps/LevelONE
[2017.09.03-01.39.39:769][ 16]LogLoad: LoadMap: /Game/SideScrollerBP/Maps/LevelONE
[2017.09.03-01.39.39:776][ 16]Cmd: MEM
[2017.09.03-01.39.39:784][ 16]LogMemory: Platform Memory Stats for Windows
[2017.09.03-01.39.39:784][ 16]LogMemory: Process Physical Memory: 1559.25 MB used, 1658.30 MB peak
[2017.09.03-01.39.39:784][ 16]LogMemory: Process Virtual Memory: 1941.54 MB used, 2218.52 MB peak
[2017.09.03-01.39.39:784][ 16]LogMemory: Physical Memory: 6343.10 MB used,  26342.59 MB free, 32685.68 MB total
[2017.09.03-01.39.39:784][ 16]LogMemory: Virtual Memory: 2919.11 MB used,  26342.59 MB free, 134217728.00 MB total
[2017.09.03-01.39.39:784][ 16]LogMemory: 
[2017.09.03-01.39.39:784][ 16]Allocator Stats for TBB: (not implemented)
[2017.09.03-01.39.39:784][ 16]LogPlayLevel: Creating play world package: /Game/SideScrollerBP/Maps/UEDPIE_0_LevelONE
[2017.09.03-01.39.39:794][ 16]LogPlayLevel: PIE: StaticDuplicateObject took: (0.010297s)
[2017.09.03-01.39.39:794][ 16]LogAIModule: Creating AISystem for world LevelONE
[2017.09.03-01.39.39:794][ 16]LogPlayLevel: PIE: World Init took: (0.000507s)
[2017.09.03-01.39.39:795][ 16]LogPlayLevel: PIE: Created PIE world by copying editor world from /Game/SideScrollerBP/Maps/LevelONE.LevelONE to /Game/SideScrollerBP/Maps/UEDPIE_0_LevelONE.LevelONE (0.010974s)
[2017.09.03-01.39.39:795][ 16]LogLoad: Game class is 'SideScrollerGameMode_C'
[2017.09.03-01.39.39:807][ 16]LogWorld: Bringing World /Game/SideScrollerBP/Maps/UEDPIE_0_LevelONE.LevelONE up for play (max tick rate 0) at 2017.09.03-13.39.39
[2017.09.03-01.39.39:807][ 16]LogWorld: Bringing up level for play took: 0.011368
[2017.09.03-01.39.39:808][ 16]LogLoad: Took 0.038482 seconds to LoadMap(/Game/SideScrollerBP/Maps/UEDPIE_0_LevelONE)
[2017.09.03-01.39.56:028][962]LogNet: Browse: /Game/SideScrollerBP/Maps/LevelTWO
[2017.09.03-01.39.56:028][962]LogLoad: LoadMap: /Game/SideScrollerBP/Maps/LevelTWO
[2017.09.03-01.39.56:036][962]Cmd: MEM
[2017.09.03-01.39.56:043][962]LogMemory: Platform Memory Stats for Windows
[2017.09.03-01.39.56:043][962]LogMemory: Process Physical Memory: 1539.39 MB used, 1658.30 MB peak
[2017.09.03-01.39.56:043][962]LogMemory: Process Virtual Memory: 1833.10 MB used, 2218.52 MB peak
[2017.09.03-01.39.56:043][962]LogMemory: Physical Memory: 6333.57 MB used,  26352.11 MB free, 32685.68 MB total
[2017.09.03-01.39.56:043][962]LogMemory: Virtual Memory: 2886.54 MB used,  26352.11 MB free, 134217728.00 MB total
[2017.09.03-01.39.56:043][962]LogMemory: 
[2017.09.03-01.39.56:043][962]Allocator Stats for TBB: (not implemented)
[2017.09.03-01.39.56:558][962]LogAIModule: Creating AISystem for world LevelTWO
[2017.09.03-01.39.56:558][962]LogLoad: Game class is 'SideScrollerGameMode_C'
[2017.09.03-01.39.56:562][962]LogWorld: Bringing World /Game/SideScrollerBP/Maps/UEDPIE_0_LevelTWO.LevelTWO up for play (max tick rate 0) at 2017.09.03-13.39.56
[2017.09.03-01.39.56:562][962]LogWorld: Bringing up level for play took: 0.003051
[2017.09.03-01.39.56:563][962]LogLoad: Took 0.535075 seconds to LoadMap(/Game/SideScrollerBP/Maps/LevelTWO)
[2017.09.03-01.40.00:592][445]LogNet: Browse: /Game/SideScrollerBP/Maps/LevelTWO
[2017.09.03-01.40.00:592][445]LogLoad: LoadMap: /Game/SideScrollerBP/Maps/LevelTWO
[2017.09.03-01.40.00:604][445]Cmd: MEM
[2017.09.03-01.40.00:611][445]LogMemory: Platform Memory Stats for Windows
[2017.09.03-01.40.00:611][445]LogMemory: Process Physical Memory: 1629.50 MB used, 1704.23 MB peak
[2017.09.03-01.40.00:611][445]LogMemory: Process Virtual Memory: 1962.79 MB used, 2218.52 MB peak
[2017.09.03-01.40.00:611][445]LogMemory: Physical Memory: 6391.01 MB used,  26294.67 MB free, 32685.68 MB total
[2017.09.03-01.40.00:611][445]LogMemory: Virtual Memory: 3004.92 MB used,  26294.67 MB free, 134217728.00 MB total
[2017.09.03-01.40.00:611][445]LogMemory: 
[2017.09.03-01.40.00:611][445]Allocator Stats for TBB: (not implemented)
[2017.09.03-01.40.00:715][445]LogAIModule: Creating AISystem for world LevelTWO
[2017.09.03-01.40.00:715][445]LogLoad: Game class is 'SideScrollerGameMode_C'
[2017.09.03-01.40.00:719][445]LogWorld: Bringing World /Game/SideScrollerBP/Maps/UEDPIE_0_LevelTWO.LevelTWO up for play (max tick rate 0) at 2017.09.03-13.40.00
[2017.09.03-01.40.00:719][445]LogWorld: Bringing up level for play took: 0.002895
[2017.09.03-01.40.00:720][445]LogLoad: Took 0.127493 seconds to LoadMap(/Game/SideScrollerBP/Maps/LevelTWO)
[2017.09.03-01.40.04:857][941]LogNet: Browse: /Game/SideScrollerBP/Maps/LevelTWO
[2017.09.03-01.40.04:857][941]LogLoad: LoadMap: /Game/SideScrollerBP/Maps/LevelTWO
[2017.09.03-01.40.04:866][941]Cmd: MEM
[2017.09.03-01.40.04:873][941]LogMemory: Platform Memory Stats for Windows
[2017.09.03-01.40.04:873][941]LogMemory: Process Physical Memory: 1660.72 MB used, 1704.23 MB peak
[2017.09.03-01.40.04:873][941]LogMemory: Process Virtual Memory: 1988.92 MB used, 2218.52 MB peak
[2017.09.03-01.40.04:873][941]LogMemory: Physical Memory: 6413.84 MB used,  26271.84 MB free, 32685.68 MB total
[2017.09.03-01.40.04:873][941]LogMemory: Virtual Memory: 3049.67 MB used,  26271.84 MB free, 134217728.00 MB total
[2017.09.03-01.40.04:873][941]LogMemory: 
[2017.09.03-01.40.04:873][941]Allocator Stats for TBB: (not implemented)
[2017.09.03-01.40.04:966][941]LogAIModule: Creating AISystem for world LevelTWO
[2017.09.03-01.40.04:966][941]LogLoad: Game class is 'SideScrollerGameMode_C'
[2017.09.03-01.40.04:969][941]LogWorld: Bringing World /Game/SideScrollerBP/Maps/UEDPIE_0_LevelTWO.LevelTWO up for play (max tick rate 0) at 2017.09.03-13.40.04
[2017.09.03-01.40.04:970][941]LogWorld: Bringing up level for play took: 0.002903
[2017.09.03-01.40.04:970][941]LogLoad: Took 0.113509 seconds to LoadMap(/Game/SideScrollerBP/Maps/LevelTWO)
[2017.09.03-01.40.10:298][580]LogNet: Browse: /Game/SideScrollerBP/Maps/LevelTWO
[2017.09.03-01.40.10:299][580]LogLoad: LoadMap: /Game/SideScrollerBP/Maps/LevelTWO
[2017.09.03-01.40.10:308][580]Cmd: MEM
[2017.09.03-01.40.10:315][580]LogMemory: Platform Memory Stats for Windows
[2017.09.03-01.40.10:315][580]LogMemory: Process Physical Memory: 1663.49 MB used, 1704.23 MB peak
[2017.09.03-01.40.10:315][580]LogMemory: Process Virtual Memory: 1993.93 MB used, 2218.52 MB peak
[2017.09.03-01.40.10:315][580]LogMemory: Physical Memory: 6425.97 MB used,  26259.71 MB free, 32685.68 MB total
[2017.09.03-01.40.10:315][580]LogMemory: Virtual Memory: 3033.67 MB used,  26259.71 MB free, 134217728.00 MB total
[2017.09.03-01.40.10:315][580]LogMemory: 
[2017.09.03-01.40.10:315][580]Allocator Stats for TBB: (not implemented)
[2017.09.03-01.40.10:408][580]LogAIModule: Creating AISystem for world LevelTWO
[2017.09.03-01.40.10:408][580]LogLoad: Game class is 'SideScrollerGameMode_C'
[2017.09.03-01.40.10:411][580]LogWorld: Bringing World /Game/SideScrollerBP/Maps/UEDPIE_0_LevelTWO.LevelTWO up for play (max tick rate 0) at 2017.09.03-13.40.10
[2017.09.03-01.40.10:412][580]LogWorld: Bringing up level for play took: 0.002922
[2017.09.03-01.40.10:413][580]LogLoad: Took 0.113832 seconds to LoadMap(/Game/SideScrollerBP/Maps/LevelTWO)
[2017.09.03-01.40.13:016][892]LogBlueprintUserMessages: Early EndPlayMap Detection: Level '/Game/SideScrollerBP/Maps/LevelONE.LevelONE:PersistentLevel' has LevelScriptBlueprint '/Game/SideScrollerBP/Maps/LevelONE.LevelONE:PersistentLevel.LevelONE' with GeneratedClass '/Game/SideScrollerBP/Maps/LevelONE.LevelONE_C' with ClassGeneratedBy '/Game/SideScrollerBP/Maps/LevelONE.LevelONE:PersistentLevel.LevelONE'
[2017.09.03-01.40.13:068][892]LogBlueprintUserMessages: Late EndPlayMap Detection: Level '/Game/SideScrollerBP/Maps/LevelONE.LevelONE:PersistentLevel' has LevelScriptBlueprint '/Game/SideScrollerBP/Maps/LevelONE.LevelONE:PersistentLevel.LevelONE' with GeneratedClass '/Game/SideScrollerBP/Maps/LevelONE.LevelONE_C' with ClassGeneratedBy '/Game/SideScrollerBP/Maps/LevelONE.LevelONE:PersistentLevel.LevelONE'
[2017.09.03-01.40.16:395][281]LogTemp: Repeting last play command: New Editor Window (PIE)
[2017.09.03-01.40.16:404][281]LogBlueprintUserMessages: Early PlayInEditor Detection: Level '/Game/SideScrollerBP/Maps/LevelONE.LevelONE:PersistentLevel' has LevelScriptBlueprint '/Game/SideScrollerBP/Maps/LevelONE.LevelONE:PersistentLevel.LevelONE' with GeneratedClass '/Game/SideScrollerBP/Maps/LevelONE.LevelONE_C' with ClassGeneratedBy '/Game/SideScrollerBP/Maps/LevelONE.LevelONE:PersistentLevel.LevelONE'
[2017.09.03-01.40.16:404][281]LogPlayLevel: PlayLevel: No blueprints needed recompiling
[2017.09.03-01.40.16:404][281]PIE: New page: PIE session: LevelONE (4/09/2017 1:40:16 am)
[2017.09.03-01.40.16:404][281]LogPlayLevel: Creating play world package: /Game/SideScrollerBP/Maps/UEDPIE_0_LevelONE
[2017.09.03-01.40.16:415][281]LogPlayLevel: PIE: StaticDuplicateObject took: (0.011722s)
[2017.09.03-01.40.16:416][281]LogAIModule: Creating AISystem for world LevelONE
[2017.09.03-01.40.16:416][281]LogPlayLevel: PIE: World Init took: (0.000535s)
[2017.09.03-01.40.16:416][281]LogPlayLevel: PIE: Created PIE world by copying editor world from /Game/SideScrollerBP/Maps/LevelONE.LevelONE to /Game/SideScrollerBP/Maps/UEDPIE_0_LevelONE.LevelONE (0.012449s)
[2017.09.03-01.40.16:426][281]LogInit: XAudio2 using 'Speakers (Logitech G933 Gaming Headset)' : 8 channels at 48 kHz using 16 bits per sample (channel mask 0x63f)
[2017.09.03-01.40.16:433][281]LogInit: FAudioDevice initialized.
[2017.09.03-01.40.16:496][281]LogLoad: Game class is 'SideScrollerGameMode_C'
[2017.09.03-01.40.16:498][281]LogWorld: Bringing World /Game/SideScrollerBP/Maps/UEDPIE_0_LevelONE.LevelONE up for play (max tick rate 0) at 2017.09.03-13.40.16
[2017.09.03-01.40.16:498][281]LogWorld: Bringing up level for play took: 0.001369
[2017.09.03-01.40.16:502][281]PIE: Info Play in editor start time for /Game/SideScrollerBP/Maps/UEDPIE_0_LevelONE -0.608
[2017.09.03-01.40.16:502][281]LogBlueprintUserMessages: Late PlayInEditor Detection: Level '/Game/SideScrollerBP/Maps/LevelONE.LevelONE:PersistentLevel' has LevelScriptBlueprint '/Game/SideScrollerBP/Maps/LevelONE.LevelONE:PersistentLevel.LevelONE' with GeneratedClass '/Game/SideScrollerBP/Maps/LevelONE.LevelONE_C' with ClassGeneratedBy '/Game/SideScrollerBP/Maps/LevelONE.LevelONE:PersistentLevel.LevelONE'
[2017.09.03-01.40.21:973][928]LogBlueprintUserMessages: Early EndPlayMap Detection: Level '/Game/SideScrollerBP/Maps/LevelONE.LevelONE:PersistentLevel' has LevelScriptBlueprint '/Game/SideScrollerBP/Maps/LevelONE.LevelONE:PersistentLevel.LevelONE' with GeneratedClass '/Game/SideScrollerBP/Maps/LevelONE.LevelONE_C' with ClassGeneratedBy '/Game/SideScrollerBP/Maps/LevelONE.LevelONE:PersistentLevel.LevelONE'
[2017.09.03-01.40.22:031][928]LogBlueprintUserMessages: Late EndPlayMap Detection: Level '/Game/SideScrollerBP/Maps/LevelONE.LevelONE:PersistentLevel' has LevelScriptBlueprint '/Game/SideScrollerBP/Maps/LevelONE.LevelONE:PersistentLevel.LevelONE' with GeneratedClass '/Game/SideScrollerBP/Maps/LevelONE.LevelONE_C' with ClassGeneratedBy '/Game/SideScrollerBP/Maps/LevelONE.LevelONE:PersistentLevel.LevelONE'
[2017.09.03-01.40.22:998][ 37]LogEditorViewport: Clicking on Actor (LMB): StaticMeshActor (Cube2)
[2017.09.03-01.40.24:645][221]LogEditorViewport: Clicking on Actor (LMB): StaticMeshActor (Cube)
[2017.09.03-01.40.28:975][697]LogEditorViewport: Clicking on Actor (LMB): StaticMeshActor (Cube2)
[2017.09.03-01.40.31:043][941]LogEditorViewport: Clicking on Actor (LMB): deathFloor_C (deathFloor)
[2017.09.03-01.40.34:914][402]LogEditorViewport: Clicking on Actor (LMB): StaticMeshActor (Cube3)
[2017.09.03-01.40.40:313][ 45]LogTemp: Repeting last play command: New Editor Window (PIE)
[2017.09.03-01.40.40:322][ 45]LogBlueprintUserMessages: Early PlayInEditor Detection: Level '/Game/SideScrollerBP/Maps/LevelONE.LevelONE:PersistentLevel' has LevelScriptBlueprint '/Game/SideScrollerBP/Maps/LevelONE.LevelONE:PersistentLevel.LevelONE' with GeneratedClass '/Game/SideScrollerBP/Maps/LevelONE.LevelONE_C' with ClassGeneratedBy '/Game/SideScrollerBP/Maps/LevelONE.LevelONE:PersistentLevel.LevelONE'
[2017.09.03-01.40.40:322][ 45]LogPlayLevel: PlayLevel: No blueprints needed recompiling
[2017.09.03-01.40.40:322][ 45]PIE: New page: PIE session: LevelONE (4/09/2017 1:40:40 am)
[2017.09.03-01.40.40:322][ 45]LogPlayLevel: Creating play world package: /Game/SideScrollerBP/Maps/UEDPIE_0_LevelONE
[2017.09.03-01.40.40:332][ 45]LogPlayLevel: PIE: StaticDuplicateObject took: (0.010327s)
[2017.09.03-01.40.40:333][ 45]LogAIModule: Creating AISystem for world LevelONE
[2017.09.03-01.40.40:333][ 45]LogPlayLevel: PIE: World Init took: (0.000549s)
[2017.09.03-01.40.40:333][ 45]LogPlayLevel: PIE: Created PIE world by copying editor world from /Game/SideScrollerBP/Maps/LevelONE.LevelONE to /Game/SideScrollerBP/Maps/UEDPIE_0_LevelONE.LevelONE (0.011059s)
[2017.09.03-01.40.40:343][ 45]LogInit: XAudio2 using 'Speakers (Logitech G933 Gaming Headset)' : 8 channels at 48 kHz using 16 bits per sample (channel mask 0x63f)
[2017.09.03-01.40.40:351][ 45]LogInit: FAudioDevice initialized.
[2017.09.03-01.40.40:410][ 45]LogLoad: Game class is 'SideScrollerGameMode_C'
[2017.09.03-01.40.40:412][ 45]LogWorld: Bringing World /Game/SideScrollerBP/Maps/UEDPIE_0_LevelONE.LevelONE up for play (max tick rate 0) at 2017.09.03-13.40.40
[2017.09.03-01.40.40:412][ 45]LogWorld: Bringing up level for play took: 0.001366
[2017.09.03-01.40.40:416][ 45]PIE: Info Play in editor start time for /Game/SideScrollerBP/Maps/UEDPIE_0_LevelONE -0.694
[2017.09.03-01.40.40:416][ 45]LogBlueprintUserMessages: Late PlayInEditor Detection: Level '/Game/SideScrollerBP/Maps/LevelONE.LevelONE:PersistentLevel' has LevelScriptBlueprint '/Game/SideScrollerBP/Maps/LevelONE.LevelONE:PersistentLevel.LevelONE' with GeneratedClass '/Game/SideScrollerBP/Maps/LevelONE.LevelONE_C' with ClassGeneratedBy '/Game/SideScrollerBP/Maps/LevelONE.LevelONE:PersistentLevel.LevelONE'
[2017.09.03-01.41.02:221][651]LogBlueprintUserMessages: Early EndPlayMap Detection: Level '/Game/SideScrollerBP/Maps/LevelONE.LevelONE:PersistentLevel' has LevelScriptBlueprint '/Game/SideScrollerBP/Maps/LevelONE.LevelONE:PersistentLevel.LevelONE' with GeneratedClass '/Game/SideScrollerBP/Maps/LevelONE.LevelONE_C' with ClassGeneratedBy '/Game/SideScrollerBP/Maps/LevelONE.LevelONE:PersistentLevel.LevelONE'
[2017.09.03-01.41.02:258][651]LogBlueprintUserMessages: Late EndPlayMap Detection: Level '/Game/SideScrollerBP/Maps/LevelONE.LevelONE:PersistentLevel' has LevelScriptBlueprint '/Game/SideScrollerBP/Maps/LevelONE.LevelONE:PersistentLevel.LevelONE' with GeneratedClass '/Game/SideScrollerBP/Maps/LevelONE.LevelONE_C' with ClassGeneratedBy '/Game/SideScrollerBP/Maps/LevelONE.LevelONE:PersistentLevel.LevelONE'
[2017.09.03-01.42.50:165][694]LogWindowsTextInputMethodSystem:Display: IME system now deactivated.
[2017.09.03-01.46.00:378][111]LogSavePackage: Save=167.37ms
[2017.09.03-01.46.00:378][111]LogSavePackage: Moving 'E:/Greg/Pictures/MDS/Year 2/Semester 2/Rapid Game Prototyping/Prototype 4/CUBE-JUMP/Saved/LevelONE_Auto127C2F0C947F7C4CB115767B6FA3759F9.tmp' to 'E:/Greg/Pictures/MDS/Year 2/Semester 2/Rapid Game Prototyping/Prototype 4/CUBE-JUMP/Saved/Autosaves/Game/SideScrollerBP/Maps/LevelONE_Auto1.umap'
[2017.09.03-01.46.00:380][111]LogSavePackage:Display: Finished SavePackage E:/Greg/Pictures/MDS/Year 2/Semester 2/Rapid Game Prototyping/Prototype 4/CUBE-JUMP/Saved/Autosaves/Game/SideScrollerBP/Maps/LevelONE_Auto1.umap
[2017.09.03-01.46.00:385][111]LogFileHelpers: Editor autosave (incl. sublevels) for '/Game/SideScrollerBP/Maps/LevelONE' took 0.196
[2017.09.03-01.46.00:385][111]LogFileHelpers: Editor autosave (incl. sublevels) for all levels took 0.196
[2017.09.03-01.46.00:386][111]OBJ SavePackage: Generating thumbnails for [1] asset(s) in package [/Game/SideScrollerBP/Meshes/Ramp_Mesh] ([1] browsable assets)...
[2017.09.03-01.46.00:396][111]OBJ SavePackage:     Rendered thumbnail for [StaticMesh /Game/SideScrollerBP/Meshes/Ramp_Mesh.Ramp_Mesh]
[2017.09.03-01.46.00:396][111]OBJ SavePackage: Finished generating thumbnails for package [/Game/SideScrollerBP/Meshes/Ramp_Mesh]
[2017.09.03-01.46.00:412][111]LogSavePackage: Save=10.43ms
[2017.09.03-01.46.00:413][111]LogSavePackage: Moving 'E:/Greg/Pictures/MDS/Year 2/Semester 2/Rapid Game Prototyping/Prototype 4/CUBE-JUMP/Saved/Ramp_Mesh_Auto125DEC38C4A247CA62089BCA8B75741C3.tmp' to 'E:/Greg/Pictures/MDS/Year 2/Semester 2/Rapid Game Prototyping/Prototype 4/CUBE-JUMP/Saved/Autosaves/Game/SideScrollerBP/Meshes/Ramp_Mesh_Auto1.uasset'
[2017.09.03-01.46.00:414][111]LogSavePackage:Display: Finished SavePackage E:/Greg/Pictures/MDS/Year 2/Semester 2/Rapid Game Prototyping/Prototype 4/CUBE-JUMP/Saved/Autosaves/Game/SideScrollerBP/Meshes/Ramp_Mesh_Auto1.uasset
[2017.09.03-01.46.00:414][111]LogFileHelpers: Auto-saving content packages took 0.028
[2017.09.03-01.52.01:182][525]LogFactory: FactoryCreateFile: Texture with ReimportTextureFactory (0 0 E:/Greg/Pictures/MDS/Year 2/Semester 2/Rapid Game Prototyping/Prototype 4/textures/lava_D.png)
[2017.09.03-01.52.01:205][525]LogTexture:Display: Building textures: lava_D (AutoDXT)
[2017.09.03-01.52.01:312][525]LogFactory: FactoryCreateFile: Texture with ReimportTextureFactory (0 0 E:/Greg/Pictures/MDS/Year 2/Semester 2/Rapid Game Prototyping/Prototype 4/textures/lavaBubble_D.png)
[2017.09.03-01.52.01:335][525]LogTexture:Display: Building textures: lavaBubble_D (AutoDXT)
[2017.09.03-01.52.13:125][902]LogMaterial: Missing cached shader map for material Lava_M, compiling. 
[2017.09.03-01.52.13:186][902]LogMaterial: Missing cached shader map for material Lava_M, compiling. 
[2017.09.03-01.52.13:193][902]LogMaterial: 0.00 seconds spent updating 1 materials, 1 interfaces, 0 instances, 0 with static permutations.
[2017.09.03-01.52.13:966][958]MaterialEditorStats: Info Base pass shader with only dynamic lighting: 22 instructions
[2017.09.03-01.52.13:966][958]MaterialEditorStats: Info Vertex shader: 29 instructions
[2017.09.03-01.52.13:966][958]MaterialEditorStats: Info Texture samplers: 0/16
[2017.09.03-01.52.18:895][521]LogMaterial: Missing cached shader map for material Lava_M, compiling. 
[2017.09.03-01.52.18:902][521]LogMaterial: 0.00 seconds spent updating 1 materials, 1 interfaces, 0 instances, 0 with static permutations.
[2017.09.03-01.52.19:447][566]MaterialEditorStats: Info Base pass shader with only dynamic lighting: 22 instructions
[2017.09.03-01.52.19:447][566]MaterialEditorStats: Info Vertex shader: 29 instructions
[2017.09.03-01.52.19:447][566]MaterialEditorStats: Info Texture samplers: 0/16
[2017.09.03-01.52.27:471][484]LogMaterial: Missing cached shader map for material Lava_M, compiling. 
[2017.09.03-01.52.27:478][484]LogMaterial: 0.00 seconds spent updating 1 materials, 1 interfaces, 0 instances, 0 with static permutations.
[2017.09.03-01.52.28:024][528]MaterialEditorStats: Info Base pass shader with only dynamic lighting: 22 instructions
[2017.09.03-01.52.28:024][528]MaterialEditorStats: Info Vertex shader: 29 instructions
[2017.09.03-01.52.28:024][528]MaterialEditorStats: Info Texture samplers: 0/16
[2017.09.03-01.52.32:538][956]LogMaterial: Missing cached shader map for material Lava_M, compiling. 
[2017.09.03-01.52.32:544][956]LogMaterial: 0.00 seconds spent updating 1 materials, 1 interfaces, 0 instances, 0 with static permutations.
[2017.09.03-01.52.32:545][956]LogMaterial: Missing cached shader map for material FMatExpressionPreview MaterialExpressionTextureSample_0, compiling. 
[2017.09.03-01.52.32:575][956]LogMaterial: Missing cached shader map for material FMatExpressionPreview MaterialExpressionTextureSample_0, compiling. 
[2017.09.03-01.52.32:585][956]LogMaterial: Missing cached shader map for material Lava_M, compiling. 
[2017.09.03-01.52.32:595][956]LogMaterial: 0.00 seconds spent updating 1 materials, 1 interfaces, 0 instances, 0 with static permutations.
[2017.09.03-01.52.32:597][956]LogMaterial: Missing cached shader map for material FMatExpressionPreview MaterialExpressionTextureSample_1, compiling. 
[2017.09.03-01.52.32:625][956]LogMaterial: Missing cached shader map for material FMatExpressionPreview MaterialExpressionTextureSample_0, compiling. 
[2017.09.03-01.52.32:630][956]LogMaterial: Missing cached shader map for material FMatExpressionPreview MaterialExpressionTextureSample_1, compiling. 
[2017.09.03-01.52.33:323][  5]MaterialEditorStats: Info Base pass shader with only dynamic lighting: 22 instructions
[2017.09.03-01.52.33:323][  5]MaterialEditorStats: Info Vertex shader: 29 instructions
[2017.09.03-01.52.33:323][  5]MaterialEditorStats: Info Texture samplers: 0/16
[2017.09.03-01.52.40:534][799]LogMaterial: Missing cached shader map for material Lava_M, compiling. 
[2017.09.03-01.52.40:541][799]LogMaterial: 0.00 seconds spent updating 1 materials, 1 interfaces, 0 instances, 0 with static permutations.
[2017.09.03-01.52.41:069][841]MaterialEditorStats: Info Base pass shader with only dynamic lighting: 22 instructions
[2017.09.03-01.52.41:069][841]MaterialEditorStats: Info Vertex shader: 29 instructions
[2017.09.03-01.52.41:069][841]MaterialEditorStats: Info Texture samplers: 0/16
[2017.09.03-01.52.43:278][ 83]LogMaterial: Missing cached shader map for material Lava_M, compiling. 
[2017.09.03-01.52.43:285][ 83]LogMaterial: 0.00 seconds spent updating 1 materials, 1 interfaces, 0 instances, 0 with static permutations.
[2017.09.03-01.52.43:314][ 83]LogMaterial: Missing cached shader map for material FMatExpressionPreview MaterialExpressionTextureSample_0, compiling. 
[2017.09.03-01.52.43:904][132]MaterialEditorStats: Info Base pass shader with only dynamic lighting: 22 instructions
[2017.09.03-01.52.43:904][132]MaterialEditorStats: Info Vertex shader: 29 instructions
[2017.09.03-01.52.43:904][132]MaterialEditorStats: Info Texture samplers: 0/16
[2017.09.03-01.52.45:723][332]LogMaterial: Missing cached shader map for material Lava_M, compiling. 
[2017.09.03-01.52.45:729][332]LogMaterial: 0.00 seconds spent updating 1 materials, 1 interfaces, 0 instances, 0 with static permutations.
[2017.09.03-01.52.46:703][425]MaterialEditorStats: Info Base pass shader with only dynamic lighting: 22 instructions
[2017.09.03-01.52.46:703][425]MaterialEditorStats: Info Vertex shader: 29 instructions
[2017.09.03-01.52.46:703][425]MaterialEditorStats: Info Texture samplers: 0/16
[2017.09.03-01.52.47:841][548]LogMaterial: Missing cached shader map for material Lava_M, compiling. 
[2017.09.03-01.52.47:848][548]LogMaterial: 0.00 seconds spent updating 1 materials, 1 interfaces, 0 instances, 0 with static permutations.
[2017.09.03-01.52.47:877][548]LogMaterial: Missing cached shader map for material FMatExpressionPreview MaterialExpressionTextureSample_1, compiling. 
[2017.09.03-01.52.48:413][587]MaterialEditorStats: Info Base pass shader with only dynamic lighting: 22 instructions
[2017.09.03-01.52.48:413][587]MaterialEditorStats: Info Vertex shader: 29 instructions
[2017.09.03-01.52.48:413][587]MaterialEditorStats: Info Texture samplers: 0/16
[2017.09.03-01.53.06:495][365]LogMaterial: Missing cached shader map for material Lava_M, compiling. 
[2017.09.03-01.53.06:501][365]LogMaterial: 0.00 seconds spent updating 1 materials, 1 interfaces, 0 instances, 0 with static permutations.
[2017.09.03-01.53.07:044][411]MaterialEditorStats: Info Base pass shader with only dynamic lighting: 22 instructions
[2017.09.03-01.53.07:044][411]MaterialEditorStats: Info Vertex shader: 29 instructions
[2017.09.03-01.53.07:044][411]MaterialEditorStats: Info Texture samplers: 0/16
[2017.09.03-01.53.10:894][859]LogMaterial: Missing cached shader map for material Lava_M, compiling. 
[2017.09.03-01.53.10:901][859]LogMaterial: 0.00 seconds spent updating 1 materials, 1 interfaces, 0 instances, 0 with static permutations.
[2017.09.03-01.53.11:430][903]MaterialEditorStats: Info Base pass shader with only dynamic lighting: 22 instructions
[2017.09.03-01.53.11:430][903]MaterialEditorStats: Info Vertex shader: 29 instructions
[2017.09.03-01.53.11:430][903]MaterialEditorStats: Info Texture samplers: 0/16
[2017.09.03-01.53.14:902][288]LogMaterial: Missing cached shader map for material Lava_M, compiling. 
[2017.09.03-01.53.14:909][288]LogMaterial: 0.00 seconds spent updating 1 materials, 1 interfaces, 0 instances, 0 with static permutations.
[2017.09.03-01.53.15:426][331]MaterialEditorStats: Info Base pass shader with only dynamic lighting: 22 instructions
[2017.09.03-01.53.15:426][331]MaterialEditorStats: Info Vertex shader: 29 instructions
[2017.09.03-01.53.15:426][331]MaterialEditorStats: Info Texture samplers: 0/16
[2017.09.03-01.53.19:937][845]LogMaterial: Missing cached shader map for material Lava_M, compiling. 
[2017.09.03-01.53.19:944][845]LogMaterial: 0.00 seconds spent updating 1 materials, 1 interfaces, 0 instances, 0 with static permutations.
[2017.09.03-01.53.20:480][890]MaterialEditorStats: Info Base pass shader with only dynamic lighting: 22 instructions
[2017.09.03-01.53.20:480][890]MaterialEditorStats: Info Vertex shader: 29 instructions
[2017.09.03-01.53.20:480][890]MaterialEditorStats: Info Texture samplers: 0/16
[2017.09.03-01.53.23:198][192]LogMaterial: Missing cached shader map for material Lava_M, compiling. 
[2017.09.03-01.53.23:205][192]LogMaterial: 0.00 seconds spent updating 1 materials, 1 interfaces, 0 instances, 0 with static permutations.
[2017.09.03-01.53.23:233][192]LogMaterial: Missing cached shader map for material FMatExpressionPreview MaterialExpressionTextureSample_1, compiling. 
[2017.09.03-01.53.23:786][232]MaterialEditorStats: Info Base pass shader with only dynamic lighting: 25 instructions
[2017.09.03-01.53.23:786][232]MaterialEditorStats: Info Vertex shader: 31 instructions
[2017.09.03-01.53.23:786][232]MaterialEditorStats: Info Texture samplers: 1/16
[2017.09.03-01.53.25:122][382]LogMaterial: Missing cached shader map for material Lava_M, compiling. 
[2017.09.03-01.53.25:129][382]LogMaterial: 0.00 seconds spent updating 1 materials, 1 interfaces, 0 instances, 0 with static permutations.
[2017.09.03-01.53.25:157][382]LogMaterial: Missing cached shader map for material FMatExpressionPreview MaterialExpressionTextureSample_0, compiling. 
[2017.09.03-01.53.25:726][424]MaterialEditorStats: Info Base pass shader with only dynamic lighting: 28 instructions
[2017.09.03-01.53.25:726][424]MaterialEditorStats: Info Vertex shader: 31 instructions
[2017.09.03-01.53.25:726][424]MaterialEditorStats: Info Texture samplers: 2/16
[2017.09.03-01.53.39:252][963]LogMaterial: Missing cached shader map for material Lava_M, compiling. 
[2017.09.03-01.53.39:259][963]LogMaterial: 0.00 seconds spent updating 1 materials, 1 interfaces, 0 instances, 0 with static permutations.
[2017.09.03-01.53.39:827][  8]MaterialEditorStats: Info Base pass shader with only dynamic lighting: 28 instructions
[2017.09.03-01.53.39:827][  8]MaterialEditorStats: Info Vertex shader: 31 instructions
[2017.09.03-01.53.39:827][  8]MaterialEditorStats: Info Texture samplers: 2/16
[2017.09.03-01.53.41:894][236]LogMaterial: Missing cached shader map for material Lava_M, compiling. 
[2017.09.03-01.53.41:900][236]LogMaterial: 0.00 seconds spent updating 1 materials, 1 interfaces, 0 instances, 0 with static permutations.
[2017.09.03-01.53.42:475][281]MaterialEditorStats: Info Base pass shader with only dynamic lighting: 28 instructions
[2017.09.03-01.53.42:475][281]MaterialEditorStats: Info Vertex shader: 31 instructions
[2017.09.03-01.53.42:475][281]MaterialEditorStats: Info Texture samplers: 2/16
[2017.09.03-01.53.47:219][818]LogMaterial: Missing cached shader map for material Lava_M, compiling. 
[2017.09.03-01.53.47:226][818]LogMaterial: 0.00 seconds spent updating 1 materials, 1 interfaces, 0 instances, 0 with static permutations.
[2017.09.03-01.53.47:795][863]MaterialEditorStats: Info Base pass shader with only dynamic lighting: 28 instructions
[2017.09.03-01.53.47:795][863]MaterialEditorStats: Info Vertex shader: 31 instructions
[2017.09.03-01.53.47:795][863]MaterialEditorStats: Info Texture samplers: 2/16
[2017.09.03-01.53.49:198][ 21]LogMaterial: Missing cached shader map for material Lava_M, compiling. 
[2017.09.03-01.53.49:205][ 21]LogMaterial: 0.00 seconds spent updating 1 materials, 1 interfaces, 0 instances, 0 with static permutations.
[2017.09.03-01.53.49:761][ 68]MaterialEditorStats: Info Base pass shader with only dynamic lighting: 28 instructions
[2017.09.03-01.53.49:761][ 68]MaterialEditorStats: Info Vertex shader: 31 instructions
[2017.09.03-01.53.49:761][ 68]MaterialEditorStats: Info Texture samplers: 2/16
[2017.09.03-01.53.58:165][  7]LogMaterial: Missing cached shader map for material Lava_M, compiling. 
[2017.09.03-01.53.58:172][  7]LogMaterial: 0.00 seconds spent updating 1 materials, 1 interfaces, 0 instances, 0 with static permutations.
[2017.09.03-01.53.58:751][ 52]MaterialEditorStats: Info Base pass shader with only dynamic lighting: 28 instructions
[2017.09.03-01.53.58:751][ 52]MaterialEditorStats: Info Vertex shader: 31 instructions
[2017.09.03-01.53.58:751][ 52]MaterialEditorStats: Info Texture samplers: 2/16
[2017.09.03-01.53.58:897][ 65]LogMaterial: Missing cached shader map for material Lava_M, compiling. 
[2017.09.03-01.53.58:904][ 65]LogMaterial: 0.00 seconds spent updating 1 materials, 1 interfaces, 0 instances, 0 with static permutations.
[2017.09.03-01.54.18:301][210]LogMaterial: Missing cached shader map for material Lava_M, compiling. 
[2017.09.03-01.54.18:308][210]LogMaterial: 0.00 seconds spent updating 1 materials, 1 interfaces, 0 instances, 0 with static permutations.
[2017.09.03-01.54.18:309][210]LogMaterial: Missing cached shader map for material FMatExpressionPreview MaterialExpressionConstant3Vector_0, compiling. 
[2017.09.03-01.54.18:878][253]MaterialEditorStats: Info Base pass shader with only dynamic lighting: 28 instructions
[2017.09.03-01.54.18:878][253]MaterialEditorStats: Info Vertex shader: 31 instructions
[2017.09.03-01.54.18:878][253]MaterialEditorStats: Info Texture samplers: 2/16
[2017.09.03-01.54.21:038][490]LogMaterial: Missing cached shader map for material Lava_M, compiling. 
[2017.09.03-01.54.21:045][490]LogMaterial: 0.00 seconds spent updating 1 materials, 1 interfaces, 0 instances, 0 with static permutations.
[2017.09.03-01.54.21:075][490]LogMaterial: Missing cached shader map for material FMatExpressionPreview MaterialExpressionConstant3Vector_0, compiling. 
[2017.09.03-01.54.21:720][540]LogMaterial: Missing cached shader map for material Lava_M, compiling. 
[2017.09.03-01.54.21:727][540]LogMaterial: 0.00 seconds spent updating 1 materials, 1 interfaces, 0 instances, 0 with static permutations.
[2017.09.03-01.54.21:753][540]LogMaterial: Missing cached shader map for material FMatExpressionPreview MaterialExpressionConstant3Vector_0, compiling. 
[2017.09.03-01.54.22:316][581]MaterialEditorStats: Info Base pass shader with only dynamic lighting: 28 instructions
[2017.09.03-01.54.22:316][581]MaterialEditorStats: Info Vertex shader: 31 instructions
[2017.09.03-01.54.22:316][581]MaterialEditorStats: Info Texture samplers: 2/16
[2017.09.03-01.54.27:307][123]LogMaterial: Missing cached shader map for material Lava_M, compiling. 
[2017.09.03-01.54.27:314][123]LogMaterial: 0.00 seconds spent updating 1 materials, 1 interfaces, 0 instances, 0 with static permutations.
[2017.09.03-01.54.27:344][123]LogMaterial: Missing cached shader map for material FMatExpressionPreview MaterialExpressionConstant3Vector_0, compiling. 
[2017.09.03-01.54.27:893][165]MaterialEditorStats: Info Base pass shader with only dynamic lighting: 28 instructions
[2017.09.03-01.54.27:893][165]MaterialEditorStats: Info Vertex shader: 31 instructions
[2017.09.03-01.54.27:893][165]MaterialEditorStats: Info Texture samplers: 2/16
[2017.09.03-01.54.31:414][566]LogMaterial: Missing cached shader map for material Lava_M, compiling. 
[2017.09.03-01.54.31:421][566]LogMaterial: 0.00 seconds spent updating 1 materials, 1 interfaces, 0 instances, 0 with static permutations.
[2017.09.03-01.54.31:975][610]MaterialEditorStats: Info Base pass shader with only dynamic lighting: 28 instructions
[2017.09.03-01.54.31:975][610]MaterialEditorStats: Info Vertex shader: 31 instructions
[2017.09.03-01.54.31:975][610]MaterialEditorStats: Info Texture samplers: 2/16
[2017.09.03-01.54.32:825][706]LogMaterial: Missing cached shader map for material Lava_M, compiling. 
[2017.09.03-01.54.32:832][706]LogMaterial: 0.00 seconds spent updating 1 materials, 1 interfaces, 0 instances, 0 with static permutations.
[2017.09.03-01.54.33:403][751]MaterialEditorStats: Info Base pass shader with only dynamic lighting: 28 instructions
[2017.09.03-01.54.33:403][751]MaterialEditorStats: Info Vertex shader: 31 instructions
[2017.09.03-01.54.33:403][751]MaterialEditorStats: Info Texture samplers: 2/16
[2017.09.03-01.54.34:382][860]LogMaterial: Missing cached shader map for material Lava_M, compiling. 
[2017.09.03-01.54.34:388][860]LogMaterial: 0.00 seconds spent updating 1 materials, 1 interfaces, 0 instances, 0 with static permutations.
[2017.09.03-01.54.34:951][905]MaterialEditorStats: Info Base pass shader with only dynamic lighting: 28 instructions
[2017.09.03-01.54.34:951][905]MaterialEditorStats: Info Vertex shader: 31 instructions
[2017.09.03-01.54.34:951][905]MaterialEditorStats: Info Texture samplers: 2/16
[2017.09.03-01.54.38:081][262]LogMaterial: Missing cached shader map for material Lava_M, compiling. 
[2017.09.03-01.54.38:088][262]LogMaterial: 0.00 seconds spent updating 1 materials, 1 interfaces, 0 instances, 0 with static permutations.
[2017.09.03-01.54.38:630][308]MaterialEditorStats: Info Base pass shader with only dynamic lighting: 28 instructions
[2017.09.03-01.54.38:630][308]MaterialEditorStats: Info Vertex shader: 31 instructions
[2017.09.03-01.54.38:630][308]MaterialEditorStats: Info Texture samplers: 2/16
[2017.09.03-01.54.43:809][903]LogMaterial: Missing cached shader map for material Lava_M, compiling. 
[2017.09.03-01.54.43:816][903]LogMaterial: 0.00 seconds spent updating 1 materials, 1 interfaces, 0 instances, 0 with static permutations.
[2017.09.03-01.54.44:379][951]MaterialEditorStats: Info Base pass shader with only dynamic lighting: 28 instructions
[2017.09.03-01.54.44:379][951]MaterialEditorStats: Info Vertex shader: 31 instructions
[2017.09.03-01.54.44:379][951]MaterialEditorStats: Info Texture samplers: 2/16
[2017.09.03-01.54.47:980][357]LogMaterial: Missing cached shader map for material Lava_M, compiling. 
[2017.09.03-01.54.47:987][357]LogMaterial: 0.00 seconds spent updating 1 materials, 1 interfaces, 0 instances, 0 with static permutations.
[2017.09.03-01.54.48:632][409]MaterialEditorStats: Info Base pass shader with only dynamic lighting: 28 instructions
[2017.09.03-01.54.48:632][409]MaterialEditorStats: Info Vertex shader: 31 instructions
[2017.09.03-01.54.48:632][409]MaterialEditorStats: Info Texture samplers: 2/16
[2017.09.03-01.54.51:943][785]LogMaterial: Missing cached shader map for material Lava_M, compiling. 
[2017.09.03-01.54.51:950][785]LogMaterial: 0.00 seconds spent updating 1 materials, 1 interfaces, 0 instances, 0 with static permutations.
[2017.09.03-01.54.52:501][828]MaterialEditorStats: Info Base pass shader with only dynamic lighting: 28 instructions
[2017.09.03-01.54.52:501][828]MaterialEditorStats: Info Vertex shader: 31 instructions
[2017.09.03-01.54.52:501][828]MaterialEditorStats: Info Texture samplers: 2/16
[2017.09.03-01.54.54:398][ 38]LogMaterialEditor: Saving and Compiling material Lava_M
[2017.09.03-01.54.54:697][ 38]LogMaterial: Missing cached shader map for material Lava_M, compiling. 
[2017.09.03-01.54.54:711][ 38]LogMaterial: 0.00 seconds spent updating 1 materials, 1 interfaces, 0 instances, 0 with static permutations.
[2017.09.03-01.54.54:747][ 38]LogMaterial: Missing cached shader map for material Lava_M, compiling. 
[2017.09.03-01.54.54:764][ 38]LogMaterial: Missing cached shader map for material Lava_M, compiling. 
[2017.09.03-01.54.54:775][ 38]LogMaterial: 0.00 seconds spent updating 1 materials, 1 interfaces, 0 instances, 0 with static permutations.
[2017.09.03-01.54.56:174][ 38]LogSavePackage: Save=12.89ms
[2017.09.03-01.54.56:174][ 38]LogSavePackage: Moving 'E:/Greg/Pictures/MDS/Year 2/Semester 2/Rapid Game Prototyping/Prototype 4/CUBE-JUMP/Saved/Lava_M15E5CCD9481F133A9BACE0A82516427E.tmp' to 'E:/Greg/Pictures/MDS/Year 2/Semester 2/Rapid Game Prototyping/Prototype 4/CUBE-JUMP/Content/SideScrollerBP/Materials/Lava_M.uasset'
[2017.09.03-01.54.56:177][ 38]LogSavePackage:Display: Finished SavePackage E:/Greg/Pictures/MDS/Year 2/Semester 2/Rapid Game Prototyping/Prototype 4/CUBE-JUMP/Content/SideScrollerBP/Materials/Lava_M.uasset
[2017.09.03-01.54.56:182][ 38]MaterialEditorStats: Info Base pass shader with only dynamic lighting: 63 instructions
[2017.09.03-01.54.56:182][ 38]MaterialEditorStats: Info Vertex shader: 31 instructions
[2017.09.03-01.54.56:182][ 38]MaterialEditorStats: Info Texture samplers: 5/16
[2017.09.03-01.55.13:605][619]Cmd: TRANSACTION UNDO
[2017.09.03-01.55.13:605][619]LogEditorTransaction: Undo Replace component used material
[2017.09.03-01.55.13:609][619]LogMaterial: Missing cached shader map for material Lava_M, compiling. 
[2017.09.03-01.55.13:616][619]LogMaterial: 0.00 seconds spent updating 1 materials, 1 interfaces, 0 instances, 0 with static permutations.
[2017.09.03-01.55.14:153][649]LogEditorViewport: Clicking on Actor (LMB): deathFloor_C (deathFloor)
[2017.09.03-01.55.14:213][652]MaterialEditorStats: Info Base pass shader with only dynamic lighting: 28 instructions
[2017.09.03-01.55.14:213][652]MaterialEditorStats: Info Vertex shader: 31 instructions
[2017.09.03-01.55.14:213][652]MaterialEditorStats: Info Texture samplers: 2/16
[2017.09.03-01.55.15:501][790]LogEditorViewport: Clicking on Actor (LMB): deathFloor_C (deathFloor)
[2017.09.03-01.55.15:568][796]LogEditorViewport: Clicking on Component (LMB): StaticMeshComponent (Cube)
[2017.09.03-01.56.13:264][458]LogSavePackage: Save=180.41ms
[2017.09.03-01.56.13:265][458]LogSavePackage: Moving 'E:/Greg/Pictures/MDS/Year 2/Semester 2/Rapid Game Prototyping/Prototype 4/CUBE-JUMP/Saved/LevelONE_Auto2C509998F403EF34594A8528C37D46DBF.tmp' to 'E:/Greg/Pictures/MDS/Year 2/Semester 2/Rapid Game Prototyping/Prototype 4/CUBE-JUMP/Saved/Autosaves/Game/SideScrollerBP/Maps/LevelONE_Auto2.umap'
[2017.09.03-01.56.13:267][458]LogSavePackage:Display: Finished SavePackage E:/Greg/Pictures/MDS/Year 2/Semester 2/Rapid Game Prototyping/Prototype 4/CUBE-JUMP/Saved/Autosaves/Game/SideScrollerBP/Maps/LevelONE_Auto2.umap
[2017.09.03-01.56.13:268][458]LogFileHelpers: Editor autosave (incl. sublevels) for '/Game/SideScrollerBP/Maps/LevelONE' took 0.206
[2017.09.03-01.56.13:268][458]LogFileHelpers: Editor autosave (incl. sublevels) for all levels took 0.206
[2017.09.03-01.56.13:271][458]OBJ SavePackage: Generating thumbnails for [1] asset(s) in package [/Game/SideScrollerBP/Textures/lava_D] ([1] browsable assets)...
[2017.09.03-01.56.13:279][458]OBJ SavePackage:     Rendered thumbnail for [Texture2D /Game/SideScrollerBP/Textures/lava_D.lava_D]
[2017.09.03-01.56.13:279][458]OBJ SavePackage: Finished generating thumbnails for package [/Game/SideScrollerBP/Textures/lava_D]
[2017.09.03-01.56.13:289][458]LogSavePackage: Save=8.22ms
[2017.09.03-01.56.13:289][458]LogSavePackage: Moving 'E:/Greg/Pictures/MDS/Year 2/Semester 2/Rapid Game Prototyping/Prototype 4/CUBE-JUMP/Saved/lava_D_Auto2899D5FD3423319AE6CF894AA7C3CD00F.tmp' to 'E:/Greg/Pictures/MDS/Year 2/Semester 2/Rapid Game Prototyping/Prototype 4/CUBE-JUMP/Saved/Autosaves/Game/SideScrollerBP/Textures/lava_D_Auto2.uasset'
[2017.09.03-01.56.13:290][458]LogSavePackage:Display: Finished SavePackage E:/Greg/Pictures/MDS/Year 2/Semester 2/Rapid Game Prototyping/Prototype 4/CUBE-JUMP/Saved/Autosaves/Game/SideScrollerBP/Textures/lava_D_Auto2.uasset
[2017.09.03-01.56.13:291][458]OBJ SavePackage: Generating thumbnails for [1] asset(s) in package [/Game/SideScrollerBP/Textures/lavaBubble_D] ([1] browsable assets)...
[2017.09.03-01.56.13:297][458]OBJ SavePackage:     Rendered thumbnail for [Texture2D /Game/SideScrollerBP/Textures/lavaBubble_D.lavaBubble_D]
[2017.09.03-01.56.13:297][458]OBJ SavePackage: Finished generating thumbnails for package [/Game/SideScrollerBP/Textures/lavaBubble_D]
[2017.09.03-01.56.13:306][458]LogSavePackage: Save=7.82ms
[2017.09.03-01.56.13:306][458]LogSavePackage: Moving 'E:/Greg/Pictures/MDS/Year 2/Semester 2/Rapid Game Prototyping/Prototype 4/CUBE-JUMP/Saved/lavaBubble_D_Auto2AADADC3849E3401A96494D972D47F730.tmp' to 'E:/Greg/Pictures/MDS/Year 2/Semester 2/Rapid Game Prototyping/Prototype 4/CUBE-JUMP/Saved/Autosaves/Game/SideScrollerBP/Textures/lavaBubble_D_Auto2.uasset'
[2017.09.03-01.56.13:307][458]LogSavePackage:Display: Finished SavePackage E:/Greg/Pictures/MDS/Year 2/Semester 2/Rapid Game Prototyping/Prototype 4/CUBE-JUMP/Saved/Autosaves/Game/SideScrollerBP/Textures/lavaBubble_D_Auto2.uasset
[2017.09.03-01.56.13:307][458]LogFileHelpers: Auto-saving content packages took 0.037
[2017.09.03-01.59.05:423][303]LogProperty:Warning: ObjectProperty /Script/Engine.ExpressionInput:Expression: unresolved reference to 'MaterialExpressionScalarParameter'MaterialGraphNode_21.MaterialExpressionScalarParameter_1',InputName="X"))'
[2017.09.03-01.59.05:423][303]LogProperty:Warning: ObjectProperty /Script/Engine.ExpressionInput:Expression: unresolved reference to 'MaterialExpressionScalarParameter'MaterialGraphNode_21.MaterialExpressionScalarParameter_1',InputName="Y"))'
[2017.09.03-01.59.05:423][303]LogProperty:Warning: ObjectProperty /Script/Engine.ExpressionInput:Expression: unresolved reference to 'MaterialExpressionScalarParameter'MaterialGraphNode_21.MaterialExpressionScalarParameter_1',InputName="Z"))'
[2017.09.03-01.59.05:424][303]LogLinker: Can't find file '/Engine/Transient'
[2017.09.03-01.59.05:424][303]LogProperty:Warning: ObjectProperty /Script/Engine.MaterialExpression:Material: unresolved reference to 'PreviewMaterial'/Engine/Transient.M_Brick''
[2017.09.03-01.59.05:424][303]LogLinker: Can't find file '/Engine/Transient'
[2017.09.03-01.59.05:424][303]LogProperty:Warning: ObjectProperty /Script/Engine.MaterialExpression:Material: unresolved reference to 'PreviewMaterial'/Engine/Transient.M_Brick''
[2017.09.03-01.59.05:430][303]LogProperty:Warning: Illegal TEXT reference to a private object in external package (MaterialExpressionTextureObject /Engine/Functions/Engine_MaterialFunctions01/Texturing/WorldAlignedTexture.WorldAlignedTexture:MaterialExpressionTextureObject_0) from referencer (MaterialExpressionMaterialFunctionCall /Engine/Transient.Lava_M:MaterialGraph_2.MaterialGraphNode_16.MaterialExpressionMaterialFunctionCall_3).  Import failed...
[2017.09.03-01.59.05:430][303]LogProperty:Warning: ObjectProperty /Script/Engine.ExpressionInput:Expression: unresolved reference to 'MaterialExpressionTextureObject'MaterialExpressionTextureObject_0',InputName="TextureObject"))'
[2017.09.03-01.59.05:430][303]LogProperty:Warning: ObjectProperty /Script/Engine.ExpressionInput:Expression: unresolved reference to 'MaterialExpressionMaterialFunctionCall'MaterialGraphNode_20.MaterialExpressionMaterialFunctionCall_1',InputName="TextureSize"))'
[2017.09.03-01.59.05:430][303]LogLinker: Can't find file '/Engine/Transient'
[2017.09.03-01.59.05:430][303]LogProperty:Warning: ObjectProperty /Script/Engine.MaterialExpression:Material: unresolved reference to 'PreviewMaterial'/Engine/Transient.M_Brick''
