Log file open, 09/04/17 20:04:48
LogInit:Display: Running engine for game: MyProject2
LogPlatformFile: Not using cached read wrapper
LogInit:Display: RandInit(656617129) SRandInit(656617129).
LogTaskGraph: Started task graph with 5 named threads and 8 total threads with 1 sets of task threads.
LogStats: Stats thread started at 0.077310
LogPluginManager: Loaded Plugin Paper2D, From C:/Program Files (x86)/Epic Games/4.14/Engine/Plugins/2D/Paper2D/Paper2D.uplugin
LogPluginManager: Loaded Plugin LightPropagationVolume, From C:/Program Files (x86)/Epic Games/4.14/Engine/Plugins/Blendables/LightPropagationVolume/LightPropagationVolume.uplugin
LogPluginManager: Loaded Plugin BlankPlugin, From C:/Program Files (x86)/Epic Games/4.14/Engine/Plugins/Developer/BlankPlugin/BlankPlugin.uplugin
LogPluginManager: Loaded Plugin CodeLiteSourceCodeAccess, From C:/Program Files (x86)/Epic Games/4.14/Engine/Plugins/Developer/CodeLiteSourceCodeAccess/CodeLiteSourceCodeAccess.uplugin
LogPluginManager: Loaded Plugin GitSourceControl, From C:/Program Files (x86)/Epic Games/4.14/Engine/Plugins/Developer/GitSourceControl/GitSourceControl.uplugin
LogPluginManager: Loaded Plugin KDevelopSourceCodeAccess, From C:/Program Files (x86)/Epic Games/4.14/Engine/Plugins/Developer/KDevelopSourceCodeAccess/KDevelopSourceCodeAccess.uplugin
LogPluginManager: Loaded Plugin NullSourceCodeAccess, From C:/Program Files (x86)/Epic Games/4.14/Engine/Plugins/Developer/NullSourceCodeAccess/NullSourceCodeAccess.uplugin
LogPluginManager: Loaded Plugin OneSkyLocalizationService, From C:/Program Files (x86)/Epic Games/4.14/Engine/Plugins/Developer/OneSkyLocalizationService/OneSkyLocalizationService.uplugin
LogPluginManager: Loaded Plugin PerforceSourceControl, From C:/Program Files (x86)/Epic Games/4.14/Engine/Plugins/Developer/PerforceSourceControl/PerforceSourceControl.uplugin
LogPluginManager: Loaded Plugin SubversionSourceControl, From C:/Program Files (x86)/Epic Games/4.14/Engine/Plugins/Developer/SubversionSourceControl/SubversionSourceControl.uplugin
LogPluginManager: Loaded Plugin UObjectPlugin, From C:/Program Files (x86)/Epic Games/4.14/Engine/Plugins/Developer/UObjectPlugin/UObjectPlugin.uplugin
LogPluginManager: Loaded Plugin VisualStudioSourceCodeAccess, From C:/Program Files (x86)/Epic Games/4.14/Engine/Plugins/Developer/VisualStudioSourceCodeAccess/VisualStudioSourceCodeAccess.uplugin
LogPluginManager: Loaded Plugin XCodeSourceCodeAccess, From C:/Program Files (x86)/Epic Games/4.14/Engine/Plugins/Developer/XCodeSourceCodeAccess/XCodeSourceCodeAccess.uplugin
LogPluginManager: Loaded Plugin AudioCapture, From C:/Program Files (x86)/Epic Games/4.14/Engine/Plugins/Editor/AudioCapture/AudioCapture.uplugin
LogPluginManager: Loaded Plugin EpicSurvey, From C:/Program Files (x86)/Epic Games/4.14/Engine/Plugins/Editor/EpicSurvey/EpicSurvey.uplugin
LogPluginManager: Loaded Plugin MacGraphicsSwitching, From C:/Program Files (x86)/Epic Games/4.14/Engine/Plugins/Editor/MacGraphicsSwitching/MacGraphicsSwitching.uplugin
LogPluginManager: Loaded Plugin MobileLauncherProfileWizard, From C:/Program Files (x86)/Epic Games/4.14/Engine/Plugins/Editor/MobileLauncherProfileWizard/MobileLauncherProfileWizard.uplugin
LogPluginManager: Loaded Plugin PluginBrowser, From C:/Program Files (x86)/Epic Games/4.14/Engine/Plugins/Editor/PluginBrowser/PluginBrowser.uplugin
LogPluginManager: Loaded Plugin SpeedTreeImporter, From C:/Program Files (x86)/Epic Games/4.14/Engine/Plugins/Editor/SpeedTreeImporter/SpeedTreeImporter.uplugin
LogPluginManager: Loaded Plugin SuperSearchEditor, From C:/Program Files (x86)/Epic Games/4.14/Engine/Plugins/Editor/SuperSearchEditor/SuperSearchEditor.uplugin
LogPluginManager: Loaded Plugin AlembicImporter, From C:/Program Files (x86)/Epic Games/4.14/Engine/Plugins/Experimental/AlembicImporter/AlembicImporter.uplugin
LogPluginManager: Loaded Plugin BlueprintStats, From C:/Program Files (x86)/Epic Games/4.14/Engine/Plugins/Experimental/BlueprintStats/BlueprintStats.uplugin
LogPluginManager: Loaded Plugin CharacterAI, From C:/Program Files (x86)/Epic Games/4.14/Engine/Plugins/Experimental/CharacterAI/CharacterAI.uplugin
LogPluginManager: Loaded Plugin CodeEditor, From C:/Program Files (x86)/Epic Games/4.14/Engine/Plugins/Experimental/CodeEditor/CodeEditor.uplugin
LogPluginManager: Loaded Plugin CodeView, From C:/Program Files (x86)/Epic Games/4.14/Engine/Plugins/Experimental/CodeView/CodeView.uplugin
LogPluginManager: Loaded Plugin HTML5Networking, From C:/Program Files (x86)/Epic Games/4.14/Engine/Plugins/Experimental/HTML5Networking/HTML5Networking.uplugin
LogPluginManager: Loaded Plugin OSVR, From C:/Program Files (x86)/Epic Games/4.14/Engine/Plugins/Experimental/OSVR/OSVR.uplugin
LogPluginManager: Loaded Plugin Phya, From C:/Program Files (x86)/Epic Games/4.14/Engine/Plugins/Experimental/Phya/Phya.uplugin
LogPluginManager: Loaded Plugin SignificanceManager, From C:/Program Files (x86)/Epic Games/4.14/Engine/Plugins/Experimental/SignificanceManager/SignificanceManager.uplugin
LogPluginManager: Loaded Plugin SimpleHMD, From C:/Program Files (x86)/Epic Games/4.14/Engine/Plugins/Experimental/SimpleHMD/SimpleHMD.uplugin
LogPluginManager: Loaded Plugin StereoPanorama, From C:/Program Files (x86)/Epic Games/4.14/Engine/Plugins/Experimental/StereoPanorama/StereoPanorama.uplugin
LogPluginManager: Loaded Plugin StructBox, From C:/Program Files (x86)/Epic Games/4.14/Engine/Plugins/Experimental/StructBox/StructBox.uplugin
LogPluginManager: Loaded Plugin AndroidMedia, From C:/Program Files (x86)/Epic Games/4.14/Engine/Plugins/Media/AndroidMedia/AndroidMedia.uplugin
LogPluginManager: Loaded Plugin AvfMedia, From C:/Program Files (x86)/Epic Games/4.14/Engine/Plugins/Media/AvfMedia/AvfMedia.uplugin
LogPluginManager: Loaded Plugin MediaPlayerEditor, From C:/Program Files (x86)/Epic Games/4.14/Engine/Plugins/Media/MediaPlayerEditor/MediaPlayerEditor.uplugin
LogPluginManager: Loaded Plugin WmfMedia, From C:/Program Files (x86)/Epic Games/4.14/Engine/Plugins/Media/WmfMedia/WmfMedia.uplugin
LogPluginManager: Loaded Plugin MessagingDebugger, From C:/Program Files (x86)/Epic Games/4.14/Engine/Plugins/Messaging/MessagingDebugger/MessagingDebugger.uplugin
LogPluginManager: Loaded Plugin TcpMessaging, From C:/Program Files (x86)/Epic Games/4.14/Engine/Plugins/Messaging/TcpMessaging/TcpMessaging.uplugin
LogPluginManager: Loaded Plugin UdpMessaging, From C:/Program Files (x86)/Epic Games/4.14/Engine/Plugins/Messaging/UdpMessaging/UdpMessaging.uplugin
LogPluginManager: Loaded Plugin LevelSequenceEditor, From C:/Program Files (x86)/Epic Games/4.14/Engine/Plugins/MovieScene/LevelSequenceEditor/LevelSequenceEditor.uplugin
LogPluginManager: Loaded Plugin MatineeToLevelSequence, From C:/Program Files (x86)/Epic Games/4.14/Engine/Plugins/MovieScene/MatineeToLevelSequence/MatineeToLevelSequence.uplugin
LogPluginManager: Loaded Plugin NetcodeUnitTest, From C:/Program Files (x86)/Epic Games/4.14/Engine/Plugins/NetcodeUnitTest/NetcodeUnitTest/NetcodeUnitTest.uplugin
LogPluginManager: Loaded Plugin NUTUnrealEngine4, From C:/Program Files (x86)/Epic Games/4.14/Engine/Plugins/NetcodeUnitTest/NUTUnrealEngine4/NUTUnrealEngine4.uplugin
LogPluginManager: Loaded Plugin OnlineSubsystemGameCircle, From C:/Program Files (x86)/Epic Games/4.14/Engine/Plugins/Online/Android/OnlineSubsystemGameCircle/OnlineSubsystemGameCircle.uplugin
LogPluginManager: Loaded Plugin OnlineSubsystemGooglePlay, From C:/Program Files (x86)/Epic Games/4.14/Engine/Plugins/Online/Android/OnlineSubsystemGooglePlay/OnlineSubsystemGooglePlay.uplugin
LogPluginManager: Loaded Plugin OnlineSubsystemIOS, From C:/Program Files (x86)/Epic Games/4.14/Engine/Plugins/Online/IOS/OnlineSubsystemIOS/OnlineSubsystemIOS.uplugin
LogPluginManager: Loaded Plugin OnlineFramework, From C:/Program Files (x86)/Epic Games/4.14/Engine/Plugins/Online/OnlineFramework/OnlineFramework.uplugin
LogPluginManager: Loaded Plugin OnlineSubsystem, From C:/Program Files (x86)/Epic Games/4.14/Engine/Plugins/Online/OnlineSubsystem/OnlineSubsystem.uplugin
LogPluginManager: Loaded Plugin OnlineSubsystemAmazon, From C:/Program Files (x86)/Epic Games/4.14/Engine/Plugins/Online/OnlineSubsystemAmazon/OnlineSubsystemAmazon.uplugin
LogPluginManager: Loaded Plugin OnlineSubsystemFacebook, From C:/Program Files (x86)/Epic Games/4.14/Engine/Plugins/Online/OnlineSubsystemFacebook/OnlineSubsystemFacebook.uplugin
LogPluginManager: Loaded Plugin OnlineSubsystemNull, From C:/Program Files (x86)/Epic Games/4.14/Engine/Plugins/Online/OnlineSubsystemNull/OnlineSubsystemNull.uplugin
LogPluginManager: Loaded Plugin OnlineSubsystemOculus, From C:/Program Files (x86)/Epic Games/4.14/Engine/Plugins/Online/OnlineSubsystemOculus/OnlineSubsystemOculus.uplugin
LogPluginManager: Loaded Plugin OnlineSubsystemSteam, From C:/Program Files (x86)/Epic Games/4.14/Engine/Plugins/Online/OnlineSubsystemSteam/OnlineSubsystemSteam.uplugin
LogPluginManager: Loaded Plugin OnlineSubsystemUtils, From C:/Program Files (x86)/Epic Games/4.14/Engine/Plugins/Online/OnlineSubsystemUtils/OnlineSubsystemUtils.uplugin
LogPluginManager: Loaded Plugin IOSTapJoy, From C:/Program Files (x86)/Epic Games/4.14/Engine/Plugins/Runtime/Advertising/IOSTapJoy/IOSTapJoy.uplugin
LogPluginManager: Loaded Plugin AnalyticsBlueprintLibrary, From C:/Program Files (x86)/Epic Games/4.14/Engine/Plugins/Runtime/Analytics/AnalyticsBlueprintLibrary/AnalyticsBlueprintLibrary.uplugin
LogPluginManager: Loaded Plugin AnalyticsMulticast, From C:/Program Files (x86)/Epic Games/4.14/Engine/Plugins/Runtime/Analytics/AnalyticsMulticast/AnalyticsMulticast.uplugin
LogPluginManager: Loaded Plugin Apsalar, From C:/Program Files (x86)/Epic Games/4.14/Engine/Plugins/Runtime/Analytics/Apsalar/Apsalar.uplugin
LogPluginManager: Loaded Plugin FileLogging, From C:/Program Files (x86)/Epic Games/4.14/Engine/Plugins/Runtime/Analytics/FileLogging/FileLogging.uplugin
LogPluginManager: Loaded Plugin Flurry, From C:/Program Files (x86)/Epic Games/4.14/Engine/Plugins/Runtime/Analytics/Flurry/Flurry.uplugin
LogPluginManager: Loaded Plugin AndroidDeviceProfileSelector, From C:/Program Files (x86)/Epic Games/4.14/Engine/Plugins/Runtime/AndroidDeviceProfileSelector/AndroidDeviceProfileSelector.uplugin
LogPluginManager: Loaded Plugin AndroidMoviePlayer, From C:/Program Files (x86)/Epic Games/4.14/Engine/Plugins/Runtime/AndroidMoviePlayer/AndroidMoviePlayer.uplugin
LogPluginManager: Loaded Plugin AppleMoviePlayer, From C:/Program Files (x86)/Epic Games/4.14/Engine/Plugins/Runtime/AppleMoviePlayer/AppleMoviePlayer.uplugin
LogPluginManager: Loaded Plugin ArchVisCharacter, From C:/Program Files (x86)/Epic Games/4.14/Engine/Plugins/Runtime/ArchVisCharacter/ArchVisCharacter.uplugin
LogPluginManager: Loaded Plugin CableComponent, From C:/Program Files (x86)/Epic Games/4.14/Engine/Plugins/Runtime/CableComponent/CableComponent.uplugin
LogPluginManager: Loaded Plugin CustomMeshComponent, From C:/Program Files (x86)/Epic Games/4.14/Engine/Plugins/Runtime/CustomMeshComponent/CustomMeshComponent.uplugin
LogPluginManager: Loaded Plugin ExampleDeviceProfileSelector, From C:/Program Files (x86)/Epic Games/4.14/Engine/Plugins/Runtime/ExampleDeviceProfileSelector/ExampleDeviceProfileSelector.uplugin
LogPluginManager: Loaded Plugin GearVR, From C:/Program Files (x86)/Epic Games/4.14/Engine/Plugins/Runtime/GearVR/GearVR.uplugin
LogPluginManager: Loaded Plugin GoogleVRController, From C:/Program Files (x86)/Epic Games/4.14/Engine/Plugins/Runtime/GoogleVR/GoogleVRController/GoogleVRController.uplugin
LogPluginManager: Loaded Plugin GoogleVRHMD, From C:/Program Files (x86)/Epic Games/4.14/Engine/Plugins/Runtime/GoogleVR/GoogleVRHMD/GoogleVRHMD.uplugin
LogPluginManager: Loaded Plugin IOSDeviceProfileSelector, From C:/Program Files (x86)/Epic Games/4.14/Engine/Plugins/Runtime/IOSDeviceProfileSelector/IOSDeviceProfileSelector.uplugin
LogPluginManager: Loaded Plugin LeapMotion, From C:/Program Files (x86)/Epic Games/4.14/Engine/Plugins/Runtime/LeapMotion/LeapMotion.uplugin
LogPluginManager: Loaded Plugin LinuxDeviceProfileSelector, From C:/Program Files (x86)/Epic Games/4.14/Engine/Plugins/Runtime/LinuxDeviceProfileSelector/LinuxDeviceProfileSelector.uplugin
LogPluginManager: Loaded Plugin MIDIDevice, From C:/Program Files (x86)/Epic Games/4.14/Engine/Plugins/Runtime/MIDIDevice/MIDIDevice.uplugin
LogPluginManager: Loaded Plugin MobilePatchingUtils, From C:/Program Files (x86)/Epic Games/4.14/Engine/Plugins/Runtime/MobilePatchingUtils/MobilePatchingUtils.uplugin
LogPluginManager: Loaded Plugin Ansel, From C:/Program Files (x86)/Epic Games/4.14/Engine/Plugins/Runtime/Nvidia/Ansel/Ansel.uplugin
LogPluginManager: Loaded Plugin OculusAudio, From C:/Program Files (x86)/Epic Games/4.14/Engine/Plugins/Runtime/OculusAudio/OculusAudio.uplugin
LogPluginManager: Loaded Plugin OculusInput, From C:/Program Files (x86)/Epic Games/4.14/Engine/Plugins/Runtime/OculusInput/OculusInput.uplugin
LogPluginManager: Loaded Plugin OculusLibrary, From C:/Program Files (x86)/Epic Games/4.14/Engine/Plugins/Runtime/OculusLibrary/OculusLibrary.uplugin
LogPluginManager: Loaded Plugin OculusRift, From C:/Program Files (x86)/Epic Games/4.14/Engine/Plugins/Runtime/OculusRift/OculusRift.uplugin
LogPluginManager: Loaded Plugin Oodle, From C:/Program Files (x86)/Epic Games/4.14/Engine/Plugins/Runtime/PacketHandlers/CompressionComponents/Oodle/Oodle.uplugin
LogPluginManager: Loaded Plugin ProceduralMeshComponent, From C:/Program Files (x86)/Epic Games/4.14/Engine/Plugins/Runtime/ProceduralMeshComponent/ProceduralMeshComponent.uplugin
LogPluginManager: Loaded Plugin SoundMod, From C:/Program Files (x86)/Epic Games/4.14/Engine/Plugins/Runtime/SoundMod/SoundMod.uplugin
LogPluginManager: Loaded Plugin SoundVisualizations, From C:/Program Files (x86)/Epic Games/4.14/Engine/Plugins/Runtime/SoundVisualizations/SoundVisualizations.uplugin
LogPluginManager: Loaded Plugin SteamController, From C:/Program Files (x86)/Epic Games/4.14/Engine/Plugins/Runtime/Steam/SteamController/SteamController.uplugin
LogPluginManager: Loaded Plugin SteamVR, From C:/Program Files (x86)/Epic Games/4.14/Engine/Plugins/Runtime/Steam/SteamVR/SteamVR.uplugin
LogPluginManager: Loaded Plugin WebBrowserWidget, From C:/Program Files (x86)/Epic Games/4.14/Engine/Plugins/Runtime/WebBrowserWidget/WebBrowserWidget.uplugin
LogPluginManager: Loaded Plugin WindowsDeviceProfileSelector, From C:/Program Files (x86)/Epic Games/4.14/Engine/Plugins/Runtime/WindowsDeviceProfileSelector/WindowsDeviceProfileSelector.uplugin
LogPluginManager: Loaded Plugin WindowsMoviePlayer, From C:/Program Files (x86)/Epic Games/4.14/Engine/Plugins/Runtime/WindowsMoviePlayer/WindowsMoviePlayer.uplugin
LogPluginManager: Loaded Plugin ScriptPlugin, From C:/Program Files (x86)/Epic Games/4.14/Engine/Plugins/ScriptPlugin/ScriptPlugin.uplugin
LogPluginManager: Loaded Plugin SlateRemote, From C:/Program Files (x86)/Epic Games/4.14/Engine/Plugins/Slate/SlateRemote/SlateRemote.uplugin
LogPluginManager: Loaded Plugin EditorTests, From C:/Program Files (x86)/Epic Games/4.14/Engine/Plugins/Tests/EditorTests/EditorTests.uplugin
LogPluginManager: Loaded Plugin FbxAutomationTestBuilder, From C:/Program Files (x86)/Epic Games/4.14/Engine/Plugins/Tests/FbxAutomationTestBuilder/FbxAutomationTestBuilder.uplugin
LogPluginManager: Loaded Plugin FunctionalTestingEditor, From C:/Program Files (x86)/Epic Games/4.14/Engine/Plugins/Tests/FunctionalTestingEditor/FunctionalTestingEditor.uplugin
LogPluginManager: Loaded Plugin RuntimeTests, From C:/Program Files (x86)/Epic Games/4.14/Engine/Plugins/Tests/RuntimeTests/RuntimeTests.uplugin
LogPluginManager: Loaded Plugin ScreenshotTools, From C:/Program Files (x86)/Epic Games/4.14/Engine/Plugins/Tests/ScreenshotTools/ScreenshotTools.uplugin
LogInit: Using libcurl 7.47.1
LogInit:  - built for x86_64-pc-win32
LogInit:  - supports SSL with OpenSSL/1.0.2g
LogInit:  - supports HTTP deflate (compression) using libz 1.2.8
LogInit:  - other features:
LogInit:      CURL_VERSION_SSL
LogInit:      CURL_VERSION_LIBZ
LogInit:      CURL_VERSION_IPV6
LogInit:      CURL_VERSION_ASYNCHDNS
LogInit:      CURL_VERSION_LARGEFILE
LogInit:      CURL_VERSION_IDN
LogInit:  CurlRequestOptions (configurable via config and command line):
LogInit:  - bVerifyPeer = false  - Libcurl will NOT verify peer certificate
LogInit:  - bUseHttpProxy = false  - Libcurl will NOT use HTTP proxy
LogInit:  - bDontReuseConnections = false  - Libcurl will reuse connections
LogInit:  - CertBundlePath = nullptr  - Libcurl will use whatever was configured at build time.
LogInit: Build: ++UE4+Release-4.14-CL-3195953
LogInit: Engine Version: 4.14.0-3195953+++UE4+Release-4.14
LogInit: Compatible Engine Version: 4.14.0-3195953+++UE4+Release-4.14
LogInit: Net CL: 3195953
LogDevObjectVersion: Number of dev versions registered: 13
LogDevObjectVersion:   Dev-Blueprints (B0D832E4-1F89-4F0D-ACCF-7EB736FD4AA2): 7
LogDevObjectVersion:   Dev-Build (E1C64328-A22C-4D53-A36C-8E866417BD8C): 0
LogDevObjectVersion:   Dev-Core (375EC13C-06E4-48FB-B500-84F0262A717E): 1
LogDevObjectVersion:   Dev-Editor (E4B068ED-F494-42E9-A231-DA0B2E46BB41): 8
LogDevObjectVersion:   Dev-Framework (CFFC743F-43B0-4480-9391-14DF171D2073): 17
LogDevObjectVersion:   Dev-Mobile (B02B49B5-BB20-44E9-A304-32B752E40360): 0
LogDevObjectVersion:   Dev-Networking (A4E4105C-59A1-49B5-A7C5-40C4547EDFEE): 0
LogDevObjectVersion:   Dev-Online (39C831C9-5AE6-47DC-9A44-9C173E1C8E7C): 0
LogDevObjectVersion:   Dev-Physics (78F01B33-EBEA-4F98-B9B4-84EACCB95AA2): 0
LogDevObjectVersion:   Dev-Platform (6631380F-2D4D-43E0-8009-CF276956A95A): 0
LogDevObjectVersion:   Dev-Rendering (12F88B9F-8875-4AFC-A67C-D90C383ABD29): 12
LogDevObjectVersion:   Dev-Sequencer (7B5AE74C-D270-4C10-A958-57980B212A5A): 1
LogDevObjectVersion:   Dev-VR (D7296918-1DD6-4BDD-9DE2-64A83CC13884): 0
LogInit: Compiled (64-bit): Nov 12 2016 02:14:10
LogInit: Compiled with Visual C++: 19.00.23026.00
LogInit: Build Configuration: Development
LogInit: Branch Name: ++UE4+Release-4.14
LogInit: Command line:  
LogInit: Base directory: C:/Program Files (x86)/Epic Games/4.14/Engine/Binaries/Win64/
LogInit: Installed Engine Build: 1
LogInit: Presizing for max 8388607 objects, including 0 objects not considered by GC, pre-allocating 0 bytes for permanent pool.
LogInit: Object subsystem initialized
[2017.09.04-08.04.48:796][  0]LogInit: Selected Device Profile: [Windows]
[2017.09.04-08.04.48:796][  0]LogInit: Applying CVar settings loaded from the selected device profile: [Windows]
[2017.09.04-08.04.48:809][  0]LogInit: Computer: SAKTHIPC
[2017.09.04-08.04.48:809][  0]LogInit: User: sakthi
[2017.09.04-08.04.48:809][  0]LogInit: CPU Page size=65536, Cores=4
[2017.09.04-08.04.48:809][  0]LogInit: High frequency timer resolution =2.240915 MHz
[2017.09.04-08.04.48:809][  0]LogMemory: Memory total: Physical=15.8GB (16GB approx)
[2017.09.04-08.04.48:809][  0]LogMemory: Platform Memory Stats for Windows
[2017.09.04-08.04.48:809][  0]LogMemory: Process Physical Memory: 264.18 MB used, 264.18 MB peak
[2017.09.04-08.04.48:809][  0]LogMemory: Process Virtual Memory: 262.48 MB used, 262.48 MB peak
[2017.09.04-08.04.48:809][  0]LogMemory: Physical Memory: 4070.91 MB used,  12097.74 MB free, 16168.66 MB total
[2017.09.04-08.04.48:809][  0]LogMemory: Virtual Memory: 682.57 MB used,  12097.74 MB free, 134217728.00 MB total
[2017.09.04-08.04.48:837][  0]LogTextLocalizationManager: No specific translations for ('en-GB') exist, so ('en') translations will be used.
[2017.09.04-08.04.49:488][  0]LogD3D11RHI: D3D11 adapters:
[2017.09.04-08.04.49:510][  0]LogD3D11RHI:    0. 'NVIDIA GeForce GTX 970' (Feature Level 11_0)
[2017.09.04-08.04.49:510][  0]LogD3D11RHI:       3976/0/8084 MB DedicatedVideo/DedicatedSystem/SharedSystem, Outputs:1, VendorId:0x10de
[2017.09.04-08.04.49:511][  0]LogD3D11RHI:    1. 'Microsoft Basic Render Driver' (Feature Level 11_0)
[2017.09.04-08.04.49:511][  0]LogD3D11RHI:       0/0/256 MB DedicatedVideo/DedicatedSystem/SharedSystem, Outputs:0, VendorId:0x1414
[2017.09.04-08.04.49:511][  0]LogD3D11RHI: Chosen D3D11 Adapter: 0
[2017.09.04-08.04.49:515][  0]LogD3D11RHI: Creating new Direct3DDevice
[2017.09.04-08.04.49:515][  0]LogD3D11RHI:     GPU DeviceId: 0x13c2 (for the marketing name, search the web for "GPU Device Id")
[2017.09.04-08.04.49:515][  0]LogWindows: EnumDisplayDevices:
[2017.09.04-08.04.49:515][  0]LogWindows:    0. 'NVIDIA GeForce GTX 970' (P:1 D:1)
[2017.09.04-08.04.49:515][  0]LogWindows:    1. 'NVIDIA GeForce GTX 970' (P:0 D:0)
[2017.09.04-08.04.49:515][  0]LogWindows:    2. 'NVIDIA GeForce GTX 970' (P:0 D:0)
[2017.09.04-08.04.49:515][  0]LogWindows:    3. 'NVIDIA GeForce GTX 970' (P:0 D:0)
[2017.09.04-08.04.49:515][  0]LogWindows: DebugString: FoundDriverCount:4 
[2017.09.04-08.04.49:515][  0]LogD3D11RHI:     Adapter Name: NVIDIA GeForce GTX 970
[2017.09.04-08.04.49:515][  0]LogD3D11RHI:   Driver Version: 382.53 (internal:22.21.13.8253, unified:382.53)
[2017.09.04-08.04.49:515][  0]LogD3D11RHI:      Driver Date: 6-7-2017
[2017.09.04-08.04.49:515][  0]LogRHI: Texture pool is 1361 MB (70% of 1945 MB)
[2017.09.04-08.04.49:529][  0]LogD3D11RHI: Async texture creation enabled
[2017.09.04-08.04.49:546][  0]LogD3D11RHI: GPU Timing Frequency: 1000.000000 (Debug: 2 2)
[2017.09.04-08.04.49:546][  0]LogShaderCompilers: Guid format shader working directory is -10 characters bigger than the processId version (../../../../../../Users/sakthi/Documents/GitHub/CUBE-JUMP/Intermediate/Shaders/WorkingDirectory/5492/).
[2017.09.04-08.04.49:546][  0]LogShaderCompilers: Cleaned the shader compiler working directory 'C:/Users/sakthi/AppData/Local/Temp/UnrealShaderWorkingDir/A85BCC6F4459476DF22CFEA3CA3F8175/'.
[2017.09.04-08.04.49:546][  0]LogShaderCompilers:Display: Using Local Shader Compiler.
[2017.09.04-08.04.50:679][  0]LogTemp:Display: Loaded TP AllDesktopTargetPlatform
[2017.09.04-08.04.50:733][  0]LogTemp:Display: Loaded TP MacClientTargetPlatform
[2017.09.04-08.04.50:789][  0]LogTemp:Display: Loaded TP MacNoEditorTargetPlatform
[2017.09.04-08.04.50:850][  0]LogTemp:Display: Loaded TP MacServerTargetPlatform
[2017.09.04-08.04.50:904][  0]LogTemp:Display: Loaded TP MacTargetPlatform
[2017.09.04-08.04.50:956][  0]LogTemp:Display: Loaded TP WindowsClientTargetPlatform
[2017.09.04-08.04.51:007][  0]LogTemp:Display: Loaded TP WindowsNoEditorTargetPlatform
[2017.09.04-08.04.51:065][  0]LogTemp:Display: Loaded TP WindowsServerTargetPlatform
[2017.09.04-08.04.51:107][  0]LogTemp:Display: Loaded TP WindowsTargetPlatform
[2017.09.04-08.04.51:166][  0]LogTemp:Display: Loaded TP AndroidTargetPlatform
[2017.09.04-08.04.51:225][  0]LogTemp:Display: Loaded TP Android_ASTCTargetPlatform
[2017.09.04-08.04.51:274][  0]LogTemp:Display: Loaded TP Android_ATCTargetPlatform
[2017.09.04-08.04.51:328][  0]LogTemp:Display: Loaded TP Android_DXTTargetPlatform
[2017.09.04-08.04.51:377][  0]LogTemp:Display: Loaded TP Android_ETC1TargetPlatform
[2017.09.04-08.04.51:430][  0]LogTemp:Display: Loaded TP Android_ETC2TargetPlatform
[2017.09.04-08.04.51:531][  0]LogTemp:Display: Loaded TP Android_MultiTargetPlatform
[2017.09.04-08.04.51:531][  0]LogTemp:Display: Loaded TP Android_PVRTCTargetPlatform
[2017.09.04-08.04.51:564][  0]LogTemp:Display: Loaded TP HTML5TargetPlatform
[2017.09.04-08.04.51:645][  0]LogTemp:Display: Loaded TP IOSTargetPlatform
[2017.09.04-08.04.51:679][  0]LogTemp:Display: Loaded TP TVOSTargetPlatform
[2017.09.04-08.04.51:730][  0]LogTemp:Display: Loaded TP LinuxClientTargetPlatform
[2017.09.04-08.04.51:780][  0]LogTemp:Display: Loaded TP LinuxNoEditorTargetPlatform
[2017.09.04-08.04.51:830][  0]LogTemp:Display: Loaded TP LinuxServerTargetPlatform
[2017.09.04-08.04.51:880][  0]LogTemp:Display: Loaded TP LinuxTargetPlatform
[2017.09.04-08.04.51:880][  0]LogTargetPlatformManager:Display: Building Assets For Windows
[2017.09.04-08.04.52:245][  0]LogDerivedDataCache:Display: Max Cache Size: 512 MB
[2017.09.04-08.04.52:302][  0]LogDerivedDataCache: Loaded boot cache 0.06s 50MB C:/Users/sakthi/AppData/Local/UnrealEngine/4.14/DerivedDataCache/Boot.ddc.
[2017.09.04-08.04.52:302][  0]LogDerivedDataCache:Display: Loaded Boot cache: C:/Users/sakthi/AppData/Local/UnrealEngine/4.14/DerivedDataCache/Boot.ddc
[2017.09.04-08.04.52:302][  0]LogDerivedDataCache: FDerivedDataBackendGraph:  Pak pak cache file ../../../../../../Users/sakthi/Documents/GitHub/CUBE-JUMP/DerivedDataCache/DDC.ddp not found, will not use a pak cache.
[2017.09.04-08.04.52:302][  0]LogDerivedDataCache: Unable to find inner node Pak for hierarchical cache Hierarchy.
[2017.09.04-08.04.52:302][  0]LogDerivedDataCache: FDerivedDataBackendGraph:  CompressedPak pak cache file ../../../../../../Users/sakthi/Documents/GitHub/CUBE-JUMP/DerivedDataCache/Compressed.ddp not found, will not use a pak cache.
[2017.09.04-08.04.52:302][  0]LogDerivedDataCache: Unable to find inner node CompressedPak for hierarchical cache Hierarchy.
[2017.09.04-08.04.52:321][  0]LogDerivedDataCache:Display: Pak cache opened for reading ../../../Engine/DerivedDataCache/Compressed.ddp.
[2017.09.04-08.04.52:333][  0]LogDerivedDataCache: Using Local data cache path C:/Users/sakthi/AppData/Local/UnrealEngine/Common/DerivedDataCache: Writable
[2017.09.04-08.04.52:546][  0]LogInit: Selected Device Profile: [Windows]
[2017.09.04-08.04.52:549][  0]LogContentStreaming: Texture pool size is 0.00 MB
[2017.09.04-08.04.52:753][  0]LogMeshUtilities: Using QuadricMeshReduction for automatic static mesh reduction
[2017.09.04-08.04.52:794][  0]LogSimplygon: Simplygon DLL not present - disabling.
[2017.09.04-08.04.52:832][  0]LogMeshUtilities: Using SimplygonSwarm for distributed automatic mesh merging
[2017.09.04-08.04.52:832][  0]LogMeshUtilities: No automatic skeletal mesh reduction module available
[2017.09.04-08.04.52:832][  0]LogMeshUtilities: No automatic mesh merging module available
[2017.09.04-08.04.53:329][  0]LogNetVersion: GetLocalNetworkVersion: CL: 3195953, ProjectName: myproject2, ProjectVersion: , EngineNetworkVersion: 2, GameNetworkVersion: 0, NetworkChecksum: 178977787
[2017.09.04-08.04.53:384][  0]LogAssetRegistry: FAssetRegistry took 0.0219 seconds to start up
[2017.09.04-08.04.53:432][  0]LogPackageLocalizationCache: Processed 3 localized package path(s) for 2 prioritized culture(s) in 0.030038 seconds
[2017.09.04-08.04.53:438][  0]LogUObjectArray: 31946 objects as part of root set at end of initial load.
[2017.09.04-08.04.53:438][  0]LogUObjectAllocator: 6935840 out of 0 bytes used by permanent object pool.
[2017.09.04-08.04.53:438][  0]LogUObjectArray: CloseDisregardForGC: 0/0 objects in disregard for GC pool
[2017.09.04-08.04.53:489][  0]LogInit: WinSock: version 1.1 (2.2), MaxSocks=32767, MaxUdp=65467
[2017.09.04-08.04.54:140][  0]LogSlate: Using Freetype 2.6.0
[2017.09.04-08.04.54:140][  0]LogSlate: SlateFontCache - WITH_FREETYPE: 1, WITH_HARFBUZZ: 1
[2017.09.04-08.04.54:140][  0]LogSlate: SlateFontCache - WITH_FREETYPE: 1, WITH_HARFBUZZ: 1
[2017.09.04-08.04.54:891][  0]LogTcpMessaging: Initializing TcpMessaging bridge
[2017.09.04-08.04.54:927][  0]LogUdpMessaging: Initializing bridge on interface 0.0.0.0:0 to multicast group 230.0.0.1:6666.
[2017.09.04-08.04.55:207][  0]LogMaterial: Uniform references updated for custom material expression Custom.
[2017.09.04-08.04.55:561][  0]SourceControl: Info Source control is disabled
[2017.09.04-08.04.55:561][  0]SourceControl: Info Source control is disabled
[2017.09.04-08.04.55:600][  0]SourceControl: Info Source control is disabled
[2017.09.04-08.04.55:639][  0]SourceControl: Info Source control is disabled
[2017.09.04-08.04.56:800][  0]LogEngine: Initializing Engine...
[2017.09.04-08.04.56:800][  0]LogHMD: Failed to initialize OpenVR with code 110
[2017.09.04-08.04.57:067][  0]LogAIModule: Creating AISystem for world Untitled
[2017.09.04-08.04.57:078][  0]LogInit: XAudio2 using 'Speakers (High Definition Audio Device)' : 2 channels at 44.1 kHz using 16 bits per sample (channel mask 0x3)
[2017.09.04-08.04.57:088][  0]LogInit: FAudioDevice initialized.
[2017.09.04-08.04.57:136][  0]LogDerivedDataCache: Saved boot cache 0.05s 50MB C:/Users/sakthi/AppData/Local/UnrealEngine/4.14/DerivedDataCache/Boot.ddc.
[2017.09.04-08.04.57:145][  0]LogInit: Texture streaming: Enabled
[2017.09.04-08.04.57:322][  0]LogInit: Transaction tracking system initialized
[2017.09.04-08.04.57:628][  0]BlueprintLog: New page: Editor Load
[2017.09.04-08.04.58:537][  0]LocalizationService: Info Localization service is disabled
[2017.09.04-08.04.59:236][  0]LogConsoleResponse:Display: 
[2017.09.04-08.04.59:410][  0]LogCook:Display: Max memory allowance for cook 16384mb min free memory 0mb
[2017.09.04-08.04.59:410][  0]LogCook:Display: Mobile HDR setting 1
[2017.09.04-08.04.59:552][  0]LogFileCache: Scanning file cache for directory 'C:/Users/sakthi/Documents/GitHub/CUBE-JUMP/Content/' took 0.01s
[2017.09.04-08.05.00:365][  0]SourceControl: Info Source control is disabled
[2017.09.04-08.05.00:365][  0]Cmd: MAP LOAD FILE="../../../../../../Users/sakthi/Documents/GitHub/CUBE-JUMP/Content/SideScrollerBP/Maps/LevelONE.umap" TEMPLATE=0 SHOWPROGRESS=1 FEATURELEVEL=3
[2017.09.04-08.05.00:366][  0]LightingResults: New page: Lighting Build
[2017.09.04-08.05.00:407][  0]MapCheck: New page: Map Check
[2017.09.04-08.05.00:407][  0]LightingResults: New page: Lighting Build
[2017.09.04-08.05.00:899][  0]LogAIModule: Creating AISystem for world LevelONE
[2017.09.04-08.05.00:909][  0]LogEditorServer: Finished looking for orphan Actors (0.000 secs)
[2017.09.04-08.05.00:910][  0]Cmd: MAP CHECKDEP NOCLEARLOG
[2017.09.04-08.05.00:954][  0]MapCheck: Info Map check complete: 0 Error(s), 0 Warning(s), took 43.646ms to complete.
[2017.09.04-08.05.00:954][  0]LogFileHelpers: Loading map 'LevelONE' took 0.588
[2017.09.04-08.05.01:011][  0]LogWindowsTextInputMethodSystem:Display: IME system now deactivated.
[2017.09.04-08.05.01:011][  0]LogWindowsTextInputMethodSystem:Display: IME system now deactivated.
[2017.09.04-08.05.01:090][  0]LogCollectionManager: Loaded 0 collections in 0.001294 seconds
[2017.09.04-08.05.01:159][  0]LogFileCache: Scanning file cache for directory 'C:/Users/sakthi/Documents/GitHub/CUBE-JUMP/Saved/Collections/' took 0.01s
[2017.09.04-08.05.01:159][  0]LogFileCache: Scanning file cache for directory 'C:/Users/sakthi/Documents/GitHub/CUBE-JUMP/Content/Developers/sakthi/Collections/' took 0.01s
[2017.09.04-08.05.01:159][  0]LogFileCache: Scanning file cache for directory 'C:/Users/sakthi/Documents/GitHub/CUBE-JUMP/Content/Collections/' took 0.01s
[2017.09.04-08.05.01:159][  0]LogCollectionManager: Rebuilt the GUID cache for 0 collections in 0.000002 seconds
[2017.09.04-08.05.01:168][  0]LogContentBrowser: Native class hierarchy populated in 0.0087 seconds. Added 2190 classes and 428 folders.
[2017.09.04-08.05.01:202][  0]LogStats: UGameplayTagsManager::ConstructGameplayTagTree: Construct from data asset -  0.000 s
[2017.09.04-08.05.01:202][  0]LogStats: UGameplayTagsManager::ConstructGameplayTagTree: GameplayTagTreeChangedEvent.Broadcast -  0.000 s
[2017.09.04-08.05.01:203][  0]LogContentBrowser: Native class hierarchy updated for 'GameplayTags' in 0.0005 seconds. Added 13 classes and 0 folders.
[2017.09.04-08.05.01:258][  0]LogContentBrowser: Native class hierarchy updated for 'WidgetCarousel' in 0.0005 seconds. Added 0 classes and 0 folders.
[2017.09.04-08.05.01:293][  0]LogContentBrowser: Native class hierarchy updated for 'AddContentDialog' in 0.0005 seconds. Added 0 classes and 0 folders.
[2017.09.04-08.05.01:332][  0]LogContentBrowser: Native class hierarchy updated for 'SceneOutliner' in 0.0005 seconds. Added 1 classes and 2 folders.
[2017.09.04-08.05.01:370][  0]LogCrashTracker: Crashtracker disabled due to settings.
[2017.09.04-08.05.01:375][  0]LogUObjectGlobals:Warning: Failed to find object 'Class None.'
[2017.09.04-08.05.01:434][  0]LogContentBrowser: Native class hierarchy updated for 'HierarchicalLODOutliner' in 0.0005 seconds. Added 1 classes and 2 folders.
[2017.09.04-08.05.01:434][  0]LogLoad: (Engine Initialization) Total time: 15.52 seconds
[2017.09.04-08.05.01:434][  0]LogLoad: (Engine Initialization) Total Blueprint compile time: 0.17 seconds
[2017.09.04-08.05.01:434][  0]LogExternalProfiler: Found external profiler: VSPerf
[2017.09.04-08.05.01:434][  0]LogExternalProfiler: Using external profiler: VSPerf
[2017.09.04-08.05.01:443][  0]LogOcInput: OculusInput pre-init called
[2017.09.04-08.05.01:462][  0]LogContentStreaming: Texture pool size now 1000 MB
[2017.09.04-08.05.01:604][  1]LogAssetRegistry: Asset discovery search completed in 8.2417 seconds
[2017.09.04-08.05.01:604][  1]LogCollectionManager: Rebuilt the object cache for 0 collections in 0.000000 seconds (found 0 objects)
[2017.09.04-08.05.01:604][  1]LogCollectionManager: Fixed up redirectors for 0 collections in 0.000015 seconds (updated 0 objects)
[2017.09.04-08.05.01:624][  2]LogRenderer: Reallocating scene render targets to support 1004x524 NumSamples 1 (Frame:2).
[2017.09.04-08.05.05:019][379]LogRenderer: Reallocating scene render targets to support 1208x576 NumSamples 1 (Frame:366).
[2017.09.04-08.05.10:605][ 23]LogAIModule: Creating AISystem for world LevelTWO
[2017.09.04-08.05.17:023][726]LogSpawn:Warning: UWorld::DestroyActor: World has no context! World: Zaklevel34, Actor: /Game/SideScrollerBP/Maps/Zaklevel34.Zaklevel34:PersistentLevel.LevelTWO_C_1
[2017.09.04-08.05.17:069][726]LogAIModule: Creating AISystem for world Zaklevel34
[2017.09.04-08.05.19:277][978]LogSpawn:Warning: UWorld::DestroyActor: World has no context! World: Zaklevel3, Actor: /Game/SideScrollerBP/Maps/Zaklevel3.Zaklevel3:PersistentLevel.Zaklevel34_C_0
[2017.09.04-08.05.19:332][978]LogMetaData: Removing '/Game/SideScrollerBP/Maps/Zaklevel3.SKEL_Zaklevel3_C' ref from Metadata '/Game/SideScrollerBP/Maps/Zaklevel34.PackageMetaData'
[2017.09.04-08.05.19:332][978]LogMetaData: Removing '/Game/SideScrollerBP/Maps/Zaklevel3.Zaklevel3_C' ref from Metadata '/Game/SideScrollerBP/Maps/Zaklevel34.PackageMetaData'
[2017.09.04-08.05.19:423][978]LogSpawn:Warning: UWorld::DestroyActor: World has no context! World: Zaklevel3, Actor: /Game/SideScrollerBP/Maps/Zaklevel3.Zaklevel3:PersistentLevel.Zaklevel3_C_0
[2017.09.04-08.05.19:638][978]LogSavePackage: Save=219.23ms
[2017.09.04-08.05.19:638][978]LogSavePackage: Moving '../../../../../../Users/sakthi/Documents/GitHub/CUBE-JUMP/Saved/Zaklevel3CA9FC159476EDEA01A17C1AE4AD5811F.tmp' to '../../../../../../Users/sakthi/Documents/GitHub/CUBE-JUMP/Content/SideScrollerBP/Maps/Zaklevel3.umap'
[2017.09.04-08.05.19:641][978]LogSavePackage:Display: Finished SavePackage ../../../../../../Users/sakthi/Documents/GitHub/CUBE-JUMP/Content/SideScrollerBP/Maps/Zaklevel3.umap
[2017.09.04-08.05.19:645][978]LogFileHelpers: Saving map 'Zaklevel3' took 0.290
[2017.09.04-08.05.20:282][ 29]LogSpawn:Warning: UWorld::DestroyActor: World has no context! World: Zaklevel3, Actor: /Game/SideScrollerBP/Maps/Zaklevel3.Zaklevel3:PersistentLevel.Zaklevel3_C_1
[2017.09.04-08.05.20:504][ 29]LogSavePackage: Save=225.93ms
[2017.09.04-08.05.20:504][ 29]LogSavePackage: Moving '../../../../../../Users/sakthi/Documents/GitHub/CUBE-JUMP/Saved/Zaklevel3FEDF9FDE48E52F1F8BE8428592653133.tmp' to '../../../../../../Users/sakthi/Documents/GitHub/CUBE-JUMP/Content/SideScrollerBP/Maps/Zaklevel3.umap'
[2017.09.04-08.05.20:508][ 29]LogSavePackage:Display: Finished SavePackage ../../../../../../Users/sakthi/Documents/GitHub/CUBE-JUMP/Content/SideScrollerBP/Maps/Zaklevel3.umap
[2017.09.04-08.05.20:513][ 29]LogFileHelpers: Saving map 'Zaklevel3' took 0.309
[2017.09.04-08.05.27:231][178]LogSpawn:Warning: UWorld::DestroyActor: World has no context! World: Zaklevel3, Actor: /Game/SideScrollerBP/Maps/Zaklevel3.Zaklevel3:PersistentLevel.Zaklevel3_C_0
[2017.09.04-08.05.27:486][178]LogSavePackage: Save=259.79ms
[2017.09.04-08.05.27:486][178]LogSavePackage: Moving '../../../../../../Users/sakthi/Documents/GitHub/CUBE-JUMP/Saved/Zaklevel3E7C2AD584724E90220218FA41CAF9B5C.tmp' to '../../../../../../Users/sakthi/Documents/GitHub/CUBE-JUMP/Content/SideScrollerBP/Maps/Zaklevel3.umap'
[2017.09.04-08.05.27:490][178]LogSavePackage:Display: Finished SavePackage ../../../../../../Users/sakthi/Documents/GitHub/CUBE-JUMP/Content/SideScrollerBP/Maps/Zaklevel3.umap
[2017.09.04-08.05.27:493][178]LogFileHelpers: Saving map 'Zaklevel3' took 0.328
[2017.09.04-08.05.27:500][178]Cmd: MAP LOAD FILE="../../../../../../Users/sakthi/Documents/GitHub/CUBE-JUMP/Content/SideScrollerBP/Maps/Zaklevel3.umap" TEMPLATE=0 SHOWPROGRESS=1 FEATURELEVEL=3
[2017.09.04-08.05.27:500][178]LightingResults: New page: Lighting Build
[2017.09.04-08.05.27:501][178]LoadErrors: New page: Loading map: Zaklevel3.umap
[2017.09.04-08.05.27:504][178]MapCheck: New page: Map Check
[2017.09.04-08.05.27:504][178]LightingResults: New page: Lighting Build
[2017.09.04-08.05.27:549][178]LogEditorServer: Finished looking for orphan Actors (0.000 secs)
[2017.09.04-08.05.27:581][178]Cmd: MAP CHECKDEP NOCLEARLOG
[2017.09.04-08.05.27:620][178]MapCheck: Info Map check complete: 0 Error(s), 0 Warning(s), took 38.916ms to complete.
[2017.09.04-08.05.27:620][178]LogFileHelpers: Loading map 'Zaklevel3' took 0.121
[2017.09.04-08.05.29:913][407]LogSavePackage: Save=219.63ms
[2017.09.04-08.05.29:913][407]LogSavePackage: Moving '../../../../../../Users/sakthi/Documents/GitHub/CUBE-JUMP/Saved/Zaklevel38D54C5BA4EF89258030D24A66DB243A6.tmp' to '../../../../../../Users/sakthi/Documents/GitHub/CUBE-JUMP/Content/SideScrollerBP/Maps/Zaklevel3.umap'
[2017.09.04-08.05.29:916][407]LogSavePackage:Display: Finished SavePackage ../../../../../../Users/sakthi/Documents/GitHub/CUBE-JUMP/Content/SideScrollerBP/Maps/Zaklevel3.umap
[2017.09.04-08.05.29:944][407]LogFileHelpers: Saving map 'Zaklevel3' took 0.306
[2017.09.04-08.05.29:946][407]Cmd: OBJ SAVEPACKAGE PACKAGE="/Game/SideScrollerBP/Maps/Zaklevel34" FILE="../../../../../../Users/sakthi/Documents/GitHub/CUBE-JUMP/Content/SideScrollerBP/Maps/Zaklevel34.uasset" SILENT=true
[2017.09.04-08.05.29:952][407]LogSavePackage: Save=3.95ms
[2017.09.04-08.05.29:952][407]LogSavePackage: Moving '../../../../../../Users/sakthi/Documents/GitHub/CUBE-JUMP/Saved/Zaklevel34B192456D4F796C5952DF2DB374FFAD8E.tmp' to '../../../../../../Users/sakthi/Documents/GitHub/CUBE-JUMP/Content/SideScrollerBP/Maps/Zaklevel34.uasset'
[2017.09.04-08.05.29:954][407]LogSavePackage:Display: Finished SavePackage ../../../../../../Users/sakthi/Documents/GitHub/CUBE-JUMP/Content/SideScrollerBP/Maps/Zaklevel34.uasset
[2017.09.04-08.05.32:114][662]LogEditorViewport: Clicking on Actor (LMB): upStart_C (upStart)
[2017.09.04-08.05.36:727][185]Cmd: DELETE
[2017.09.04-08.05.36:727][185]Cmd: ACTOR DELETE
[2017.09.04-08.05.36:728][185]LogEditorActor: Deleted Actor: upStart_C
[2017.09.04-08.05.36:728][185]LogEditorActor: Deleted Actor: leftStart_C
[2017.09.04-08.05.36:728][185]LogEditorActor: Deleted Actor: rightStart_C
[2017.09.04-08.05.36:736][185]LogEditorActor: Deleted 3 Actors (0.009 secs)
[2017.09.04-08.06.29:114][150]LogEditorViewport: Clicking on Actor (LMB): winnerLevelOne_C (winnerLevelOne)
[2017.09.04-08.06.37:275][ 65]LogMetaData: Removing '/Game/SideScrollerBP/Blueprints/TOOLS/ZakLevelTimers_3/Z3_rightstart.SKEL_Z3_rightstart_C' ref from Metadata '/Game/SideScrollerBP/Blueprints/TOOLS/ZakLevelTimers_3/rightStart.PackageMetaData'
[2017.09.04-08.06.37:275][ 65]LogMetaData: Removing '/Game/SideScrollerBP/Blueprints/TOOLS/ZakLevelTimers_3/Z3_rightstart.Z3_rightstart_C' ref from Metadata '/Game/SideScrollerBP/Blueprints/TOOLS/ZakLevelTimers_3/rightStart.PackageMetaData'
[2017.09.04-08.06.37:328][ 65]LogSavePackage: Save=21.63ms
[2017.09.04-08.06.37:328][ 65]LogSavePackage: Moving '../../../../../../Users/sakthi/Documents/GitHub/CUBE-JUMP/Saved/Z3_rightstart968565724B43BCEB958205B2A5A5B094.tmp' to '../../../../../../Users/sakthi/Documents/GitHub/CUBE-JUMP/Content/SideScrollerBP/Blueprints/TOOLS/ZakLevelTimers_3/Z3_rightstart.uasset'
[2017.09.04-08.06.37:330][ 65]LogSavePackage:Display: Finished SavePackage ../../../../../../Users/sakthi/Documents/GitHub/CUBE-JUMP/Content/SideScrollerBP/Blueprints/TOOLS/ZakLevelTimers_3/Z3_rightstart.uasset
[2017.09.04-08.06.42:503][635]LogMetaData: Removing '/Game/SideScrollerBP/Blueprints/TOOLS/ZakLevelTimers_3/Z3_upstart.SKEL_Z3_upstart_C' ref from Metadata '/Game/SideScrollerBP/Blueprints/TOOLS/ZakLevelTimers_3/upStart.PackageMetaData'
[2017.09.04-08.06.42:504][635]LogMetaData: Removing '/Game/SideScrollerBP/Blueprints/TOOLS/ZakLevelTimers_3/Z3_upstart.Z3_upstart_C' ref from Metadata '/Game/SideScrollerBP/Blueprints/TOOLS/ZakLevelTimers_3/upStart.PackageMetaData'
[2017.09.04-08.06.42:554][635]LogSavePackage: Save=20.50ms
[2017.09.04-08.06.42:554][635]LogSavePackage: Moving '../../../../../../Users/sakthi/Documents/GitHub/CUBE-JUMP/Saved/Z3_upstart78DD8B8B4AC27AE73BB7A1A4629E205C.tmp' to '../../../../../../Users/sakthi/Documents/GitHub/CUBE-JUMP/Content/SideScrollerBP/Blueprints/TOOLS/ZakLevelTimers_3/Z3_upstart.uasset'
[2017.09.04-08.06.42:556][635]LogSavePackage:Display: Finished SavePackage ../../../../../../Users/sakthi/Documents/GitHub/CUBE-JUMP/Content/SideScrollerBP/Blueprints/TOOLS/ZakLevelTimers_3/Z3_upstart.uasset
[2017.09.04-08.06.50:364][498]LogEditorViewport: Clicking on Actor (LMB): winnerLevelOne_C (winnerLevelOne)
[2017.09.04-08.06.52:674][756]LogEditorViewport: Clicking on Actor (LMB): PlayerCUBE_C (PlayerCUBE)
[2017.09.04-08.06.54:363][939]LogEditorViewport: Clicking on Actor (LMB): Z3_rightstart_C (Z3_rightstart)
[2017.09.04-08.07.03:615][980]LogEditorViewport: Clicking on Actor (LMB): StaticMeshActor (Cube3)
[2017.09.04-08.07.04:112][ 30]LogEditorViewport: Clicking on Actor (LMB): PlayerCUBE_C (PlayerCUBE)
[2017.09.04-08.07.07:352][394]LogTemp: Repeting last play command: New Editor Window (PIE)
[2017.09.04-08.07.07:366][394]LogBlueprintUserMessages: Early PlayInEditor Detection: Level '/Game/SideScrollerBP/Maps/Zaklevel3.Zaklevel3:PersistentLevel' has LevelScriptBlueprint '/Game/SideScrollerBP/Maps/Zaklevel3.Zaklevel3:PersistentLevel.Zaklevel3' with GeneratedClass '/Game/SideScrollerBP/Maps/Zaklevel3.Zaklevel3_C' with ClassGeneratedBy '/Game/SideScrollerBP/Maps/Zaklevel3.Zaklevel3:PersistentLevel.Zaklevel3'
[2017.09.04-08.07.07:366][394]LogPlayLevel: PlayLevel: No blueprints needed recompiling
[2017.09.04-08.07.07:366][394]PIE: New page: PIE session: Zaklevel3 (5 Sep 2017 08:07:07)
[2017.09.04-08.07.07:367][394]LogPlayLevel: Creating play world package: /Game/SideScrollerBP/Maps/UEDPIE_0_Zaklevel3
[2017.09.04-08.07.07:385][394]LogPlayLevel: PIE: StaticDuplicateObject took: (0.018899s)
[2017.09.04-08.07.07:386][394]LogAIModule: Creating AISystem for world Zaklevel3
[2017.09.04-08.07.07:387][394]LogPlayLevel: PIE: World Init took: (0.001026s)
[2017.09.04-08.07.07:387][394]LogPlayLevel: PIE: Created PIE world by copying editor world from /Game/SideScrollerBP/Maps/Zaklevel3.Zaklevel3 to /Game/SideScrollerBP/Maps/UEDPIE_0_Zaklevel3.Zaklevel3 (0.020219s)
[2017.09.04-08.07.07:411][394]LogInit: XAudio2 using 'Speakers (High Definition Audio Device)' : 2 channels at 44.1 kHz using 16 bits per sample (channel mask 0x3)
[2017.09.04-08.07.07:417][394]LogInit: FAudioDevice initialized.
[2017.09.04-08.07.07:477][394]LogLoad: Game class is 'SideScrollerGameMode_C'
[2017.09.04-08.07.07:480][394]LogWorld: Bringing World /Game/SideScrollerBP/Maps/UEDPIE_0_Zaklevel3.Zaklevel3 up for play (max tick rate 0) at 2017.09.04-20.07.07
[2017.09.04-08.07.07:481][394]LogWorld: Bringing up level for play took: 0.002002
[2017.09.04-08.07.07:525][394]LogContentBrowser: Native class hierarchy updated for 'MovieSceneCapture' in 0.0006 seconds. Added 11 classes and 0 folders.
[2017.09.04-08.07.07:533][394]PIE: Info Play in editor start time for /Game/SideScrollerBP/Maps/UEDPIE_0_Zaklevel3 -0.619
[2017.09.04-08.07.07:534][394]LogBlueprintUserMessages: Late PlayInEditor Detection: Level '/Game/SideScrollerBP/Maps/Zaklevel3.Zaklevel3:PersistentLevel' has LevelScriptBlueprint '/Game/SideScrollerBP/Maps/Zaklevel3.Zaklevel3:PersistentLevel.Zaklevel3' with GeneratedClass '/Game/SideScrollerBP/Maps/Zaklevel3.Zaklevel3_C' with ClassGeneratedBy '/Game/SideScrollerBP/Maps/Zaklevel3.Zaklevel3:PersistentLevel.Zaklevel3'
[2017.09.04-08.07.07:583][394]LogRenderer: Reallocating scene render targets to support 1292x756 NumSamples 1 (Frame:20226).
[2017.09.04-08.07.26:502][612]LogNet: Browse: /Game/SideScrollerBP/Maps/Zaklevel3
[2017.09.04-08.07.26:502][612]LogLoad: LoadMap: /Game/SideScrollerBP/Maps/Zaklevel3
[2017.09.04-08.07.26:512][612]Cmd: MEM
[2017.09.04-08.07.26:522][612]LogMemory: Platform Memory Stats for Windows
[2017.09.04-08.07.26:522][612]LogMemory: Process Physical Memory: 1055.83 MB used, 1072.91 MB peak
[2017.09.04-08.07.26:522][612]LogMemory: Process Virtual Memory: 1949.27 MB used, 2188.16 MB peak
[2017.09.04-08.07.26:522][612]LogMemory: Physical Memory: 4890.47 MB used,  11278.19 MB free, 16168.66 MB total
[2017.09.04-08.07.26:522][612]LogMemory: Virtual Memory: 2684.43 MB used,  11278.19 MB free, 134217728.00 MB total
[2017.09.04-08.07.26:522][612]LogMemory: 
[2017.09.04-08.07.26:522][612]Allocator Stats for TBB: (not implemented)
[2017.09.04-08.07.26:522][612]LogPlayLevel: Creating play world package: /Game/SideScrollerBP/Maps/UEDPIE_0_Zaklevel3
[2017.09.04-08.07.26:540][612]LogPlayLevel: PIE: StaticDuplicateObject took: (0.018292s)
[2017.09.04-08.07.26:541][612]LogAIModule: Creating AISystem for world Zaklevel3
[2017.09.04-08.07.26:541][612]LogPlayLevel: PIE: World Init took: (0.001104s)
[2017.09.04-08.07.26:541][612]LogPlayLevel: PIE: Created PIE world by copying editor world from /Game/SideScrollerBP/Maps/Zaklevel3.Zaklevel3 to /Game/SideScrollerBP/Maps/UEDPIE_0_Zaklevel3.Zaklevel3 (0.019707s)
[2017.09.04-08.07.26:541][612]LogLoad: Game class is 'SideScrollerGameMode_C'
[2017.09.04-08.07.26:554][612]LogWorld: Bringing World /Game/SideScrollerBP/Maps/UEDPIE_0_Zaklevel3.Zaklevel3 up for play (max tick rate 0) at 2017.09.04-20.07.26
[2017.09.04-08.07.26:554][612]LogWorld: Bringing up level for play took: 0.011490
[2017.09.04-08.07.26:555][612]LogLoad: Took 0.053174 seconds to LoadMap(/Game/SideScrollerBP/Maps/UEDPIE_0_Zaklevel3)
[2017.09.04-08.07.26:709][628]LogBlueprintUserMessages: Early EndPlayMap Detection: Level '/Game/SideScrollerBP/Maps/Zaklevel3.Zaklevel3:PersistentLevel' has LevelScriptBlueprint '/Game/SideScrollerBP/Maps/Zaklevel3.Zaklevel3:PersistentLevel.Zaklevel3' with GeneratedClass '/Game/SideScrollerBP/Maps/Zaklevel3.Zaklevel3_C' with ClassGeneratedBy '/Game/SideScrollerBP/Maps/Zaklevel3.Zaklevel3:PersistentLevel.Zaklevel3'
[2017.09.04-08.07.26:764][628]LogBlueprintUserMessages: Late EndPlayMap Detection: Level '/Game/SideScrollerBP/Maps/Zaklevel3.Zaklevel3:PersistentLevel' has LevelScriptBlueprint '/Game/SideScrollerBP/Maps/Zaklevel3.Zaklevel3:PersistentLevel.Zaklevel3' with GeneratedClass '/Game/SideScrollerBP/Maps/Zaklevel3.Zaklevel3_C' with ClassGeneratedBy '/Game/SideScrollerBP/Maps/Zaklevel3.Zaklevel3:PersistentLevel.Zaklevel3'
[2017.09.04-08.07.37:988][897]Cmd: DELETE
[2017.09.04-08.07.37:988][897]Cmd: ACTOR DELETE
[2017.09.04-08.07.37:989][897]LogEditorActor: Deleted Actor: Z3_upstart_C
[2017.09.04-08.07.38:002][897]LogEditorActor: Deleted 1 Actors (0.014 secs)
[2017.09.04-08.07.45:645][766]LogEditorViewport: Clicking on Actor (LMB): winnerLevelOne_C (winnerLevelOne)
[2017.09.04-08.07.47:394][960]LogEditorViewport: Clicking on Actor (LMB): Z3_upstart_C (Z3_upstart)
[2017.09.04-08.07.52:102][498]LogTemp: Repeting last play command: New Editor Window (PIE)
[2017.09.04-08.07.52:118][498]LogBlueprintUserMessages: Early PlayInEditor Detection: Level '/Game/SideScrollerBP/Maps/Zaklevel3.Zaklevel3:PersistentLevel' has LevelScriptBlueprint '/Game/SideScrollerBP/Maps/Zaklevel3.Zaklevel3:PersistentLevel.Zaklevel3' with GeneratedClass '/Game/SideScrollerBP/Maps/Zaklevel3.Zaklevel3_C' with ClassGeneratedBy '/Game/SideScrollerBP/Maps/Zaklevel3.Zaklevel3:PersistentLevel.Zaklevel3'
[2017.09.04-08.07.52:118][498]LogPlayLevel: PlayLevel: No blueprints needed recompiling
[2017.09.04-08.07.52:118][498]PIE: New page: PIE session: Zaklevel3 (5 Sep 2017 08:07:52)
[2017.09.04-08.07.52:118][498]LogPlayLevel: Creating play world package: /Game/SideScrollerBP/Maps/UEDPIE_0_Zaklevel3
[2017.09.04-08.07.52:137][498]LogPlayLevel: PIE: StaticDuplicateObject took: (0.018459s)
[2017.09.04-08.07.52:137][498]LogAIModule: Creating AISystem for world Zaklevel3
[2017.09.04-08.07.52:138][498]LogPlayLevel: PIE: World Init took: (0.000908s)
[2017.09.04-08.07.52:138][498]LogPlayLevel: PIE: Created PIE world by copying editor world from /Game/SideScrollerBP/Maps/Zaklevel3.Zaklevel3 to /Game/SideScrollerBP/Maps/UEDPIE_0_Zaklevel3.Zaklevel3 (0.019667s)
[2017.09.04-08.07.52:165][498]LogInit: XAudio2 using 'Speakers (High Definition Audio Device)' : 2 channels at 44.1 kHz using 16 bits per sample (channel mask 0x3)
[2017.09.04-08.07.52:171][498]LogInit: FAudioDevice initialized.
[2017.09.04-08.07.52:212][498]LogLoad: Game class is 'SideScrollerGameMode_C'
[2017.09.04-08.07.52:214][498]LogWorld: Bringing World /Game/SideScrollerBP/Maps/UEDPIE_0_Zaklevel3.Zaklevel3 up for play (max tick rate 0) at 2017.09.04-20.07.52
[2017.09.04-08.07.52:215][498]LogWorld: Bringing up level for play took: 0.001752
[2017.09.04-08.07.52:219][498]PIE: Info Play in editor start time for /Game/SideScrollerBP/Maps/UEDPIE_0_Zaklevel3 0.067
[2017.09.04-08.07.52:220][498]LogBlueprintUserMessages: Late PlayInEditor Detection: Level '/Game/SideScrollerBP/Maps/Zaklevel3.Zaklevel3:PersistentLevel' has LevelScriptBlueprint '/Game/SideScrollerBP/Maps/Zaklevel3.Zaklevel3:PersistentLevel.Zaklevel3' with GeneratedClass '/Game/SideScrollerBP/Maps/Zaklevel3.Zaklevel3_C' with ClassGeneratedBy '/Game/SideScrollerBP/Maps/Zaklevel3.Zaklevel3:PersistentLevel.Zaklevel3'
[2017.09.04-08.07.54:823][796]LogBlueprintUserMessages: Early EndPlayMap Detection: Level '/Game/SideScrollerBP/Maps/Zaklevel3.Zaklevel3:PersistentLevel' has LevelScriptBlueprint '/Game/SideScrollerBP/Maps/Zaklevel3.Zaklevel3:PersistentLevel.Zaklevel3' with GeneratedClass '/Game/SideScrollerBP/Maps/Zaklevel3.Zaklevel3_C' with ClassGeneratedBy '/Game/SideScrollerBP/Maps/Zaklevel3.Zaklevel3:PersistentLevel.Zaklevel3'
[2017.09.04-08.07.54:874][796]LogBlueprintUserMessages: Late EndPlayMap Detection: Level '/Game/SideScrollerBP/Maps/Zaklevel3.Zaklevel3:PersistentLevel' has LevelScriptBlueprint '/Game/SideScrollerBP/Maps/Zaklevel3.Zaklevel3:PersistentLevel.Zaklevel3' with GeneratedClass '/Game/SideScrollerBP/Maps/Zaklevel3.Zaklevel3_C' with ClassGeneratedBy '/Game/SideScrollerBP/Maps/Zaklevel3.Zaklevel3:PersistentLevel.Zaklevel3'
[2017.09.04-08.07.56:448][915]LogContentBrowser: Native class hierarchy updated for 'BlueprintGraph' in 0.0009 seconds. Added 111 classes and 0 folders.
[2017.09.04-08.08.02:301][314]BlueprintLog: New page: Compile Z3_upstart
[2017.09.04-08.08.02:839][342]LogSavePackage: Save=22.31ms
[2017.09.04-08.08.02:839][342]LogSavePackage: Moving '../../../../../../Users/sakthi/Documents/GitHub/CUBE-JUMP/Saved/Z3_upstartFFA88A6F4CEBB84DE946869A2A87CE38.tmp' to '../../../../../../Users/sakthi/Documents/GitHub/CUBE-JUMP/Content/SideScrollerBP/Blueprints/TOOLS/ZakLevelTimers_3/Z3_upstart.uasset'
[2017.09.04-08.08.02:845][342]LogSavePackage:Display: Finished SavePackage ../../../../../../Users/sakthi/Documents/GitHub/CUBE-JUMP/Content/SideScrollerBP/Blueprints/TOOLS/ZakLevelTimers_3/Z3_upstart.uasset
[2017.09.04-08.08.03:666][408]LogTemp: Repeting last play command: New Editor Window (PIE)
[2017.09.04-08.08.03:686][408]LogBlueprintUserMessages: Early PlayInEditor Detection: Level '/Game/SideScrollerBP/Maps/Zaklevel3.Zaklevel3:PersistentLevel' has LevelScriptBlueprint '/Game/SideScrollerBP/Maps/Zaklevel3.Zaklevel3:PersistentLevel.Zaklevel3' with GeneratedClass '/Game/SideScrollerBP/Maps/Zaklevel3.Zaklevel3_C' with ClassGeneratedBy '/Game/SideScrollerBP/Maps/Zaklevel3.Zaklevel3:PersistentLevel.Zaklevel3'
[2017.09.04-08.08.03:687][408]LogPlayLevel: PlayLevel: No blueprints needed recompiling
[2017.09.04-08.08.03:687][408]PIE: New page: PIE session: Zaklevel3 (5 Sep 2017 08:08:03)
[2017.09.04-08.08.03:687][408]LogPlayLevel: Creating play world package: /Game/SideScrollerBP/Maps/UEDPIE_0_Zaklevel3
[2017.09.04-08.08.03:705][408]LogPlayLevel: PIE: StaticDuplicateObject took: (0.018140s)
[2017.09.04-08.08.03:706][408]LogAIModule: Creating AISystem for world Zaklevel3
[2017.09.04-08.08.03:706][408]LogPlayLevel: PIE: World Init took: (0.001019s)
[2017.09.04-08.08.03:706][408]LogPlayLevel: PIE: Created PIE world by copying editor world from /Game/SideScrollerBP/Maps/Zaklevel3.Zaklevel3 to /Game/SideScrollerBP/Maps/UEDPIE_0_Zaklevel3.Zaklevel3 (0.019456s)
[2017.09.04-08.08.03:730][408]LogInit: XAudio2 using 'Speakers (High Definition Audio Device)' : 2 channels at 44.1 kHz using 16 bits per sample (channel mask 0x3)
[2017.09.04-08.08.03:735][408]LogInit: FAudioDevice initialized.
[2017.09.04-08.08.03:775][408]LogLoad: Game class is 'SideScrollerGameMode_C'
[2017.09.04-08.08.03:778][408]LogWorld: Bringing World /Game/SideScrollerBP/Maps/UEDPIE_0_Zaklevel3.Zaklevel3 up for play (max tick rate 0) at 2017.09.04-20.08.03
[2017.09.04-08.08.03:778][408]LogWorld: Bringing up level for play took: 0.001623
[2017.09.04-08.08.03:785][408]PIE: Info Play in editor start time for /Game/SideScrollerBP/Maps/UEDPIE_0_Zaklevel3 -0.368
[2017.09.04-08.08.03:785][408]LogBlueprintUserMessages: Late PlayInEditor Detection: Level '/Game/SideScrollerBP/Maps/Zaklevel3.Zaklevel3:PersistentLevel' has LevelScriptBlueprint '/Game/SideScrollerBP/Maps/Zaklevel3.Zaklevel3:PersistentLevel.Zaklevel3' with GeneratedClass '/Game/SideScrollerBP/Maps/Zaklevel3.Zaklevel3_C' with ClassGeneratedBy '/Game/SideScrollerBP/Maps/Zaklevel3.Zaklevel3:PersistentLevel.Zaklevel3'
[2017.09.04-08.08.08:108][743]LogBlueprintUserMessages: Early EndPlayMap Detection: Level '/Game/SideScrollerBP/Maps/Zaklevel3.Zaklevel3:PersistentLevel' has LevelScriptBlueprint '/Game/SideScrollerBP/Maps/Zaklevel3.Zaklevel3:PersistentLevel.Zaklevel3' with GeneratedClass '/Game/SideScrollerBP/Maps/Zaklevel3.Zaklevel3_C' with ClassGeneratedBy '/Game/SideScrollerBP/Maps/Zaklevel3.Zaklevel3:PersistentLevel.Zaklevel3'
[2017.09.04-08.08.08:169][743]LogBlueprintUserMessages: Late EndPlayMap Detection: Level '/Game/SideScrollerBP/Maps/Zaklevel3.Zaklevel3:PersistentLevel' has LevelScriptBlueprint '/Game/SideScrollerBP/Maps/Zaklevel3.Zaklevel3:PersistentLevel.Zaklevel3' with GeneratedClass '/Game/SideScrollerBP/Maps/Zaklevel3.Zaklevel3_C' with ClassGeneratedBy '/Game/SideScrollerBP/Maps/Zaklevel3.Zaklevel3:PersistentLevel.Zaklevel3'
[2017.09.04-08.08.18:547][587]BlueprintLog: New page: Compile Z3_rightstart
[2017.09.04-08.08.46:789][173]LogTemp: Repeting last play command: New Editor Window (PIE)
[2017.09.04-08.08.46:804][173]LogBlueprintUserMessages: Early PlayInEditor Detection: Level '/Game/SideScrollerBP/Maps/Zaklevel3.Zaklevel3:PersistentLevel' has LevelScriptBlueprint '/Game/SideScrollerBP/Maps/Zaklevel3.Zaklevel3:PersistentLevel.Zaklevel3' with GeneratedClass '/Game/SideScrollerBP/Maps/Zaklevel3.Zaklevel3_C' with ClassGeneratedBy '/Game/SideScrollerBP/Maps/Zaklevel3.Zaklevel3:PersistentLevel.Zaklevel3'
[2017.09.04-08.08.46:804][173]LogPlayLevel: PlayLevel: No blueprints needed recompiling
[2017.09.04-08.08.46:804][173]PIE: New page: PIE session: Zaklevel3 (5 Sep 2017 08:08:46)
[2017.09.04-08.08.46:804][173]LogPlayLevel: Creating play world package: /Game/SideScrollerBP/Maps/UEDPIE_0_Zaklevel3
[2017.09.04-08.08.46:823][173]LogPlayLevel: PIE: StaticDuplicateObject took: (0.019422s)
[2017.09.04-08.08.46:824][173]LogAIModule: Creating AISystem for world Zaklevel3
[2017.09.04-08.08.46:825][173]LogPlayLevel: PIE: World Init took: (0.001125s)
[2017.09.04-08.08.46:825][173]LogPlayLevel: PIE: Created PIE world by copying editor world from /Game/SideScrollerBP/Maps/Zaklevel3.Zaklevel3 to /Game/SideScrollerBP/Maps/UEDPIE_0_Zaklevel3.Zaklevel3 (0.020851s)
[2017.09.04-08.08.46:853][173]LogInit: XAudio2 using 'Speakers (High Definition Audio Device)' : 2 channels at 44.1 kHz using 16 bits per sample (channel mask 0x3)
[2017.09.04-08.08.46:870][173]LogInit: FAudioDevice initialized.
[2017.09.04-08.08.46:914][173]LogLoad: Game class is 'SideScrollerGameMode_C'
[2017.09.04-08.08.46:917][173]LogWorld: Bringing World /Game/SideScrollerBP/Maps/UEDPIE_0_Zaklevel3.Zaklevel3 up for play (max tick rate 0) at 2017.09.04-20.08.46
[2017.09.04-08.08.46:917][173]LogWorld: Bringing up level for play took: 0.001605
[2017.09.04-08.08.46:924][173]PIE: Info Play in editor start time for /Game/SideScrollerBP/Maps/UEDPIE_0_Zaklevel3 0.771
[2017.09.04-08.08.46:924][173]LogBlueprintUserMessages: Late PlayInEditor Detection: Level '/Game/SideScrollerBP/Maps/Zaklevel3.Zaklevel3:PersistentLevel' has LevelScriptBlueprint '/Game/SideScrollerBP/Maps/Zaklevel3.Zaklevel3:PersistentLevel.Zaklevel3' with GeneratedClass '/Game/SideScrollerBP/Maps/Zaklevel3.Zaklevel3_C' with ClassGeneratedBy '/Game/SideScrollerBP/Maps/Zaklevel3.Zaklevel3:PersistentLevel.Zaklevel3'
[2017.09.04-08.08.59:355][189]LogNet: Browse: /Game/SideScrollerBP/Maps/Zaklevel3
[2017.09.04-08.08.59:355][189]LogLoad: LoadMap: /Game/SideScrollerBP/Maps/Zaklevel3
[2017.09.04-08.08.59:371][189]Cmd: MEM
[2017.09.04-08.08.59:386][189]LogMemory: Platform Memory Stats for Windows
[2017.09.04-08.08.59:386][189]LogMemory: Process Physical Memory: 1254.13 MB used, 1264.00 MB peak
[2017.09.04-08.08.59:386][189]LogMemory: Process Virtual Memory: 2322.46 MB used, 2356.59 MB peak
[2017.09.04-08.08.59:386][189]LogMemory: Physical Memory: 5139.61 MB used,  11029.04 MB free, 16168.66 MB total
[2017.09.04-08.08.59:386][189]LogMemory: Virtual Memory: 3044.60 MB used,  11029.04 MB free, 134217728.00 MB total
[2017.09.04-08.08.59:386][189]LogMemory: 
[2017.09.04-08.08.59:386][189]Allocator Stats for TBB: (not implemented)
[2017.09.04-08.08.59:386][189]LogPlayLevel: Creating play world package: /Game/SideScrollerBP/Maps/UEDPIE_0_Zaklevel3
[2017.09.04-08.08.59:400][189]LogPlayLevel: PIE: StaticDuplicateObject took: (0.013947s)
[2017.09.04-08.08.59:400][189]LogAIModule: Creating AISystem for world Zaklevel3
[2017.09.04-08.08.59:400][189]LogPlayLevel: PIE: World Init took: (0.000727s)
[2017.09.04-08.08.59:401][189]LogPlayLevel: PIE: Created PIE world by copying editor world from /Game/SideScrollerBP/Maps/Zaklevel3.Zaklevel3 to /Game/SideScrollerBP/Maps/UEDPIE_0_Zaklevel3.Zaklevel3 (0.014951s)
[2017.09.04-08.08.59:401][189]LogLoad: Game class is 'SideScrollerGameMode_C'
[2017.09.04-08.08.59:412][189]LogWorld: Bringing World /Game/SideScrollerBP/Maps/UEDPIE_0_Zaklevel3.Zaklevel3 up for play (max tick rate 0) at 2017.09.04-20.08.59
[2017.09.04-08.08.59:412][189]LogWorld: Bringing up level for play took: 0.010444
[2017.09.04-08.08.59:413][189]LogLoad: Took 0.058169 seconds to LoadMap(/Game/SideScrollerBP/Maps/UEDPIE_0_Zaklevel3)
[2017.09.04-08.09.07:463][855]LogNet: Browse: /Game/SideScrollerBP/Maps/Zaklevel3
[2017.09.04-08.09.07:463][855]LogLoad: LoadMap: /Game/SideScrollerBP/Maps/Zaklevel3
[2017.09.04-08.09.07:480][855]Cmd: MEM
[2017.09.04-08.09.07:494][855]LogMemory: Platform Memory Stats for Windows
[2017.09.04-08.09.07:494][855]LogMemory: Process Physical Memory: 1256.09 MB used, 1266.90 MB peak
[2017.09.04-08.09.07:494][855]LogMemory: Process Virtual Memory: 2237.73 MB used, 2429.01 MB peak
[2017.09.04-08.09.07:494][855]LogMemory: Physical Memory: 5152.48 MB used,  11016.18 MB free, 16168.66 MB total
[2017.09.04-08.09.07:494][855]LogMemory: Virtual Memory: 2958.85 MB used,  11016.18 MB free, 134217728.00 MB total
[2017.09.04-08.09.07:494][855]LogMemory: 
[2017.09.04-08.09.07:494][855]Allocator Stats for TBB: (not implemented)
[2017.09.04-08.09.07:494][855]LogPlayLevel: Creating play world package: /Game/SideScrollerBP/Maps/UEDPIE_0_Zaklevel3
[2017.09.04-08.09.07:508][855]LogPlayLevel: PIE: StaticDuplicateObject took: (0.013494s)
[2017.09.04-08.09.07:508][855]LogAIModule: Creating AISystem for world Zaklevel3
[2017.09.04-08.09.07:509][855]LogPlayLevel: PIE: World Init took: (0.000881s)
[2017.09.04-08.09.07:509][855]LogPlayLevel: PIE: Created PIE world by copying editor world from /Game/SideScrollerBP/Maps/Zaklevel3.Zaklevel3 to /Game/SideScrollerBP/Maps/UEDPIE_0_Zaklevel3.Zaklevel3 (0.014675s)
[2017.09.04-08.09.07:509][855]LogLoad: Game class is 'SideScrollerGameMode_C'
[2017.09.04-08.09.07:520][855]LogWorld: Bringing World /Game/SideScrollerBP/Maps/UEDPIE_0_Zaklevel3.Zaklevel3 up for play (max tick rate 0) at 2017.09.04-20.09.07
[2017.09.04-08.09.07:520][855]LogWorld: Bringing up level for play took: 0.010201
[2017.09.04-08.09.07:521][855]LogLoad: Took 0.058312 seconds to LoadMap(/Game/SideScrollerBP/Maps/UEDPIE_0_Zaklevel3)
[2017.09.04-08.09.07:894][885]LogBlueprintUserMessages: Early EndPlayMap Detection: Level '/Game/SideScrollerBP/Maps/Zaklevel3.Zaklevel3:PersistentLevel' has LevelScriptBlueprint '/Game/SideScrollerBP/Maps/Zaklevel3.Zaklevel3:PersistentLevel.Zaklevel3' with GeneratedClass '/Game/SideScrollerBP/Maps/Zaklevel3.Zaklevel3_C' with ClassGeneratedBy '/Game/SideScrollerBP/Maps/Zaklevel3.Zaklevel3:PersistentLevel.Zaklevel3'
[2017.09.04-08.09.07:951][885]LogBlueprintUserMessages: Late EndPlayMap Detection: Level '/Game/SideScrollerBP/Maps/Zaklevel3.Zaklevel3:PersistentLevel' has LevelScriptBlueprint '/Game/SideScrollerBP/Maps/Zaklevel3.Zaklevel3:PersistentLevel.Zaklevel3' with GeneratedClass '/Game/SideScrollerBP/Maps/Zaklevel3.Zaklevel3_C' with ClassGeneratedBy '/Game/SideScrollerBP/Maps/Zaklevel3.Zaklevel3:PersistentLevel.Zaklevel3'
[2017.09.04-08.09.11:490][184]LogTemp: Repeting last play command: New Editor Window (PIE)
[2017.09.04-08.09.11:513][184]LogBlueprintUserMessages: Early PlayInEditor Detection: Level '/Game/SideScrollerBP/Maps/Zaklevel3.Zaklevel3:PersistentLevel' has LevelScriptBlueprint '/Game/SideScrollerBP/Maps/Zaklevel3.Zaklevel3:PersistentLevel.Zaklevel3' with GeneratedClass '/Game/SideScrollerBP/Maps/Zaklevel3.Zaklevel3_C' with ClassGeneratedBy '/Game/SideScrollerBP/Maps/Zaklevel3.Zaklevel3:PersistentLevel.Zaklevel3'
[2017.09.04-08.09.11:513][184]LogPlayLevel: PlayLevel: No blueprints needed recompiling
[2017.09.04-08.09.11:514][184]PIE: New page: PIE session: Zaklevel3 (5 Sep 2017 08:09:11)
[2017.09.04-08.09.11:514][184]LogPlayLevel: Creating play world package: /Game/SideScrollerBP/Maps/UEDPIE_0_Zaklevel3
[2017.09.04-08.09.11:529][184]LogPlayLevel: PIE: StaticDuplicateObject took: (0.015756s)
[2017.09.04-08.09.11:530][184]LogAIModule: Creating AISystem for world Zaklevel3
[2017.09.04-08.09.11:530][184]LogPlayLevel: PIE: World Init took: (0.000764s)
[2017.09.04-08.09.11:530][184]LogPlayLevel: PIE: Created PIE world by copying editor world from /Game/SideScrollerBP/Maps/Zaklevel3.Zaklevel3 to /Game/SideScrollerBP/Maps/UEDPIE_0_Zaklevel3.Zaklevel3 (0.016802s)
[2017.09.04-08.09.11:563][184]LogInit: XAudio2 using 'Speakers (High Definition Audio Device)' : 2 channels at 44.1 kHz using 16 bits per sample (channel mask 0x3)
[2017.09.04-08.09.11:570][184]LogInit: FAudioDevice initialized.
[2017.09.04-08.09.11:614][184]LogLoad: Game class is 'SideScrollerGameMode_C'
[2017.09.04-08.09.11:616][184]LogWorld: Bringing World /Game/SideScrollerBP/Maps/UEDPIE_0_Zaklevel3.Zaklevel3 up for play (max tick rate 0) at 2017.09.04-20.09.11
[2017.09.04-08.09.11:616][184]LogWorld: Bringing up level for play took: 0.001781
[2017.09.04-08.09.11:623][184]PIE: Info Play in editor start time for /Game/SideScrollerBP/Maps/UEDPIE_0_Zaklevel3 -0.529
[2017.09.04-08.09.11:624][184]LogBlueprintUserMessages: Late PlayInEditor Detection: Level '/Game/SideScrollerBP/Maps/Zaklevel3.Zaklevel3:PersistentLevel' has LevelScriptBlueprint '/Game/SideScrollerBP/Maps/Zaklevel3.Zaklevel3:PersistentLevel.Zaklevel3' with GeneratedClass '/Game/SideScrollerBP/Maps/Zaklevel3.Zaklevel3_C' with ClassGeneratedBy '/Game/SideScrollerBP/Maps/Zaklevel3.Zaklevel3:PersistentLevel.Zaklevel3'
[2017.09.04-08.09.23:584][152]LogNet: Browse: /Game/SideScrollerBP/Maps/LevelTWO
[2017.09.04-08.09.23:584][152]LogLoad: LoadMap: /Game/SideScrollerBP/Maps/LevelTWO
[2017.09.04-08.09.23:602][152]Cmd: MEM
[2017.09.04-08.09.23:616][152]LogMemory: Platform Memory Stats for Windows
[2017.09.04-08.09.23:616][152]LogMemory: Process Physical Memory: 1256.65 MB used, 1267.88 MB peak
[2017.09.04-08.09.23:616][152]LogMemory: Process Virtual Memory: 2331.82 MB used, 2429.01 MB peak
[2017.09.04-08.09.23:616][152]LogMemory: Physical Memory: 5071.27 MB used,  11097.39 MB free, 16168.66 MB total
[2017.09.04-08.09.23:616][152]LogMemory: Virtual Memory: 3052.22 MB used,  11097.39 MB free, 134217728.00 MB total
[2017.09.04-08.09.23:616][152]LogMemory: 
[2017.09.04-08.09.23:616][152]Allocator Stats for TBB: (not implemented)
[2017.09.04-08.09.23:656][152]LogStats: FPlatformStackWalk::StackWalkAndDump -  0.009 s
[2017.09.04-08.09.23:656][152]LogOutputDevice:Error: === Handled ensure: ===
[2017.09.04-08.09.23:656][152]LogOutputDevice:Error: 
[2017.09.04-08.09.23:656][152]LogOutputDevice:Error: Ensure condition failed: IsObjectValidForDatabase(AssetObject) [File:D:\Build\++UE4+Release-4.14+Compile\Sync\Engine\Source\Editor\BlueprintGraph\Private\BlueprintActionDatabase.cpp] [Line: 1263]
[2017.09.04-08.09.23:656][152]LogOutputDevice:Error: 
[2017.09.04-08.09.23:656][152]LogOutputDevice:Error: Stack: 
[2017.09.04-08.09.23:656][152]LogOutputDevice:Error: UE4Editor-Core.dll
[2017.09.04-08.09.23:656][152]LogOutputDevice:Error: UE4Editor-Core.dll
[2017.09.04-08.09.23:656][152]LogOutputDevice:Error: UE4Editor-Core.dll
[2017.09.04-08.09.23:656][152]LogOutputDevice:Error: UE4Editor-BlueprintGraph.dll
[2017.09.04-08.09.23:656][152]LogOutputDevice:Error: UE4Editor-BlueprintGraph.dll
[2017.09.04-08.09.23:656][152]LogOutputDevice:Error: UE4Editor-CoreUObject.dll
[2017.09.04-08.09.23:656][152]LogOutputDevice:Error: UE4Editor-CoreUObject.dll
[2017.09.04-08.09.23:656][152]LogOutputDevice:Error: UE4Editor-CoreUObject.dll
[2017.09.04-08.09.23:656][152]LogOutputDevice:Error: UE4Editor-CoreUObject.dll
[2017.09.04-08.09.23:656][152]LogOutputDevice:Error: UE4Editor-Engine.dll
[2017.09.04-08.09.23:656][152]LogOutputDevice:Error: UE4Editor-Engine.dll
[2017.09.04-08.09.23:656][152]LogOutputDevice:Error: UE4Editor-Engine.dll
[2017.09.04-08.09.23:656][152]LogOutputDevice:Error: UE4Editor-UnrealEd.dll
[2017.09.04-08.09.23:656][152]LogOutputDevice:Error: UE4Editor-UnrealEd.dll
[2017.09.04-08.09.23:656][152]LogOutputDevice:Error: UE4Editor.exe
[2017.09.04-08.09.23:656][152]LogOutputDevice:Error: UE4Editor.exe
[2017.09.04-08.09.23:656][152]LogOutputDevice:Error: UE4Editor.exe
[2017.09.04-08.09.23:656][152]LogOutputDevice:Error: UE4Editor.exe
[2017.09.04-08.09.23:656][152]LogOutputDevice:Error: UE4Editor.exe
[2017.09.04-08.09.23:656][152]LogOutputDevice:Error: KERNEL32.DLL
[2017.09.04-08.09.23:656][152]LogOutputDevice:Error: ntdll.dll
[2017.09.04-08.09.23:656][152]LogOutputDevice:Error: 
[2017.09.04-08.09.23:658][152]LogStats:                SubmitErrorReport -  0.000 s
