Log file open, 09/05/17 00:29:59
LogInit:Display: Running engine for game: MyProject2
LogPlatformFile: Not using cached read wrapper
LogInit:Display: RandInit(-582570536) SRandInit(-582570536).
LogTaskGraph: Started task graph with 5 named threads and 8 total threads with 1 sets of task threads.
LogStats: Stats thread started at 0.107394
LogPluginManager: Loaded Plugin Paper2D, From E:/Unreal t/UE_4.14/Engine/Plugins/2D/Paper2D/Paper2D.uplugin
LogPluginManager: Loaded Plugin LightPropagationVolume, From E:/Unreal t/UE_4.14/Engine/Plugins/Blendables/LightPropagationVolume/LightPropagationVolume.uplugin
LogPluginManager: Loaded Plugin BlankPlugin, From E:/Unreal t/UE_4.14/Engine/Plugins/Developer/BlankPlugin/BlankPlugin.uplugin
LogPluginManager: Loaded Plugin CodeLiteSourceCodeAccess, From E:/Unreal t/UE_4.14/Engine/Plugins/Developer/CodeLiteSourceCodeAccess/CodeLiteSourceCodeAccess.uplugin
LogPluginManager: Loaded Plugin GitSourceControl, From E:/Unreal t/UE_4.14/Engine/Plugins/Developer/GitSourceControl/GitSourceControl.uplugin
LogPluginManager: Loaded Plugin KDevelopSourceCodeAccess, From E:/Unreal t/UE_4.14/Engine/Plugins/Developer/KDevelopSourceCodeAccess/KDevelopSourceCodeAccess.uplugin
LogPluginManager: Loaded Plugin NullSourceCodeAccess, From E:/Unreal t/UE_4.14/Engine/Plugins/Developer/NullSourceCodeAccess/NullSourceCodeAccess.uplugin
LogPluginManager: Loaded Plugin OneSkyLocalizationService, From E:/Unreal t/UE_4.14/Engine/Plugins/Developer/OneSkyLocalizationService/OneSkyLocalizationService.uplugin
LogPluginManager: Loaded Plugin PerforceSourceControl, From E:/Unreal t/UE_4.14/Engine/Plugins/Developer/PerforceSourceControl/PerforceSourceControl.uplugin
LogPluginManager: Loaded Plugin SubversionSourceControl, From E:/Unreal t/UE_4.14/Engine/Plugins/Developer/SubversionSourceControl/SubversionSourceControl.uplugin
LogPluginManager: Loaded Plugin UObjectPlugin, From E:/Unreal t/UE_4.14/Engine/Plugins/Developer/UObjectPlugin/UObjectPlugin.uplugin
LogPluginManager: Loaded Plugin VisualStudioSourceCodeAccess, From E:/Unreal t/UE_4.14/Engine/Plugins/Developer/VisualStudioSourceCodeAccess/VisualStudioSourceCodeAccess.uplugin
LogPluginManager: Loaded Plugin XCodeSourceCodeAccess, From E:/Unreal t/UE_4.14/Engine/Plugins/Developer/XCodeSourceCodeAccess/XCodeSourceCodeAccess.uplugin
LogPluginManager: Loaded Plugin AudioCapture, From E:/Unreal t/UE_4.14/Engine/Plugins/Editor/AudioCapture/AudioCapture.uplugin
LogPluginManager: Loaded Plugin EpicSurvey, From E:/Unreal t/UE_4.14/Engine/Plugins/Editor/EpicSurvey/EpicSurvey.uplugin
LogPluginManager: Loaded Plugin MacGraphicsSwitching, From E:/Unreal t/UE_4.14/Engine/Plugins/Editor/MacGraphicsSwitching/MacGraphicsSwitching.uplugin
LogPluginManager: Loaded Plugin MobileLauncherProfileWizard, From E:/Unreal t/UE_4.14/Engine/Plugins/Editor/MobileLauncherProfileWizard/MobileLauncherProfileWizard.uplugin
LogPluginManager: Loaded Plugin PluginBrowser, From E:/Unreal t/UE_4.14/Engine/Plugins/Editor/PluginBrowser/PluginBrowser.uplugin
LogPluginManager: Loaded Plugin SpeedTreeImporter, From E:/Unreal t/UE_4.14/Engine/Plugins/Editor/SpeedTreeImporter/SpeedTreeImporter.uplugin
LogPluginManager: Loaded Plugin SuperSearchEditor, From E:/Unreal t/UE_4.14/Engine/Plugins/Editor/SuperSearchEditor/SuperSearchEditor.uplugin
LogPluginManager: Loaded Plugin AlembicImporter, From E:/Unreal t/UE_4.14/Engine/Plugins/Experimental/AlembicImporter/AlembicImporter.uplugin
LogPluginManager: Loaded Plugin BlueprintStats, From E:/Unreal t/UE_4.14/Engine/Plugins/Experimental/BlueprintStats/BlueprintStats.uplugin
LogPluginManager: Loaded Plugin CharacterAI, From E:/Unreal t/UE_4.14/Engine/Plugins/Experimental/CharacterAI/CharacterAI.uplugin
LogPluginManager: Loaded Plugin CodeEditor, From E:/Unreal t/UE_4.14/Engine/Plugins/Experimental/CodeEditor/CodeEditor.uplugin
LogPluginManager: Loaded Plugin CodeView, From E:/Unreal t/UE_4.14/Engine/Plugins/Experimental/CodeView/CodeView.uplugin
LogPluginManager: Loaded Plugin HTML5Networking, From E:/Unreal t/UE_4.14/Engine/Plugins/Experimental/HTML5Networking/HTML5Networking.uplugin
LogPluginManager: Loaded Plugin OSVR, From E:/Unreal t/UE_4.14/Engine/Plugins/Experimental/OSVR/OSVR.uplugin
LogPluginManager: Loaded Plugin Phya, From E:/Unreal t/UE_4.14/Engine/Plugins/Experimental/Phya/Phya.uplugin
LogPluginManager: Loaded Plugin SignificanceManager, From E:/Unreal t/UE_4.14/Engine/Plugins/Experimental/SignificanceManager/SignificanceManager.uplugin
LogPluginManager: Loaded Plugin SimpleHMD, From E:/Unreal t/UE_4.14/Engine/Plugins/Experimental/SimpleHMD/SimpleHMD.uplugin
LogPluginManager: Loaded Plugin StereoPanorama, From E:/Unreal t/UE_4.14/Engine/Plugins/Experimental/StereoPanorama/StereoPanorama.uplugin
LogPluginManager: Loaded Plugin StructBox, From E:/Unreal t/UE_4.14/Engine/Plugins/Experimental/StructBox/StructBox.uplugin
LogPluginManager: Loaded Plugin Substance, From E:/Unreal t/UE_4.14/Engine/Plugins/Marketplace/Substance/Substance.uplugin
LogPluginManager: Loaded Plugin AndroidMedia, From E:/Unreal t/UE_4.14/Engine/Plugins/Media/AndroidMedia/AndroidMedia.uplugin
LogPluginManager: Loaded Plugin AvfMedia, From E:/Unreal t/UE_4.14/Engine/Plugins/Media/AvfMedia/AvfMedia.uplugin
LogPluginManager: Loaded Plugin MediaPlayerEditor, From E:/Unreal t/UE_4.14/Engine/Plugins/Media/MediaPlayerEditor/MediaPlayerEditor.uplugin
LogPluginManager: Loaded Plugin WmfMedia, From E:/Unreal t/UE_4.14/Engine/Plugins/Media/WmfMedia/WmfMedia.uplugin
LogPluginManager: Loaded Plugin MessagingDebugger, From E:/Unreal t/UE_4.14/Engine/Plugins/Messaging/MessagingDebugger/MessagingDebugger.uplugin
LogPluginManager: Loaded Plugin TcpMessaging, From E:/Unreal t/UE_4.14/Engine/Plugins/Messaging/TcpMessaging/TcpMessaging.uplugin
LogPluginManager: Loaded Plugin UdpMessaging, From E:/Unreal t/UE_4.14/Engine/Plugins/Messaging/UdpMessaging/UdpMessaging.uplugin
LogPluginManager: Loaded Plugin LevelSequenceEditor, From E:/Unreal t/UE_4.14/Engine/Plugins/MovieScene/LevelSequenceEditor/LevelSequenceEditor.uplugin
LogPluginManager: Loaded Plugin MatineeToLevelSequence, From E:/Unreal t/UE_4.14/Engine/Plugins/MovieScene/MatineeToLevelSequence/MatineeToLevelSequence.uplugin
LogPluginManager: Loaded Plugin NetcodeUnitTest, From E:/Unreal t/UE_4.14/Engine/Plugins/NetcodeUnitTest/NetcodeUnitTest/NetcodeUnitTest.uplugin
LogPluginManager: Loaded Plugin NUTUnrealEngine4, From E:/Unreal t/UE_4.14/Engine/Plugins/NetcodeUnitTest/NUTUnrealEngine4/NUTUnrealEngine4.uplugin
LogPluginManager: Loaded Plugin OnlineSubsystemGameCircle, From E:/Unreal t/UE_4.14/Engine/Plugins/Online/Android/OnlineSubsystemGameCircle/OnlineSubsystemGameCircle.uplugin
LogPluginManager: Loaded Plugin OnlineSubsystemGooglePlay, From E:/Unreal t/UE_4.14/Engine/Plugins/Online/Android/OnlineSubsystemGooglePlay/OnlineSubsystemGooglePlay.uplugin
LogPluginManager: Loaded Plugin OnlineSubsystemIOS, From E:/Unreal t/UE_4.14/Engine/Plugins/Online/IOS/OnlineSubsystemIOS/OnlineSubsystemIOS.uplugin
LogPluginManager: Loaded Plugin OnlineFramework, From E:/Unreal t/UE_4.14/Engine/Plugins/Online/OnlineFramework/OnlineFramework.uplugin
LogPluginManager: Loaded Plugin OnlineSubsystem, From E:/Unreal t/UE_4.14/Engine/Plugins/Online/OnlineSubsystem/OnlineSubsystem.uplugin
LogPluginManager: Loaded Plugin OnlineSubsystemAmazon, From E:/Unreal t/UE_4.14/Engine/Plugins/Online/OnlineSubsystemAmazon/OnlineSubsystemAmazon.uplugin
LogPluginManager: Loaded Plugin OnlineSubsystemFacebook, From E:/Unreal t/UE_4.14/Engine/Plugins/Online/OnlineSubsystemFacebook/OnlineSubsystemFacebook.uplugin
LogPluginManager: Loaded Plugin OnlineSubsystemNull, From E:/Unreal t/UE_4.14/Engine/Plugins/Online/OnlineSubsystemNull/OnlineSubsystemNull.uplugin
LogPluginManager: Loaded Plugin OnlineSubsystemOculus, From E:/Unreal t/UE_4.14/Engine/Plugins/Online/OnlineSubsystemOculus/OnlineSubsystemOculus.uplugin
LogPluginManager: Loaded Plugin OnlineSubsystemSteam, From E:/Unreal t/UE_4.14/Engine/Plugins/Online/OnlineSubsystemSteam/OnlineSubsystemSteam.uplugin
LogPluginManager: Loaded Plugin OnlineSubsystemUtils, From E:/Unreal t/UE_4.14/Engine/Plugins/Online/OnlineSubsystemUtils/OnlineSubsystemUtils.uplugin
LogPluginManager: Loaded Plugin IOSTapJoy, From E:/Unreal t/UE_4.14/Engine/Plugins/Runtime/Advertising/IOSTapJoy/IOSTapJoy.uplugin
LogPluginManager: Loaded Plugin AnalyticsBlueprintLibrary, From E:/Unreal t/UE_4.14/Engine/Plugins/Runtime/Analytics/AnalyticsBlueprintLibrary/AnalyticsBlueprintLibrary.uplugin
LogPluginManager: Loaded Plugin AnalyticsMulticast, From E:/Unreal t/UE_4.14/Engine/Plugins/Runtime/Analytics/AnalyticsMulticast/AnalyticsMulticast.uplugin
LogPluginManager: Loaded Plugin Apsalar, From E:/Unreal t/UE_4.14/Engine/Plugins/Runtime/Analytics/Apsalar/Apsalar.uplugin
LogPluginManager: Loaded Plugin FileLogging, From E:/Unreal t/UE_4.14/Engine/Plugins/Runtime/Analytics/FileLogging/FileLogging.uplugin
LogPluginManager: Loaded Plugin Flurry, From E:/Unreal t/UE_4.14/Engine/Plugins/Runtime/Analytics/Flurry/Flurry.uplugin
LogPluginManager: Loaded Plugin AndroidDeviceProfileSelector, From E:/Unreal t/UE_4.14/Engine/Plugins/Runtime/AndroidDeviceProfileSelector/AndroidDeviceProfileSelector.uplugin
LogPluginManager: Loaded Plugin AndroidMoviePlayer, From E:/Unreal t/UE_4.14/Engine/Plugins/Runtime/AndroidMoviePlayer/AndroidMoviePlayer.uplugin
LogPluginManager: Loaded Plugin AppleMoviePlayer, From E:/Unreal t/UE_4.14/Engine/Plugins/Runtime/AppleMoviePlayer/AppleMoviePlayer.uplugin
LogPluginManager: Loaded Plugin ArchVisCharacter, From E:/Unreal t/UE_4.14/Engine/Plugins/Runtime/ArchVisCharacter/ArchVisCharacter.uplugin
LogPluginManager: Loaded Plugin CableComponent, From E:/Unreal t/UE_4.14/Engine/Plugins/Runtime/CableComponent/CableComponent.uplugin
LogPluginManager: Loaded Plugin CustomMeshComponent, From E:/Unreal t/UE_4.14/Engine/Plugins/Runtime/CustomMeshComponent/CustomMeshComponent.uplugin
LogPluginManager: Loaded Plugin ExampleDeviceProfileSelector, From E:/Unreal t/UE_4.14/Engine/Plugins/Runtime/ExampleDeviceProfileSelector/ExampleDeviceProfileSelector.uplugin
LogPluginManager: Loaded Plugin GearVR, From E:/Unreal t/UE_4.14/Engine/Plugins/Runtime/GearVR/GearVR.uplugin
LogPluginManager: Loaded Plugin GoogleVRController, From E:/Unreal t/UE_4.14/Engine/Plugins/Runtime/GoogleVR/GoogleVRController/GoogleVRController.uplugin
LogPluginManager: Loaded Plugin GoogleVRHMD, From E:/Unreal t/UE_4.14/Engine/Plugins/Runtime/GoogleVR/GoogleVRHMD/GoogleVRHMD.uplugin
LogPluginManager: Loaded Plugin IOSDeviceProfileSelector, From E:/Unreal t/UE_4.14/Engine/Plugins/Runtime/IOSDeviceProfileSelector/IOSDeviceProfileSelector.uplugin
LogPluginManager: Loaded Plugin LeapMotion, From E:/Unreal t/UE_4.14/Engine/Plugins/Runtime/LeapMotion/LeapMotion.uplugin
LogPluginManager: Loaded Plugin LinuxDeviceProfileSelector, From E:/Unreal t/UE_4.14/Engine/Plugins/Runtime/LinuxDeviceProfileSelector/LinuxDeviceProfileSelector.uplugin
LogPluginManager: Loaded Plugin MIDIDevice, From E:/Unreal t/UE_4.14/Engine/Plugins/Runtime/MIDIDevice/MIDIDevice.uplugin
LogPluginManager: Loaded Plugin MobilePatchingUtils, From E:/Unreal t/UE_4.14/Engine/Plugins/Runtime/MobilePatchingUtils/MobilePatchingUtils.uplugin
LogPluginManager: Loaded Plugin Ansel, From E:/Unreal t/UE_4.14/Engine/Plugins/Runtime/Nvidia/Ansel/Ansel.uplugin
LogPluginManager: Loaded Plugin OculusAudio, From E:/Unreal t/UE_4.14/Engine/Plugins/Runtime/OculusAudio/OculusAudio.uplugin
LogPluginManager: Loaded Plugin OculusInput, From E:/Unreal t/UE_4.14/Engine/Plugins/Runtime/OculusInput/OculusInput.uplugin
LogPluginManager: Loaded Plugin OculusLibrary, From E:/Unreal t/UE_4.14/Engine/Plugins/Runtime/OculusLibrary/OculusLibrary.uplugin
LogPluginManager: Loaded Plugin OculusRift, From E:/Unreal t/UE_4.14/Engine/Plugins/Runtime/OculusRift/OculusRift.uplugin
LogPluginManager: Loaded Plugin Oodle, From E:/Unreal t/UE_4.14/Engine/Plugins/Runtime/PacketHandlers/CompressionComponents/Oodle/Oodle.uplugin
LogPluginManager: Loaded Plugin ProceduralMeshComponent, From E:/Unreal t/UE_4.14/Engine/Plugins/Runtime/ProceduralMeshComponent/ProceduralMeshComponent.uplugin
LogPluginManager: Loaded Plugin SoundMod, From E:/Unreal t/UE_4.14/Engine/Plugins/Runtime/SoundMod/SoundMod.uplugin
LogPluginManager: Loaded Plugin SoundVisualizations, From E:/Unreal t/UE_4.14/Engine/Plugins/Runtime/SoundVisualizations/SoundVisualizations.uplugin
LogPluginManager: Loaded Plugin SteamController, From E:/Unreal t/UE_4.14/Engine/Plugins/Runtime/Steam/SteamController/SteamController.uplugin
LogPluginManager: Loaded Plugin SteamVR, From E:/Unreal t/UE_4.14/Engine/Plugins/Runtime/Steam/SteamVR/SteamVR.uplugin
LogPluginManager: Loaded Plugin WebBrowserWidget, From E:/Unreal t/UE_4.14/Engine/Plugins/Runtime/WebBrowserWidget/WebBrowserWidget.uplugin
LogPluginManager: Loaded Plugin WindowsDeviceProfileSelector, From E:/Unreal t/UE_4.14/Engine/Plugins/Runtime/WindowsDeviceProfileSelector/WindowsDeviceProfileSelector.uplugin
LogPluginManager: Loaded Plugin WindowsMoviePlayer, From E:/Unreal t/UE_4.14/Engine/Plugins/Runtime/WindowsMoviePlayer/WindowsMoviePlayer.uplugin
LogPluginManager: Loaded Plugin ScriptPlugin, From E:/Unreal t/UE_4.14/Engine/Plugins/ScriptPlugin/ScriptPlugin.uplugin
LogPluginManager: Loaded Plugin SlateRemote, From E:/Unreal t/UE_4.14/Engine/Plugins/Slate/SlateRemote/SlateRemote.uplugin
LogPluginManager: Loaded Plugin EditorTests, From E:/Unreal t/UE_4.14/Engine/Plugins/Tests/EditorTests/EditorTests.uplugin
LogPluginManager: Loaded Plugin FbxAutomationTestBuilder, From E:/Unreal t/UE_4.14/Engine/Plugins/Tests/FbxAutomationTestBuilder/FbxAutomationTestBuilder.uplugin
LogPluginManager: Loaded Plugin FunctionalTestingEditor, From E:/Unreal t/UE_4.14/Engine/Plugins/Tests/FunctionalTestingEditor/FunctionalTestingEditor.uplugin
LogPluginManager: Loaded Plugin RuntimeTests, From E:/Unreal t/UE_4.14/Engine/Plugins/Tests/RuntimeTests/RuntimeTests.uplugin
LogPluginManager: Loaded Plugin ScreenshotTools, From E:/Unreal t/UE_4.14/Engine/Plugins/Tests/ScreenshotTools/ScreenshotTools.uplugin
LogInit: Using libcurl 7.47.1
LogInit:  - built for x86_64-pc-win32
LogInit:  - supports SSL with OpenSSL/1.0.2g
LogInit:  - supports HTTP deflate (compression) using libz 1.2.8
LogInit:  - other features:
LogInit:      CURL_VERSION_SSL
LogInit:      CURL_VERSION_LIBZ
LogInit:      CURL_VERSION_IPV6
LogInit:      CURL_VERSION_ASYNCHDNS
LogInit:      CURL_VERSION_LARGEFILE
LogInit:      CURL_VERSION_IDN
LogInit:  CurlRequestOptions (configurable via config and command line):
LogInit:  - bVerifyPeer = false  - Libcurl will NOT verify peer certificate
LogInit:  - bUseHttpProxy = false  - Libcurl will NOT use HTTP proxy
LogInit:  - bDontReuseConnections = false  - Libcurl will reuse connections
LogInit:  - CertBundlePath = nullptr  - Libcurl will use whatever was configured at build time.
LogInit: Build: ++UE4+Release-4.14-CL-3249277
LogInit: Engine Version: 4.14.3-3249277+++UE4+Release-4.14
LogInit: Compatible Engine Version: 4.14.0-3195953+++UE4+Release-4.14
LogInit: Net CL: 3195953
LogDevObjectVersion: Number of dev versions registered: 13
LogDevObjectVersion:   Dev-Blueprints (B0D832E4-1F89-4F0D-ACCF-7EB736FD4AA2): 7
LogDevObjectVersion:   Dev-Build (E1C64328-A22C-4D53-A36C-8E866417BD8C): 0
LogDevObjectVersion:   Dev-Core (375EC13C-06E4-48FB-B500-84F0262A717E): 1
LogDevObjectVersion:   Dev-Editor (E4B068ED-F494-42E9-A231-DA0B2E46BB41): 8
LogDevObjectVersion:   Dev-Framework (CFFC743F-43B0-4480-9391-14DF171D2073): 17
LogDevObjectVersion:   Dev-Mobile (B02B49B5-BB20-44E9-A304-32B752E40360): 0
LogDevObjectVersion:   Dev-Networking (A4E4105C-59A1-49B5-A7C5-40C4547EDFEE): 0
LogDevObjectVersion:   Dev-Online (39C831C9-5AE6-47DC-9A44-9C173E1C8E7C): 0
LogDevObjectVersion:   Dev-Physics (78F01B33-EBEA-4F98-B9B4-84EACCB95AA2): 0
LogDevObjectVersion:   Dev-Platform (6631380F-2D4D-43E0-8009-CF276956A95A): 0
LogDevObjectVersion:   Dev-Rendering (12F88B9F-8875-4AFC-A67C-D90C383ABD29): 12
LogDevObjectVersion:   Dev-Sequencer (7B5AE74C-D270-4C10-A958-57980B212A5A): 1
LogDevObjectVersion:   Dev-VR (D7296918-1DD6-4BDD-9DE2-64A83CC13884): 0
LogInit: Compiled (64-bit): Jan  6 2017 10:49:43
LogInit: Compiled with Visual C++: 19.00.23026.00
LogInit: Build Configuration: Development
LogInit: Branch Name: ++UE4+Release-4.14
LogInit: Command line:  
LogInit: Base directory: E:/Unreal t/UE_4.14/Engine/Binaries/Win64/
LogInit: Installed Engine Build: 1
LogInit: Presizing for max 8388607 objects, including 0 objects not considered by GC, pre-allocating 0 bytes for permanent pool.
LogInit: Object subsystem initialized
[2017.09.04-12.30.00:262][  0]LogInit: Selected Device Profile: [Windows]
[2017.09.04-12.30.00:262][  0]LogInit: Applying CVar settings loaded from the selected device profile: [Windows]
[2017.09.04-12.30.00:385][  0]LogInit: Computer: LIAM-PC
[2017.09.04-12.30.00:385][  0]LogInit: User: Liam
[2017.09.04-12.30.00:385][  0]LogInit: CPU Page size=65536, Cores=4
[2017.09.04-12.30.00:385][  0]LogInit: High frequency timer resolution =3.515628 MHz
[2017.09.04-12.30.00:391][  0]LogMemory: Memory total: Physical=7.9GB (8GB approx)
[2017.09.04-12.30.00:395][  0]LogMemory: Platform Memory Stats for Windows
[2017.09.04-12.30.00:395][  0]LogMemory: Process Physical Memory: 264.59 MB used, 264.59 MB peak
[2017.09.04-12.30.00:395][  0]LogMemory: Process Virtual Memory: 262.38 MB used, 262.38 MB peak
[2017.09.04-12.30.00:395][  0]LogMemory: Physical Memory: 6652.09 MB used,  1400.84 MB free, 8052.93 MB total
[2017.09.04-12.30.00:395][  0]LogMemory: Virtual Memory: 676.48 MB used,  1400.84 MB free, 134217728.00 MB total
[2017.09.04-12.30.01:364][  0]LogTextLocalizationManager: No specific translations for ('en-NZ') exist, so ('en') translations will be used.
[2017.09.04-12.30.04:725][  0]LogD3D11RHI: D3D11 adapters:
[2017.09.04-12.30.04:760][  0]LogD3D11RHI:    0. 'NVIDIA GeForce GTX 980' (Feature Level 11_0)
[2017.09.04-12.30.04:760][  0]LogD3D11RHI:       4060/0/4026 MB DedicatedVideo/DedicatedSystem/SharedSystem, Outputs:2, VendorId:0x10de
[2017.09.04-12.30.04:806][  0]LogD3D11RHI:    1. 'Intel(R) HD Graphics 4600' (Feature Level 11_0)
[2017.09.04-12.30.04:806][  0]LogD3D11RHI:       112/0/2048 MB DedicatedVideo/DedicatedSystem/SharedSystem, Outputs:0, VendorId:0x8086
[2017.09.04-12.30.04:807][  0]LogD3D11RHI:    2. 'Microsoft Basic Render Driver' (Feature Level 11_0)
[2017.09.04-12.30.04:807][  0]LogD3D11RHI:       0/0/4026 MB DedicatedVideo/DedicatedSystem/SharedSystem, Outputs:0, VendorId:0x1414
[2017.09.04-12.30.04:807][  0]LogD3D11RHI: Chosen D3D11 Adapter: 0
[2017.09.04-12.30.04:823][  0]LogD3D11RHI: Creating new Direct3DDevice
[2017.09.04-12.30.04:823][  0]LogD3D11RHI:     GPU DeviceId: 0x13c0 (for the marketing name, search the web for "GPU Device Id")
[2017.09.04-12.30.04:823][  0]LogWindows: EnumDisplayDevices:
[2017.09.04-12.30.04:823][  0]LogWindows:    0. 'NVIDIA GeForce GTX 980' (P:1 D:1)
[2017.09.04-12.30.04:823][  0]LogWindows:    1. 'NVIDIA GeForce GTX 980' (P:0 D:1)
[2017.09.04-12.30.04:823][  0]LogWindows:    2. 'NVIDIA GeForce GTX 980' (P:0 D:0)
[2017.09.04-12.30.04:823][  0]LogWindows:    3. 'NVIDIA GeForce GTX 980' (P:0 D:0)
[2017.09.04-12.30.04:823][  0]LogWindows:    4. 'Intel(R) HD Graphics 4600' (P:0 D:0)
[2017.09.04-12.30.04:824][  0]LogWindows:    5. 'Intel(R) HD Graphics 4600' (P:0 D:0)
[2017.09.04-12.30.04:824][  0]LogWindows:    6. 'Intel(R) HD Graphics 4600' (P:0 D:0)
[2017.09.04-12.30.04:824][  0]LogWindows: DebugString: PrimaryIsNotTheChoosenAdapter PrimaryIsNotTheChoosenAdapter PrimaryIsNotTheChoosenAdapter FoundDriverCount:4 
[2017.09.04-12.30.04:824][  0]LogD3D11RHI:     Adapter Name: NVIDIA GeForce GTX 980
[2017.09.04-12.30.04:824][  0]LogD3D11RHI:   Driver Version: 384.76 (internal:22.21.13.8476, unified:384.76)
[2017.09.04-12.30.04:824][  0]LogD3D11RHI:      Driver Date: 6-27-2017
[2017.09.04-12.30.04:824][  0]LogRHI: Texture pool is 1361 MB (70% of 1945 MB)
[2017.09.04-12.30.04:849][  0]LogD3D11RHI: Async texture creation enabled
[2017.09.04-12.30.05:128][  0]LogD3D11RHI: GPU Timing Frequency: 1000.000000 (Debug: 2 1)
[2017.09.04-12.30.05:189][  0]LogShaderCompilers: Guid format shader working directory is 4 characters bigger than the processId version (C:/Users/Liam/Documents/GitHub/CUBE-JUMP/Intermediate/Shaders/WorkingDirectory/14580/).
[2017.09.04-12.30.05:189][  0]LogShaderCompilers: Cleaned the shader compiler working directory 'C:/Users/Liam/AppData/Local/Temp/UnrealShaderWorkingDir/D9C8DC2C434D332B11FED3B4B320682D/'.
[2017.09.04-12.30.05:189][  0]LogShaderCompilers:Display: Using Local Shader Compiler.
[2017.09.04-12.30.08:694][  0]LogTemp:Display: Loaded TP AllDesktopTargetPlatform
[2017.09.04-12.30.08:731][  0]LogTemp:Display: Loaded TP MacClientTargetPlatform
[2017.09.04-12.30.08:767][  0]LogTemp:Display: Loaded TP MacNoEditorTargetPlatform
[2017.09.04-12.30.08:803][  0]LogTemp:Display: Loaded TP MacServerTargetPlatform
[2017.09.04-12.30.08:858][  0]LogTemp:Display: Loaded TP MacTargetPlatform
[2017.09.04-12.30.08:894][  0]LogTemp:Display: Loaded TP WindowsClientTargetPlatform
[2017.09.04-12.30.08:930][  0]LogTemp:Display: Loaded TP WindowsNoEditorTargetPlatform
[2017.09.04-12.30.08:967][  0]LogTemp:Display: Loaded TP WindowsServerTargetPlatform
[2017.09.04-12.30.08:995][  0]LogTemp:Display: Loaded TP WindowsTargetPlatform
[2017.09.04-12.30.09:034][  0]LogTemp:Display: Loaded TP AndroidTargetPlatform
[2017.09.04-12.30.09:070][  0]LogTemp:Display: Loaded TP Android_ASTCTargetPlatform
[2017.09.04-12.30.09:106][  0]LogTemp:Display: Loaded TP Android_ATCTargetPlatform
[2017.09.04-12.30.09:141][  0]LogTemp:Display: Loaded TP Android_DXTTargetPlatform
[2017.09.04-12.30.09:181][  0]LogTemp:Display: Loaded TP Android_ETC1TargetPlatform
[2017.09.04-12.30.09:217][  0]LogTemp:Display: Loaded TP Android_ETC2TargetPlatform
[2017.09.04-12.30.09:289][  0]LogTemp:Display: Loaded TP Android_MultiTargetPlatform
[2017.09.04-12.30.09:289][  0]LogTemp:Display: Loaded TP Android_PVRTCTargetPlatform
[2017.09.04-12.30.09:311][  0]LogTemp:Display: Loaded TP HTML5TargetPlatform
[2017.09.04-12.30.09:464][  0]LogTemp:Display: Loaded TP IOSTargetPlatform
[2017.09.04-12.30.09:487][  0]LogTemp:Display: Loaded TP TVOSTargetPlatform
[2017.09.04-12.30.09:522][  0]LogTemp:Display: Loaded TP LinuxClientTargetPlatform
[2017.09.04-12.30.09:557][  0]LogTemp:Display: Loaded TP LinuxNoEditorTargetPlatform
[2017.09.04-12.30.09:593][  0]LogTemp:Display: Loaded TP LinuxServerTargetPlatform
[2017.09.04-12.30.09:641][  0]LogTemp:Display: Loaded TP LinuxTargetPlatform
[2017.09.04-12.30.09:641][  0]LogTargetPlatformManager:Display: Building Assets For Windows
[2017.09.04-12.30.10:601][  0]LogDerivedDataCache:Display: Max Cache Size: 512 MB
[2017.09.04-12.30.10:809][  0]LogDerivedDataCache: Loaded boot cache 0.21s 52MB C:/Users/Liam/AppData/Local/UnrealEngine/4.14/DerivedDataCache/Boot.ddc.
[2017.09.04-12.30.10:809][  0]LogDerivedDataCache:Display: Loaded Boot cache: C:/Users/Liam/AppData/Local/UnrealEngine/4.14/DerivedDataCache/Boot.ddc
[2017.09.04-12.30.10:809][  0]LogDerivedDataCache: FDerivedDataBackendGraph:  Pak pak cache file C:/Users/Liam/Documents/GitHub/CUBE-JUMP/DerivedDataCache/DDC.ddp not found, will not use a pak cache.
[2017.09.04-12.30.10:809][  0]LogDerivedDataCache: Unable to find inner node Pak for hierarchical cache Hierarchy.
[2017.09.04-12.30.10:809][  0]LogDerivedDataCache: FDerivedDataBackendGraph:  CompressedPak pak cache file C:/Users/Liam/Documents/GitHub/CUBE-JUMP/DerivedDataCache/Compressed.ddp not found, will not use a pak cache.
[2017.09.04-12.30.10:809][  0]LogDerivedDataCache: Unable to find inner node CompressedPak for hierarchical cache Hierarchy.
[2017.09.04-12.30.10:877][  0]LogDerivedDataCache:Display: Pak cache opened for reading ../../../Engine/DerivedDataCache/Compressed.ddp.
[2017.09.04-12.30.10:889][  0]LogDerivedDataCache: Using Local data cache path C:/Users/Liam/AppData/Local/UnrealEngine/Common/DerivedDataCache: Writable
[2017.09.04-12.30.18:717][  0]LogInit: Selected Device Profile: [Windows]
[2017.09.04-12.30.18:809][  0]LogContentStreaming: Texture pool size is 0.00 MB
[2017.09.04-12.30.19:564][  0]LogMeshUtilities: Using QuadricMeshReduction for automatic static mesh reduction
[2017.09.04-12.30.19:682][  0]LogSimplygon: Simplygon DLL not present - disabling.
[2017.09.04-12.30.19:728][  0]LogMeshUtilities: Using SimplygonSwarm for distributed automatic mesh merging
[2017.09.04-12.30.19:728][  0]LogMeshUtilities: No automatic skeletal mesh reduction module available
[2017.09.04-12.30.19:728][  0]LogMeshUtilities: No automatic mesh merging module available
[2017.09.04-12.30.24:333][  0]LogNetVersion: GetLocalNetworkVersion: CL: 3195953, ProjectName: myproject2, ProjectVersion: , EngineNetworkVersion: 2, GameNetworkVersion: 0, NetworkChecksum: 178977787
[2017.09.04-12.30.24:546][  0]LogAssetRegistry: FAssetRegistry took 0.0238 seconds to start up
[2017.09.04-12.30.24:734][  0]LogPackageLocalizationCache: Processed 3 localized package path(s) for 2 prioritized culture(s) in 0.120091 seconds
[2017.09.04-12.30.24:750][  0]LogUObjectArray: 31946 objects as part of root set at end of initial load.
[2017.09.04-12.30.24:750][  0]LogUObjectAllocator: 6935848 out of 0 bytes used by permanent object pool.
[2017.09.04-12.30.24:750][  0]LogUObjectArray: CloseDisregardForGC: 0/0 objects in disregard for GC pool
[2017.09.04-12.30.24:817][  0]LogInit: WinSock: version 1.1 (2.2), MaxSocks=32767, MaxUdp=65467
[2017.09.04-12.30.28:391][  0]LogSlate: Using Freetype 2.6.0
[2017.09.04-12.30.28:472][  0]LogSlate: SlateFontCache - WITH_FREETYPE: 1, WITH_HARFBUZZ: 1
[2017.09.04-12.30.28:480][  0]LogSlate: SlateFontCache - WITH_FREETYPE: 1, WITH_HARFBUZZ: 1
[2017.09.04-12.30.34:806][  0]LogSubstanceCoreModule: Substance [CPU] Engine Loaded, Max Texture Size = 2048
[2017.09.04-12.30.34:881][  0]LogTcpMessaging: Initializing TcpMessaging bridge
[2017.09.04-12.30.34:999][  0]LogUdpMessaging: Initializing bridge on interface 0.0.0.0:0 to multicast group 230.0.0.1:6666.
[2017.09.04-12.30.36:306][  0]LogMaterial: Uniform references updated for custom material expression Custom.
[2017.09.04-12.30.37:073][  0]SourceControl: Info Source control is disabled
[2017.09.04-12.30.37:084][  0]SourceControl: Info Source control is disabled
[2017.09.04-12.30.37:283][  0]SourceControl: Info Source control is disabled
[2017.09.04-12.30.37:379][  0]SourceControl: Info Source control is disabled
[2017.09.04-12.30.40:728][  0]LogEngine: Initializing Engine...
[2017.09.04-12.30.40:757][  0]LogHMD: Failed to initialize OpenVR with code 110
[2017.09.04-12.30.42:219][  0]LogAIModule: Creating AISystem for world Untitled
[2017.09.04-12.30.42:637][  0]LogInit: XAudio2 using 'Speakers (Realtek High Definition Audio)' : 2 channels at 48 kHz using 32 bits per sample (channel mask 0x3)
[2017.09.04-12.30.42:658][  0]LogInit: FAudioDevice initialized.
[2017.09.04-12.30.42:693][  0]LogDerivedDataCache: Saved boot cache 0.03s 52MB C:/Users/Liam/AppData/Local/UnrealEngine/4.14/DerivedDataCache/Boot.ddc.
[2017.09.04-12.30.42:701][  0]LogInit: Texture streaming: Enabled
[2017.09.04-12.30.43:684][  0]LogInit: Transaction tracking system initialized
[2017.09.04-12.30.44:591][  0]BlueprintLog: New page: Editor Load
[2017.09.04-12.30.46:630][  0]LocalizationService: Info Localization service is disabled
[2017.09.04-12.30.47:697][  0]LogConsoleResponse:Display: 
[2017.09.04-12.30.49:049][  0]LogFileCache: Scanning file cache for directory 'C:/Users/Liam/Documents/GitHub/CUBE-JUMP/Content/' took 0.02s
[2017.09.04-12.30.49:049][  0]LogCook:Display: Max memory allowance for cook 16384mb min free memory 0mb
[2017.09.04-12.30.49:055][  0]LogCook:Display: Mobile HDR setting 1
[2017.09.04-12.30.50:734][  0]SourceControl: Info Source control is disabled
[2017.09.04-12.30.50:762][  0]Cmd: MAP LOAD FILE="C:/Users/Liam/Documents/GitHub/CUBE-JUMP/Content/SideScrollerBP/Maps/LevelONE.umap" TEMPLATE=0 SHOWPROGRESS=1 FEATURELEVEL=3
[2017.09.04-12.30.50:789][  0]LightingResults: New page: Lighting Build
[2017.09.04-12.30.51:067][  0]MapCheck: New page: Map Check
[2017.09.04-12.30.51:067][  0]LightingResults: New page: Lighting Build
[2017.09.04-12.30.52:788][  0]LogAIModule: Creating AISystem for world LevelONE
[2017.09.04-12.30.53:393][  0]LogEditorServer: Finished looking for orphan Actors (0.000 secs)
[2017.09.04-12.30.53:460][  0]Cmd: MAP CHECKDEP NOCLEARLOG
[2017.09.04-12.30.53:503][  0]MapCheck: Info Map check complete: 0 Error(s), 0 Warning(s), took 43.778ms to complete.
[2017.09.04-12.30.53:503][  0]LogFileHelpers: Loading map 'LevelONE' took 2.747
[2017.09.04-12.30.55:598][  0]LogCollectionManager: Loaded 0 collections in 0.000603 seconds
[2017.09.04-12.30.55:777][  0]LogFileCache: Scanning file cache for directory 'C:/Users/Liam/Documents/GitHub/CUBE-JUMP/Saved/Collections/' took 0.01s
[2017.09.04-12.30.55:777][  0]LogFileCache: Scanning file cache for directory 'C:/Users/Liam/Documents/GitHub/CUBE-JUMP/Content/Developers/Liam/Collections/' took 0.01s
[2017.09.04-12.30.55:777][  0]LogFileCache: Scanning file cache for directory 'C:/Users/Liam/Documents/GitHub/CUBE-JUMP/Content/Collections/' took 0.01s
[2017.09.04-12.30.55:777][  0]LogCollectionManager: Rebuilt the GUID cache for 0 collections in 0.000001 seconds
[2017.09.04-12.30.55:797][  0]LogContentBrowser: Native class hierarchy populated in 0.0178 seconds. Added 2205 classes and 436 folders.
[2017.09.04-12.30.55:943][  0]LogStats: UGameplayTagsManager::ConstructGameplayTagTree: Construct from data asset -  0.000 s
[2017.09.04-12.30.55:943][  0]LogStats: UGameplayTagsManager::ConstructGameplayTagTree: GameplayTagTreeChangedEvent.Broadcast -  0.000 s
[2017.09.04-12.30.55:944][  0]LogContentBrowser: Native class hierarchy updated for 'GameplayTags' in 0.0005 seconds. Added 13 classes and 0 folders.
[2017.09.04-12.30.55:992][  0]LogContentBrowser: Native class hierarchy updated for 'WidgetCarousel' in 0.0004 seconds. Added 0 classes and 0 folders.
[2017.09.04-12.30.56:997][  0]LogContentBrowser: Native class hierarchy updated for 'AddContentDialog' in 0.0004 seconds. Added 0 classes and 0 folders.
[2017.09.04-12.30.57:439][  0]LogCrashTracker: Crashtracker disabled due to settings.
[2017.09.04-12.30.57:720][  0]LogUObjectGlobals:Warning: Failed to find object 'Class None.'
[2017.09.04-12.30.57:862][  0]LogContentBrowser: Native class hierarchy updated for 'HierarchicalLODOutliner' in 0.0005 seconds. Added 1 classes and 2 folders.
[2017.09.04-12.30.57:862][  0]LogLoad: (Engine Initialization) Total time: 62.95 seconds
[2017.09.04-12.30.57:862][  0]LogLoad: (Engine Initialization) Total Blueprint compile time: 0.75 seconds
[2017.09.04-12.30.57:882][  0]LogExternalProfiler: Found external profiler: VSPerf
[2017.09.04-12.30.57:882][  0]LogExternalProfiler: Using external profiler: VSPerf
[2017.09.04-12.30.58:339][  0]LogOcInput: OculusInput pre-init called
[2017.09.04-12.30.58:757][  0]LogContentStreaming: Texture pool size now 1000 MB
[2017.09.04-12.30.59:667][  0]LogRenderer: Reallocating scene render targets to support 1140x576 NumSamples 1 (Frame:2).
[2017.09.04-12.31.00:779][  3]LogAssetRegistry: Asset discovery search completed in 36.2539 seconds
[2017.09.04-12.31.00:779][  3]LogCollectionManager: Rebuilt the object cache for 0 collections in 0.000001 seconds (found 0 objects)
[2017.09.04-12.31.00:779][  3]LogCollectionManager: Fixed up redirectors for 0 collections in 0.000185 seconds (updated 0 objects)
[2017.09.04-12.31.05:671][170]Cmd: OBJ SAVEPACKAGE PACKAGE="/Game/SideScrollerBP/Maps/LevelONE" FILE="C:/Users/Liam/Documents/GitHub/CUBE-JUMP/Content/SideScrollerBP/Maps/LevelONE.umap" SILENT=true AUTOSAVING=false KEEPDIRTY=false
[2017.09.04-12.31.06:278][170]LogSavePackage: Save=467.34ms
[2017.09.04-12.31.06:278][170]LogSavePackage: Moving 'C:/Users/Liam/Documents/GitHub/CUBE-JUMP/Saved/LevelONED677EBEE4D46FCE62AD62EB964EB81CB.tmp' to 'C:/Users/Liam/Documents/GitHub/CUBE-JUMP/Content/SideScrollerBP/Maps/LevelONE.umap'
[2017.09.04-12.31.06:280][170]LogSavePackage:Display: Finished SavePackage C:/Users/Liam/Documents/GitHub/CUBE-JUMP/Content/SideScrollerBP/Maps/LevelONE.umap
[2017.09.04-12.31.06:349][170]Cmd: OBJ SAVEPACKAGE PACKAGE="/Game/SideScrollerBP/Maps/LevelONE_BuiltData" FILE="C:/Users/Liam/Documents/GitHub/CUBE-JUMP/Content/SideScrollerBP/Maps/LevelONE_BuiltData.uasset" SILENT=true
[2017.09.04-12.31.06:389][170]LogSavePackage: Save=35.21ms
[2017.09.04-12.31.06:389][170]LogSavePackage: Moving 'C:/Users/Liam/Documents/GitHub/CUBE-JUMP/Saved/LevelONE_BuiltData2891B70B466D620E0676CCB512E81277.tmp' to 'C:/Users/Liam/Documents/GitHub/CUBE-JUMP/Content/SideScrollerBP/Maps/LevelONE_BuiltData.uasset'
[2017.09.04-12.31.06:390][170]LogSavePackage:Display: Finished SavePackage C:/Users/Liam/Documents/GitHub/CUBE-JUMP/Content/SideScrollerBP/Maps/LevelONE_BuiltData.uasset
[2017.09.04-12.31.35:484][817]LogContentBrowser: Native class hierarchy updated for 'BlueprintGraph' in 0.0007 seconds. Added 111 classes and 0 folders.
[2017.09.04-12.31.59:671][130]Cmd: OBJ SAVEPACKAGE PACKAGE="/Game/SideScrollerBP/Blueprints/winnerLevelOne" FILE="C:/Users/Liam/Documents/GitHub/CUBE-JUMP/Content/SideScrollerBP/Blueprints/winnerLevelOne.uasset" SILENT=true
[2017.09.04-12.31.59:720][130]LogSavePackage: Save=44.90ms
[2017.09.04-12.31.59:720][130]LogSavePackage: Moving 'C:/Users/Liam/Documents/GitHub/CUBE-JUMP/Saved/winnerLevelOne098AB22D424C792C3F56D5A7FD908153.tmp' to 'C:/Users/Liam/Documents/GitHub/CUBE-JUMP/Content/SideScrollerBP/Blueprints/winnerLevelOne.uasset'
[2017.09.04-12.31.59:724][130]LogSavePackage:Display: Finished SavePackage C:/Users/Liam/Documents/GitHub/CUBE-JUMP/Content/SideScrollerBP/Blueprints/winnerLevelOne.uasset
[2017.09.04-12.32.03:009][459]LogTemp: Repeting last play command: New Editor Window (PIE)
[2017.09.04-12.32.03:046][459]LogBlueprintUserMessages: Early PlayInEditor Detection: Level '/Game/SideScrollerBP/Maps/LevelONE.LevelONE:PersistentLevel' has LevelScriptBlueprint '/Game/SideScrollerBP/Maps/LevelONE.LevelONE:PersistentLevel.LevelONE' with GeneratedClass '/Game/SideScrollerBP/Maps/LevelONE.LevelONE_C' with ClassGeneratedBy '/Game/SideScrollerBP/Maps/LevelONE.LevelONE:PersistentLevel.LevelONE'
[2017.09.04-12.32.03:066][459]BlueprintLog: New page: Pre-Play auto-recompile
[2017.09.04-12.32.03:067][459]LogPlayLevel: [PlayLevel] Compiling winnerLevelOne before play...
[2017.09.04-12.32.03:220][459]LogPlayLevel: PlayLevel: Blueprint regeneration took 154 ms (1 blueprints)
[2017.09.04-12.32.03:312][459]PIE: New page: PIE session: LevelONE (5/09/2017 12:32:03 pm)
[2017.09.04-12.32.03:322][459]LogPlayLevel: Creating play world package: /Game/SideScrollerBP/Maps/UEDPIE_0_LevelONE
[2017.09.04-12.32.03:409][459]LogPlayLevel: PIE: StaticDuplicateObject took: (0.087709s)
[2017.09.04-12.32.03:410][459]LogAIModule: Creating AISystem for world LevelONE
[2017.09.04-12.32.03:425][459]LogPlayLevel: PIE: World Init took: (0.014731s)
[2017.09.04-12.32.03:432][459]LogPlayLevel: PIE: Created PIE world by copying editor world from /Game/SideScrollerBP/Maps/LevelONE.LevelONE to /Game/SideScrollerBP/Maps/UEDPIE_0_LevelONE.LevelONE (0.110536s)
[2017.09.04-12.32.03:481][459]LogInit: XAudio2 using 'Speakers (Realtek High Definition Audio)' : 2 channels at 48 kHz using 32 bits per sample (channel mask 0x3)
[2017.09.04-12.32.03:494][459]LogInit: FAudioDevice initialized.
[2017.09.04-12.32.03:623][459]LogLoad: Game class is 'SideScrollerGameMode_C'
[2017.09.04-12.32.03:722][459]LogWorld: Bringing World /Game/SideScrollerBP/Maps/UEDPIE_0_LevelONE.LevelONE up for play (max tick rate 0) at 2017.09.05-00.32.03
[2017.09.04-12.32.03:775][459]LogWorld: Bringing up level for play took: 0.079374
[2017.09.04-12.32.03:891][459]LogContentBrowser: Native class hierarchy updated for 'MovieSceneCapture' in 0.0005 seconds. Added 11 classes and 0 folders.
[2017.09.04-12.32.03:978][459]PIE: Info Play in editor start time for /Game/SideScrollerBP/Maps/UEDPIE_0_LevelONE 1.834
[2017.09.04-12.32.03:991][459]LogBlueprintUserMessages: Late PlayInEditor Detection: Level '/Game/SideScrollerBP/Maps/LevelONE.LevelONE:PersistentLevel' has LevelScriptBlueprint '/Game/SideScrollerBP/Maps/LevelONE.LevelONE:PersistentLevel.LevelONE' with GeneratedClass '/Game/SideScrollerBP/Maps/LevelONE.LevelONE_C' with ClassGeneratedBy '/Game/SideScrollerBP/Maps/LevelONE.LevelONE:PersistentLevel.LevelONE'
[2017.09.04-12.32.04:067][459]LogRenderer: Reallocating scene render targets to support 1292x756 NumSamples 1 (Frame:7650).
[2017.09.04-12.32.11:381][324]LogNet: Browse: /Game/SideScrollerBP/Maps/LevelONE
[2017.09.04-12.32.11:388][324]LogLoad: LoadMap: /Game/SideScrollerBP/Maps/LevelONE
[2017.09.04-12.32.11:488][324]Cmd: MEM
[2017.09.04-12.32.11:624][324]LogMemory: Platform Memory Stats for Windows
[2017.09.04-12.32.11:624][324]LogMemory: Process Physical Memory: 1292.91 MB used, 1334.65 MB peak
[2017.09.04-12.32.11:624][324]LogMemory: Process Virtual Memory: 1713.70 MB used, 1902.12 MB peak
[2017.09.04-12.32.11:624][324]LogMemory: Physical Memory: 7519.95 MB used,  532.98 MB free, 8052.93 MB total
[2017.09.04-12.32.11:624][324]LogMemory: Virtual Memory: 2706.96 MB used,  532.98 MB free, 134217728.00 MB total
[2017.09.04-12.32.11:624][324]LogMemory: 
[2017.09.04-12.32.11:624][324]Allocator Stats for TBB: (not implemented)
[2017.09.04-12.32.11:630][324]LogPlayLevel: Creating play world package: /Game/SideScrollerBP/Maps/UEDPIE_0_LevelONE
[2017.09.04-12.32.11:648][324]LogPlayLevel: PIE: StaticDuplicateObject took: (0.017936s)
[2017.09.04-12.32.11:648][324]LogAIModule: Creating AISystem for world LevelONE
[2017.09.04-12.32.11:648][324]LogPlayLevel: PIE: World Init took: (0.000674s)
[2017.09.04-12.32.11:649][324]LogPlayLevel: PIE: Created PIE world by copying editor world from /Game/SideScrollerBP/Maps/LevelONE.LevelONE to /Game/SideScrollerBP/Maps/UEDPIE_0_LevelONE.LevelONE (0.018887s)
[2017.09.04-12.32.11:649][324]LogLoad: Game class is 'SideScrollerGameMode_C'
[2017.09.04-12.32.11:665][324]LogWorld: Bringing World /Game/SideScrollerBP/Maps/UEDPIE_0_LevelONE.LevelONE up for play (max tick rate 0) at 2017.09.05-00.32.11
[2017.09.04-12.32.11:665][324]LogWorld: Bringing up level for play took: 0.015552
[2017.09.04-12.32.11:666][324]LogLoad: Took 0.278116 seconds to LoadMap(/Game/SideScrollerBP/Maps/UEDPIE_0_LevelONE)
[2017.09.04-12.32.22:840][662]LogNet: Browse: /Game/SideScrollerBP/Maps/Zaklevel1
[2017.09.04-12.32.22:840][662]LogLoad: LoadMap: /Game/SideScrollerBP/Maps/Zaklevel1
[2017.09.04-12.32.22:900][662]Cmd: MEM
[2017.09.04-12.32.22:912][662]LogMemory: Platform Memory Stats for Windows
[2017.09.04-12.32.22:912][662]LogMemory: Process Physical Memory: 1234.25 MB used, 1341.12 MB peak
[2017.09.04-12.32.22:912][662]LogMemory: Process Virtual Memory: 1625.24 MB used, 1902.12 MB peak
[2017.09.04-12.32.22:912][662]LogMemory: Physical Memory: 7327.23 MB used,  725.70 MB free, 8052.93 MB total
[2017.09.04-12.32.22:912][662]LogMemory: Virtual Memory: 2606.90 MB used,  725.70 MB free, 134217728.00 MB total
[2017.09.04-12.32.22:912][662]LogMemory: 
[2017.09.04-12.32.22:912][662]Allocator Stats for TBB: (not implemented)
[2017.09.04-12.32.23:253][662]LogStats: FPlatformStackWalk::StackWalkAndDump -  0.155 s
[2017.09.04-12.32.23:253][662]LogOutputDevice:Error: === Handled ensure: ===
[2017.09.04-12.32.23:253][662]LogOutputDevice:Error: 
[2017.09.04-12.32.23:253][662]LogOutputDevice:Error: Ensure condition failed: IsObjectValidForDatabase(AssetObject) [File:D:\Build\++UE4+Release-4.14+Compile\Sync\Engine\Source\Editor\BlueprintGraph\Private\BlueprintActionDatabase.cpp] [Line: 1263]
[2017.09.04-12.32.23:253][662]LogOutputDevice:Error: 
[2017.09.04-12.32.23:253][662]LogOutputDevice:Error: Stack: 
[2017.09.04-12.32.23:254][662]LogOutputDevice:Error: UE4Editor-Core.dll
[2017.09.04-12.32.23:254][662]LogOutputDevice:Error: UE4Editor-Core.dll
[2017.09.04-12.32.23:254][662]LogOutputDevice:Error: UE4Editor-Core.dll
[2017.09.04-12.32.23:254][662]LogOutputDevice:Error: UE4Editor-BlueprintGraph.dll
[2017.09.04-12.32.23:254][662]LogOutputDevice:Error: UE4Editor-BlueprintGraph.dll
[2017.09.04-12.32.23:254][662]LogOutputDevice:Error: UE4Editor-CoreUObject.dll
[2017.09.04-12.32.23:254][662]LogOutputDevice:Error: UE4Editor-CoreUObject.dll
[2017.09.04-12.32.23:254][662]LogOutputDevice:Error: UE4Editor-CoreUObject.dll
[2017.09.04-12.32.23:254][662]LogOutputDevice:Error: UE4Editor-CoreUObject.dll
[2017.09.04-12.32.23:254][662]LogOutputDevice:Error: UE4Editor-Engine.dll
[2017.09.04-12.32.23:254][662]LogOutputDevice:Error: UE4Editor-Engine.dll
[2017.09.04-12.32.23:254][662]LogOutputDevice:Error: UE4Editor-Engine.dll
[2017.09.04-12.32.23:254][662]LogOutputDevice:Error: UE4Editor-UnrealEd.dll
[2017.09.04-12.32.23:254][662]LogOutputDevice:Error: UE4Editor-UnrealEd.dll
[2017.09.04-12.32.23:254][662]LogOutputDevice:Error: UE4Editor.exe
[2017.09.04-12.32.23:254][662]LogOutputDevice:Error: UE4Editor.exe
[2017.09.04-12.32.23:254][662]LogOutputDevice:Error: UE4Editor.exe
[2017.09.04-12.32.23:254][662]LogOutputDevice:Error: UE4Editor.exe
[2017.09.04-12.32.23:254][662]LogOutputDevice:Error: UE4Editor.exe
[2017.09.04-12.32.23:254][662]LogOutputDevice:Error: KERNEL32.DLL
[2017.09.04-12.32.23:254][662]LogOutputDevice:Error: ntdll.dll
[2017.09.04-12.32.23:254][662]LogOutputDevice:Error: 
[2017.09.04-12.32.23:262][662]LogStats:                SubmitErrorReport -  0.000 s
