Log file open, 09/04/17 16:00:54
LogInit:Display: Running engine for game: MyProject2
LogPlatformFile: Not using cached read wrapper
LogInit:Display: RandInit(-2124988254) SRandInit(-2124988254).
LogTaskGraph: Started task graph with 5 named threads and 8 total threads with 1 sets of task threads.
LogStats: Stats thread started at 0.081426
LogPluginManager: Loaded Plugin Paper2D, From C:/apps/Epic Games/4.14/Engine/Plugins/2D/Paper2D/Paper2D.uplugin
LogPluginManager: Loaded Plugin LightPropagationVolume, From C:/apps/Epic Games/4.14/Engine/Plugins/Blendables/LightPropagationVolume/LightPropagationVolume.uplugin
LogPluginManager: Loaded Plugin BlankPlugin, From C:/apps/Epic Games/4.14/Engine/Plugins/Developer/BlankPlugin/BlankPlugin.uplugin
LogPluginManager: Loaded Plugin CodeLiteSourceCodeAccess, From C:/apps/Epic Games/4.14/Engine/Plugins/Developer/CodeLiteSourceCodeAccess/CodeLiteSourceCodeAccess.uplugin
LogPluginManager: Loaded Plugin GitSourceControl, From C:/apps/Epic Games/4.14/Engine/Plugins/Developer/GitSourceControl/GitSourceControl.uplugin
LogPluginManager: Loaded Plugin KDevelopSourceCodeAccess, From C:/apps/Epic Games/4.14/Engine/Plugins/Developer/KDevelopSourceCodeAccess/KDevelopSourceCodeAccess.uplugin
LogPluginManager: Loaded Plugin NullSourceCodeAccess, From C:/apps/Epic Games/4.14/Engine/Plugins/Developer/NullSourceCodeAccess/NullSourceCodeAccess.uplugin
LogPluginManager: Loaded Plugin OneSkyLocalizationService, From C:/apps/Epic Games/4.14/Engine/Plugins/Developer/OneSkyLocalizationService/OneSkyLocalizationService.uplugin
LogPluginManager: Loaded Plugin PerforceSourceControl, From C:/apps/Epic Games/4.14/Engine/Plugins/Developer/PerforceSourceControl/PerforceSourceControl.uplugin
LogPluginManager: Loaded Plugin SubversionSourceControl, From C:/apps/Epic Games/4.14/Engine/Plugins/Developer/SubversionSourceControl/SubversionSourceControl.uplugin
LogPluginManager: Loaded Plugin UObjectPlugin, From C:/apps/Epic Games/4.14/Engine/Plugins/Developer/UObjectPlugin/UObjectPlugin.uplugin
LogPluginManager: Loaded Plugin VisualStudioSourceCodeAccess, From C:/apps/Epic Games/4.14/Engine/Plugins/Developer/VisualStudioSourceCodeAccess/VisualStudioSourceCodeAccess.uplugin
LogPluginManager: Loaded Plugin XCodeSourceCodeAccess, From C:/apps/Epic Games/4.14/Engine/Plugins/Developer/XCodeSourceCodeAccess/XCodeSourceCodeAccess.uplugin
LogPluginManager: Loaded Plugin AudioCapture, From C:/apps/Epic Games/4.14/Engine/Plugins/Editor/AudioCapture/AudioCapture.uplugin
LogPluginManager: Loaded Plugin EpicSurvey, From C:/apps/Epic Games/4.14/Engine/Plugins/Editor/EpicSurvey/EpicSurvey.uplugin
LogPluginManager: Loaded Plugin MacGraphicsSwitching, From C:/apps/Epic Games/4.14/Engine/Plugins/Editor/MacGraphicsSwitching/MacGraphicsSwitching.uplugin
LogPluginManager: Loaded Plugin MobileLauncherProfileWizard, From C:/apps/Epic Games/4.14/Engine/Plugins/Editor/MobileLauncherProfileWizard/MobileLauncherProfileWizard.uplugin
LogPluginManager: Loaded Plugin PluginBrowser, From C:/apps/Epic Games/4.14/Engine/Plugins/Editor/PluginBrowser/PluginBrowser.uplugin
LogPluginManager: Loaded Plugin SpeedTreeImporter, From C:/apps/Epic Games/4.14/Engine/Plugins/Editor/SpeedTreeImporter/SpeedTreeImporter.uplugin
LogPluginManager: Loaded Plugin SuperSearchEditor, From C:/apps/Epic Games/4.14/Engine/Plugins/Editor/SuperSearchEditor/SuperSearchEditor.uplugin
LogPluginManager: Loaded Plugin AlembicImporter, From C:/apps/Epic Games/4.14/Engine/Plugins/Experimental/AlembicImporter/AlembicImporter.uplugin
LogPluginManager: Loaded Plugin BlueprintStats, From C:/apps/Epic Games/4.14/Engine/Plugins/Experimental/BlueprintStats/BlueprintStats.uplugin
LogPluginManager: Loaded Plugin CharacterAI, From C:/apps/Epic Games/4.14/Engine/Plugins/Experimental/CharacterAI/CharacterAI.uplugin
LogPluginManager: Loaded Plugin CodeEditor, From C:/apps/Epic Games/4.14/Engine/Plugins/Experimental/CodeEditor/CodeEditor.uplugin
LogPluginManager: Loaded Plugin CodeView, From C:/apps/Epic Games/4.14/Engine/Plugins/Experimental/CodeView/CodeView.uplugin
LogPluginManager: Loaded Plugin HTML5Networking, From C:/apps/Epic Games/4.14/Engine/Plugins/Experimental/HTML5Networking/HTML5Networking.uplugin
LogPluginManager: Loaded Plugin OSVR, From C:/apps/Epic Games/4.14/Engine/Plugins/Experimental/OSVR/OSVR.uplugin
LogPluginManager: Loaded Plugin Phya, From C:/apps/Epic Games/4.14/Engine/Plugins/Experimental/Phya/Phya.uplugin
LogPluginManager: Loaded Plugin SignificanceManager, From C:/apps/Epic Games/4.14/Engine/Plugins/Experimental/SignificanceManager/SignificanceManager.uplugin
LogPluginManager: Loaded Plugin SimpleHMD, From C:/apps/Epic Games/4.14/Engine/Plugins/Experimental/SimpleHMD/SimpleHMD.uplugin
LogPluginManager: Loaded Plugin StereoPanorama, From C:/apps/Epic Games/4.14/Engine/Plugins/Experimental/StereoPanorama/StereoPanorama.uplugin
LogPluginManager: Loaded Plugin StructBox, From C:/apps/Epic Games/4.14/Engine/Plugins/Experimental/StructBox/StructBox.uplugin
LogPluginManager: Loaded Plugin Substance, From C:/apps/Epic Games/4.14/Engine/Plugins/Marketplace/Substance/Substance.uplugin
LogPluginManager: Loaded Plugin AndroidMedia, From C:/apps/Epic Games/4.14/Engine/Plugins/Media/AndroidMedia/AndroidMedia.uplugin
LogPluginManager: Loaded Plugin AvfMedia, From C:/apps/Epic Games/4.14/Engine/Plugins/Media/AvfMedia/AvfMedia.uplugin
LogPluginManager: Loaded Plugin MediaPlayerEditor, From C:/apps/Epic Games/4.14/Engine/Plugins/Media/MediaPlayerEditor/MediaPlayerEditor.uplugin
LogPluginManager: Loaded Plugin WmfMedia, From C:/apps/Epic Games/4.14/Engine/Plugins/Media/WmfMedia/WmfMedia.uplugin
LogPluginManager: Loaded Plugin MessagingDebugger, From C:/apps/Epic Games/4.14/Engine/Plugins/Messaging/MessagingDebugger/MessagingDebugger.uplugin
LogPluginManager: Loaded Plugin TcpMessaging, From C:/apps/Epic Games/4.14/Engine/Plugins/Messaging/TcpMessaging/TcpMessaging.uplugin
LogPluginManager: Loaded Plugin UdpMessaging, From C:/apps/Epic Games/4.14/Engine/Plugins/Messaging/UdpMessaging/UdpMessaging.uplugin
LogPluginManager: Loaded Plugin LevelSequenceEditor, From C:/apps/Epic Games/4.14/Engine/Plugins/MovieScene/LevelSequenceEditor/LevelSequenceEditor.uplugin
LogPluginManager: Loaded Plugin MatineeToLevelSequence, From C:/apps/Epic Games/4.14/Engine/Plugins/MovieScene/MatineeToLevelSequence/MatineeToLevelSequence.uplugin
LogPluginManager: Loaded Plugin NetcodeUnitTest, From C:/apps/Epic Games/4.14/Engine/Plugins/NetcodeUnitTest/NetcodeUnitTest/NetcodeUnitTest.uplugin
LogPluginManager: Loaded Plugin NUTUnrealEngine4, From C:/apps/Epic Games/4.14/Engine/Plugins/NetcodeUnitTest/NUTUnrealEngine4/NUTUnrealEngine4.uplugin
LogPluginManager: Loaded Plugin OnlineSubsystemGameCircle, From C:/apps/Epic Games/4.14/Engine/Plugins/Online/Android/OnlineSubsystemGameCircle/OnlineSubsystemGameCircle.uplugin
LogPluginManager: Loaded Plugin OnlineSubsystemGooglePlay, From C:/apps/Epic Games/4.14/Engine/Plugins/Online/Android/OnlineSubsystemGooglePlay/OnlineSubsystemGooglePlay.uplugin
LogPluginManager: Loaded Plugin OnlineSubsystemIOS, From C:/apps/Epic Games/4.14/Engine/Plugins/Online/IOS/OnlineSubsystemIOS/OnlineSubsystemIOS.uplugin
LogPluginManager: Loaded Plugin OnlineFramework, From C:/apps/Epic Games/4.14/Engine/Plugins/Online/OnlineFramework/OnlineFramework.uplugin
LogPluginManager: Loaded Plugin OnlineSubsystem, From C:/apps/Epic Games/4.14/Engine/Plugins/Online/OnlineSubsystem/OnlineSubsystem.uplugin
LogPluginManager: Loaded Plugin OnlineSubsystemAmazon, From C:/apps/Epic Games/4.14/Engine/Plugins/Online/OnlineSubsystemAmazon/OnlineSubsystemAmazon.uplugin
LogPluginManager: Loaded Plugin OnlineSubsystemFacebook, From C:/apps/Epic Games/4.14/Engine/Plugins/Online/OnlineSubsystemFacebook/OnlineSubsystemFacebook.uplugin
LogPluginManager: Loaded Plugin OnlineSubsystemNull, From C:/apps/Epic Games/4.14/Engine/Plugins/Online/OnlineSubsystemNull/OnlineSubsystemNull.uplugin
LogPluginManager: Loaded Plugin OnlineSubsystemOculus, From C:/apps/Epic Games/4.14/Engine/Plugins/Online/OnlineSubsystemOculus/OnlineSubsystemOculus.uplugin
LogPluginManager: Loaded Plugin OnlineSubsystemSteam, From C:/apps/Epic Games/4.14/Engine/Plugins/Online/OnlineSubsystemSteam/OnlineSubsystemSteam.uplugin
LogPluginManager: Loaded Plugin OnlineSubsystemUtils, From C:/apps/Epic Games/4.14/Engine/Plugins/Online/OnlineSubsystemUtils/OnlineSubsystemUtils.uplugin
LogPluginManager: Loaded Plugin IOSTapJoy, From C:/apps/Epic Games/4.14/Engine/Plugins/Runtime/Advertising/IOSTapJoy/IOSTapJoy.uplugin
LogPluginManager: Loaded Plugin AnalyticsBlueprintLibrary, From C:/apps/Epic Games/4.14/Engine/Plugins/Runtime/Analytics/AnalyticsBlueprintLibrary/AnalyticsBlueprintLibrary.uplugin
LogPluginManager: Loaded Plugin AnalyticsMulticast, From C:/apps/Epic Games/4.14/Engine/Plugins/Runtime/Analytics/AnalyticsMulticast/AnalyticsMulticast.uplugin
LogPluginManager: Loaded Plugin Apsalar, From C:/apps/Epic Games/4.14/Engine/Plugins/Runtime/Analytics/Apsalar/Apsalar.uplugin
LogPluginManager: Loaded Plugin FileLogging, From C:/apps/Epic Games/4.14/Engine/Plugins/Runtime/Analytics/FileLogging/FileLogging.uplugin
LogPluginManager: Loaded Plugin Flurry, From C:/apps/Epic Games/4.14/Engine/Plugins/Runtime/Analytics/Flurry/Flurry.uplugin
LogPluginManager: Loaded Plugin AndroidDeviceProfileSelector, From C:/apps/Epic Games/4.14/Engine/Plugins/Runtime/AndroidDeviceProfileSelector/AndroidDeviceProfileSelector.uplugin
LogPluginManager: Loaded Plugin AndroidMoviePlayer, From C:/apps/Epic Games/4.14/Engine/Plugins/Runtime/AndroidMoviePlayer/AndroidMoviePlayer.uplugin
LogPluginManager: Loaded Plugin AppleMoviePlayer, From C:/apps/Epic Games/4.14/Engine/Plugins/Runtime/AppleMoviePlayer/AppleMoviePlayer.uplugin
LogPluginManager: Loaded Plugin ArchVisCharacter, From C:/apps/Epic Games/4.14/Engine/Plugins/Runtime/ArchVisCharacter/ArchVisCharacter.uplugin
LogPluginManager: Loaded Plugin CableComponent, From C:/apps/Epic Games/4.14/Engine/Plugins/Runtime/CableComponent/CableComponent.uplugin
LogPluginManager: Loaded Plugin CustomMeshComponent, From C:/apps/Epic Games/4.14/Engine/Plugins/Runtime/CustomMeshComponent/CustomMeshComponent.uplugin
LogPluginManager: Loaded Plugin ExampleDeviceProfileSelector, From C:/apps/Epic Games/4.14/Engine/Plugins/Runtime/ExampleDeviceProfileSelector/ExampleDeviceProfileSelector.uplugin
LogPluginManager: Loaded Plugin GearVR, From C:/apps/Epic Games/4.14/Engine/Plugins/Runtime/GearVR/GearVR.uplugin
LogPluginManager: Loaded Plugin GoogleVRController, From C:/apps/Epic Games/4.14/Engine/Plugins/Runtime/GoogleVR/GoogleVRController/GoogleVRController.uplugin
LogPluginManager: Loaded Plugin GoogleVRHMD, From C:/apps/Epic Games/4.14/Engine/Plugins/Runtime/GoogleVR/GoogleVRHMD/GoogleVRHMD.uplugin
LogPluginManager: Loaded Plugin IOSDeviceProfileSelector, From C:/apps/Epic Games/4.14/Engine/Plugins/Runtime/IOSDeviceProfileSelector/IOSDeviceProfileSelector.uplugin
LogPluginManager: Loaded Plugin LeapMotion, From C:/apps/Epic Games/4.14/Engine/Plugins/Runtime/LeapMotion/LeapMotion.uplugin
LogPluginManager: Loaded Plugin LinuxDeviceProfileSelector, From C:/apps/Epic Games/4.14/Engine/Plugins/Runtime/LinuxDeviceProfileSelector/LinuxDeviceProfileSelector.uplugin
LogPluginManager: Loaded Plugin MIDIDevice, From C:/apps/Epic Games/4.14/Engine/Plugins/Runtime/MIDIDevice/MIDIDevice.uplugin
LogPluginManager: Loaded Plugin MobilePatchingUtils, From C:/apps/Epic Games/4.14/Engine/Plugins/Runtime/MobilePatchingUtils/MobilePatchingUtils.uplugin
LogPluginManager: Loaded Plugin Ansel, From C:/apps/Epic Games/4.14/Engine/Plugins/Runtime/Nvidia/Ansel/Ansel.uplugin
LogPluginManager: Loaded Plugin OculusAudio, From C:/apps/Epic Games/4.14/Engine/Plugins/Runtime/OculusAudio/OculusAudio.uplugin
LogPluginManager: Loaded Plugin OculusInput, From C:/apps/Epic Games/4.14/Engine/Plugins/Runtime/OculusInput/OculusInput.uplugin
LogPluginManager: Loaded Plugin OculusLibrary, From C:/apps/Epic Games/4.14/Engine/Plugins/Runtime/OculusLibrary/OculusLibrary.uplugin
LogPluginManager: Loaded Plugin OculusRift, From C:/apps/Epic Games/4.14/Engine/Plugins/Runtime/OculusRift/OculusRift.uplugin
LogPluginManager: Loaded Plugin Oodle, From C:/apps/Epic Games/4.14/Engine/Plugins/Runtime/PacketHandlers/CompressionComponents/Oodle/Oodle.uplugin
LogPluginManager: Loaded Plugin ProceduralMeshComponent, From C:/apps/Epic Games/4.14/Engine/Plugins/Runtime/ProceduralMeshComponent/ProceduralMeshComponent.uplugin
LogPluginManager: Loaded Plugin SoundMod, From C:/apps/Epic Games/4.14/Engine/Plugins/Runtime/SoundMod/SoundMod.uplugin
LogPluginManager: Loaded Plugin SoundVisualizations, From C:/apps/Epic Games/4.14/Engine/Plugins/Runtime/SoundVisualizations/SoundVisualizations.uplugin
LogPluginManager: Loaded Plugin SteamController, From C:/apps/Epic Games/4.14/Engine/Plugins/Runtime/Steam/SteamController/SteamController.uplugin
LogPluginManager: Loaded Plugin SteamVR, From C:/apps/Epic Games/4.14/Engine/Plugins/Runtime/Steam/SteamVR/SteamVR.uplugin
LogPluginManager: Loaded Plugin WebBrowserWidget, From C:/apps/Epic Games/4.14/Engine/Plugins/Runtime/WebBrowserWidget/WebBrowserWidget.uplugin
LogPluginManager: Loaded Plugin WindowsDeviceProfileSelector, From C:/apps/Epic Games/4.14/Engine/Plugins/Runtime/WindowsDeviceProfileSelector/WindowsDeviceProfileSelector.uplugin
LogPluginManager: Loaded Plugin WindowsMoviePlayer, From C:/apps/Epic Games/4.14/Engine/Plugins/Runtime/WindowsMoviePlayer/WindowsMoviePlayer.uplugin
LogPluginManager: Loaded Plugin ScriptPlugin, From C:/apps/Epic Games/4.14/Engine/Plugins/ScriptPlugin/ScriptPlugin.uplugin
LogPluginManager: Loaded Plugin SlateRemote, From C:/apps/Epic Games/4.14/Engine/Plugins/Slate/SlateRemote/SlateRemote.uplugin
LogPluginManager: Loaded Plugin EditorTests, From C:/apps/Epic Games/4.14/Engine/Plugins/Tests/EditorTests/EditorTests.uplugin
LogPluginManager: Loaded Plugin FbxAutomationTestBuilder, From C:/apps/Epic Games/4.14/Engine/Plugins/Tests/FbxAutomationTestBuilder/FbxAutomationTestBuilder.uplugin
LogPluginManager: Loaded Plugin FunctionalTestingEditor, From C:/apps/Epic Games/4.14/Engine/Plugins/Tests/FunctionalTestingEditor/FunctionalTestingEditor.uplugin
LogPluginManager: Loaded Plugin RuntimeTests, From C:/apps/Epic Games/4.14/Engine/Plugins/Tests/RuntimeTests/RuntimeTests.uplugin
LogPluginManager: Loaded Plugin ScreenshotTools, From C:/apps/Epic Games/4.14/Engine/Plugins/Tests/ScreenshotTools/ScreenshotTools.uplugin
LogInit: Using libcurl 7.47.1
LogInit:  - built for x86_64-pc-win32
LogInit:  - supports SSL with OpenSSL/1.0.2g
LogInit:  - supports HTTP deflate (compression) using libz 1.2.8
LogInit:  - other features:
LogInit:      CURL_VERSION_SSL
LogInit:      CURL_VERSION_LIBZ
LogInit:      CURL_VERSION_IPV6
LogInit:      CURL_VERSION_ASYNCHDNS
LogInit:      CURL_VERSION_LARGEFILE
LogInit:      CURL_VERSION_IDN
LogInit:  CurlRequestOptions (configurable via config and command line):
LogInit:  - bVerifyPeer = false  - Libcurl will NOT verify peer certificate
LogInit:  - bUseHttpProxy = false  - Libcurl will NOT use HTTP proxy
LogInit:  - bDontReuseConnections = false  - Libcurl will reuse connections
LogInit:  - CertBundlePath = nullptr  - Libcurl will use whatever was configured at build time.
LogInit: Build: ++UE4+Release-4.14-CL-3249277
LogInit: Engine Version: 4.14.3-3249277+++UE4+Release-4.14
LogInit: Compatible Engine Version: 4.14.0-3195953+++UE4+Release-4.14
LogInit: Net CL: 3195953
LogDevObjectVersion: Number of dev versions registered: 13
LogDevObjectVersion:   Dev-Blueprints (B0D832E4-1F89-4F0D-ACCF-7EB736FD4AA2): 7
LogDevObjectVersion:   Dev-Build (E1C64328-A22C-4D53-A36C-8E866417BD8C): 0
LogDevObjectVersion:   Dev-Core (375EC13C-06E4-48FB-B500-84F0262A717E): 1
LogDevObjectVersion:   Dev-Editor (E4B068ED-F494-42E9-A231-DA0B2E46BB41): 8
LogDevObjectVersion:   Dev-Framework (CFFC743F-43B0-4480-9391-14DF171D2073): 17
LogDevObjectVersion:   Dev-Mobile (B02B49B5-BB20-44E9-A304-32B752E40360): 0
LogDevObjectVersion:   Dev-Networking (A4E4105C-59A1-49B5-A7C5-40C4547EDFEE): 0
LogDevObjectVersion:   Dev-Online (39C831C9-5AE6-47DC-9A44-9C173E1C8E7C): 0
LogDevObjectVersion:   Dev-Physics (78F01B33-EBEA-4F98-B9B4-84EACCB95AA2): 0
LogDevObjectVersion:   Dev-Platform (6631380F-2D4D-43E0-8009-CF276956A95A): 0
LogDevObjectVersion:   Dev-Rendering (12F88B9F-8875-4AFC-A67C-D90C383ABD29): 12
LogDevObjectVersion:   Dev-Sequencer (7B5AE74C-D270-4C10-A958-57980B212A5A): 1
LogDevObjectVersion:   Dev-VR (D7296918-1DD6-4BDD-9DE2-64A83CC13884): 0
LogInit: Compiled (64-bit): Jan  6 2017 10:49:43
LogInit: Compiled with Visual C++: 19.00.23026.00
LogInit: Build Configuration: Development
LogInit: Branch Name: ++UE4+Release-4.14
LogInit: Command line:  
LogInit: Base directory: C:/apps/Epic Games/4.14/Engine/Binaries/Win64/
LogInit: Installed Engine Build: 1
LogInit: Presizing for max 8388607 objects, including 0 objects not considered by GC, pre-allocating 0 bytes for permanent pool.
LogInit: Object subsystem initialized
[2017.09.04-04.00.54:837][  0]LogInit: Selected Device Profile: [Windows]
[2017.09.04-04.00.54:837][  0]LogInit: Applying CVar settings loaded from the selected device profile: [Windows]
[2017.09.04-04.00.54:871][  0]LogInit: Computer: 1916C011
[2017.09.04-04.00.54:871][  0]LogInit: User: liamhal6872
[2017.09.04-04.00.54:871][  0]LogInit: CPU Page size=65536, Cores=4
[2017.09.04-04.00.54:871][  0]LogInit: High frequency timer resolution =3.312832 MHz
[2017.09.04-04.00.54:872][  0]LogMemory: Memory total: Physical=8.0GB (8GB approx)
[2017.09.04-04.00.54:872][  0]LogMemory: Platform Memory Stats for Windows
[2017.09.04-04.00.54:872][  0]LogMemory: Process Physical Memory: 266.08 MB used, 266.08 MB peak
[2017.09.04-04.00.54:872][  0]LogMemory: Process Virtual Memory: 265.44 MB used, 265.44 MB peak
[2017.09.04-04.00.54:872][  0]LogMemory: Physical Memory: 3536.40 MB used,  4613.76 MB free, 8150.16 MB total
[2017.09.04-04.00.54:872][  0]LogMemory: Virtual Memory: 663.93 MB used,  4613.76 MB free, 8388608.00 MB total
[2017.09.04-04.00.54:913][  0]LogTextLocalizationManager: No specific translations for ('en-NZ') exist, so ('en') translations will be used.
[2017.09.04-04.00.55:736][  0]LogD3D11RHI: D3D11 adapters:
[2017.09.04-04.00.55:758][  0]LogD3D11RHI:    0. 'NVIDIA GeForce GTX 670' (Feature Level 11_0)
[2017.09.04-04.00.55:758][  0]LogD3D11RHI:       1989/0/2048 MB DedicatedVideo/DedicatedSystem/SharedSystem, Outputs:2, VendorId:0x10de
[2017.09.04-04.00.55:758][  0]LogD3D11RHI: Chosen D3D11 Adapter: 0
[2017.09.04-04.00.55:762][  0]LogD3D11RHI: Creating new Direct3DDevice
[2017.09.04-04.00.55:762][  0]LogD3D11RHI:     GPU DeviceId: 0x1189 (for the marketing name, search the web for "GPU Device Id")
[2017.09.04-04.00.55:762][  0]LogWindows: EnumDisplayDevices:
[2017.09.04-04.00.55:762][  0]LogWindows:    0. 'NVIDIA GeForce GTX 670' (P:0 D:1)
[2017.09.04-04.00.55:762][  0]LogWindows:    1. 'NVIDIA GeForce GTX 670' (P:1 D:1)
[2017.09.04-04.00.55:762][  0]LogWindows:    2. 'NVIDIA GeForce GTX 670' (P:0 D:0)
[2017.09.04-04.00.55:762][  0]LogWindows:    3. 'NVIDIA GeForce GTX 670' (P:0 D:0)
[2017.09.04-04.00.55:762][  0]LogWindows:    4. 'RDPDD Chained DD' (P:0 D:0)
[2017.09.04-04.00.55:762][  0]LogWindows:    5. 'RDP Encoder Mirror Driver' (P:0 D:0)
[2017.09.04-04.00.55:762][  0]LogWindows:    6. 'RDP Reflector Display Driver' (P:0 D:0)
[2017.09.04-04.00.55:762][  0]LogWindows:    7. 'Mirage Driver' (P:0 D:0)
[2017.09.04-04.00.55:763][  0]LogWindows: DebugString: GetVideoDriverDetailsInvalid PrimaryIsNotTheChoosenAdapter GetVideoDriverDetailsInvalid PrimaryIsNotTheChoosenAdapter GetVideoDriverDetailsInvalid PrimaryIsNotTheChoosenAdapter GetVideoDriverDetailsInvalid PrimaryIsNotTheChoosenAdapter FoundDriverCount:4 
[2017.09.04-04.00.55:763][  0]LogD3D11RHI:     Adapter Name: NVIDIA GeForce GTX 670
[2017.09.04-04.00.55:763][  0]LogD3D11RHI:   Driver Version: 364.72 (internal:10.18.13.6472, unified:364.72)
[2017.09.04-04.00.55:763][  0]LogD3D11RHI:      Driver Date: 3-21-2016
[2017.09.04-04.00.55:763][  0]LogRHI: Texture pool is 1361 MB (70% of 1945 MB)
[2017.09.04-04.00.55:772][  0]LogD3D11RHI:Warning: Timestamp queries are currently disabled on this hardware due to instability. Realtime GPU stats will not be available. You can override this behaviour by setting r.NVIDIATimestampWorkaround to 0
[2017.09.04-04.00.55:772][  0]LogD3D11RHI: Async texture creation enabled
[2017.09.04-04.00.55:787][  0]LogD3D11RHI: GPU Timing Frequency: 1000.000000 (Debug: 2 2)
[2017.09.04-04.00.55:787][  0]LogShaderCompilers: Guid format shader working directory is 33 characters bigger than the processId version (H:/GITHUB/CUBE-JUMP/Intermediate/Shaders/WorkingDirectory/10192/).
[2017.09.04-04.00.55:787][  0]LogShaderCompilers: Cleaned the shader compiler working directory 'C:/Users/liam.hal6872/AppData/Local/Temp/UnrealShaderWorkingDir/82E678BF4D67A6771BE5ADA9D9F14F7E/'.
[2017.09.04-04.00.55:787][  0]LogShaderCompilers:Display: Using Local Shader Compiler.
[2017.09.04-04.00.56:982][  0]LogTemp:Display: Loaded TP AllDesktopTargetPlatform
[2017.09.04-04.00.57:094][  0]LogTemp:Display: Loaded TP MacClientTargetPlatform
[2017.09.04-04.00.57:202][  0]LogTemp:Display: Loaded TP MacNoEditorTargetPlatform
[2017.09.04-04.00.57:310][  0]LogTemp:Display: Loaded TP MacServerTargetPlatform
[2017.09.04-04.00.57:419][  0]LogTemp:Display: Loaded TP MacTargetPlatform
[2017.09.04-04.00.57:528][  0]LogTemp:Display: Loaded TP WindowsClientTargetPlatform
[2017.09.04-04.00.57:636][  0]LogTemp:Display: Loaded TP WindowsNoEditorTargetPlatform
[2017.09.04-04.00.57:745][  0]LogTemp:Display: Loaded TP WindowsServerTargetPlatform
[2017.09.04-04.00.57:842][  0]LogTemp:Display: Loaded TP WindowsTargetPlatform
[2017.09.04-04.00.57:950][  0]LogTemp:Display: Loaded TP AndroidTargetPlatform
[2017.09.04-04.00.58:063][  0]LogTemp:Display: Loaded TP Android_ASTCTargetPlatform
[2017.09.04-04.00.58:172][  0]LogTemp:Display: Loaded TP Android_ATCTargetPlatform
[2017.09.04-04.00.58:283][  0]LogTemp:Display: Loaded TP Android_DXTTargetPlatform
[2017.09.04-04.00.58:390][  0]LogTemp:Display: Loaded TP Android_ETC1TargetPlatform
[2017.09.04-04.00.58:500][  0]LogTemp:Display: Loaded TP Android_ETC2TargetPlatform
[2017.09.04-04.00.58:719][  0]LogTemp:Display: Loaded TP Android_MultiTargetPlatform
[2017.09.04-04.00.58:719][  0]LogTemp:Display: Loaded TP Android_PVRTCTargetPlatform
[2017.09.04-04.00.58:805][  0]LogTemp:Display: Loaded TP HTML5TargetPlatform
[2017.09.04-04.00.58:994][  0]LogTemp:Display: Loaded TP IOSTargetPlatform
[2017.09.04-04.00.59:170][  0]LogTemp:Display: Loaded TP TVOSTargetPlatform
[2017.09.04-04.00.59:391][  0]LogTemp:Display: Loaded TP LinuxClientTargetPlatform
[2017.09.04-04.00.59:614][  0]LogTemp:Display: Loaded TP LinuxNoEditorTargetPlatform
[2017.09.04-04.00.59:801][  0]LogTemp:Display: Loaded TP LinuxServerTargetPlatform
[2017.09.04-04.00.59:942][  0]LogTemp:Display: Loaded TP LinuxTargetPlatform
[2017.09.04-04.00.59:942][  0]LogTargetPlatformManager:Display: Building Assets For Windows
[2017.09.04-04.01.00:897][  0]LogDerivedDataCache:Display: Max Cache Size: 512 MB
[2017.09.04-04.01.00:954][  0]LogDerivedDataCache: Loaded boot cache 0.06s 50MB C:/Users/liam.hal6872/AppData/Local/UnrealEngine/4.14/DerivedDataCache/Boot.ddc.
[2017.09.04-04.01.00:954][  0]LogDerivedDataCache:Display: Loaded Boot cache: C:/Users/liam.hal6872/AppData/Local/UnrealEngine/4.14/DerivedDataCache/Boot.ddc
[2017.09.04-04.01.00:954][  0]LogDerivedDataCache: FDerivedDataBackendGraph:  Pak pak cache file H:/GITHUB/CUBE-JUMP/DerivedDataCache/DDC.ddp not found, will not use a pak cache.
[2017.09.04-04.01.00:955][  0]LogDerivedDataCache: Unable to find inner node Pak for hierarchical cache Hierarchy.
[2017.09.04-04.01.00:955][  0]LogDerivedDataCache: FDerivedDataBackendGraph:  CompressedPak pak cache file H:/GITHUB/CUBE-JUMP/DerivedDataCache/Compressed.ddp not found, will not use a pak cache.
[2017.09.04-04.01.00:955][  0]LogDerivedDataCache: Unable to find inner node CompressedPak for hierarchical cache Hierarchy.
[2017.09.04-04.01.00:981][  0]LogDerivedDataCache:Display: Pak cache opened for reading ../../../Engine/DerivedDataCache/Compressed.ddp.
[2017.09.04-04.01.00:992][  0]LogDerivedDataCache: Using Local data cache path C:/Users/liam.hal6872/AppData/Local/UnrealEngine/Common/DerivedDataCache: Writable
[2017.09.04-04.01.01:281][  0]LogInit: Selected Device Profile: [Windows]
[2017.09.04-04.01.01:285][  0]LogContentStreaming: Texture pool size is 0.00 MB
[2017.09.04-04.01.01:646][  0]LogMeshUtilities: Using QuadricMeshReduction for automatic static mesh reduction
[2017.09.04-04.01.01:761][  0]LogSimplygon: Simplygon DLL not present - disabling.
[2017.09.04-04.01.01:892][  0]LogMeshUtilities: Using SimplygonSwarm for distributed automatic mesh merging
[2017.09.04-04.01.01:892][  0]LogMeshUtilities: No automatic skeletal mesh reduction module available
[2017.09.04-04.01.01:892][  0]LogMeshUtilities: No automatic mesh merging module available
[2017.09.04-04.01.02:649][  0]LogNetVersion: GetLocalNetworkVersion: CL: 3195953, ProjectName: myproject2, ProjectVersion: , EngineNetworkVersion: 2, GameNetworkVersion: 0, NetworkChecksum: 178977787
[2017.09.04-04.01.02:732][  0]LogAssetRegistry: FAssetRegistry took 0.0200 seconds to start up
[2017.09.04-04.01.02:982][  0]LogPackageLocalizationCache: Processed 3 localized package path(s) for 2 prioritized culture(s) in 0.186450 seconds
[2017.09.04-04.01.02:990][  0]LogUObjectArray: 31946 objects as part of root set at end of initial load.
[2017.09.04-04.01.02:990][  0]LogUObjectAllocator: 6935848 out of 0 bytes used by permanent object pool.
[2017.09.04-04.01.02:990][  0]LogUObjectArray: CloseDisregardForGC: 0/0 objects in disregard for GC pool
[2017.09.04-04.01.03:190][  0]LogInit: WinSock: version 1.1 (2.2), MaxSocks=32767, MaxUdp=65467
[2017.09.04-04.01.04:925][  0]LogSlate: Using Freetype 2.6.0
[2017.09.04-04.01.04:926][  0]LogSlate: SlateFontCache - WITH_FREETYPE: 1, WITH_HARFBUZZ: 1
[2017.09.04-04.01.04:926][  0]LogSlate: SlateFontCache - WITH_FREETYPE: 1, WITH_HARFBUZZ: 1
[2017.09.04-04.01.06:562][  0]LogSubstanceCoreModule: Substance [CPU] Engine Loaded, Max Texture Size = 2048
[2017.09.04-04.01.06:614][  0]LogTcpMessaging: Initializing TcpMessaging bridge
[2017.09.04-04.01.06:676][  0]LogUdpMessaging: Initializing bridge on interface 0.0.0.0:0 to multicast group 230.0.0.1:6666.
[2017.09.04-04.01.06:677][  0]LogDirectoryWatcher: A directory notification failed for 'H:/GITHUB/CUBE-JUMP/Content/' because it was empty or there was a buffer overflow. Attemping another request...
[2017.09.04-04.01.07:308][  0]LogMaterial: Uniform references updated for custom material expression Custom.
[2017.09.04-04.01.08:055][  0]SourceControl: Info Source control is disabled
[2017.09.04-04.01.08:093][  0]SourceControl: Info Source control is disabled
[2017.09.04-04.01.08:186][  0]SourceControl: Info Source control is disabled
[2017.09.04-04.01.08:275][  0]SourceControl: Info Source control is disabled
[2017.09.04-04.01.10:895][  0]LogEngine: Initializing Engine...
[2017.09.04-04.01.10:895][  0]LogHMD: Failed to initialize OpenVR with code 110
[2017.09.04-04.01.11:286][  0]LogAIModule: Creating AISystem for world Untitled
[2017.09.04-04.01.11:295][  0]LogInit: XAudio2 using 'Speakers (High Definition Audio Device)' : 2 channels at 44.1 kHz using 16 bits per sample (channel mask 0x3)
[2017.09.04-04.01.11:301][  0]LogInit: FAudioDevice initialized.
[2017.09.04-04.01.11:323][  0]LogDerivedDataCache: Saved boot cache 0.02s 50MB C:/Users/liam.hal6872/AppData/Local/UnrealEngine/4.14/DerivedDataCache/Boot.ddc.
[2017.09.04-04.01.11:329][  0]LogInit: Texture streaming: Enabled
[2017.09.04-04.01.11:700][  0]LogInit: Transaction tracking system initialized
[2017.09.04-04.01.12:435][  0]BlueprintLog: New page: Editor Load
[2017.09.04-04.01.14:296][  0]LocalizationService: Info Localization service is disabled
[2017.09.04-04.01.15:631][  0]LogConsoleResponse:Display: 
[2017.09.04-04.01.15:817][  0]LogCook:Display: Max memory allowance for cook 16384mb min free memory 0mb
[2017.09.04-04.01.15:817][  0]LogCook:Display: Mobile HDR setting 1
[2017.09.04-04.01.16:771][  0]LogFileCache: Scanning file cache for directory 'H:/GITHUB/CUBE-JUMP/Content/' took 0.06s
[2017.09.04-04.01.17:675][  0]SourceControl: Info Source control is disabled
[2017.09.04-04.01.17:675][  0]Cmd: MAP LOAD FILE="H:/GITHUB/CUBE-JUMP/Content/SideScrollerBP/Maps/LevelONE.umap" TEMPLATE=0 SHOWPROGRESS=1 FEATURELEVEL=3
[2017.09.04-04.01.17:676][  0]LightingResults: New page: Lighting Build
[2017.09.04-04.01.17:759][  0]MapCheck: New page: Map Check
[2017.09.04-04.01.17:759][  0]LightingResults: New page: Lighting Build
[2017.09.04-04.01.18:229][  0]LogAIModule: Creating AISystem for world LevelONE
[2017.09.04-04.01.18:238][  0]LogEditorServer: Finished looking for orphan Actors (0.000 secs)
[2017.09.04-04.01.18:238][  0]Cmd: MAP CHECKDEP NOCLEARLOG
[2017.09.04-04.01.18:375][  0]MapCheck: Info Map check complete: 0 Error(s), 0 Warning(s), took 137.326ms to complete.
[2017.09.04-04.01.18:375][  0]LogFileHelpers: Loading map 'LevelONE' took 0.700
[2017.09.04-04.01.18:627][  0]LogCollectionManager: Loaded 0 collections in 0.002986 seconds
[2017.09.04-04.01.18:751][  0]LogFileCache: Scanning file cache for directory 'H:/GITHUB/CUBE-JUMP/Saved/Collections/' took 0.01s
[2017.09.04-04.01.18:751][  0]LogFileCache: Scanning file cache for directory 'H:/GITHUB/CUBE-JUMP/Content/Developers/liamhal6872/Collections/' took 0.01s
[2017.09.04-04.01.18:751][  0]LogFileCache: Scanning file cache for directory 'H:/GITHUB/CUBE-JUMP/Content/Collections/' took 0.01s
[2017.09.04-04.01.18:751][  0]LogCollectionManager: Rebuilt the GUID cache for 0 collections in 0.000002 seconds
[2017.09.04-04.01.18:760][  0]LogContentBrowser: Native class hierarchy populated in 0.0087 seconds. Added 2205 classes and 436 folders.
[2017.09.04-04.01.18:843][  0]LogStats: UGameplayTagsManager::ConstructGameplayTagTree: Construct from data asset -  0.000 s
[2017.09.04-04.01.18:843][  0]LogStats: UGameplayTagsManager::ConstructGameplayTagTree: GameplayTagTreeChangedEvent.Broadcast -  0.000 s
[2017.09.04-04.01.18:844][  0]LogContentBrowser: Native class hierarchy updated for 'GameplayTags' in 0.0007 seconds. Added 13 classes and 0 folders.
[2017.09.04-04.01.18:971][  0]LogContentBrowser: Native class hierarchy updated for 'WidgetCarousel' in 0.0006 seconds. Added 0 classes and 0 folders.
[2017.09.04-04.01.19:019][  0]LogContentBrowser: Native class hierarchy updated for 'AddContentDialog' in 0.0007 seconds. Added 0 classes and 0 folders.
[2017.09.04-04.01.19:079][  0]LogCrashTracker: Crashtracker disabled due to settings.
[2017.09.04-04.01.19:084][  0]LogUObjectGlobals:Warning: Failed to find object 'Class None.'
[2017.09.04-04.01.19:190][  0]LogContentBrowser: Native class hierarchy updated for 'HierarchicalLODOutliner' in 0.0009 seconds. Added 1 classes and 2 folders.
[2017.09.04-04.01.19:191][  0]LogLoad: (Engine Initialization) Total time: 26.88 seconds
[2017.09.04-04.01.19:191][  0]LogLoad: (Engine Initialization) Total Blueprint compile time: 0.23 seconds
[2017.09.04-04.01.19:191][  0]LogExternalProfiler: Found external profiler: VSPerf
[2017.09.04-04.01.19:191][  0]LogExternalProfiler: Using external profiler: VSPerf
[2017.09.04-04.01.19:529][  0]LogOcInput: OculusInput pre-init called
[2017.09.04-04.01.19:545][  0]LogDirectoryWatcher: A directory notification failed for 'H:/GITHUB/CUBE-JUMP/Content/' because it was empty or there was a buffer overflow. Attemping another request...
[2017.09.04-04.01.19:546][  0]LogDirectoryWatcher: A directory notification failed for 'H:/GITHUB/CUBE-JUMP/Content/', and we were unable to create a new request.
[2017.09.04-04.01.19:546][  0]LogDirectoryWatcher: A directory notification failed for 'H:/GITHUB/CUBE-JUMP/Saved/Collections/' because it was empty or there was a buffer overflow. Attemping another request...
[2017.09.04-04.01.19:546][  0]LogDirectoryWatcher: A directory notification failed for 'H:/GITHUB/CUBE-JUMP/Content/Developers/liamhal6872/Collections/' because it was empty or there was a buffer overflow. Attemping another request...
[2017.09.04-04.01.19:546][  0]LogDirectoryWatcher: A directory notification failed for 'H:/GITHUB/CUBE-JUMP/Content/Collections/' because it was empty or there was a buffer overflow. Attemping another request...
[2017.09.04-04.01.19:549][  0]LogContentStreaming: Texture pool size now 1000 MB
[2017.09.04-04.01.19:871][  1]LogRenderer: Reallocating scene render targets to support 992x512 NumSamples 1 (Frame:2).
[2017.09.04-04.01.19:871][  1]LogAssetRegistry: Asset discovery search completed in 17.1599 seconds
[2017.09.04-04.01.19:871][  1]LogCollectionManager: Rebuilt the object cache for 0 collections in 0.000001 seconds (found 0 objects)
[2017.09.04-04.01.19:871][  1]LogCollectionManager: Fixed up redirectors for 0 collections in 0.000014 seconds (updated 0 objects)
[2017.09.04-04.01.19:871][  1]LogDirectoryWatcher: A directory notification failed for 'H:/GITHUB/CUBE-JUMP/Saved/Collections/' because it was empty or there was a buffer overflow. Attemping another request...
[2017.09.04-04.01.19:871][  1]LogDirectoryWatcher: A directory notification failed for 'H:/GITHUB/CUBE-JUMP/Saved/Collections/', and we were unable to create a new request.
[2017.09.04-04.01.19:871][  1]LogDirectoryWatcher: A directory notification failed for 'H:/GITHUB/CUBE-JUMP/Content/Developers/liamhal6872/Collections/' because it was empty or there was a buffer overflow. Attemping another request...
[2017.09.04-04.01.19:872][  1]LogDirectoryWatcher: A directory notification failed for 'H:/GITHUB/CUBE-JUMP/Content/Developers/liamhal6872/Collections/', and we were unable to create a new request.
[2017.09.04-04.01.19:872][  1]LogDirectoryWatcher: A directory notification failed for 'H:/GITHUB/CUBE-JUMP/Content/Collections/' because it was empty or there was a buffer overflow. Attemping another request...
[2017.09.04-04.01.19:872][  1]LogDirectoryWatcher: A directory notification failed for 'H:/GITHUB/CUBE-JUMP/Content/Collections/', and we were unable to create a new request.
[2017.09.04-04.02.49:595][333]LogTemp: Repeting last play command: New Editor Window (PIE)
[2017.09.04-04.02.49:618][333]LogBlueprintUserMessages: Early PlayInEditor Detection: Level '/Game/SideScrollerBP/Maps/LevelONE.LevelONE:PersistentLevel' has LevelScriptBlueprint '/Game/SideScrollerBP/Maps/LevelONE.LevelONE:PersistentLevel.LevelONE' with GeneratedClass '/Game/SideScrollerBP/Maps/LevelONE.LevelONE_C' with ClassGeneratedBy '/Game/SideScrollerBP/Maps/LevelONE.LevelONE:PersistentLevel.LevelONE'
[2017.09.04-04.02.49:618][333]LogPlayLevel: PlayLevel: No blueprints needed recompiling
[2017.09.04-04.02.49:618][333]PIE: New page: PIE session: LevelONE (5/09/2017 4:02:49 am)
[2017.09.04-04.02.49:618][333]LogPlayLevel: Creating play world package: /Game/SideScrollerBP/Maps/UEDPIE_0_LevelONE
[2017.09.04-04.02.49:646][333]LogPlayLevel: PIE: StaticDuplicateObject took: (0.027062s)
[2017.09.04-04.02.49:647][333]LogAIModule: Creating AISystem for world LevelONE
[2017.09.04-04.02.49:647][333]LogPlayLevel: PIE: World Init took: (0.001201s)
[2017.09.04-04.02.49:647][333]LogPlayLevel: PIE: Created PIE world by copying editor world from /Game/SideScrollerBP/Maps/LevelONE.LevelONE to /Game/SideScrollerBP/Maps/UEDPIE_0_LevelONE.LevelONE (0.028639s)
[2017.09.04-04.02.49:850][333]LogInit: XAudio2 using 'Speakers (High Definition Audio Device)' : 2 channels at 44.1 kHz using 16 bits per sample (channel mask 0x3)
[2017.09.04-04.02.49:856][333]LogInit: FAudioDevice initialized.
[2017.09.04-04.02.49:938][333]LogLoad: Game class is 'SideScrollerGameMode_C'
[2017.09.04-04.02.49:941][333]LogWorld: Bringing World /Game/SideScrollerBP/Maps/UEDPIE_0_LevelONE.LevelONE up for play (max tick rate 0) at 2017.09.04-16.02.49
[2017.09.04-04.02.49:942][333]LogWorld: Bringing up level for play took: 0.001715
[2017.09.04-04.02.50:144][333]LogContentBrowser: Native class hierarchy updated for 'MovieSceneCapture' in 0.0011 seconds. Added 11 classes and 0 folders.
[2017.09.04-04.02.50:148][333]PIE: Info Play in editor start time for /Game/SideScrollerBP/Maps/UEDPIE_0_LevelONE 1.033
[2017.09.04-04.02.50:154][333]LogBlueprintUserMessages: Late PlayInEditor Detection: Level '/Game/SideScrollerBP/Maps/LevelONE.LevelONE:PersistentLevel' has LevelScriptBlueprint '/Game/SideScrollerBP/Maps/LevelONE.LevelONE:PersistentLevel.LevelONE' with GeneratedClass '/Game/SideScrollerBP/Maps/LevelONE.LevelONE_C' with ClassGeneratedBy '/Game/SideScrollerBP/Maps/LevelONE.LevelONE:PersistentLevel.LevelONE'
[2017.09.04-04.02.50:213][333]LogRenderer: Reallocating scene render targets to support 1292x756 NumSamples 1 (Frame:66).
[2017.09.04-04.03.31:517][269]LogNet: Browse: /Game/SideScrollerBP/Maps/LevelTWO
[2017.09.04-04.03.31:517][269]LogLoad: LoadMap: /Game/SideScrollerBP/Maps/LevelTWO
[2017.09.04-04.03.31:527][269]Cmd: MEM
[2017.09.04-04.03.31:537][269]LogMemory: Platform Memory Stats for Windows
[2017.09.04-04.03.31:537][269]LogMemory: Process Physical Memory: 957.01 MB used, 965.88 MB peak
[2017.09.04-04.03.31:537][269]LogMemory: Process Virtual Memory: 1378.51 MB used, 1455.37 MB peak
[2017.09.04-04.03.31:537][269]LogMemory: Physical Memory: 4225.81 MB used,  3924.34 MB free, 8150.16 MB total
[2017.09.04-04.03.31:537][269]LogMemory: Virtual Memory: 2096.23 MB used,  3924.34 MB free, 8388608.00 MB total
[2017.09.04-04.03.31:537][269]LogMemory: 
[2017.09.04-04.03.31:537][269]Allocator Stats for TBB: (not implemented)
[2017.09.04-04.03.32:897][269]LogAIModule: Creating AISystem for world LevelTWO
[2017.09.04-04.03.32:897][269]LogLoad: Game class is 'SideScrollerGameMode_C'
[2017.09.04-04.03.32:902][269]LogWorld: Bringing World /Game/SideScrollerBP/Maps/UEDPIE_0_LevelTWO.LevelTWO up for play (max tick rate 0) at 2017.09.04-16.03.32
[2017.09.04-04.03.32:903][269]LogWorld: Bringing up level for play took: 0.004458
[2017.09.04-04.03.32:904][269]LogLoad: Took 1.387000 seconds to LoadMap(/Game/SideScrollerBP/Maps/LevelTWO)
[2017.09.04-04.03.37:364][779]LogNet: Browse: /Game/SideScrollerBP/Maps/LevelTWO
[2017.09.04-04.03.37:364][779]LogLoad: LoadMap: /Game/SideScrollerBP/Maps/LevelTWO
[2017.09.04-04.03.37:380][779]Cmd: MEM
[2017.09.04-04.03.37:389][779]LogMemory: Platform Memory Stats for Windows
[2017.09.04-04.03.37:389][779]LogMemory: Process Physical Memory: 1007.51 MB used, 1052.21 MB peak
[2017.09.04-04.03.37:389][779]LogMemory: Process Virtual Memory: 1361.93 MB used, 1633.26 MB peak
[2017.09.04-04.03.37:389][779]LogMemory: Physical Memory: 4287.17 MB used,  3862.98 MB free, 8150.16 MB total
[2017.09.04-04.03.37:390][779]LogMemory: Virtual Memory: 2077.73 MB used,  3862.98 MB free, 8388608.00 MB total
[2017.09.04-04.03.37:390][779]LogMemory: 
[2017.09.04-04.03.37:390][779]Allocator Stats for TBB: (not implemented)
[2017.09.04-04.03.37:634][779]LogAIModule: Creating AISystem for world LevelTWO
[2017.09.04-04.03.37:635][779]LogLoad: Game class is 'SideScrollerGameMode_C'
[2017.09.04-04.03.37:641][779]LogWorld: Bringing World /Game/SideScrollerBP/Maps/UEDPIE_0_LevelTWO.LevelTWO up for play (max tick rate 0) at 2017.09.04-16.03.37
[2017.09.04-04.03.37:641][779]LogWorld: Bringing up level for play took: 0.005162
[2017.09.04-04.03.37:642][779]LogLoad: Took 0.277684 seconds to LoadMap(/Game/SideScrollerBP/Maps/LevelTWO)
[2017.09.04-04.03.38:432][871]LogBlueprintUserMessages: Early EndPlayMap Detection: Level '/Game/SideScrollerBP/Maps/LevelONE.LevelONE:PersistentLevel' has LevelScriptBlueprint '/Game/SideScrollerBP/Maps/LevelONE.LevelONE:PersistentLevel.LevelONE' with GeneratedClass '/Game/SideScrollerBP/Maps/LevelONE.LevelONE_C' with ClassGeneratedBy '/Game/SideScrollerBP/Maps/LevelONE.LevelONE:PersistentLevel.LevelONE'
[2017.09.04-04.03.38:505][871]LogBlueprintUserMessages: Late EndPlayMap Detection: Level '/Game/SideScrollerBP/Maps/LevelONE.LevelONE:PersistentLevel' has LevelScriptBlueprint '/Game/SideScrollerBP/Maps/LevelONE.LevelONE:PersistentLevel.LevelONE' with GeneratedClass '/Game/SideScrollerBP/Maps/LevelONE.LevelONE_C' with ClassGeneratedBy '/Game/SideScrollerBP/Maps/LevelONE.LevelONE:PersistentLevel.LevelONE'
[2017.09.04-04.03.40:547][ 35]LogAIModule: Creating AISystem for world testREICH
[2017.09.04-04.03.40:567][ 35]Cmd: MAP LOAD FILE="H:/GITHUB/CUBE-JUMP/Content/SideScrollerBP/Maps/testREICH.umap" TEMPLATE=0 SHOWPROGRESS=1 FEATURELEVEL=3
[2017.09.04-04.03.40:567][ 35]LightingResults: New page: Lighting Build
[2017.09.04-04.03.40:568][ 35]LoadErrors: New page: Loading map: testREICH.umap
[2017.09.04-04.03.40:569][ 35]MapCheck: New page: Map Check
[2017.09.04-04.03.40:570][ 35]LightingResults: New page: Lighting Build
[2017.09.04-04.03.40:612][ 35]LogEditorServer: Finished looking for orphan Actors (0.000 secs)
[2017.09.04-04.03.40:669][ 35]Cmd: MAP CHECKDEP NOCLEARLOG
[2017.09.04-04.03.40:797][ 35]MapCheck: Info Map check complete: 0 Error(s), 0 Warning(s), took 128.73ms to complete.
[2017.09.04-04.03.40:798][ 35]LogFileHelpers: Loading map 'testREICH' took 0.231
[2017.09.04-04.03.42:030][166]LogTemp: Repeting last play command: New Editor Window (PIE)
[2017.09.04-04.03.42:066][166]LogBlueprintUserMessages: Early PlayInEditor Detection: Level '/Game/SideScrollerBP/Maps/testREICH.testREICH:PersistentLevel' has LevelScriptBlueprint '/Game/SideScrollerBP/Maps/testREICH.testREICH:PersistentLevel.testREICH' with GeneratedClass '/Game/SideScrollerBP/Maps/testREICH.testREICH_C' with ClassGeneratedBy '/Game/SideScrollerBP/Maps/testREICH.testREICH:PersistentLevel.testREICH'
[2017.09.04-04.03.42:066][166]LogPlayLevel: PlayLevel: No blueprints needed recompiling
[2017.09.04-04.03.42:067][166]PIE: New page: PIE session: testREICH (5/09/2017 4:03:42 am)
[2017.09.04-04.03.42:067][166]LogPlayLevel: Creating play world package: /Game/SideScrollerBP/Maps/UEDPIE_0_testREICH
[2017.09.04-04.03.42:097][166]LogPlayLevel: PIE: StaticDuplicateObject took: (0.029924s)
[2017.09.04-04.03.42:097][166]LogAIModule: Creating AISystem for world testREICH
[2017.09.04-04.03.42:097][166]LogPlayLevel: PIE: World Init took: (0.000637s)
[2017.09.04-04.03.42:097][166]LogPlayLevel: PIE: Created PIE world by copying editor world from /Game/SideScrollerBP/Maps/testREICH.testREICH to /Game/SideScrollerBP/Maps/UEDPIE_0_testREICH.testREICH (0.030783s)
[2017.09.04-04.03.42:110][166]LogInit: XAudio2 using 'Speakers (High Definition Audio Device)' : 2 channels at 44.1 kHz using 16 bits per sample (channel mask 0x3)
[2017.09.04-04.03.42:115][166]LogInit: FAudioDevice initialized.
[2017.09.04-04.03.42:159][166]LogLoad: Game class is 'SideScrollerGameMode_C'
[2017.09.04-04.03.42:162][166]LogWorld: Bringing World /Game/SideScrollerBP/Maps/UEDPIE_0_testREICH.testREICH up for play (max tick rate 0) at 2017.09.04-16.03.42
[2017.09.04-04.03.42:162][166]LogWorld: Bringing up level for play took: 0.001905
[2017.09.04-04.03.42:166][166]PIE: Info Play in editor start time for /Game/SideScrollerBP/Maps/UEDPIE_0_testREICH 1.053
[2017.09.04-04.03.42:182][166]LogBlueprintUserMessages: Late PlayInEditor Detection: Level '/Game/SideScrollerBP/Maps/testREICH.testREICH:PersistentLevel' has LevelScriptBlueprint '/Game/SideScrollerBP/Maps/testREICH.testREICH:PersistentLevel.testREICH' with GeneratedClass '/Game/SideScrollerBP/Maps/testREICH.testREICH_C' with ClassGeneratedBy '/Game/SideScrollerBP/Maps/testREICH.testREICH:PersistentLevel.testREICH'
[2017.09.04-04.03.44:533][434]LogBlueprintUserMessages: Early EndPlayMap Detection: Level '/Game/SideScrollerBP/Maps/testREICH.testREICH:PersistentLevel' has LevelScriptBlueprint '/Game/SideScrollerBP/Maps/testREICH.testREICH:PersistentLevel.testREICH' with GeneratedClass '/Game/SideScrollerBP/Maps/testREICH.testREICH_C' with ClassGeneratedBy '/Game/SideScrollerBP/Maps/testREICH.testREICH:PersistentLevel.testREICH'
[2017.09.04-04.03.44:561][434]LogBlueprintUserMessages: Late EndPlayMap Detection: Level '/Game/SideScrollerBP/Maps/testREICH.testREICH:PersistentLevel' has LevelScriptBlueprint '/Game/SideScrollerBP/Maps/testREICH.testREICH:PersistentLevel.testREICH' with GeneratedClass '/Game/SideScrollerBP/Maps/testREICH.testREICH_C' with ClassGeneratedBy '/Game/SideScrollerBP/Maps/testREICH.testREICH:PersistentLevel.testREICH'
[2017.09.04-04.03.49:361][  4]LogEditorViewport: Clicking on Actor (LMB): PlayerCUBE_C (PlayerCUBE)
[2017.09.04-04.03.51:596][154]LogContentBrowser: Native class hierarchy updated for 'BlueprintGraph' in 0.0015 seconds. Added 111 classes and 0 folders.
[2017.09.04-04.04.00:722][716]LogTemp: Repeting last play command: New Editor Window (PIE)
[2017.09.04-04.04.00:751][716]LogBlueprintUserMessages: Early PlayInEditor Detection: Level '/Game/SideScrollerBP/Maps/testREICH.testREICH:PersistentLevel' has LevelScriptBlueprint '/Game/SideScrollerBP/Maps/testREICH.testREICH:PersistentLevel.testREICH' with GeneratedClass '/Game/SideScrollerBP/Maps/testREICH.testREICH_C' with ClassGeneratedBy '/Game/SideScrollerBP/Maps/testREICH.testREICH:PersistentLevel.testREICH'
[2017.09.04-04.04.00:751][716]BlueprintLog: New page: Pre-Play auto-recompile
[2017.09.04-04.04.00:751][716]LogPlayLevel: [PlayLevel] Compiling PlayerCUBE before play...
[2017.09.04-04.04.00:900][716]LogPlayLevel: PlayLevel: Blueprint regeneration took 148 ms (1 blueprints)
[2017.09.04-04.04.00:900][716]PIE: New page: PIE session: testREICH (5/09/2017 4:04:00 am)
[2017.09.04-04.04.00:900][716]LogPlayLevel: Creating play world package: /Game/SideScrollerBP/Maps/UEDPIE_0_testREICH
[2017.09.04-04.04.00:917][716]LogPlayLevel: PIE: StaticDuplicateObject took: (0.016747s)
[2017.09.04-04.04.00:917][716]LogAIModule: Creating AISystem for world testREICH
[2017.09.04-04.04.00:917][716]LogPlayLevel: PIE: World Init took: (0.000642s)
[2017.09.04-04.04.00:917][716]LogPlayLevel: PIE: Created PIE world by copying editor world from /Game/SideScrollerBP/Maps/testREICH.testREICH to /Game/SideScrollerBP/Maps/UEDPIE_0_testREICH.testREICH (0.017609s)
[2017.09.04-04.04.00:933][716]LogInit: XAudio2 using 'Speakers (High Definition Audio Device)' : 2 channels at 44.1 kHz using 16 bits per sample (channel mask 0x3)
[2017.09.04-04.04.00:938][716]LogInit: FAudioDevice initialized.
[2017.09.04-04.04.00:988][716]LogLoad: Game class is 'SideScrollerGameMode_C'
[2017.09.04-04.04.00:991][716]LogWorld: Bringing World /Game/SideScrollerBP/Maps/UEDPIE_0_testREICH.testREICH up for play (max tick rate 0) at 2017.09.04-16.04.00
[2017.09.04-04.04.00:991][716]LogWorld: Bringing up level for play took: 0.001979
[2017.09.04-04.04.00:999][716]PIE: Info Play in editor start time for /Game/SideScrollerBP/Maps/UEDPIE_0_testREICH -0.114
[2017.09.04-04.04.01:015][716]LogBlueprintUserMessages: Late PlayInEditor Detection: Level '/Game/SideScrollerBP/Maps/testREICH.testREICH:PersistentLevel' has LevelScriptBlueprint '/Game/SideScrollerBP/Maps/testREICH.testREICH:PersistentLevel.testREICH' with GeneratedClass '/Game/SideScrollerBP/Maps/testREICH.testREICH_C' with ClassGeneratedBy '/Game/SideScrollerBP/Maps/testREICH.testREICH:PersistentLevel.testREICH'
[2017.09.04-04.04.04:673][978]LogBlueprintUserMessages: Early EndPlayMap Detection: Level '/Game/SideScrollerBP/Maps/testREICH.testREICH:PersistentLevel' has LevelScriptBlueprint '/Game/SideScrollerBP/Maps/testREICH.testREICH:PersistentLevel.testREICH' with GeneratedClass '/Game/SideScrollerBP/Maps/testREICH.testREICH_C' with ClassGeneratedBy '/Game/SideScrollerBP/Maps/testREICH.testREICH:PersistentLevel.testREICH'
[2017.09.04-04.04.04:740][978]LogBlueprintUserMessages: Late EndPlayMap Detection: Level '/Game/SideScrollerBP/Maps/testREICH.testREICH:PersistentLevel' has LevelScriptBlueprint '/Game/SideScrollerBP/Maps/testREICH.testREICH:PersistentLevel.testREICH' with GeneratedClass '/Game/SideScrollerBP/Maps/testREICH.testREICH_C' with ClassGeneratedBy '/Game/SideScrollerBP/Maps/testREICH.testREICH:PersistentLevel.testREICH'
[2017.09.04-04.04.06:293][ 67]LogAIModule: Creating AISystem for world LevelONE
[2017.09.04-04.04.07:544][ 67]Cmd: OBJ SAVEPACKAGE PACKAGE="/Game/SideScrollerBP/Blueprints/PlayerCUBE" FILE="H:/GITHUB/CUBE-JUMP/Content/SideScrollerBP/Blueprints/PlayerCUBE.uasset" SILENT=true
[2017.09.04-04.04.08:220][ 67]LogSavePackage: Save=443.91ms
[2017.09.04-04.04.08:220][ 67]LogSavePackage: Moving 'H:/GITHUB/CUBE-JUMP/Saved/PlayerCUBE8C9CCA774B393EA62D5410A6888A18A2.tmp' to 'H:/GITHUB/CUBE-JUMP/Content/SideScrollerBP/Blueprints/PlayerCUBE.uasset'
[2017.09.04-04.04.08:226][ 67]LogFileManager:Warning: DeleteFile was unable to delete 'H:/GITHUB/CUBE-JUMP/Content/SideScrollerBP/Blueprints/PlayerCUBE.uasset', retrying in .5s...
[2017.09.04-04.04.08:726][ 67]LogFileManager:Error: Error deleting file 'H:/GITHUB/CUBE-JUMP/Content/SideScrollerBP/Blueprints/PlayerCUBE.uasset'.
[2017.09.04-04.04.08:745][ 67]LogSavePackage:Error: Error saving 'H:/GITHUB/CUBE-JUMP/Content/SideScrollerBP/Blueprints/PlayerCUBE.uasset'
[2017.09.04-04.04.08:748][ 67]LogSavePackage:Display: Finished SavePackage H:/GITHUB/CUBE-JUMP/Content/SideScrollerBP/Blueprints/PlayerCUBE.uasset
[2017.09.04-04.04.14:980][ 67]Cmd: OBJ SAVEPACKAGE PACKAGE="/Game/SideScrollerBP/Blueprints/PlayerCUBE" FILE="H:/GITHUB/CUBE-JUMP/Content/SideScrollerBP/Blueprints/PlayerCUBE.uasset" SILENT=true
[2017.09.04-04.04.16:202][ 67]LogSavePackage: Save=855.05ms
[2017.09.04-04.04.16:202][ 67]LogSavePackage: Moving 'H:/GITHUB/CUBE-JUMP/Saved/PlayerCUBE18141684467A69C2D403E79E364341EE.tmp' to 'H:/GITHUB/CUBE-JUMP/Content/SideScrollerBP/Blueprints/PlayerCUBE.uasset'
[2017.09.04-04.04.16:230][ 67]LogFileManager:Warning: DeleteFile was unable to delete 'H:/GITHUB/CUBE-JUMP/Content/SideScrollerBP/Blueprints/PlayerCUBE.uasset', retrying in .5s...
[2017.09.04-04.04.16:730][ 67]LogFileManager:Error: Error deleting file 'H:/GITHUB/CUBE-JUMP/Content/SideScrollerBP/Blueprints/PlayerCUBE.uasset'.
[2017.09.04-04.04.16:735][ 67]LogSavePackage:Error: Error saving 'H:/GITHUB/CUBE-JUMP/Content/SideScrollerBP/Blueprints/PlayerCUBE.uasset'
[2017.09.04-04.04.16:741][ 67]LogSavePackage:Display: Finished SavePackage H:/GITHUB/CUBE-JUMP/Content/SideScrollerBP/Blueprints/PlayerCUBE.uasset
[2017.09.04-04.04.17:742][ 67]EditorErrors: New page: Save Output
[2017.09.04-04.04.17:742][ 67]EditorErrors:Warning: Warning Error saving 'H:/GITHUB/CUBE-JUMP/Content/SideScrollerBP/Blueprints/PlayerCUBE.uasset'
[2017.09.04-04.04.17:742][ 67]EditorErrors:Warning: Warning Error saving 'H:/GITHUB/CUBE-JUMP/Content/SideScrollerBP/Blueprints/PlayerCUBE.uasset'
[2017.09.04-04.04.23:331][464]Cmd: OBJ SAVEPACKAGE PACKAGE="/Game/SideScrollerBP/Blueprints/PlayerCUBE" FILE="H:/GITHUB/CUBE-JUMP/Content/SideScrollerBP/Blueprints/PlayerCUBE.uasset" SILENT=true
[2017.09.04-04.04.23:855][464]LogSavePackage: Save=307.84ms
[2017.09.04-04.04.23:855][464]LogSavePackage: Moving 'H:/GITHUB/CUBE-JUMP/Saved/PlayerCUBE9298041B4781C5E3057AE585FE77D6C6.tmp' to 'H:/GITHUB/CUBE-JUMP/Content/SideScrollerBP/Blueprints/PlayerCUBE.uasset'
[2017.09.04-04.04.23:860][464]LogFileManager:Warning: DeleteFile was unable to delete 'H:/GITHUB/CUBE-JUMP/Content/SideScrollerBP/Blueprints/PlayerCUBE.uasset', retrying in .5s...
[2017.09.04-04.04.24:360][464]LogFileManager:Error: Error deleting file 'H:/GITHUB/CUBE-JUMP/Content/SideScrollerBP/Blueprints/PlayerCUBE.uasset'.
[2017.09.04-04.04.24:360][464]LogSavePackage:Error: Error saving 'H:/GITHUB/CUBE-JUMP/Content/SideScrollerBP/Blueprints/PlayerCUBE.uasset'
[2017.09.04-04.04.24:364][464]LogSavePackage:Display: Finished SavePackage H:/GITHUB/CUBE-JUMP/Content/SideScrollerBP/Blueprints/PlayerCUBE.uasset
[2017.09.04-04.04.25:729][464]EditorErrors: New page: Save Output
[2017.09.04-04.04.25:729][464]EditorErrors:Warning: Warning Error saving 'H:/GITHUB/CUBE-JUMP/Content/SideScrollerBP/Blueprints/PlayerCUBE.uasset'
[2017.09.04-04.04.32:324][881]LogTemp: Repeting last play command: New Editor Window (PIE)
[2017.09.04-04.04.32:345][881]LogBlueprintUserMessages: Early PlayInEditor Detection: Level '/Game/SideScrollerBP/Maps/testREICH.testREICH:PersistentLevel' has LevelScriptBlueprint '/Game/SideScrollerBP/Maps/testREICH.testREICH:PersistentLevel.testREICH' with GeneratedClass '/Game/SideScrollerBP/Maps/testREICH.testREICH_C' with ClassGeneratedBy '/Game/SideScrollerBP/Maps/testREICH.testREICH:PersistentLevel.testREICH'
[2017.09.04-04.04.32:345][881]LogPlayLevel: PlayLevel: No blueprints needed recompiling
[2017.09.04-04.04.32:345][881]PIE: New page: PIE session: testREICH (5/09/2017 4:04:32 am)
[2017.09.04-04.04.32:345][881]LogPlayLevel: Creating play world package: /Game/SideScrollerBP/Maps/UEDPIE_0_testREICH
[2017.09.04-04.04.32:363][881]LogPlayLevel: PIE: StaticDuplicateObject took: (0.017292s)
[2017.09.04-04.04.32:363][881]LogAIModule: Creating AISystem for world testREICH
[2017.09.04-04.04.32:364][881]LogPlayLevel: PIE: World Init took: (0.000673s)
[2017.09.04-04.04.32:364][881]LogPlayLevel: PIE: Created PIE world by copying editor world from /Game/SideScrollerBP/Maps/testREICH.testREICH to /Game/SideScrollerBP/Maps/UEDPIE_0_testREICH.testREICH (0.018199s)
[2017.09.04-04.04.32:380][881]LogInit: XAudio2 using 'Speakers (High Definition Audio Device)' : 2 channels at 44.1 kHz using 16 bits per sample (channel mask 0x3)
[2017.09.04-04.04.32:385][881]LogInit: FAudioDevice initialized.
[2017.09.04-04.04.32:436][881]LogLoad: Game class is 'SideScrollerGameMode_C'
[2017.09.04-04.04.32:439][881]LogWorld: Bringing World /Game/SideScrollerBP/Maps/UEDPIE_0_testREICH.testREICH up for play (max tick rate 0) at 2017.09.04-16.04.32
[2017.09.04-04.04.32:439][881]LogWorld: Bringing up level for play took: 0.001914
[2017.09.04-04.04.32:446][881]PIE: Info Play in editor start time for /Game/SideScrollerBP/Maps/UEDPIE_0_testREICH -0.664
[2017.09.04-04.04.32:448][881]LogBlueprintUserMessages: Late PlayInEditor Detection: Level '/Game/SideScrollerBP/Maps/testREICH.testREICH:PersistentLevel' has LevelScriptBlueprint '/Game/SideScrollerBP/Maps/testREICH.testREICH:PersistentLevel.testREICH' with GeneratedClass '/Game/SideScrollerBP/Maps/testREICH.testREICH_C' with ClassGeneratedBy '/Game/SideScrollerBP/Maps/testREICH.testREICH:PersistentLevel.testREICH'
[2017.09.04-04.04.37:722][257]Set new viewmode: Wireframe
[2017.09.04-04.04.39:732][407]LogBlueprintUserMessages: Early EndPlayMap Detection: Level '/Game/SideScrollerBP/Maps/testREICH.testREICH:PersistentLevel' has LevelScriptBlueprint '/Game/SideScrollerBP/Maps/testREICH.testREICH:PersistentLevel.testREICH' with GeneratedClass '/Game/SideScrollerBP/Maps/testREICH.testREICH_C' with ClassGeneratedBy '/Game/SideScrollerBP/Maps/testREICH.testREICH:PersistentLevel.testREICH'
[2017.09.04-04.04.39:783][407]LogBlueprintUserMessages: Late EndPlayMap Detection: Level '/Game/SideScrollerBP/Maps/testREICH.testREICH:PersistentLevel' has LevelScriptBlueprint '/Game/SideScrollerBP/Maps/testREICH.testREICH:PersistentLevel.testREICH' with GeneratedClass '/Game/SideScrollerBP/Maps/testREICH.testREICH_C' with ClassGeneratedBy '/Game/SideScrollerBP/Maps/testREICH.testREICH:PersistentLevel.testREICH'
[2017.09.04-04.04.50:269][853]Cmd: OBJ SAVEPACKAGE PACKAGE="/Game/SideScrollerBP/Blueprints/PlayerCUBE" FILE="H:/GITHUB/CUBE-JUMP/Content/SideScrollerBP/Blueprints/PlayerCUBE.uasset" SILENT=true
[2017.09.04-04.04.50:795][853]LogSavePackage: Save=315.63ms
[2017.09.04-04.04.50:795][853]LogSavePackage: Moving 'H:/GITHUB/CUBE-JUMP/Saved/PlayerCUBE8690027C4430F9A6FD47B581DD09BF7F.tmp' to 'H:/GITHUB/CUBE-JUMP/Content/SideScrollerBP/Blueprints/PlayerCUBE.uasset'
[2017.09.04-04.04.50:798][853]LogFileManager:Warning: DeleteFile was unable to delete 'H:/GITHUB/CUBE-JUMP/Content/SideScrollerBP/Blueprints/PlayerCUBE.uasset', retrying in .5s...
[2017.09.04-04.04.51:298][853]LogFileManager:Error: Error deleting file 'H:/GITHUB/CUBE-JUMP/Content/SideScrollerBP/Blueprints/PlayerCUBE.uasset'.
[2017.09.04-04.04.51:299][853]LogSavePackage:Error: Error saving 'H:/GITHUB/CUBE-JUMP/Content/SideScrollerBP/Blueprints/PlayerCUBE.uasset'
[2017.09.04-04.04.51:303][853]LogSavePackage:Display: Finished SavePackage H:/GITHUB/CUBE-JUMP/Content/SideScrollerBP/Blueprints/PlayerCUBE.uasset
[2017.09.04-04.04.53:066][853]Cmd: OBJ SAVEPACKAGE PACKAGE="/Game/SideScrollerBP/Maps/testREICH" FILE="H:/GITHUB/CUBE-JUMP/Content/SideScrollerBP/Maps/testREICH.umap" SILENT=true AUTOSAVING=false KEEPDIRTY=false
[2017.09.04-04.04.54:958][853]LogSavePackage: Save=1614.35ms
[2017.09.04-04.04.54:958][853]LogSavePackage: Moving 'H:/GITHUB/CUBE-JUMP/Saved/testREICH2CB2E9EA4A16C77605FA3DA6400F7EBC.tmp' to 'H:/GITHUB/CUBE-JUMP/Content/SideScrollerBP/Maps/testREICH.umap'
[2017.09.04-04.04.54:979][853]LogSavePackage:Display: Finished SavePackage H:/GITHUB/CUBE-JUMP/Content/SideScrollerBP/Maps/testREICH.umap
[2017.09.04-04.04.55:028][853]LogFileHelpers: Saving map 'testREICH' took 2.170
[2017.09.04-04.04.55:029][853]EditorErrors: New page: Save Output
[2017.09.04-04.04.55:029][853]EditorErrors:Warning: Warning Error saving 'H:/GITHUB/CUBE-JUMP/Content/SideScrollerBP/Blueprints/PlayerCUBE.uasset'
[2017.09.04-04.04.56:488][853]Cmd: MAP LOAD FILE="H:/GITHUB/CUBE-JUMP/Content/SideScrollerBP/Maps/LevelONE.umap" TEMPLATE=0 SHOWPROGRESS=1 FEATURELEVEL=3
[2017.09.04-04.04.56:489][853]LightingResults: New page: Lighting Build
[2017.09.04-04.04.56:490][853]LoadErrors: New page: Loading map: LevelONE.umap
[2017.09.04-04.04.56:500][853]MapCheck: New page: Map Check
[2017.09.04-04.04.56:500][853]LightingResults: New page: Lighting Build
[2017.09.04-04.04.56:547][853]LogEditorServer: Finished looking for orphan Actors (0.000 secs)
[2017.09.04-04.04.56:683][853]Cmd: MAP CHECKDEP NOCLEARLOG
[2017.09.04-04.04.56:788][853]MapCheck: Info Map check complete: 0 Error(s), 0 Warning(s), took 104.373ms to complete.
[2017.09.04-04.04.56:788][853]LogFileHelpers: Loading map 'LevelONE' took 0.300
[2017.09.04-04.05.01:095][221]Cmd: OBJ SAVEPACKAGE PACKAGE="/Game/SideScrollerBP/Blueprints/PlayerCUBE" FILE="H:/GITHUB/CUBE-JUMP/Content/SideScrollerBP/Blueprints/PlayerCUBE.uasset" SILENT=true
[2017.09.04-04.05.01:405][221]LogSavePackage: Save=175.38ms
[2017.09.04-04.05.01:405][221]LogSavePackage: Moving 'H:/GITHUB/CUBE-JUMP/Saved/PlayerCUBEE8A7927A4D63E8C0463C13A70A810709.tmp' to 'H:/GITHUB/CUBE-JUMP/Content/SideScrollerBP/Blueprints/PlayerCUBE.uasset'
[2017.09.04-04.05.01:407][221]LogFileManager:Warning: DeleteFile was unable to delete 'H:/GITHUB/CUBE-JUMP/Content/SideScrollerBP/Blueprints/PlayerCUBE.uasset', retrying in .5s...
[2017.09.04-04.05.01:907][221]LogFileManager:Error: Error deleting file 'H:/GITHUB/CUBE-JUMP/Content/SideScrollerBP/Blueprints/PlayerCUBE.uasset'.
[2017.09.04-04.05.01:908][221]LogSavePackage:Error: Error saving 'H:/GITHUB/CUBE-JUMP/Content/SideScrollerBP/Blueprints/PlayerCUBE.uasset'
[2017.09.04-04.05.01:911][221]LogSavePackage:Display: Finished SavePackage H:/GITHUB/CUBE-JUMP/Content/SideScrollerBP/Blueprints/PlayerCUBE.uasset
[2017.09.04-04.05.04:172][221]EditorErrors: New page: Save Output
[2017.09.04-04.05.04:172][221]EditorErrors:Warning: Warning Error saving 'H:/GITHUB/CUBE-JUMP/Content/SideScrollerBP/Blueprints/PlayerCUBE.uasset'
[2017.09.04-04.05.07:485][278]LogTemp: Repeting last play command: New Editor Window (PIE)
[2017.09.04-04.05.07:507][278]LogBlueprintUserMessages: Early PlayInEditor Detection: Level '/Game/SideScrollerBP/Maps/LevelONE.LevelONE:PersistentLevel' has LevelScriptBlueprint '/Game/SideScrollerBP/Maps/LevelONE.LevelONE:PersistentLevel.LevelONE' with GeneratedClass '/Game/SideScrollerBP/Maps/LevelONE.LevelONE_C' with ClassGeneratedBy '/Game/SideScrollerBP/Maps/LevelONE.LevelONE:PersistentLevel.LevelONE'
[2017.09.04-04.05.07:507][278]LogPlayLevel: PlayLevel: No blueprints needed recompiling
[2017.09.04-04.05.07:507][278]PIE: New page: PIE session: LevelONE (5/09/2017 4:05:07 am)
[2017.09.04-04.05.07:507][278]LogPlayLevel: Creating play world package: /Game/SideScrollerBP/Maps/UEDPIE_0_LevelONE
[2017.09.04-04.05.07:529][278]LogPlayLevel: PIE: StaticDuplicateObject took: (0.022220s)
[2017.09.04-04.05.07:530][278]LogAIModule: Creating AISystem for world LevelONE
[2017.09.04-04.05.07:530][278]LogPlayLevel: PIE: World Init took: (0.000689s)
[2017.09.04-04.05.07:530][278]LogPlayLevel: PIE: Created PIE world by copying editor world from /Game/SideScrollerBP/Maps/LevelONE.LevelONE to /Game/SideScrollerBP/Maps/UEDPIE_0_LevelONE.LevelONE (0.023132s)
[2017.09.04-04.05.07:545][278]LogInit: XAudio2 using 'Speakers (High Definition Audio Device)' : 2 channels at 44.1 kHz using 16 bits per sample (channel mask 0x3)
[2017.09.04-04.05.07:550][278]LogInit: FAudioDevice initialized.
[2017.09.04-04.05.07:599][278]LogLoad: Game class is 'SideScrollerGameMode_C'
[2017.09.04-04.05.07:601][278]LogWorld: Bringing World /Game/SideScrollerBP/Maps/UEDPIE_0_LevelONE.LevelONE up for play (max tick rate 0) at 2017.09.04-16.05.07
[2017.09.04-04.05.07:602][278]LogWorld: Bringing up level for play took: 0.001789
[2017.09.04-04.05.07:608][278]PIE: Info Play in editor start time for /Game/SideScrollerBP/Maps/UEDPIE_0_LevelONE 0.499
[2017.09.04-04.05.07:609][278]LogBlueprintUserMessages: Late PlayInEditor Detection: Level '/Game/SideScrollerBP/Maps/LevelONE.LevelONE:PersistentLevel' has LevelScriptBlueprint '/Game/SideScrollerBP/Maps/LevelONE.LevelONE:PersistentLevel.LevelONE' with GeneratedClass '/Game/SideScrollerBP/Maps/LevelONE.LevelONE_C' with ClassGeneratedBy '/Game/SideScrollerBP/Maps/LevelONE.LevelONE:PersistentLevel.LevelONE'
[2017.09.04-04.05.10:071][444]LogNet: Browse: /Game/SideScrollerBP/Maps/LevelONE
[2017.09.04-04.05.10:071][444]LogLoad: LoadMap: /Game/SideScrollerBP/Maps/LevelONE
[2017.09.04-04.05.10:090][444]Cmd: MEM
[2017.09.04-04.05.10:103][444]LogMemory: Platform Memory Stats for Windows
[2017.09.04-04.05.10:103][444]LogMemory: Process Physical Memory: 1248.41 MB used, 1280.93 MB peak
[2017.09.04-04.05.10:103][444]LogMemory: Process Virtual Memory: 1799.35 MB used, 1866.12 MB peak
[2017.09.04-04.05.10:103][444]LogMemory: Physical Memory: 4530.89 MB used,  3619.27 MB free, 8150.16 MB total
[2017.09.04-04.05.10:103][444]LogMemory: Virtual Memory: 2527.54 MB used,  3619.27 MB free, 8388608.00 MB total
[2017.09.04-04.05.10:103][444]LogMemory: 
[2017.09.04-04.05.10:103][444]Allocator Stats for TBB: (not implemented)
[2017.09.04-04.05.10:103][444]LogPlayLevel: Creating play world package: /Game/SideScrollerBP/Maps/UEDPIE_0_LevelONE
[2017.09.04-04.05.10:117][444]LogPlayLevel: PIE: StaticDuplicateObject took: (0.013851s)
[2017.09.04-04.05.10:117][444]LogAIModule: Creating AISystem for world LevelONE
[2017.09.04-04.05.10:118][444]LogPlayLevel: PIE: World Init took: (0.000787s)
[2017.09.04-04.05.10:118][444]LogPlayLevel: PIE: Created PIE world by copying editor world from /Game/SideScrollerBP/Maps/LevelONE.LevelONE to /Game/SideScrollerBP/Maps/UEDPIE_0_LevelONE.LevelONE (0.014870s)
[2017.09.04-04.05.10:118][444]LogLoad: Game class is 'SideScrollerGameMode_C'
[2017.09.04-04.05.10:124][444]LogWorld: Bringing World /Game/SideScrollerBP/Maps/UEDPIE_0_LevelONE.LevelONE up for play (max tick rate 0) at 2017.09.04-16.05.10
[2017.09.04-04.05.10:124][444]LogWorld: Bringing up level for play took: 0.005201
[2017.09.04-04.05.10:125][444]LogLoad: Took 0.053653 seconds to LoadMap(/Game/SideScrollerBP/Maps/UEDPIE_0_LevelONE)
[2017.09.04-04.05.11:514][543]LogNet: Browse: /Game/SideScrollerBP/Maps/LevelONE
[2017.09.04-04.05.11:514][543]LogLoad: LoadMap: /Game/SideScrollerBP/Maps/LevelONE
[2017.09.04-04.05.11:534][543]Cmd: MEM
[2017.09.04-04.05.11:546][543]LogMemory: Platform Memory Stats for Windows
[2017.09.04-04.05.11:546][543]LogMemory: Process Physical Memory: 1249.04 MB used, 1280.93 MB peak
[2017.09.04-04.05.11:546][543]LogMemory: Process Virtual Memory: 1759.80 MB used, 1942.61 MB peak
[2017.09.04-04.05.11:546][543]LogMemory: Physical Memory: 4536.53 MB used,  3613.63 MB free, 8150.16 MB total
[2017.09.04-04.05.11:546][543]LogMemory: Virtual Memory: 2488.04 MB used,  3613.63 MB free, 8388608.00 MB total
[2017.09.04-04.05.11:546][543]LogMemory: 
[2017.09.04-04.05.11:546][543]Allocator Stats for TBB: (not implemented)
[2017.09.04-04.05.11:546][543]LogPlayLevel: Creating play world package: /Game/SideScrollerBP/Maps/UEDPIE_0_LevelONE
[2017.09.04-04.05.11:560][543]LogPlayLevel: PIE: StaticDuplicateObject took: (0.013277s)
[2017.09.04-04.05.11:560][543]LogAIModule: Creating AISystem for world LevelONE
[2017.09.04-04.05.11:560][543]LogPlayLevel: PIE: World Init took: (0.000712s)
[2017.09.04-04.05.11:560][543]LogPlayLevel: PIE: Created PIE world by copying editor world from /Game/SideScrollerBP/Maps/LevelONE.LevelONE to /Game/SideScrollerBP/Maps/UEDPIE_0_LevelONE.LevelONE (0.014230s)
[2017.09.04-04.05.11:560][543]LogLoad: Game class is 'SideScrollerGameMode_C'
[2017.09.04-04.05.11:566][543]LogWorld: Bringing World /Game/SideScrollerBP/Maps/UEDPIE_0_LevelONE.LevelONE up for play (max tick rate 0) at 2017.09.04-16.05.11
[2017.09.04-04.05.11:566][543]LogWorld: Bringing up level for play took: 0.004824
[2017.09.04-04.05.11:567][543]LogLoad: Took 0.052658 seconds to LoadMap(/Game/SideScrollerBP/Maps/UEDPIE_0_LevelONE)
[2017.09.04-04.05.22:533][339]LogNet: Browse: /Game/SideScrollerBP/Maps/LevelTWO
[2017.09.04-04.05.22:533][339]LogLoad: LoadMap: /Game/SideScrollerBP/Maps/LevelTWO
[2017.09.04-04.05.22:553][339]Cmd: MEM
[2017.09.04-04.05.22:565][339]LogMemory: Platform Memory Stats for Windows
[2017.09.04-04.05.22:566][339]LogMemory: Process Physical Memory: 1241.28 MB used, 1280.93 MB peak
[2017.09.04-04.05.22:566][339]LogMemory: Process Virtual Memory: 1701.02 MB used, 1942.61 MB peak
[2017.09.04-04.05.22:566][339]LogMemory: Physical Memory: 4528.75 MB used,  3621.40 MB free, 8150.16 MB total
[2017.09.04-04.05.22:566][339]LogMemory: Virtual Memory: 2429.36 MB used,  3621.40 MB free, 8388608.00 MB total
[2017.09.04-04.05.22:566][339]LogMemory: 
[2017.09.04-04.05.22:566][339]Allocator Stats for TBB: (not implemented)
[2017.09.04-04.05.22:752][339]LogStats: FPlatformStackWalk::StackWalkAndDump -  0.007 s
[2017.09.04-04.05.22:752][339]LogOutputDevice:Error: === Handled ensure: ===
[2017.09.04-04.05.22:752][339]LogOutputDevice:Error: 
[2017.09.04-04.05.22:752][339]LogOutputDevice:Error: Ensure condition failed: IsObjectValidForDatabase(AssetObject) [File:D:\Build\++UE4+Release-4.14+Compile\Sync\Engine\Source\Editor\BlueprintGraph\Private\BlueprintActionDatabase.cpp] [Line: 1263]
[2017.09.04-04.05.22:752][339]LogOutputDevice:Error: 
[2017.09.04-04.05.22:752][339]LogOutputDevice:Error: Stack: 
[2017.09.04-04.05.22:752][339]LogOutputDevice:Error: UE4Editor-Core.dll
[2017.09.04-04.05.22:752][339]LogOutputDevice:Error: UE4Editor-Core.dll
[2017.09.04-04.05.22:752][339]LogOutputDevice:Error: UE4Editor-Core.dll
[2017.09.04-04.05.22:752][339]LogOutputDevice:Error: UE4Editor-BlueprintGraph.dll
[2017.09.04-04.05.22:752][339]LogOutputDevice:Error: UE4Editor-BlueprintGraph.dll
[2017.09.04-04.05.22:752][339]LogOutputDevice:Error: UE4Editor-CoreUObject.dll
[2017.09.04-04.05.22:752][339]LogOutputDevice:Error: UE4Editor-CoreUObject.dll
[2017.09.04-04.05.22:752][339]LogOutputDevice:Error: UE4Editor-CoreUObject.dll
[2017.09.04-04.05.22:752][339]LogOutputDevice:Error: UE4Editor-CoreUObject.dll
[2017.09.04-04.05.22:752][339]LogOutputDevice:Error: UE4Editor-Engine.dll
[2017.09.04-04.05.22:752][339]LogOutputDevice:Error: UE4Editor-Engine.dll
[2017.09.04-04.05.22:752][339]LogOutputDevice:Error: UE4Editor-Engine.dll
[2017.09.04-04.05.22:752][339]LogOutputDevice:Error: UE4Editor-UnrealEd.dll
[2017.09.04-04.05.22:752][339]LogOutputDevice:Error: UE4Editor-UnrealEd.dll
[2017.09.04-04.05.22:752][339]LogOutputDevice:Error: UE4Editor.exe
[2017.09.04-04.05.22:752][339]LogOutputDevice:Error: UE4Editor.exe
[2017.09.04-04.05.22:752][339]LogOutputDevice:Error: UE4Editor.exe
[2017.09.04-04.05.22:752][339]LogOutputDevice:Error: UE4Editor.exe
[2017.09.04-04.05.22:752][339]LogOutputDevice:Error: UE4Editor.exe
[2017.09.04-04.05.22:752][339]LogOutputDevice:Error: kernel32.dll
[2017.09.04-04.05.22:752][339]LogOutputDevice:Error: ntdll.dll
[2017.09.04-04.05.22:752][339]LogOutputDevice:Error: 
[2017.09.04-04.05.22:759][339]LogStats:                SubmitErrorReport -  0.000 s
