Log file open, 09/02/17 21:44:25
LogInit:Display: Running engine for game: MyProject2
LogPlatformFile: Not using cached read wrapper
LogInit:Display: RandInit(-1172276018) SRandInit(-1172276018).
LogTaskGraph: Started task graph with 5 named threads and 8 total threads with 1 sets of task threads.
LogStats: Stats thread started at 0.106499
LogPluginManager: Loaded Plugin Paper2D, From E:/Unreal t/UE_4.14/Engine/Plugins/2D/Paper2D/Paper2D.uplugin
LogPluginManager: Loaded Plugin LightPropagationVolume, From E:/Unreal t/UE_4.14/Engine/Plugins/Blendables/LightPropagationVolume/LightPropagationVolume.uplugin
LogPluginManager: Loaded Plugin BlankPlugin, From E:/Unreal t/UE_4.14/Engine/Plugins/Developer/BlankPlugin/BlankPlugin.uplugin
LogPluginManager: Loaded Plugin CodeLiteSourceCodeAccess, From E:/Unreal t/UE_4.14/Engine/Plugins/Developer/CodeLiteSourceCodeAccess/CodeLiteSourceCodeAccess.uplugin
LogPluginManager: Loaded Plugin GitSourceControl, From E:/Unreal t/UE_4.14/Engine/Plugins/Developer/GitSourceControl/GitSourceControl.uplugin
LogPluginManager: Loaded Plugin KDevelopSourceCodeAccess, From E:/Unreal t/UE_4.14/Engine/Plugins/Developer/KDevelopSourceCodeAccess/KDevelopSourceCodeAccess.uplugin
LogPluginManager: Loaded Plugin NullSourceCodeAccess, From E:/Unreal t/UE_4.14/Engine/Plugins/Developer/NullSourceCodeAccess/NullSourceCodeAccess.uplugin
LogPluginManager: Loaded Plugin OneSkyLocalizationService, From E:/Unreal t/UE_4.14/Engine/Plugins/Developer/OneSkyLocalizationService/OneSkyLocalizationService.uplugin
LogPluginManager: Loaded Plugin PerforceSourceControl, From E:/Unreal t/UE_4.14/Engine/Plugins/Developer/PerforceSourceControl/PerforceSourceControl.uplugin
LogPluginManager: Loaded Plugin SubversionSourceControl, From E:/Unreal t/UE_4.14/Engine/Plugins/Developer/SubversionSourceControl/SubversionSourceControl.uplugin
LogPluginManager: Loaded Plugin UObjectPlugin, From E:/Unreal t/UE_4.14/Engine/Plugins/Developer/UObjectPlugin/UObjectPlugin.uplugin
LogPluginManager: Loaded Plugin VisualStudioSourceCodeAccess, From E:/Unreal t/UE_4.14/Engine/Plugins/Developer/VisualStudioSourceCodeAccess/VisualStudioSourceCodeAccess.uplugin
LogPluginManager: Loaded Plugin XCodeSourceCodeAccess, From E:/Unreal t/UE_4.14/Engine/Plugins/Developer/XCodeSourceCodeAccess/XCodeSourceCodeAccess.uplugin
LogPluginManager: Loaded Plugin AudioCapture, From E:/Unreal t/UE_4.14/Engine/Plugins/Editor/AudioCapture/AudioCapture.uplugin
LogPluginManager: Loaded Plugin EpicSurvey, From E:/Unreal t/UE_4.14/Engine/Plugins/Editor/EpicSurvey/EpicSurvey.uplugin
LogPluginManager: Loaded Plugin MacGraphicsSwitching, From E:/Unreal t/UE_4.14/Engine/Plugins/Editor/MacGraphicsSwitching/MacGraphicsSwitching.uplugin
LogPluginManager: Loaded Plugin MobileLauncherProfileWizard, From E:/Unreal t/UE_4.14/Engine/Plugins/Editor/MobileLauncherProfileWizard/MobileLauncherProfileWizard.uplugin
LogPluginManager: Loaded Plugin PluginBrowser, From E:/Unreal t/UE_4.14/Engine/Plugins/Editor/PluginBrowser/PluginBrowser.uplugin
LogPluginManager: Loaded Plugin SpeedTreeImporter, From E:/Unreal t/UE_4.14/Engine/Plugins/Editor/SpeedTreeImporter/SpeedTreeImporter.uplugin
LogPluginManager: Loaded Plugin SuperSearchEditor, From E:/Unreal t/UE_4.14/Engine/Plugins/Editor/SuperSearchEditor/SuperSearchEditor.uplugin
LogPluginManager: Loaded Plugin AlembicImporter, From E:/Unreal t/UE_4.14/Engine/Plugins/Experimental/AlembicImporter/AlembicImporter.uplugin
LogPluginManager: Loaded Plugin BlueprintStats, From E:/Unreal t/UE_4.14/Engine/Plugins/Experimental/BlueprintStats/BlueprintStats.uplugin
LogPluginManager: Loaded Plugin CharacterAI, From E:/Unreal t/UE_4.14/Engine/Plugins/Experimental/CharacterAI/CharacterAI.uplugin
LogPluginManager: Loaded Plugin CodeEditor, From E:/Unreal t/UE_4.14/Engine/Plugins/Experimental/CodeEditor/CodeEditor.uplugin
LogPluginManager: Loaded Plugin CodeView, From E:/Unreal t/UE_4.14/Engine/Plugins/Experimental/CodeView/CodeView.uplugin
LogPluginManager: Loaded Plugin HTML5Networking, From E:/Unreal t/UE_4.14/Engine/Plugins/Experimental/HTML5Networking/HTML5Networking.uplugin
LogPluginManager: Loaded Plugin OSVR, From E:/Unreal t/UE_4.14/Engine/Plugins/Experimental/OSVR/OSVR.uplugin
LogPluginManager: Loaded Plugin Phya, From E:/Unreal t/UE_4.14/Engine/Plugins/Experimental/Phya/Phya.uplugin
LogPluginManager: Loaded Plugin SignificanceManager, From E:/Unreal t/UE_4.14/Engine/Plugins/Experimental/SignificanceManager/SignificanceManager.uplugin
LogPluginManager: Loaded Plugin SimpleHMD, From E:/Unreal t/UE_4.14/Engine/Plugins/Experimental/SimpleHMD/SimpleHMD.uplugin
LogPluginManager: Loaded Plugin StereoPanorama, From E:/Unreal t/UE_4.14/Engine/Plugins/Experimental/StereoPanorama/StereoPanorama.uplugin
LogPluginManager: Loaded Plugin StructBox, From E:/Unreal t/UE_4.14/Engine/Plugins/Experimental/StructBox/StructBox.uplugin
LogPluginManager: Loaded Plugin Substance, From E:/Unreal t/UE_4.14/Engine/Plugins/Marketplace/Substance/Substance.uplugin
LogPluginManager: Loaded Plugin AndroidMedia, From E:/Unreal t/UE_4.14/Engine/Plugins/Media/AndroidMedia/AndroidMedia.uplugin
LogPluginManager: Loaded Plugin AvfMedia, From E:/Unreal t/UE_4.14/Engine/Plugins/Media/AvfMedia/AvfMedia.uplugin
LogPluginManager: Loaded Plugin MediaPlayerEditor, From E:/Unreal t/UE_4.14/Engine/Plugins/Media/MediaPlayerEditor/MediaPlayerEditor.uplugin
LogPluginManager: Loaded Plugin WmfMedia, From E:/Unreal t/UE_4.14/Engine/Plugins/Media/WmfMedia/WmfMedia.uplugin
LogPluginManager: Loaded Plugin MessagingDebugger, From E:/Unreal t/UE_4.14/Engine/Plugins/Messaging/MessagingDebugger/MessagingDebugger.uplugin
LogPluginManager: Loaded Plugin TcpMessaging, From E:/Unreal t/UE_4.14/Engine/Plugins/Messaging/TcpMessaging/TcpMessaging.uplugin
LogPluginManager: Loaded Plugin UdpMessaging, From E:/Unreal t/UE_4.14/Engine/Plugins/Messaging/UdpMessaging/UdpMessaging.uplugin
LogPluginManager: Loaded Plugin LevelSequenceEditor, From E:/Unreal t/UE_4.14/Engine/Plugins/MovieScene/LevelSequenceEditor/LevelSequenceEditor.uplugin
LogPluginManager: Loaded Plugin MatineeToLevelSequence, From E:/Unreal t/UE_4.14/Engine/Plugins/MovieScene/MatineeToLevelSequence/MatineeToLevelSequence.uplugin
LogPluginManager: Loaded Plugin NetcodeUnitTest, From E:/Unreal t/UE_4.14/Engine/Plugins/NetcodeUnitTest/NetcodeUnitTest/NetcodeUnitTest.uplugin
LogPluginManager: Loaded Plugin NUTUnrealEngine4, From E:/Unreal t/UE_4.14/Engine/Plugins/NetcodeUnitTest/NUTUnrealEngine4/NUTUnrealEngine4.uplugin
LogPluginManager: Loaded Plugin OnlineSubsystemGameCircle, From E:/Unreal t/UE_4.14/Engine/Plugins/Online/Android/OnlineSubsystemGameCircle/OnlineSubsystemGameCircle.uplugin
LogPluginManager: Loaded Plugin OnlineSubsystemGooglePlay, From E:/Unreal t/UE_4.14/Engine/Plugins/Online/Android/OnlineSubsystemGooglePlay/OnlineSubsystemGooglePlay.uplugin
LogPluginManager: Loaded Plugin OnlineSubsystemIOS, From E:/Unreal t/UE_4.14/Engine/Plugins/Online/IOS/OnlineSubsystemIOS/OnlineSubsystemIOS.uplugin
LogPluginManager: Loaded Plugin OnlineFramework, From E:/Unreal t/UE_4.14/Engine/Plugins/Online/OnlineFramework/OnlineFramework.uplugin
LogPluginManager: Loaded Plugin OnlineSubsystem, From E:/Unreal t/UE_4.14/Engine/Plugins/Online/OnlineSubsystem/OnlineSubsystem.uplugin
LogPluginManager: Loaded Plugin OnlineSubsystemAmazon, From E:/Unreal t/UE_4.14/Engine/Plugins/Online/OnlineSubsystemAmazon/OnlineSubsystemAmazon.uplugin
LogPluginManager: Loaded Plugin OnlineSubsystemFacebook, From E:/Unreal t/UE_4.14/Engine/Plugins/Online/OnlineSubsystemFacebook/OnlineSubsystemFacebook.uplugin
LogPluginManager: Loaded Plugin OnlineSubsystemNull, From E:/Unreal t/UE_4.14/Engine/Plugins/Online/OnlineSubsystemNull/OnlineSubsystemNull.uplugin
LogPluginManager: Loaded Plugin OnlineSubsystemOculus, From E:/Unreal t/UE_4.14/Engine/Plugins/Online/OnlineSubsystemOculus/OnlineSubsystemOculus.uplugin
LogPluginManager: Loaded Plugin OnlineSubsystemSteam, From E:/Unreal t/UE_4.14/Engine/Plugins/Online/OnlineSubsystemSteam/OnlineSubsystemSteam.uplugin
LogPluginManager: Loaded Plugin OnlineSubsystemUtils, From E:/Unreal t/UE_4.14/Engine/Plugins/Online/OnlineSubsystemUtils/OnlineSubsystemUtils.uplugin
LogPluginManager: Loaded Plugin IOSTapJoy, From E:/Unreal t/UE_4.14/Engine/Plugins/Runtime/Advertising/IOSTapJoy/IOSTapJoy.uplugin
LogPluginManager: Loaded Plugin AnalyticsBlueprintLibrary, From E:/Unreal t/UE_4.14/Engine/Plugins/Runtime/Analytics/AnalyticsBlueprintLibrary/AnalyticsBlueprintLibrary.uplugin
LogPluginManager: Loaded Plugin AnalyticsMulticast, From E:/Unreal t/UE_4.14/Engine/Plugins/Runtime/Analytics/AnalyticsMulticast/AnalyticsMulticast.uplugin
LogPluginManager: Loaded Plugin Apsalar, From E:/Unreal t/UE_4.14/Engine/Plugins/Runtime/Analytics/Apsalar/Apsalar.uplugin
LogPluginManager: Loaded Plugin FileLogging, From E:/Unreal t/UE_4.14/Engine/Plugins/Runtime/Analytics/FileLogging/FileLogging.uplugin
LogPluginManager: Loaded Plugin Flurry, From E:/Unreal t/UE_4.14/Engine/Plugins/Runtime/Analytics/Flurry/Flurry.uplugin
LogPluginManager: Loaded Plugin AndroidDeviceProfileSelector, From E:/Unreal t/UE_4.14/Engine/Plugins/Runtime/AndroidDeviceProfileSelector/AndroidDeviceProfileSelector.uplugin
LogPluginManager: Loaded Plugin AndroidMoviePlayer, From E:/Unreal t/UE_4.14/Engine/Plugins/Runtime/AndroidMoviePlayer/AndroidMoviePlayer.uplugin
LogPluginManager: Loaded Plugin AppleMoviePlayer, From E:/Unreal t/UE_4.14/Engine/Plugins/Runtime/AppleMoviePlayer/AppleMoviePlayer.uplugin
LogPluginManager: Loaded Plugin ArchVisCharacter, From E:/Unreal t/UE_4.14/Engine/Plugins/Runtime/ArchVisCharacter/ArchVisCharacter.uplugin
LogPluginManager: Loaded Plugin CableComponent, From E:/Unreal t/UE_4.14/Engine/Plugins/Runtime/CableComponent/CableComponent.uplugin
LogPluginManager: Loaded Plugin CustomMeshComponent, From E:/Unreal t/UE_4.14/Engine/Plugins/Runtime/CustomMeshComponent/CustomMeshComponent.uplugin
LogPluginManager: Loaded Plugin ExampleDeviceProfileSelector, From E:/Unreal t/UE_4.14/Engine/Plugins/Runtime/ExampleDeviceProfileSelector/ExampleDeviceProfileSelector.uplugin
LogPluginManager: Loaded Plugin GearVR, From E:/Unreal t/UE_4.14/Engine/Plugins/Runtime/GearVR/GearVR.uplugin
LogPluginManager: Loaded Plugin GoogleVRController, From E:/Unreal t/UE_4.14/Engine/Plugins/Runtime/GoogleVR/GoogleVRController/GoogleVRController.uplugin
LogPluginManager: Loaded Plugin GoogleVRHMD, From E:/Unreal t/UE_4.14/Engine/Plugins/Runtime/GoogleVR/GoogleVRHMD/GoogleVRHMD.uplugin
LogPluginManager: Loaded Plugin IOSDeviceProfileSelector, From E:/Unreal t/UE_4.14/Engine/Plugins/Runtime/IOSDeviceProfileSelector/IOSDeviceProfileSelector.uplugin
LogPluginManager: Loaded Plugin LeapMotion, From E:/Unreal t/UE_4.14/Engine/Plugins/Runtime/LeapMotion/LeapMotion.uplugin
LogPluginManager: Loaded Plugin LinuxDeviceProfileSelector, From E:/Unreal t/UE_4.14/Engine/Plugins/Runtime/LinuxDeviceProfileSelector/LinuxDeviceProfileSelector.uplugin
LogPluginManager: Loaded Plugin MIDIDevice, From E:/Unreal t/UE_4.14/Engine/Plugins/Runtime/MIDIDevice/MIDIDevice.uplugin
LogPluginManager: Loaded Plugin MobilePatchingUtils, From E:/Unreal t/UE_4.14/Engine/Plugins/Runtime/MobilePatchingUtils/MobilePatchingUtils.uplugin
LogPluginManager: Loaded Plugin Ansel, From E:/Unreal t/UE_4.14/Engine/Plugins/Runtime/Nvidia/Ansel/Ansel.uplugin
LogPluginManager: Loaded Plugin OculusAudio, From E:/Unreal t/UE_4.14/Engine/Plugins/Runtime/OculusAudio/OculusAudio.uplugin
LogPluginManager: Loaded Plugin OculusInput, From E:/Unreal t/UE_4.14/Engine/Plugins/Runtime/OculusInput/OculusInput.uplugin
LogPluginManager: Loaded Plugin OculusLibrary, From E:/Unreal t/UE_4.14/Engine/Plugins/Runtime/OculusLibrary/OculusLibrary.uplugin
LogPluginManager: Loaded Plugin OculusRift, From E:/Unreal t/UE_4.14/Engine/Plugins/Runtime/OculusRift/OculusRift.uplugin
LogPluginManager: Loaded Plugin Oodle, From E:/Unreal t/UE_4.14/Engine/Plugins/Runtime/PacketHandlers/CompressionComponents/Oodle/Oodle.uplugin
LogPluginManager: Loaded Plugin ProceduralMeshComponent, From E:/Unreal t/UE_4.14/Engine/Plugins/Runtime/ProceduralMeshComponent/ProceduralMeshComponent.uplugin
LogPluginManager: Loaded Plugin SoundMod, From E:/Unreal t/UE_4.14/Engine/Plugins/Runtime/SoundMod/SoundMod.uplugin
LogPluginManager: Loaded Plugin SoundVisualizations, From E:/Unreal t/UE_4.14/Engine/Plugins/Runtime/SoundVisualizations/SoundVisualizations.uplugin
LogPluginManager: Loaded Plugin SteamController, From E:/Unreal t/UE_4.14/Engine/Plugins/Runtime/Steam/SteamController/SteamController.uplugin
LogPluginManager: Loaded Plugin SteamVR, From E:/Unreal t/UE_4.14/Engine/Plugins/Runtime/Steam/SteamVR/SteamVR.uplugin
LogPluginManager: Loaded Plugin WebBrowserWidget, From E:/Unreal t/UE_4.14/Engine/Plugins/Runtime/WebBrowserWidget/WebBrowserWidget.uplugin
LogPluginManager: Loaded Plugin WindowsDeviceProfileSelector, From E:/Unreal t/UE_4.14/Engine/Plugins/Runtime/WindowsDeviceProfileSelector/WindowsDeviceProfileSelector.uplugin
LogPluginManager: Loaded Plugin WindowsMoviePlayer, From E:/Unreal t/UE_4.14/Engine/Plugins/Runtime/WindowsMoviePlayer/WindowsMoviePlayer.uplugin
LogPluginManager: Loaded Plugin ScriptPlugin, From E:/Unreal t/UE_4.14/Engine/Plugins/ScriptPlugin/ScriptPlugin.uplugin
LogPluginManager: Loaded Plugin SlateRemote, From E:/Unreal t/UE_4.14/Engine/Plugins/Slate/SlateRemote/SlateRemote.uplugin
LogPluginManager: Loaded Plugin EditorTests, From E:/Unreal t/UE_4.14/Engine/Plugins/Tests/EditorTests/EditorTests.uplugin
LogPluginManager: Loaded Plugin FbxAutomationTestBuilder, From E:/Unreal t/UE_4.14/Engine/Plugins/Tests/FbxAutomationTestBuilder/FbxAutomationTestBuilder.uplugin
LogPluginManager: Loaded Plugin FunctionalTestingEditor, From E:/Unreal t/UE_4.14/Engine/Plugins/Tests/FunctionalTestingEditor/FunctionalTestingEditor.uplugin
LogPluginManager: Loaded Plugin RuntimeTests, From E:/Unreal t/UE_4.14/Engine/Plugins/Tests/RuntimeTests/RuntimeTests.uplugin
LogPluginManager: Loaded Plugin ScreenshotTools, From E:/Unreal t/UE_4.14/Engine/Plugins/Tests/ScreenshotTools/ScreenshotTools.uplugin
LogInit: Using libcurl 7.47.1
LogInit:  - built for x86_64-pc-win32
LogInit:  - supports SSL with OpenSSL/1.0.2g
LogInit:  - supports HTTP deflate (compression) using libz 1.2.8
LogInit:  - other features:
LogInit:      CURL_VERSION_SSL
LogInit:      CURL_VERSION_LIBZ
LogInit:      CURL_VERSION_IPV6
LogInit:      CURL_VERSION_ASYNCHDNS
LogInit:      CURL_VERSION_LARGEFILE
LogInit:      CURL_VERSION_IDN
LogInit:  CurlRequestOptions (configurable via config and command line):
LogInit:  - bVerifyPeer = false  - Libcurl will NOT verify peer certificate
LogInit:  - bUseHttpProxy = false  - Libcurl will NOT use HTTP proxy
LogInit:  - bDontReuseConnections = false  - Libcurl will reuse connections
LogInit:  - CertBundlePath = nullptr  - Libcurl will use whatever was configured at build time.
LogInit: Build: ++UE4+Release-4.14-CL-3249277
LogInit: Engine Version: 4.14.3-3249277+++UE4+Release-4.14
LogInit: Compatible Engine Version: 4.14.0-3195953+++UE4+Release-4.14
LogInit: Net CL: 3195953
LogDevObjectVersion: Number of dev versions registered: 13
LogDevObjectVersion:   Dev-Blueprints (B0D832E4-1F89-4F0D-ACCF-7EB736FD4AA2): 7
LogDevObjectVersion:   Dev-Build (E1C64328-A22C-4D53-A36C-8E866417BD8C): 0
LogDevObjectVersion:   Dev-Core (375EC13C-06E4-48FB-B500-84F0262A717E): 1
LogDevObjectVersion:   Dev-Editor (E4B068ED-F494-42E9-A231-DA0B2E46BB41): 8
LogDevObjectVersion:   Dev-Framework (CFFC743F-43B0-4480-9391-14DF171D2073): 17
LogDevObjectVersion:   Dev-Mobile (B02B49B5-BB20-44E9-A304-32B752E40360): 0
LogDevObjectVersion:   Dev-Networking (A4E4105C-59A1-49B5-A7C5-40C4547EDFEE): 0
LogDevObjectVersion:   Dev-Online (39C831C9-5AE6-47DC-9A44-9C173E1C8E7C): 0
LogDevObjectVersion:   Dev-Physics (78F01B33-EBEA-4F98-B9B4-84EACCB95AA2): 0
LogDevObjectVersion:   Dev-Platform (6631380F-2D4D-43E0-8009-CF276956A95A): 0
LogDevObjectVersion:   Dev-Rendering (12F88B9F-8875-4AFC-A67C-D90C383ABD29): 12
LogDevObjectVersion:   Dev-Sequencer (7B5AE74C-D270-4C10-A958-57980B212A5A): 1
LogDevObjectVersion:   Dev-VR (D7296918-1DD6-4BDD-9DE2-64A83CC13884): 0
LogInit: Compiled (64-bit): Jan  6 2017 10:49:43
LogInit: Compiled with Visual C++: 19.00.23026.00
LogInit: Build Configuration: Development
LogInit: Branch Name: ++UE4+Release-4.14
LogInit: Command line:  
LogInit: Base directory: E:/Unreal t/UE_4.14/Engine/Binaries/Win64/
LogInit: Installed Engine Build: 1
LogInit: Presizing for max 8388607 objects, including 0 objects not considered by GC, pre-allocating 0 bytes for permanent pool.
LogInit: Object subsystem initialized
[2017.09.02-09.44.26:552][  0]LogInit: Selected Device Profile: [Windows]
[2017.09.02-09.44.26:552][  0]LogInit: Applying CVar settings loaded from the selected device profile: [Windows]
[2017.09.02-09.44.26:675][  0]LogInit: Computer: LIAM-PC
[2017.09.02-09.44.26:675][  0]LogInit: User: Liam
[2017.09.02-09.44.26:675][  0]LogInit: CPU Page size=65536, Cores=4
[2017.09.02-09.44.26:675][  0]LogInit: High frequency timer resolution =3.515622 MHz
[2017.09.02-09.44.26:689][  0]LogMemory: Memory total: Physical=7.9GB (8GB approx)
[2017.09.02-09.44.26:693][  0]LogMemory: Platform Memory Stats for Windows
[2017.09.02-09.44.26:693][  0]LogMemory: Process Physical Memory: 264.28 MB used, 264.28 MB peak
[2017.09.02-09.44.26:693][  0]LogMemory: Process Virtual Memory: 262.43 MB used, 262.43 MB peak
[2017.09.02-09.44.26:693][  0]LogMemory: Physical Memory: 6103.59 MB used,  1949.34 MB free, 8052.93 MB total
[2017.09.02-09.44.26:693][  0]LogMemory: Virtual Memory: 676.48 MB used,  1949.34 MB free, 134217728.00 MB total
[2017.09.02-09.44.27:546][  0]LogTextLocalizationManager: No specific translations for ('en-NZ') exist, so ('en') translations will be used.
[2017.09.02-09.44.30:840][  0]LogD3D11RHI: D3D11 adapters:
[2017.09.02-09.44.30:885][  0]LogD3D11RHI:    0. 'NVIDIA GeForce GTX 980' (Feature Level 11_0)
[2017.09.02-09.44.30:885][  0]LogD3D11RHI:       4060/0/4026 MB DedicatedVideo/DedicatedSystem/SharedSystem, Outputs:2, VendorId:0x10de
[2017.09.02-09.44.30:929][  0]LogD3D11RHI:    1. 'Intel(R) HD Graphics 4600' (Feature Level 11_0)
[2017.09.02-09.44.30:929][  0]LogD3D11RHI:       112/0/2048 MB DedicatedVideo/DedicatedSystem/SharedSystem, Outputs:0, VendorId:0x8086
[2017.09.02-09.44.30:930][  0]LogD3D11RHI:    2. 'Microsoft Basic Render Driver' (Feature Level 11_0)
[2017.09.02-09.44.30:930][  0]LogD3D11RHI:       0/0/4026 MB DedicatedVideo/DedicatedSystem/SharedSystem, Outputs:0, VendorId:0x1414
[2017.09.02-09.44.30:930][  0]LogD3D11RHI: Chosen D3D11 Adapter: 0
[2017.09.02-09.44.30:939][  0]LogD3D11RHI: Creating new Direct3DDevice
[2017.09.02-09.44.30:939][  0]LogD3D11RHI:     GPU DeviceId: 0x13c0 (for the marketing name, search the web for "GPU Device Id")
[2017.09.02-09.44.30:939][  0]LogWindows: EnumDisplayDevices:
[2017.09.02-09.44.30:939][  0]LogWindows:    0. 'NVIDIA GeForce GTX 980' (P:1 D:1)
[2017.09.02-09.44.30:939][  0]LogWindows:    1. 'NVIDIA GeForce GTX 980' (P:0 D:1)
[2017.09.02-09.44.30:939][  0]LogWindows:    2. 'NVIDIA GeForce GTX 980' (P:0 D:0)
[2017.09.02-09.44.30:939][  0]LogWindows:    3. 'NVIDIA GeForce GTX 980' (P:0 D:0)
[2017.09.02-09.44.30:940][  0]LogWindows:    4. 'Intel(R) HD Graphics 4600' (P:0 D:0)
[2017.09.02-09.44.30:940][  0]LogWindows:    5. 'Intel(R) HD Graphics 4600' (P:0 D:0)
[2017.09.02-09.44.30:940][  0]LogWindows:    6. 'Intel(R) HD Graphics 4600' (P:0 D:0)
[2017.09.02-09.44.30:940][  0]LogWindows: DebugString: PrimaryIsNotTheChoosenAdapter PrimaryIsNotTheChoosenAdapter PrimaryIsNotTheChoosenAdapter FoundDriverCount:4 
[2017.09.02-09.44.30:940][  0]LogD3D11RHI:     Adapter Name: NVIDIA GeForce GTX 980
[2017.09.02-09.44.30:940][  0]LogD3D11RHI:   Driver Version: 384.76 (internal:22.21.13.8476, unified:384.76)
[2017.09.02-09.44.30:940][  0]LogD3D11RHI:      Driver Date: 6-27-2017
[2017.09.02-09.44.30:940][  0]LogRHI: Texture pool is 1361 MB (70% of 1945 MB)
[2017.09.02-09.44.30:965][  0]LogD3D11RHI: Async texture creation enabled
[2017.09.02-09.44.31:269][  0]LogD3D11RHI: GPU Timing Frequency: 1000.000000 (Debug: 2 1)
[2017.09.02-09.44.31:322][  0]LogShaderCompilers: Guid format shader working directory is 5 characters bigger than the processId version (C:/Users/Liam/Documents/GitHub/CUBE-JUMP/Intermediate/Shaders/WorkingDirectory/6580/).
[2017.09.02-09.44.31:322][  0]LogShaderCompilers: Cleaned the shader compiler working directory 'C:/Users/Liam/AppData/Local/Temp/UnrealShaderWorkingDir/6845C3954B18323B7A0D3DA27D0CBA11/'.
[2017.09.02-09.44.31:322][  0]LogShaderCompilers:Display: Using Local Shader Compiler.
[2017.09.02-09.44.34:884][  0]LogTemp:Display: Loaded TP AllDesktopTargetPlatform
[2017.09.02-09.44.34:922][  0]LogTemp:Display: Loaded TP MacClientTargetPlatform
[2017.09.02-09.44.34:959][  0]LogTemp:Display: Loaded TP MacNoEditorTargetPlatform
[2017.09.02-09.44.34:998][  0]LogTemp:Display: Loaded TP MacServerTargetPlatform
[2017.09.02-09.44.35:057][  0]LogTemp:Display: Loaded TP MacTargetPlatform
[2017.09.02-09.44.35:095][  0]LogTemp:Display: Loaded TP WindowsClientTargetPlatform
[2017.09.02-09.44.35:133][  0]LogTemp:Display: Loaded TP WindowsNoEditorTargetPlatform
[2017.09.02-09.44.35:170][  0]LogTemp:Display: Loaded TP WindowsServerTargetPlatform
[2017.09.02-09.44.35:201][  0]LogTemp:Display: Loaded TP WindowsTargetPlatform
[2017.09.02-09.44.35:239][  0]LogTemp:Display: Loaded TP AndroidTargetPlatform
[2017.09.02-09.44.35:276][  0]LogTemp:Display: Loaded TP Android_ASTCTargetPlatform
[2017.09.02-09.44.35:317][  0]LogTemp:Display: Loaded TP Android_ATCTargetPlatform
[2017.09.02-09.44.35:355][  0]LogTemp:Display: Loaded TP Android_DXTTargetPlatform
[2017.09.02-09.44.35:393][  0]LogTemp:Display: Loaded TP Android_ETC1TargetPlatform
[2017.09.02-09.44.35:430][  0]LogTemp:Display: Loaded TP Android_ETC2TargetPlatform
[2017.09.02-09.44.35:508][  0]LogTemp:Display: Loaded TP Android_MultiTargetPlatform
[2017.09.02-09.44.35:508][  0]LogTemp:Display: Loaded TP Android_PVRTCTargetPlatform
[2017.09.02-09.44.35:533][  0]LogTemp:Display: Loaded TP HTML5TargetPlatform
[2017.09.02-09.44.35:688][  0]LogTemp:Display: Loaded TP IOSTargetPlatform
[2017.09.02-09.44.35:713][  0]LogTemp:Display: Loaded TP TVOSTargetPlatform
[2017.09.02-09.44.35:749][  0]LogTemp:Display: Loaded TP LinuxClientTargetPlatform
[2017.09.02-09.44.35:786][  0]LogTemp:Display: Loaded TP LinuxNoEditorTargetPlatform
[2017.09.02-09.44.35:821][  0]LogTemp:Display: Loaded TP LinuxServerTargetPlatform
[2017.09.02-09.44.35:866][  0]LogTemp:Display: Loaded TP LinuxTargetPlatform
[2017.09.02-09.44.35:866][  0]LogTargetPlatformManager:Display: Building Assets For Windows
[2017.09.02-09.44.36:842][  0]LogDerivedDataCache:Display: Max Cache Size: 512 MB
[2017.09.02-09.44.37:034][  0]LogDerivedDataCache: Loaded boot cache 0.19s 50MB C:/Users/Liam/AppData/Local/UnrealEngine/4.14/DerivedDataCache/Boot.ddc.
[2017.09.02-09.44.37:035][  0]LogDerivedDataCache:Display: Loaded Boot cache: C:/Users/Liam/AppData/Local/UnrealEngine/4.14/DerivedDataCache/Boot.ddc
[2017.09.02-09.44.37:035][  0]LogDerivedDataCache: FDerivedDataBackendGraph:  Pak pak cache file C:/Users/Liam/Documents/GitHub/CUBE-JUMP/DerivedDataCache/DDC.ddp not found, will not use a pak cache.
[2017.09.02-09.44.37:035][  0]LogDerivedDataCache: Unable to find inner node Pak for hierarchical cache Hierarchy.
[2017.09.02-09.44.37:035][  0]LogDerivedDataCache: FDerivedDataBackendGraph:  CompressedPak pak cache file C:/Users/Liam/Documents/GitHub/CUBE-JUMP/DerivedDataCache/Compressed.ddp not found, will not use a pak cache.
[2017.09.02-09.44.37:035][  0]LogDerivedDataCache: Unable to find inner node CompressedPak for hierarchical cache Hierarchy.
[2017.09.02-09.44.37:102][  0]LogDerivedDataCache:Display: Pak cache opened for reading ../../../Engine/DerivedDataCache/Compressed.ddp.
[2017.09.02-09.44.37:122][  0]LogDerivedDataCache: Using Local data cache path C:/Users/Liam/AppData/Local/UnrealEngine/Common/DerivedDataCache: Writable
[2017.09.02-09.44.45:106][  0]LogInit: Selected Device Profile: [Windows]
[2017.09.02-09.44.45:191][  0]LogContentStreaming: Texture pool size is 0.00 MB
[2017.09.02-09.44.45:918][  0]LogMeshUtilities: Using QuadricMeshReduction for automatic static mesh reduction
[2017.09.02-09.44.46:047][  0]LogSimplygon: Simplygon DLL not present - disabling.
[2017.09.02-09.44.46:090][  0]LogMeshUtilities: Using SimplygonSwarm for distributed automatic mesh merging
[2017.09.02-09.44.46:090][  0]LogMeshUtilities: No automatic skeletal mesh reduction module available
[2017.09.02-09.44.46:090][  0]LogMeshUtilities: No automatic mesh merging module available
[2017.09.02-09.44.50:647][  0]LogNetVersion: GetLocalNetworkVersion: CL: 3195953, ProjectName: myproject2, ProjectVersion: , EngineNetworkVersion: 2, GameNetworkVersion: 0, NetworkChecksum: 178977787
[2017.09.02-09.44.50:870][  0]LogAssetRegistry: FAssetRegistry took 0.0316 seconds to start up
[2017.09.02-09.44.51:036][  0]LogPackageLocalizationCache: Processed 3 localized package path(s) for 2 prioritized culture(s) in 0.118290 seconds
[2017.09.02-09.44.51:091][  0]LogUObjectArray: 31946 objects as part of root set at end of initial load.
[2017.09.02-09.44.51:091][  0]LogUObjectAllocator: 6935848 out of 0 bytes used by permanent object pool.
[2017.09.02-09.44.51:091][  0]LogUObjectArray: CloseDisregardForGC: 0/0 objects in disregard for GC pool
[2017.09.02-09.44.51:192][  0]LogInit: WinSock: version 1.1 (2.2), MaxSocks=32767, MaxUdp=65467
[2017.09.02-09.44.53:327][  0]LogSlate: Using Freetype 2.6.0
[2017.09.02-09.44.53:414][  0]LogSlate: SlateFontCache - WITH_FREETYPE: 1, WITH_HARFBUZZ: 1
[2017.09.02-09.44.53:419][  0]LogSlate: SlateFontCache - WITH_FREETYPE: 1, WITH_HARFBUZZ: 1
[2017.09.02-09.44.57:645][  0]LogSubstanceCoreModule: Substance [CPU] Engine Loaded, Max Texture Size = 2048
[2017.09.02-09.44.57:705][  0]LogTcpMessaging: Initializing TcpMessaging bridge
[2017.09.02-09.44.57:774][  0]LogUdpMessaging: Initializing bridge on interface 0.0.0.0:0 to multicast group 230.0.0.1:6666.
[2017.09.02-09.44.58:656][  0]LogMaterial: Uniform references updated for custom material expression Custom.
[2017.09.02-09.44.59:392][  0]SourceControl: Info Source control is disabled
[2017.09.02-09.44.59:393][  0]SourceControl: Info Source control is disabled
[2017.09.02-09.44.59:470][  0]SourceControl: Info Source control is disabled
[2017.09.02-09.44.59:526][  0]SourceControl: Info Source control is disabled
[2017.09.02-09.45.01:643][  0]LogEngine: Initializing Engine...
[2017.09.02-09.45.01:657][  0]LogHMD: Failed to initialize OpenVR with code 110
[2017.09.02-09.45.02:685][  0]LogAIModule: Creating AISystem for world Untitled
[2017.09.02-09.45.02:942][  0]LogInit: XAudio2 using 'Speakers (Realtek High Definition Audio)' : 2 channels at 48 kHz using 32 bits per sample (channel mask 0x3)
[2017.09.02-09.45.02:964][  0]LogInit: FAudioDevice initialized.
[2017.09.02-09.45.02:997][  0]LogDerivedDataCache: Saved boot cache 0.02s 50MB C:/Users/Liam/AppData/Local/UnrealEngine/4.14/DerivedDataCache/Boot.ddc.
[2017.09.02-09.45.03:005][  0]LogInit: Texture streaming: Enabled
[2017.09.02-09.45.03:464][  0]LogInit: Transaction tracking system initialized
[2017.09.02-09.45.04:067][  0]BlueprintLog: New page: Editor Load
[2017.09.02-09.45.05:610][  0]LocalizationService: Info Localization service is disabled
[2017.09.02-09.45.06:624][  0]LogConsoleResponse:Display: 
[2017.09.02-09.45.08:154][  0]LogFileCache: Scanning file cache for directory 'C:/Users/Liam/Documents/GitHub/CUBE-JUMP/Content/' took 0.02s
[2017.09.02-09.45.08:154][  0]LogCook:Display: Max memory allowance for cook 16384mb min free memory 0mb
[2017.09.02-09.45.08:169][  0]LogCook:Display: Mobile HDR setting 1
[2017.09.02-09.45.09:797][  0]SourceControl: Info Source control is disabled
[2017.09.02-09.45.09:817][  0]Cmd: MAP LOAD FILE="C:/Users/Liam/Documents/GitHub/CUBE-JUMP/Content/SideScrollerBP/Maps/SideScrollerExampleMap.umap" TEMPLATE=0 SHOWPROGRESS=1 FEATURELEVEL=3
[2017.09.02-09.45.09:827][  0]LogEditorServer:Warning: Can't find file 'C:/Users/Liam/Documents/GitHub/CUBE-JUMP/Content/SideScrollerBP/Maps/SideScrollerExampleMap.umap'
[2017.09.02-09.45.09:827][  0]Cmd: MAP CHECKDEP NOCLEARLOG
[2017.09.02-09.45.09:911][  0]MapCheck: Info Map check complete: 0 Error(s), 0 Warning(s), took 83.689ms to complete.
[2017.09.02-09.45.09:911][  0]LogFileHelpers: Loading map 'SideScrollerExampleMap' took 0.103
[2017.09.02-09.45.10:770][  0]LogWindowsTextInputMethodSystem:Display: IME system now deactivated.
[2017.09.02-09.45.11:528][  0]LogCollectionManager: Loaded 0 collections in 0.000689 seconds
[2017.09.02-09.45.11:718][  0]LogFileCache: Scanning file cache for directory 'C:/Users/Liam/Documents/GitHub/CUBE-JUMP/Saved/Collections/' took 0.01s
[2017.09.02-09.45.11:718][  0]LogFileCache: Scanning file cache for directory 'C:/Users/Liam/Documents/GitHub/CUBE-JUMP/Content/Developers/Liam/Collections/' took 0.01s
[2017.09.02-09.45.11:718][  0]LogFileCache: Scanning file cache for directory 'C:/Users/Liam/Documents/GitHub/CUBE-JUMP/Content/Collections/' took 0.01s
[2017.09.02-09.45.11:718][  0]LogCollectionManager: Rebuilt the GUID cache for 0 collections in 0.000001 seconds
[2017.09.02-09.45.11:728][  0]LogContentBrowser: Native class hierarchy populated in 0.0088 seconds. Added 2205 classes and 436 folders.
[2017.09.02-09.45.11:797][  0]LogStats: UGameplayTagsManager::ConstructGameplayTagTree: Construct from data asset -  0.000 s
[2017.09.02-09.45.11:797][  0]LogStats: UGameplayTagsManager::ConstructGameplayTagTree: GameplayTagTreeChangedEvent.Broadcast -  0.000 s
[2017.09.02-09.45.11:798][  0]LogContentBrowser: Native class hierarchy updated for 'GameplayTags' in 0.0006 seconds. Added 13 classes and 0 folders.
[2017.09.02-09.45.11:847][  0]LogContentBrowser: Native class hierarchy updated for 'WidgetCarousel' in 0.0004 seconds. Added 0 classes and 0 folders.
[2017.09.02-09.45.12:819][  0]LogContentBrowser: Native class hierarchy updated for 'AddContentDialog' in 0.0004 seconds. Added 0 classes and 0 folders.
[2017.09.02-09.45.13:258][  0]LogCrashTracker: Crashtracker disabled due to settings.
[2017.09.02-09.45.13:451][  0]LogUObjectGlobals:Warning: Failed to find object 'Class None.'
[2017.09.02-09.45.13:588][  0]LogContentBrowser: Native class hierarchy updated for 'HierarchicalLODOutliner' in 0.0005 seconds. Added 1 classes and 2 folders.
[2017.09.02-09.45.13:588][  0]LogLoad: (Engine Initialization) Total time: 51.93 seconds
[2017.09.02-09.45.13:588][  0]LogLoad: (Engine Initialization) Total Blueprint compile time: 0.48 seconds
[2017.09.02-09.45.13:596][  0]LogExternalProfiler: Found external profiler: VSPerf
[2017.09.02-09.45.13:596][  0]LogExternalProfiler: Using external profiler: VSPerf
[2017.09.02-09.45.13:677][  0]LogOcInput: OculusInput pre-init called
[2017.09.02-09.45.13:996][  0]LogContentStreaming: Texture pool size now 1000 MB
[2017.09.02-09.45.14:736][  1]LogRenderer: Reallocating scene render targets to support 780x380 NumSamples 1 (Frame:2).
[2017.09.02-09.45.15:087][  2]LogAssetRegistry: Asset discovery search completed in 24.2389 seconds
[2017.09.02-09.45.15:087][  2]LogCollectionManager: Rebuilt the object cache for 0 collections in 0.000001 seconds (found 0 objects)
[2017.09.02-09.45.15:087][  2]LogCollectionManager: Fixed up redirectors for 0 collections in 0.000017 seconds (updated 0 objects)
[2017.09.02-09.45.21:374][637]LogBlueprint:Warning: Editor config [EditoronlyBP] settings are DEPRECATED. A Blueprint (winnerLevelOne) has a node ('GetClass') with a pin ('Object') that has a default object ('upStart') that is now deprecated - use the target's class instead (may just require a resave).
[2017.09.02-09.45.21:771][637]LogAIModule: Creating AISystem for world LevelONE
[2017.09.02-09.45.22:151][637]Cmd: MAP LOAD FILE="C:/Users/Liam/Documents/GitHub/CUBE-JUMP/Content/SideScrollerBP/Maps/LevelONE.umap" TEMPLATE=0 SHOWPROGRESS=1 FEATURELEVEL=3
[2017.09.02-09.45.22:155][637]LightingResults: New page: Lighting Build
[2017.09.02-09.45.22:207][637]LogContentBrowser: Native class hierarchy updated for 'StatsViewer' in 0.0004 seconds. Added 5 classes and 0 folders.
[2017.09.02-09.45.22:208][637]LoadErrors: New page: Loading map: LevelONE.umap
[2017.09.02-09.45.22:229][637]MapCheck: New page: Map Check
[2017.09.02-09.45.22:229][637]LightingResults: New page: Lighting Build
[2017.09.02-09.45.22:589][637]LogEditorServer: Finished looking for orphan Actors (0.000 secs)
[2017.09.02-09.45.22:642][637]Cmd: MAP CHECKDEP NOCLEARLOG
[2017.09.02-09.45.22:668][637]MapCheck: Info Map check complete: 0 Error(s), 0 Warning(s), took 26.632ms to complete.
[2017.09.02-09.45.22:668][637]LogFileHelpers: Loading map 'LevelONE' took 0.531
[2017.09.02-09.45.24:840][861]LogRenderer: Reallocating scene render targets to support 816x400 NumSamples 1 (Frame:851).
[2017.09.02-09.45.24:892][861]LogRenderer: Reallocating scene render targets to support 860x412 NumSamples 1 (Frame:852).
[2017.09.02-09.45.24:946][861]LogRenderer: Reallocating scene render targets to support 868x416 NumSamples 1 (Frame:853).
[2017.09.02-09.45.25:019][861]LogRenderer: Reallocating scene render targets to support 868x420 NumSamples 1 (Frame:854).
[2017.09.02-09.45.25:079][861]LogRenderer: Reallocating scene render targets to support 880x428 NumSamples 1 (Frame:855).
[2017.09.02-09.45.25:139][861]LogRenderer: Reallocating scene render targets to support 884x440 NumSamples 1 (Frame:856).
[2017.09.02-09.45.25:193][861]LogRenderer: Reallocating scene render targets to support 888x444 NumSamples 1 (Frame:857).
[2017.09.02-09.45.25:251][861]LogRenderer: Reallocating scene render targets to support 888x448 NumSamples 1 (Frame:858).
[2017.09.02-09.45.25:325][861]LogRenderer: Reallocating scene render targets to support 892x456 NumSamples 1 (Frame:859).
[2017.09.02-09.45.34:517][896]LogActorFactory: Actor Factory created Cube
[2017.09.02-09.45.34:751][914]LogActorFactory: Actor Factory created Cube
[2017.09.02-09.45.35:731][ 26]LogActorFactory: Actor Factory created Cube
[2017.09.02-09.45.50:975][711]LogTemp: Repeting last play command: New Editor Window (PIE)
[2017.09.02-09.45.51:011][711]LogBlueprintUserMessages: Early PlayInEditor Detection: Level '/Game/SideScrollerBP/Maps/LevelONE.LevelONE:PersistentLevel' has LevelScriptBlueprint '/Game/SideScrollerBP/Maps/LevelONE.LevelONE:PersistentLevel.LevelONE' with GeneratedClass '/Game/SideScrollerBP/Maps/LevelONE.LevelONE_C' with ClassGeneratedBy '/Game/SideScrollerBP/Maps/LevelONE.LevelONE:PersistentLevel.LevelONE'
[2017.09.02-09.45.51:043][711]LogPlayLevel: PlayLevel: No blueprints needed recompiling
[2017.09.02-09.45.51:105][711]PIE: New page: PIE session: LevelONE (3/09/2017 9:45:51 am)
[2017.09.02-09.45.51:115][711]LogPlayLevel: Creating play world package: /Game/SideScrollerBP/Maps/UEDPIE_0_LevelONE
[2017.09.02-09.45.51:186][711]LogPlayLevel: PIE: StaticDuplicateObject took: (0.070756s)
[2017.09.02-09.45.51:187][711]LogAIModule: Creating AISystem for world LevelONE
[2017.09.02-09.45.51:206][711]LogPlayLevel: PIE: World Init took: (0.019812s)
[2017.09.02-09.45.51:206][711]LogPlayLevel: PIE: Created PIE world by copying editor world from /Game/SideScrollerBP/Maps/LevelONE.LevelONE to /Game/SideScrollerBP/Maps/UEDPIE_0_LevelONE.LevelONE (0.091485s)
[2017.09.02-09.45.51:274][711]LogInit: XAudio2 using 'Speakers (Realtek High Definition Audio)' : 2 channels at 48 kHz using 32 bits per sample (channel mask 0x3)
[2017.09.02-09.45.51:288][711]LogInit: FAudioDevice initialized.
[2017.09.02-09.45.51:473][711]LogLoad: Game class is 'SideScrollerGameMode_C'
[2017.09.02-09.45.51:564][711]LogWorld: Bringing World /Game/SideScrollerBP/Maps/UEDPIE_0_LevelONE.LevelONE up for play (max tick rate 0) at 2017.09.02-21.45.51
[2017.09.02-09.45.51:651][711]LogWorld: Bringing up level for play took: 0.095568
[2017.09.02-09.45.51:709][711]LogContentBrowser: Native class hierarchy updated for 'MovieSceneCapture' in 0.0006 seconds. Added 11 classes and 0 folders.
[2017.09.02-09.45.51:759][711]PIE: Info Play in editor start time for /Game/SideScrollerBP/Maps/UEDPIE_0_LevelONE -0.113
[2017.09.02-09.45.51:759][711]LogBlueprintUserMessages: Late PlayInEditor Detection: Level '/Game/SideScrollerBP/Maps/LevelONE.LevelONE:PersistentLevel' has LevelScriptBlueprint '/Game/SideScrollerBP/Maps/LevelONE.LevelONE:PersistentLevel.LevelONE' with GeneratedClass '/Game/SideScrollerBP/Maps/LevelONE.LevelONE_C' with ClassGeneratedBy '/Game/SideScrollerBP/Maps/LevelONE.LevelONE:PersistentLevel.LevelONE'
[2017.09.02-09.45.51:810][711]LogRenderer: Reallocating scene render targets to support 1292x756 NumSamples 1 (Frame:3861).
[2017.09.02-09.45.56:289][239]LogNet: Browse: /Game/SideScrollerBP/Maps/LevelONE
[2017.09.02-09.45.56:290][239]LogLoad: LoadMap: /Game/SideScrollerBP/Maps/LevelONE
[2017.09.02-09.45.56:331][239]Cmd: MEM
[2017.09.02-09.45.56:456][239]LogMemory: Platform Memory Stats for Windows
[2017.09.02-09.45.56:456][239]LogMemory: Process Physical Memory: 1146.12 MB used, 1285.59 MB peak
[2017.09.02-09.45.56:456][239]LogMemory: Process Virtual Memory: 1592.02 MB used, 1704.00 MB peak
[2017.09.02-09.45.56:456][239]LogMemory: Physical Memory: 6622.27 MB used,  1430.66 MB free, 8052.93 MB total
[2017.09.02-09.45.56:456][239]LogMemory: Virtual Memory: 2554.64 MB used,  1430.66 MB free, 134217728.00 MB total
[2017.09.02-09.45.56:456][239]LogMemory: 
[2017.09.02-09.45.56:456][239]Allocator Stats for TBB: (not implemented)
[2017.09.02-09.45.56:457][239]LogPlayLevel: Creating play world package: /Game/SideScrollerBP/Maps/UEDPIE_0_LevelONE
[2017.09.02-09.45.56:476][239]LogPlayLevel: PIE: StaticDuplicateObject took: (0.018687s)
[2017.09.02-09.45.56:477][239]LogAIModule: Creating AISystem for world LevelONE
[2017.09.02-09.45.56:477][239]LogPlayLevel: PIE: World Init took: (0.001203s)
[2017.09.02-09.45.56:478][239]LogPlayLevel: PIE: Created PIE world by copying editor world from /Game/SideScrollerBP/Maps/LevelONE.LevelONE to /Game/SideScrollerBP/Maps/UEDPIE_0_LevelONE.LevelONE (0.020293s)
[2017.09.02-09.45.56:478][239]LogLoad: Game class is 'SideScrollerGameMode_C'
[2017.09.02-09.45.56:486][239]LogWorld: Bringing World /Game/SideScrollerBP/Maps/UEDPIE_0_LevelONE.LevelONE up for play (max tick rate 0) at 2017.09.02-21.45.56
[2017.09.02-09.45.56:486][239]LogWorld: Bringing up level for play took: 0.007391
[2017.09.02-09.45.56:487][239]LogLoad: Took 0.197401 seconds to LoadMap(/Game/SideScrollerBP/Maps/UEDPIE_0_LevelONE)
[2017.09.02-09.45.58:975][533]LogBlueprintUserMessages: Early EndPlayMap Detection: Level '/Game/SideScrollerBP/Maps/LevelONE.LevelONE:PersistentLevel' has LevelScriptBlueprint '/Game/SideScrollerBP/Maps/LevelONE.LevelONE:PersistentLevel.LevelONE' with GeneratedClass '/Game/SideScrollerBP/Maps/LevelONE.LevelONE_C' with ClassGeneratedBy '/Game/SideScrollerBP/Maps/LevelONE.LevelONE:PersistentLevel.LevelONE'
[2017.09.02-09.45.59:082][533]LogBlueprintUserMessages: Late EndPlayMap Detection: Level '/Game/SideScrollerBP/Maps/LevelONE.LevelONE:PersistentLevel' has LevelScriptBlueprint '/Game/SideScrollerBP/Maps/LevelONE.LevelONE:PersistentLevel.LevelONE' with GeneratedClass '/Game/SideScrollerBP/Maps/LevelONE.LevelONE_C' with ClassGeneratedBy '/Game/SideScrollerBP/Maps/LevelONE.LevelONE:PersistentLevel.LevelONE'
[2017.09.02-09.46.41:501][602]LogEditorViewport: Clicking on Actor (LMB): StaticMeshActor (Cube4)
[2017.09.02-09.46.42:385][707]LogEditorViewport: Clicking on Actor (LMB): PlayerCUBE_C (PlayerCUBE)
[2017.09.02-09.46.47:120][160]LogContentBrowser: Native class hierarchy updated for 'BlueprintGraph' in 0.0007 seconds. Added 111 classes and 0 folders.
[2017.09.02-09.47.48:515][587]Cmd: OBJ SAVEPACKAGE PACKAGE="/Game/SideScrollerBP/Blueprints/PlayerCUBE" FILE="C:/Users/Liam/Documents/GitHub/CUBE-JUMP/Content/SideScrollerBP/Blueprints/PlayerCUBE.uasset" SILENT=true
[2017.09.02-09.47.48:654][587]LogSavePackage: Save=107.24ms
[2017.09.02-09.47.48:654][587]LogSavePackage: Moving 'C:/Users/Liam/Documents/GitHub/CUBE-JUMP/Saved/PlayerCUBE6F7FE54640A25772DB03DF877716D748.tmp' to 'C:/Users/Liam/Documents/GitHub/CUBE-JUMP/Content/SideScrollerBP/Blueprints/PlayerCUBE.uasset'
[2017.09.02-09.47.48:656][587]LogSavePackage:Display: Finished SavePackage C:/Users/Liam/Documents/GitHub/CUBE-JUMP/Content/SideScrollerBP/Blueprints/PlayerCUBE.uasset
[2017.09.02-09.48.14:884][561]LogMetaData: Removing '/Game/SideScrollerBP/Blueprints/TOOLS/leftStart.leftStart_C' ref from Metadata '/Game/SideScrollerBP/Blueprints/plat_Types/leftStart.PackageMetaData'
[2017.09.02-09.48.14:884][561]LogMetaData: Removing '/Game/SideScrollerBP/Blueprints/TOOLS/leftStart.leftStart:EventGraph.K2Node_Event_1' ref from Metadata '/Game/SideScrollerBP/Blueprints/plat_Types/leftStart.PackageMetaData'
[2017.09.02-09.48.14:884][561]LogMetaData: Removing '/Game/SideScrollerBP/Blueprints/TOOLS/leftStart.leftStart:EventGraph.K2Node_Event_2' ref from Metadata '/Game/SideScrollerBP/Blueprints/plat_Types/leftStart.PackageMetaData'
[2017.09.02-09.48.14:884][561]LogMetaData: Removing '/Game/SideScrollerBP/Blueprints/TOOLS/leftStart.leftStart:UserConstructionScript.K2Node_FunctionEntry_0' ref from Metadata '/Game/SideScrollerBP/Blueprints/plat_Types/leftStart.PackageMetaData'
[2017.09.02-09.48.14:884][561]LogMetaData: Removing '/Game/SideScrollerBP/Blueprints/TOOLS/leftStart.leftStart:change.K2Node_FunctionEntry_15' ref from Metadata '/Game/SideScrollerBP/Blueprints/plat_Types/leftStart.PackageMetaData'
[2017.09.02-09.48.14:884][561]LogMetaData: Removing '/Game/SideScrollerBP/Blueprints/TOOLS/leftStart.leftStart_C:ExecuteUbergraph_leftStart' ref from Metadata '/Game/SideScrollerBP/Blueprints/plat_Types/leftStart.PackageMetaData'
[2017.09.02-09.48.14:884][561]LogMetaData: Removing '/Game/SideScrollerBP/Blueprints/TOOLS/leftStart.leftStart_C:UserConstructionScript' ref from Metadata '/Game/SideScrollerBP/Blueprints/plat_Types/leftStart.PackageMetaData'
[2017.09.02-09.48.14:884][561]LogMetaData: Removing '/Game/SideScrollerBP/Blueprints/TOOLS/leftStart.leftStart_C:ReceiveTick' ref from Metadata '/Game/SideScrollerBP/Blueprints/plat_Types/leftStart.PackageMetaData'
[2017.09.02-09.48.14:884][561]LogMetaData: Removing '/Game/SideScrollerBP/Blueprints/TOOLS/leftStart.leftStart_C:ReceiveBeginPlay' ref from Metadata '/Game/SideScrollerBP/Blueprints/plat_Types/leftStart.PackageMetaData'
[2017.09.02-09.48.14:884][561]LogMetaData: Removing '/Game/SideScrollerBP/Blueprints/TOOLS/leftStart.leftStart_C:Box' ref from Metadata '/Game/SideScrollerBP/Blueprints/plat_Types/leftStart.PackageMetaData'
[2017.09.02-09.48.14:884][561]LogMetaData: Removing '/Game/SideScrollerBP/Blueprints/TOOLS/leftStart.leftStart_C:Cube' ref from Metadata '/Game/SideScrollerBP/Blueprints/plat_Types/leftStart.PackageMetaData'
[2017.09.02-09.48.14:884][561]LogMetaData: Removing '/Game/SideScrollerBP/Blueprints/TOOLS/leftStart.leftStart_C:velocity' ref from Metadata '/Game/SideScrollerBP/Blueprints/plat_Types/leftStart.PackageMetaData'
[2017.09.02-09.48.14:884][561]LogMetaData: Removing '/Game/SideScrollerBP/Blueprints/TOOLS/leftStart.SKEL_leftStart_C:velocity' ref from Metadata '/Game/SideScrollerBP/Blueprints/plat_Types/leftStart.PackageMetaData'
[2017.09.02-09.48.14:884][561]LogMetaData: Removing '/Game/SideScrollerBP/Blueprints/TOOLS/leftStart.SKEL_leftStart_C:Cube' ref from Metadata '/Game/SideScrollerBP/Blueprints/plat_Types/leftStart.PackageMetaData'
[2017.09.02-09.48.14:884][561]LogMetaData: Removing '/Game/SideScrollerBP/Blueprints/TOOLS/leftStart.SKEL_leftStart_C:Box' ref from Metadata '/Game/SideScrollerBP/Blueprints/plat_Types/leftStart.PackageMetaData'
[2017.09.02-09.48.14:884][561]LogMetaData: Removing '/Game/SideScrollerBP/Blueprints/TOOLS/leftStart.SKEL_leftStart_C:ReceiveBeginPlay' ref from Metadata '/Game/SideScrollerBP/Blueprints/plat_Types/leftStart.PackageMetaData'
[2017.09.02-09.48.14:884][561]LogMetaData: Removing '/Game/SideScrollerBP/Blueprints/TOOLS/leftStart.SKEL_leftStart_C:ReceiveTick' ref from Metadata '/Game/SideScrollerBP/Blueprints/plat_Types/leftStart.PackageMetaData'
[2017.09.02-09.48.14:884][561]LogMetaData: Removing '/Game/SideScrollerBP/Blueprints/TOOLS/leftStart.SKEL_leftStart_C:UserConstructionScript' ref from Metadata '/Game/SideScrollerBP/Blueprints/plat_Types/leftStart.PackageMetaData'
[2017.09.02-09.48.14:884][561]LogMetaData: Removing '/Game/SideScrollerBP/Blueprints/TOOLS/leftStart.SKEL_leftStart_C:ExecuteUbergraph_leftStart' ref from Metadata '/Game/SideScrollerBP/Blueprints/plat_Types/leftStart.PackageMetaData'
[2017.09.02-09.48.14:884][561]LogMetaData: Removing '/Game/SideScrollerBP/Blueprints/TOOLS/leftStart.SKEL_leftStart_C' ref from Metadata '/Game/SideScrollerBP/Blueprints/plat_Types/leftStart.PackageMetaData'
[2017.09.02-09.48.14:925][561]LogMetaData: Removing '/Game/SideScrollerBP/Blueprints/TOOLS/rightStart.rightStart_C' ref from Metadata '/Game/SideScrollerBP/Blueprints/plat_Types/rightStart.PackageMetaData'
[2017.09.02-09.48.14:925][561]LogMetaData: Removing '/Game/SideScrollerBP/Blueprints/TOOLS/rightStart.rightStart_C:ExecuteUbergraph_rightStart' ref from Metadata '/Game/SideScrollerBP/Blueprints/plat_Types/rightStart.PackageMetaData'
[2017.09.02-09.48.14:925][561]LogMetaData: Removing '/Game/SideScrollerBP/Blueprints/TOOLS/rightStart.rightStart_C:UserConstructionScript' ref from Metadata '/Game/SideScrollerBP/Blueprints/plat_Types/rightStart.PackageMetaData'
[2017.09.02-09.48.14:925][561]LogMetaData: Removing '/Game/SideScrollerBP/Blueprints/TOOLS/rightStart.rightStart_C:ReceiveTick' ref from Metadata '/Game/SideScrollerBP/Blueprints/plat_Types/rightStart.PackageMetaData'
[2017.09.02-09.48.14:925][561]LogMetaData: Removing '/Game/SideScrollerBP/Blueprints/TOOLS/rightStart.rightStart_C:ReceiveBeginPlay' ref from Metadata '/Game/SideScrollerBP/Blueprints/plat_Types/rightStart.PackageMetaData'
[2017.09.02-09.48.14:925][561]LogMetaData: Removing '/Game/SideScrollerBP/Blueprints/TOOLS/rightStart.rightStart_C:Box' ref from Metadata '/Game/SideScrollerBP/Blueprints/plat_Types/rightStart.PackageMetaData'
[2017.09.02-09.48.14:925][561]LogMetaData: Removing '/Game/SideScrollerBP/Blueprints/TOOLS/rightStart.rightStart_C:Cube' ref from Metadata '/Game/SideScrollerBP/Blueprints/plat_Types/rightStart.PackageMetaData'
[2017.09.02-09.48.14:925][561]LogMetaData: Removing '/Game/SideScrollerBP/Blueprints/TOOLS/rightStart.rightStart_C:velocity' ref from Metadata '/Game/SideScrollerBP/Blueprints/plat_Types/rightStart.PackageMetaData'
[2017.09.02-09.48.14:925][561]LogMetaData: Removing '/Game/SideScrollerBP/Blueprints/TOOLS/rightStart.SKEL_rightStart_C:velocity' ref from Metadata '/Game/SideScrollerBP/Blueprints/plat_Types/rightStart.PackageMetaData'
[2017.09.02-09.48.14:925][561]LogMetaData: Removing '/Game/SideScrollerBP/Blueprints/TOOLS/rightStart.SKEL_rightStart_C:Cube' ref from Metadata '/Game/SideScrollerBP/Blueprints/plat_Types/rightStart.PackageMetaData'
[2017.09.02-09.48.14:925][561]LogMetaData: Removing '/Game/SideScrollerBP/Blueprints/TOOLS/rightStart.SKEL_rightStart_C:Box' ref from Metadata '/Game/SideScrollerBP/Blueprints/plat_Types/rightStart.PackageMetaData'
[2017.09.02-09.48.14:925][561]LogMetaData: Removing '/Game/SideScrollerBP/Blueprints/TOOLS/rightStart.SKEL_rightStart_C:ReceiveBeginPlay' ref from Metadata '/Game/SideScrollerBP/Blueprints/plat_Types/rightStart.PackageMetaData'
[2017.09.02-09.48.14:925][561]LogMetaData: Removing '/Game/SideScrollerBP/Blueprints/TOOLS/rightStart.SKEL_rightStart_C:ReceiveTick' ref from Metadata '/Game/SideScrollerBP/Blueprints/plat_Types/rightStart.PackageMetaData'
[2017.09.02-09.48.14:925][561]LogMetaData: Removing '/Game/SideScrollerBP/Blueprints/TOOLS/rightStart.SKEL_rightStart_C:UserConstructionScript' ref from Metadata '/Game/SideScrollerBP/Blueprints/plat_Types/rightStart.PackageMetaData'
[2017.09.02-09.48.14:925][561]LogMetaData: Removing '/Game/SideScrollerBP/Blueprints/TOOLS/rightStart.SKEL_rightStart_C:ExecuteUbergraph_rightStart' ref from Metadata '/Game/SideScrollerBP/Blueprints/plat_Types/rightStart.PackageMetaData'
[2017.09.02-09.48.14:925][561]LogMetaData: Removing '/Game/SideScrollerBP/Blueprints/TOOLS/rightStart.SKEL_rightStart_C' ref from Metadata '/Game/SideScrollerBP/Blueprints/plat_Types/rightStart.PackageMetaData'
[2017.09.02-09.48.14:932][561]LogMetaData: Removing '/Game/SideScrollerBP/Blueprints/TOOLS/upStart.upStart_C' ref from Metadata '/Game/SideScrollerBP/Blueprints/plat_Types/upStart.PackageMetaData'
[2017.09.02-09.48.14:932][561]LogMetaData: Removing '/Game/SideScrollerBP/Blueprints/TOOLS/upStart.upStart_C:ExecuteUbergraph_upStart' ref from Metadata '/Game/SideScrollerBP/Blueprints/plat_Types/upStart.PackageMetaData'
[2017.09.02-09.48.14:932][561]LogMetaData: Removing '/Game/SideScrollerBP/Blueprints/TOOLS/upStart.upStart_C:UserConstructionScript' ref from Metadata '/Game/SideScrollerBP/Blueprints/plat_Types/upStart.PackageMetaData'
[2017.09.02-09.48.14:932][561]LogMetaData: Removing '/Game/SideScrollerBP/Blueprints/TOOLS/upStart.upStart_C:ReceiveTick' ref from Metadata '/Game/SideScrollerBP/Blueprints/plat_Types/upStart.PackageMetaData'
[2017.09.02-09.48.14:932][561]LogMetaData: Removing '/Game/SideScrollerBP/Blueprints/TOOLS/upStart.upStart_C:ReceiveBeginPlay' ref from Metadata '/Game/SideScrollerBP/Blueprints/plat_Types/upStart.PackageMetaData'
[2017.09.02-09.48.14:932][561]LogMetaData: Removing '/Game/SideScrollerBP/Blueprints/TOOLS/upStart.upStart_C:Box' ref from Metadata '/Game/SideScrollerBP/Blueprints/plat_Types/upStart.PackageMetaData'
[2017.09.02-09.48.14:932][561]LogMetaData: Removing '/Game/SideScrollerBP/Blueprints/TOOLS/upStart.upStart_C:Cube' ref from Metadata '/Game/SideScrollerBP/Blueprints/plat_Types/upStart.PackageMetaData'
[2017.09.02-09.48.14:932][561]LogMetaData: Removing '/Game/SideScrollerBP/Blueprints/TOOLS/upStart.upStart_C:velocity' ref from Metadata '/Game/SideScrollerBP/Blueprints/plat_Types/upStart.PackageMetaData'
[2017.09.02-09.48.14:932][561]LogMetaData: Removing '/Game/SideScrollerBP/Blueprints/TOOLS/upStart.SKEL_upStart_C:velocity' ref from Metadata '/Game/SideScrollerBP/Blueprints/plat_Types/upStart.PackageMetaData'
[2017.09.02-09.48.14:932][561]LogMetaData: Removing '/Game/SideScrollerBP/Blueprints/TOOLS/upStart.SKEL_upStart_C:Cube' ref from Metadata '/Game/SideScrollerBP/Blueprints/plat_Types/upStart.PackageMetaData'
[2017.09.02-09.48.14:932][561]LogMetaData: Removing '/Game/SideScrollerBP/Blueprints/TOOLS/upStart.SKEL_upStart_C:Box' ref from Metadata '/Game/SideScrollerBP/Blueprints/plat_Types/upStart.PackageMetaData'
[2017.09.02-09.48.14:932][561]LogMetaData: Removing '/Game/SideScrollerBP/Blueprints/TOOLS/upStart.SKEL_upStart_C:ReceiveBeginPlay' ref from Metadata '/Game/SideScrollerBP/Blueprints/plat_Types/upStart.PackageMetaData'
[2017.09.02-09.48.14:932][561]LogMetaData: Removing '/Game/SideScrollerBP/Blueprints/TOOLS/upStart.SKEL_upStart_C:ReceiveTick' ref from Metadata '/Game/SideScrollerBP/Blueprints/plat_Types/upStart.PackageMetaData'
[2017.09.02-09.48.14:932][561]LogMetaData: Removing '/Game/SideScrollerBP/Blueprints/TOOLS/upStart.SKEL_upStart_C:UserConstructionScript' ref from Metadata '/Game/SideScrollerBP/Blueprints/plat_Types/upStart.PackageMetaData'
[2017.09.02-09.48.14:932][561]LogMetaData: Removing '/Game/SideScrollerBP/Blueprints/TOOLS/upStart.SKEL_upStart_C:ExecuteUbergraph_upStart' ref from Metadata '/Game/SideScrollerBP/Blueprints/plat_Types/upStart.PackageMetaData'
[2017.09.02-09.48.14:932][561]LogMetaData: Removing '/Game/SideScrollerBP/Blueprints/TOOLS/upStart.SKEL_upStart_C' ref from Metadata '/Game/SideScrollerBP/Blueprints/plat_Types/upStart.PackageMetaData'
[2017.09.02-09.48.14:940][561]LogMetaData: Removing '/Game/SideScrollerBP/Blueprints/TOOLS/downStart.downStart_C' ref from Metadata '/Game/SideScrollerBP/Blueprints/plat_Types/downStart.PackageMetaData'
[2017.09.02-09.48.14:940][561]LogMetaData: Removing '/Game/SideScrollerBP/Blueprints/TOOLS/downStart.downStart_C:ExecuteUbergraph_downStart' ref from Metadata '/Game/SideScrollerBP/Blueprints/plat_Types/downStart.PackageMetaData'
[2017.09.02-09.48.14:941][561]LogMetaData: Removing '/Game/SideScrollerBP/Blueprints/TOOLS/downStart.downStart_C:UserConstructionScript' ref from Metadata '/Game/SideScrollerBP/Blueprints/plat_Types/downStart.PackageMetaData'
[2017.09.02-09.48.14:941][561]LogMetaData: Removing '/Game/SideScrollerBP/Blueprints/TOOLS/downStart.downStart_C:ReceiveTick' ref from Metadata '/Game/SideScrollerBP/Blueprints/plat_Types/downStart.PackageMetaData'
[2017.09.02-09.48.14:941][561]LogMetaData: Removing '/Game/SideScrollerBP/Blueprints/TOOLS/downStart.downStart_C:ReceiveBeginPlay' ref from Metadata '/Game/SideScrollerBP/Blueprints/plat_Types/downStart.PackageMetaData'
[2017.09.02-09.48.14:941][561]LogMetaData: Removing '/Game/SideScrollerBP/Blueprints/TOOLS/downStart.downStart_C:Box' ref from Metadata '/Game/SideScrollerBP/Blueprints/plat_Types/downStart.PackageMetaData'
[2017.09.02-09.48.14:941][561]LogMetaData: Removing '/Game/SideScrollerBP/Blueprints/TOOLS/downStart.downStart_C:Cube' ref from Metadata '/Game/SideScrollerBP/Blueprints/plat_Types/downStart.PackageMetaData'
[2017.09.02-09.48.14:941][561]LogMetaData: Removing '/Game/SideScrollerBP/Blueprints/TOOLS/downStart.downStart_C:velocity' ref from Metadata '/Game/SideScrollerBP/Blueprints/plat_Types/downStart.PackageMetaData'
[2017.09.02-09.48.14:941][561]LogMetaData: Removing '/Game/SideScrollerBP/Blueprints/TOOLS/downStart.SKEL_downStart_C:velocity' ref from Metadata '/Game/SideScrollerBP/Blueprints/plat_Types/downStart.PackageMetaData'
[2017.09.02-09.48.14:941][561]LogMetaData: Removing '/Game/SideScrollerBP/Blueprints/TOOLS/downStart.SKEL_downStart_C:Cube' ref from Metadata '/Game/SideScrollerBP/Blueprints/plat_Types/downStart.PackageMetaData'
[2017.09.02-09.48.14:941][561]LogMetaData: Removing '/Game/SideScrollerBP/Blueprints/TOOLS/downStart.SKEL_downStart_C:Box' ref from Metadata '/Game/SideScrollerBP/Blueprints/plat_Types/downStart.PackageMetaData'
[2017.09.02-09.48.14:941][561]LogMetaData: Removing '/Game/SideScrollerBP/Blueprints/TOOLS/downStart.SKEL_downStart_C:ReceiveBeginPlay' ref from Metadata '/Game/SideScrollerBP/Blueprints/plat_Types/downStart.PackageMetaData'
[2017.09.02-09.48.14:941][561]LogMetaData: Removing '/Game/SideScrollerBP/Blueprints/TOOLS/downStart.SKEL_downStart_C:ReceiveTick' ref from Metadata '/Game/SideScrollerBP/Blueprints/plat_Types/downStart.PackageMetaData'
[2017.09.02-09.48.14:941][561]LogMetaData: Removing '/Game/SideScrollerBP/Blueprints/TOOLS/downStart.SKEL_downStart_C:UserConstructionScript' ref from Metadata '/Game/SideScrollerBP/Blueprints/plat_Types/downStart.PackageMetaData'
[2017.09.02-09.48.14:941][561]LogMetaData: Removing '/Game/SideScrollerBP/Blueprints/TOOLS/downStart.SKEL_downStart_C:ExecuteUbergraph_downStart' ref from Metadata '/Game/SideScrollerBP/Blueprints/plat_Types/downStart.PackageMetaData'
[2017.09.02-09.48.14:941][561]LogMetaData: Removing '/Game/SideScrollerBP/Blueprints/TOOLS/downStart.SKEL_downStart_C' ref from Metadata '/Game/SideScrollerBP/Blueprints/plat_Types/downStart.PackageMetaData'
[2017.09.02-09.48.14:969][561]Cmd: OBJ SAVEPACKAGE PACKAGE="/Game/SideScrollerBP/Blueprints/TOOLS/leftStart" FILE="C:/Users/Liam/Documents/GitHub/CUBE-JUMP/Content/SideScrollerBP/Blueprints/TOOLS/leftStart.uasset" SILENT=true
[2017.09.02-09.48.14:992][561]LogSavePackage: Save=21.30ms
[2017.09.02-09.48.14:992][561]LogSavePackage: Moving 'C:/Users/Liam/Documents/GitHub/CUBE-JUMP/Saved/leftStart3539C47D4DF15C10C78A189DFBE210FB.tmp' to 'C:/Users/Liam/Documents/GitHub/CUBE-JUMP/Content/SideScrollerBP/Blueprints/TOOLS/leftStart.uasset'
[2017.09.02-09.48.15:008][561]LogSavePackage:Display: Finished SavePackage C:/Users/Liam/Documents/GitHub/CUBE-JUMP/Content/SideScrollerBP/Blueprints/TOOLS/leftStart.uasset
[2017.09.02-09.48.15:026][561]LogSavePackage: Save=4.69ms
[2017.09.02-09.48.15:026][561]LogSavePackage: Moving 'C:/Users/Liam/Documents/GitHub/CUBE-JUMP/Saved/leftStart6BE59CDD4B04323F4C9CD3A660572E62.tmp' to 'C:/Users/Liam/Documents/GitHub/CUBE-JUMP/Content/SideScrollerBP/Blueprints/plat_Types/leftStart.uasset'
[2017.09.02-09.48.15:029][561]LogSavePackage:Display: Finished SavePackage C:/Users/Liam/Documents/GitHub/CUBE-JUMP/Content/SideScrollerBP/Blueprints/plat_Types/leftStart.uasset
[2017.09.02-09.48.15:047][561]Cmd: OBJ SAVEPACKAGE PACKAGE="/Game/SideScrollerBP/Blueprints/TOOLS/rightStart" FILE="C:/Users/Liam/Documents/GitHub/CUBE-JUMP/Content/SideScrollerBP/Blueprints/TOOLS/rightStart.uasset" SILENT=true
[2017.09.02-09.48.15:073][561]LogSavePackage: Save=23.78ms
[2017.09.02-09.48.15:073][561]LogSavePackage: Moving 'C:/Users/Liam/Documents/GitHub/CUBE-JUMP/Saved/rightStartE9DD89A4493C23FFC0298FB8006514A6.tmp' to 'C:/Users/Liam/Documents/GitHub/CUBE-JUMP/Content/SideScrollerBP/Blueprints/TOOLS/rightStart.uasset'
[2017.09.02-09.48.15:075][561]LogSavePackage:Display: Finished SavePackage C:/Users/Liam/Documents/GitHub/CUBE-JUMP/Content/SideScrollerBP/Blueprints/TOOLS/rightStart.uasset
[2017.09.02-09.48.15:093][561]LogSavePackage: Save=5.59ms
[2017.09.02-09.48.15:093][561]LogSavePackage: Moving 'C:/Users/Liam/Documents/GitHub/CUBE-JUMP/Saved/rightStart0B48BD8D49BF5449BB9E3FB1A4AD4F69.tmp' to 'C:/Users/Liam/Documents/GitHub/CUBE-JUMP/Content/SideScrollerBP/Blueprints/plat_Types/rightStart.uasset'
[2017.09.02-09.48.15:096][561]LogSavePackage:Display: Finished SavePackage C:/Users/Liam/Documents/GitHub/CUBE-JUMP/Content/SideScrollerBP/Blueprints/plat_Types/rightStart.uasset
[2017.09.02-09.48.15:110][561]Cmd: OBJ SAVEPACKAGE PACKAGE="/Game/SideScrollerBP/Blueprints/TOOLS/upStart" FILE="C:/Users/Liam/Documents/GitHub/CUBE-JUMP/Content/SideScrollerBP/Blueprints/TOOLS/upStart.uasset" SILENT=true
[2017.09.02-09.48.15:133][561]LogSavePackage: Save=21.13ms
[2017.09.02-09.48.15:133][561]LogSavePackage: Moving 'C:/Users/Liam/Documents/GitHub/CUBE-JUMP/Saved/upStart47034ED9471BB69A165111AE33C9E507.tmp' to 'C:/Users/Liam/Documents/GitHub/CUBE-JUMP/Content/SideScrollerBP/Blueprints/TOOLS/upStart.uasset'
[2017.09.02-09.48.15:135][561]LogSavePackage:Display: Finished SavePackage C:/Users/Liam/Documents/GitHub/CUBE-JUMP/Content/SideScrollerBP/Blueprints/TOOLS/upStart.uasset
[2017.09.02-09.48.15:138][561]Cmd: OBJ SAVEPACKAGE PACKAGE="/Game/SideScrollerBP/Blueprints/plat_Types/upStart" FILE="C:/Users/Liam/Documents/GitHub/CUBE-JUMP/Content/SideScrollerBP/Blueprints/plat_Types/upStart.uasset" SILENT=true
[2017.09.02-09.48.15:152][561]LogSavePackage: Save=5.07ms
[2017.09.02-09.48.15:152][561]LogSavePackage: Moving 'C:/Users/Liam/Documents/GitHub/CUBE-JUMP/Saved/upStart79E3A8684D5D8E5136B3DD83F23B9FF1.tmp' to 'C:/Users/Liam/Documents/GitHub/CUBE-JUMP/Content/SideScrollerBP/Blueprints/plat_Types/upStart.uasset'
[2017.09.02-09.48.15:155][561]LogSavePackage:Display: Finished SavePackage C:/Users/Liam/Documents/GitHub/CUBE-JUMP/Content/SideScrollerBP/Blueprints/plat_Types/upStart.uasset
[2017.09.02-09.48.15:170][561]Cmd: OBJ SAVEPACKAGE PACKAGE="/Game/SideScrollerBP/Blueprints/TOOLS/downStart" FILE="C:/Users/Liam/Documents/GitHub/CUBE-JUMP/Content/SideScrollerBP/Blueprints/TOOLS/downStart.uasset" SILENT=true
[2017.09.02-09.48.15:194][561]LogSavePackage: Save=21.20ms
[2017.09.02-09.48.15:194][561]LogSavePackage: Moving 'C:/Users/Liam/Documents/GitHub/CUBE-JUMP/Saved/downStart40CDAE19423264DB898532B0171AF1B3.tmp' to 'C:/Users/Liam/Documents/GitHub/CUBE-JUMP/Content/SideScrollerBP/Blueprints/TOOLS/downStart.uasset'
[2017.09.02-09.48.15:196][561]LogSavePackage:Display: Finished SavePackage C:/Users/Liam/Documents/GitHub/CUBE-JUMP/Content/SideScrollerBP/Blueprints/TOOLS/downStart.uasset
[2017.09.02-09.48.15:415][561]Cmd: OBJ SAVEPACKAGE PACKAGE="/Game/SideScrollerBP/Blueprints/winnerLevelOne" FILE="C:/Users/Liam/Documents/GitHub/CUBE-JUMP/Content/SideScrollerBP/Blueprints/winnerLevelOne.uasset" SILENT=true
[2017.09.02-09.48.15:448][561]LogSavePackage: Save=24.66ms
[2017.09.02-09.48.15:448][561]LogSavePackage: Moving 'C:/Users/Liam/Documents/GitHub/CUBE-JUMP/Saved/winnerLevelOne54733EA9480A4B66ED18738A4FEE4085.tmp' to 'C:/Users/Liam/Documents/GitHub/CUBE-JUMP/Content/SideScrollerBP/Blueprints/winnerLevelOne.uasset'
[2017.09.02-09.48.15:449][561]LogSavePackage:Display: Finished SavePackage C:/Users/Liam/Documents/GitHub/CUBE-JUMP/Content/SideScrollerBP/Blueprints/winnerLevelOne.uasset
[2017.09.02-09.49.08:651][130]Cmd: OBJ SAVEPACKAGE PACKAGE="/Game/SideScrollerBP/Blueprints/TOOLS/moldCUBE" FILE="C:/Users/Liam/Documents/GitHub/CUBE-JUMP/Content/SideScrollerBP/Blueprints/TOOLS/moldCUBE.uasset" SILENT=true
[2017.09.02-09.49.08:661][130]LogSavePackage: Save=8.57ms
[2017.09.02-09.49.08:661][130]LogSavePackage: Moving 'C:/Users/Liam/Documents/GitHub/CUBE-JUMP/Saved/moldCUBE92AE064E45BDA79676074D8432023C80.tmp' to 'C:/Users/Liam/Documents/GitHub/CUBE-JUMP/Content/SideScrollerBP/Blueprints/TOOLS/moldCUBE.uasset'
[2017.09.02-09.49.08:663][130]LogSavePackage:Display: Finished SavePackage C:/Users/Liam/Documents/GitHub/CUBE-JUMP/Content/SideScrollerBP/Blueprints/TOOLS/moldCUBE.uasset
[2017.09.02-09.49.27:242][284]LogMetaData: Removing '/Game/SideScrollerBP/Blueprints/TOOLS/moldableCUBE.moldableCUBE:UserConstructionScript.K2Node_FunctionEntry_0' ref from Metadata '/Game/SideScrollerBP/Blueprints/TOOLS/moldCUBE.PackageMetaData'
[2017.09.02-09.49.27:242][284]LogMetaData: Removing '/Game/SideScrollerBP/Blueprints/TOOLS/moldableCUBE.SKEL_moldableCUBE_C' ref from Metadata '/Game/SideScrollerBP/Blueprints/TOOLS/moldCUBE.PackageMetaData'
[2017.09.02-09.49.27:242][284]LogMetaData: Removing '/Game/SideScrollerBP/Blueprints/TOOLS/moldableCUBE.moldableCUBE_C' ref from Metadata '/Game/SideScrollerBP/Blueprints/TOOLS/moldCUBE.PackageMetaData'
[2017.09.02-09.49.27:242][284]LogMetaData: Removing '/Game/SideScrollerBP/Blueprints/TOOLS/moldableCUBE.moldableCUBE:EventGraph.K2Node_Event_0' ref from Metadata '/Game/SideScrollerBP/Blueprints/TOOLS/moldCUBE.PackageMetaData'
[2017.09.02-09.49.27:242][284]LogMetaData: Removing '/Game/SideScrollerBP/Blueprints/TOOLS/moldableCUBE.moldableCUBE:EventGraph.K2Node_Event_1' ref from Metadata '/Game/SideScrollerBP/Blueprints/TOOLS/moldCUBE.PackageMetaData'
[2017.09.02-09.49.27:242][284]LogMetaData: Removing '/Game/SideScrollerBP/Blueprints/TOOLS/moldableCUBE.moldableCUBE:EventGraph.K2Node_Event_2' ref from Metadata '/Game/SideScrollerBP/Blueprints/TOOLS/moldCUBE.PackageMetaData'
[2017.09.02-09.49.27:260][284]Cmd: OBJ SAVEPACKAGE PACKAGE="/Game/SideScrollerBP/Blueprints/TOOLS/moldableCUBE" FILE="C:/Users/Liam/Documents/GitHub/CUBE-JUMP/Content/SideScrollerBP/Blueprints/TOOLS/moldableCUBE.uasset" SILENT=true
[2017.09.02-09.49.27:271][284]LogSavePackage: Save=9.29ms
[2017.09.02-09.49.27:271][284]LogSavePackage: Moving 'C:/Users/Liam/Documents/GitHub/CUBE-JUMP/Saved/moldableCUBECB51329D49F6B0E4ED86D4A2D78D41A5.tmp' to 'C:/Users/Liam/Documents/GitHub/CUBE-JUMP/Content/SideScrollerBP/Blueprints/TOOLS/moldableCUBE.uasset'
[2017.09.02-09.49.27:273][284]LogSavePackage:Display: Finished SavePackage C:/Users/Liam/Documents/GitHub/CUBE-JUMP/Content/SideScrollerBP/Blueprints/TOOLS/moldableCUBE.uasset
[2017.09.02-09.49.47:991][302]Cmd: OBJ SAVEPACKAGE PACKAGE="/Game/SideScrollerBP/Blueprints/TOOLS/moldableCUBE" FILE="C:/Users/Liam/Documents/GitHub/CUBE-JUMP/Content/SideScrollerBP/Blueprints/TOOLS/moldableCUBE.uasset" SILENT=true
[2017.09.02-09.49.48:020][302]LogSavePackage: Save=18.22ms
[2017.09.02-09.49.48:020][302]LogSavePackage: Moving 'C:/Users/Liam/Documents/GitHub/CUBE-JUMP/Saved/moldableCUBEFBB1A492490BF77AA57BE9A7AE034026.tmp' to 'C:/Users/Liam/Documents/GitHub/CUBE-JUMP/Content/SideScrollerBP/Blueprints/TOOLS/moldableCUBE.uasset'
[2017.09.02-09.49.48:022][302]LogSavePackage:Display: Finished SavePackage C:/Users/Liam/Documents/GitHub/CUBE-JUMP/Content/SideScrollerBP/Blueprints/TOOLS/moldableCUBE.uasset
[2017.09.02-09.49.57:422][227]Cmd: OBJ SAVEPACKAGE PACKAGE="/Game/SideScrollerBP/Blueprints/TOOLS/moldableCUBE" FILE="C:/Users/Liam/Documents/GitHub/CUBE-JUMP/Content/SideScrollerBP/Blueprints/TOOLS/moldableCUBE.uasset" SILENT=true
[2017.09.02-09.49.57:436][227]LogSavePackage: Save=10.00ms
[2017.09.02-09.49.57:436][227]LogSavePackage: Moving 'C:/Users/Liam/Documents/GitHub/CUBE-JUMP/Saved/moldableCUBEC793AEDD4130212F1346D487357414F9.tmp' to 'C:/Users/Liam/Documents/GitHub/CUBE-JUMP/Content/SideScrollerBP/Blueprints/TOOLS/moldableCUBE.uasset'
[2017.09.02-09.49.57:437][227]LogSavePackage:Display: Finished SavePackage C:/Users/Liam/Documents/GitHub/CUBE-JUMP/Content/SideScrollerBP/Blueprints/TOOLS/moldableCUBE.uasset
[2017.09.02-09.50.01:751][670]LogEditorViewport: Clicking on Actor (LMB): StaticMeshActor (Cube4)
[2017.09.02-09.50.02:722][781]Cmd: DELETE
[2017.09.02-09.50.02:722][781]Cmd: ACTOR DELETE
[2017.09.02-09.50.02:744][781]LogEditorActor: Deleted Actor: StaticMeshActor
[2017.09.02-09.50.02:759][781]LogEditorActor: Deleted 1 Actors (0.023 secs)
[2017.09.02-09.50.03:491][869]LogEditorViewport: Clicking on Actor (LMB): moldableCUBE_C (moldableCUBE)
[2017.09.02-09.50.12:960][996]LogTemp: Repeting last play command: New Editor Window (PIE)
[2017.09.02-09.50.12:970][996]LogBlueprintUserMessages: Early PlayInEditor Detection: Level '/Game/SideScrollerBP/Maps/LevelONE.LevelONE:PersistentLevel' has LevelScriptBlueprint '/Game/SideScrollerBP/Maps/LevelONE.LevelONE:PersistentLevel.LevelONE' with GeneratedClass '/Game/SideScrollerBP/Maps/LevelONE.LevelONE_C' with ClassGeneratedBy '/Game/SideScrollerBP/Maps/LevelONE.LevelONE:PersistentLevel.LevelONE'
[2017.09.02-09.50.12:970][996]BlueprintLog: New page: Pre-Play auto-recompile
[2017.09.02-09.50.12:988][996]LogPlayLevel: [PlayLevel] Compiling moldableCUBE before play...
[2017.09.02-09.50.13:207][996]LogPlayLevel: PlayLevel: Blueprint regeneration took 237 ms (1 blueprints)
[2017.09.02-09.50.13:207][996]PIE: New page: PIE session: LevelONE (3/09/2017 9:50:13 am)
[2017.09.02-09.50.13:207][996]LogPlayLevel: Creating play world package: /Game/SideScrollerBP/Maps/UEDPIE_0_LevelONE
[2017.09.02-09.50.13:227][996]LogPlayLevel: PIE: StaticDuplicateObject took: (0.020093s)
[2017.09.02-09.50.13:228][996]LogAIModule: Creating AISystem for world LevelONE
[2017.09.02-09.50.13:228][996]LogPlayLevel: PIE: World Init took: (0.000707s)
[2017.09.02-09.50.13:228][996]LogPlayLevel: PIE: Created PIE world by copying editor world from /Game/SideScrollerBP/Maps/LevelONE.LevelONE to /Game/SideScrollerBP/Maps/UEDPIE_0_LevelONE.LevelONE (0.021015s)
[2017.09.02-09.50.13:247][996]LogInit: XAudio2 using 'Speakers (Realtek High Definition Audio)' : 2 channels at 48 kHz using 32 bits per sample (channel mask 0x3)
[2017.09.02-09.50.13:260][996]LogInit: FAudioDevice initialized.
[2017.09.02-09.50.13:308][996]LogLoad: Game class is 'SideScrollerGameMode_C'
[2017.09.02-09.50.13:311][996]LogWorld: Bringing World /Game/SideScrollerBP/Maps/UEDPIE_0_LevelONE.LevelONE up for play (max tick rate 0) at 2017.09.02-21.50.13
[2017.09.02-09.50.13:311][996]LogWorld: Bringing up level for play took: 0.001902
[2017.09.02-09.50.13:316][996]PIE: Info Play in editor start time for /Game/SideScrollerBP/Maps/UEDPIE_0_LevelONE -0.555
[2017.09.02-09.50.13:317][996]LogBlueprintUserMessages: Late PlayInEditor Detection: Level '/Game/SideScrollerBP/Maps/LevelONE.LevelONE:PersistentLevel' has LevelScriptBlueprint '/Game/SideScrollerBP/Maps/LevelONE.LevelONE:PersistentLevel.LevelONE' with GeneratedClass '/Game/SideScrollerBP/Maps/LevelONE.LevelONE_C' with ClassGeneratedBy '/Game/SideScrollerBP/Maps/LevelONE.LevelONE:PersistentLevel.LevelONE'
[2017.09.02-09.50.17:824][531]LogNet: Browse: /Game/SideScrollerBP/Maps/LevelONE
[2017.09.02-09.50.17:824][531]LogLoad: LoadMap: /Game/SideScrollerBP/Maps/LevelONE
[2017.09.02-09.50.17:837][531]Cmd: MEM
[2017.09.02-09.50.17:849][531]LogMemory: Platform Memory Stats for Windows
[2017.09.02-09.50.17:849][531]LogMemory: Process Physical Memory: 1494.85 MB used, 1512.28 MB peak
[2017.09.02-09.50.17:849][531]LogMemory: Process Virtual Memory: 2418.44 MB used, 2432.18 MB peak
[2017.09.02-09.50.17:849][531]LogMemory: Physical Memory: 6848.37 MB used,  1204.57 MB free, 8052.93 MB total
[2017.09.02-09.50.17:849][531]LogMemory: Virtual Memory: 3337.89 MB used,  1204.57 MB free, 134217728.00 MB total
[2017.09.02-09.50.17:849][531]LogMemory: 
[2017.09.02-09.50.17:849][531]Allocator Stats for TBB: (not implemented)
[2017.09.02-09.50.17:849][531]LogPlayLevel: Creating play world package: /Game/SideScrollerBP/Maps/UEDPIE_0_LevelONE
[2017.09.02-09.50.17:868][531]LogPlayLevel: PIE: StaticDuplicateObject took: (0.019270s)
[2017.09.02-09.50.17:869][531]LogAIModule: Creating AISystem for world LevelONE
[2017.09.02-09.50.17:869][531]LogPlayLevel: PIE: World Init took: (0.001165s)
[2017.09.02-09.50.17:870][531]LogPlayLevel: PIE: Created PIE world by copying editor world from /Game/SideScrollerBP/Maps/LevelONE.LevelONE to /Game/SideScrollerBP/Maps/UEDPIE_0_LevelONE.LevelONE (0.020783s)
[2017.09.02-09.50.17:870][531]LogLoad: Game class is 'SideScrollerGameMode_C'
[2017.09.02-09.50.17:877][531]LogWorld: Bringing World /Game/SideScrollerBP/Maps/UEDPIE_0_LevelONE.LevelONE up for play (max tick rate 0) at 2017.09.02-21.50.17
[2017.09.02-09.50.17:878][531]LogWorld: Bringing up level for play took: 0.006847
[2017.09.02-09.50.17:878][531]LogLoad: Took 0.054056 seconds to LoadMap(/Game/SideScrollerBP/Maps/UEDPIE_0_LevelONE)
[2017.09.02-09.50.25:084][390]LogBlueprintUserMessages: Early EndPlayMap Detection: Level '/Game/SideScrollerBP/Maps/LevelONE.LevelONE:PersistentLevel' has LevelScriptBlueprint '/Game/SideScrollerBP/Maps/LevelONE.LevelONE:PersistentLevel.LevelONE' with GeneratedClass '/Game/SideScrollerBP/Maps/LevelONE.LevelONE_C' with ClassGeneratedBy '/Game/SideScrollerBP/Maps/LevelONE.LevelONE:PersistentLevel.LevelONE'
[2017.09.02-09.50.25:132][390]LogBlueprintUserMessages: Late EndPlayMap Detection: Level '/Game/SideScrollerBP/Maps/LevelONE.LevelONE:PersistentLevel' has LevelScriptBlueprint '/Game/SideScrollerBP/Maps/LevelONE.LevelONE:PersistentLevel.LevelONE' with GeneratedClass '/Game/SideScrollerBP/Maps/LevelONE.LevelONE_C' with ClassGeneratedBy '/Game/SideScrollerBP/Maps/LevelONE.LevelONE:PersistentLevel.LevelONE'
[2017.09.02-09.50.26:514][550]LogEditorViewport: Clicking on Actor (LMB): moldableCUBE_C (moldableCUBE)
[2017.09.02-09.50.27:298][643]Cmd: DELETE
[2017.09.02-09.50.27:298][643]Cmd: ACTOR DELETE
[2017.09.02-09.50.27:298][643]LogEditorActor: Deleted Actor: moldableCUBE_C
[2017.09.02-09.50.27:311][643]LogEditorActor: Deleted 1 Actors (0.013 secs)
[2017.09.02-09.50.27:522][664]Cmd: OBJ SAVEPACKAGE PACKAGE="/Game/SideScrollerBP/Maps/LevelONE" FILE="C:/Users/Liam/Documents/GitHub/CUBE-JUMP/Content/SideScrollerBP/Maps/LevelONE.umap" SILENT=true AUTOSAVING=false KEEPDIRTY=false
[2017.09.02-09.50.27:822][664]LogSavePackage: Save=262.68ms
[2017.09.02-09.50.27:822][664]LogSavePackage: Moving 'C:/Users/Liam/Documents/GitHub/CUBE-JUMP/Saved/LevelONEC7902B49415F3FAE6FB4299250F15826.tmp' to 'C:/Users/Liam/Documents/GitHub/CUBE-JUMP/Content/SideScrollerBP/Maps/LevelONE.umap'
[2017.09.02-09.50.27:825][664]LogSavePackage:Display: Finished SavePackage C:/Users/Liam/Documents/GitHub/CUBE-JUMP/Content/SideScrollerBP/Maps/LevelONE.umap
[2017.09.02-09.51.12:152][900]LogEditorViewport: Clicking on Actor (LMB): deathFloor_C (deathFloor)
[2017.09.02-09.51.13:537][ 31]LogPackageName: SearchForPackageOnDisk took   0.041s, but failed to resolve Transient.umap.
[2017.09.02-09.51.13:537][ 31]LogLevel:Warning: WARNING: The map '/Game/SideScrollerBP/Maps/SideScrollerExampleMap' does not exist.
[2017.09.02-09.51.34:946][651]LogSlate:Warning: Prevented a slow task dialog from being summoned while a context menu was open
[2017.09.02-09.52.17:626][113]LogTemp: Repeting last play command: New Editor Window (PIE)
[2017.09.02-09.52.17:636][113]LogBlueprintUserMessages: Early PlayInEditor Detection: Level '/Game/SideScrollerBP/Maps/LevelONE.LevelONE:PersistentLevel' has LevelScriptBlueprint '/Game/SideScrollerBP/Maps/LevelONE.LevelONE:PersistentLevel.LevelONE' with GeneratedClass '/Game/SideScrollerBP/Maps/LevelONE.LevelONE_C' with ClassGeneratedBy '/Game/SideScrollerBP/Maps/LevelONE.LevelONE:PersistentLevel.LevelONE'
[2017.09.02-09.52.17:636][113]BlueprintLog: New page: Pre-Play auto-recompile
[2017.09.02-09.52.17:636][113]LogPlayLevel: [PlayLevel] Compiling deathFloor before play...
[2017.09.02-09.52.17:784][113]LogPlayLevel: PlayLevel: Blueprint regeneration took 147 ms (1 blueprints)
[2017.09.02-09.52.17:784][113]PIE: New page: PIE session: LevelONE (3/09/2017 9:52:17 am)
[2017.09.02-09.52.17:784][113]LogPlayLevel: Creating play world package: /Game/SideScrollerBP/Maps/UEDPIE_0_LevelONE
[2017.09.02-09.52.17:801][113]LogPlayLevel: PIE: StaticDuplicateObject took: (0.017195s)
[2017.09.02-09.52.17:802][113]LogAIModule: Creating AISystem for world LevelONE
[2017.09.02-09.52.17:802][113]LogPlayLevel: PIE: World Init took: (0.000779s)
[2017.09.02-09.52.17:803][113]LogPlayLevel: PIE: Created PIE world by copying editor world from /Game/SideScrollerBP/Maps/LevelONE.LevelONE to /Game/SideScrollerBP/Maps/UEDPIE_0_LevelONE.LevelONE (0.018315s)
[2017.09.02-09.52.17:822][113]LogInit: XAudio2 using 'Speakers (Realtek High Definition Audio)' : 2 channels at 48 kHz using 32 bits per sample (channel mask 0x3)
[2017.09.02-09.52.17:835][113]LogInit: FAudioDevice initialized.
[2017.09.02-09.52.17:890][113]LogLoad: Game class is 'SideScrollerGameMode_C'
[2017.09.02-09.52.17:892][113]LogWorld: Bringing World /Game/SideScrollerBP/Maps/UEDPIE_0_LevelONE.LevelONE up for play (max tick rate 0) at 2017.09.02-21.52.17
[2017.09.02-09.52.17:893][113]LogWorld: Bringing up level for play took: 0.001494
[2017.09.02-09.52.17:899][113]PIE: Info Play in editor start time for /Game/SideScrollerBP/Maps/UEDPIE_0_LevelONE 0.027
[2017.09.02-09.52.17:899][113]LogBlueprintUserMessages: Late PlayInEditor Detection: Level '/Game/SideScrollerBP/Maps/LevelONE.LevelONE:PersistentLevel' has LevelScriptBlueprint '/Game/SideScrollerBP/Maps/LevelONE.LevelONE:PersistentLevel.LevelONE' with GeneratedClass '/Game/SideScrollerBP/Maps/LevelONE.LevelONE_C' with ClassGeneratedBy '/Game/SideScrollerBP/Maps/LevelONE.LevelONE:PersistentLevel.LevelONE'
[2017.09.02-09.52.20:166][337]LogNet: Browse: /Game/SideScrollerBP/Maps/LevelONE
[2017.09.02-09.52.20:166][337]LogLoad: LoadMap: /Game/SideScrollerBP/Maps/LevelONE
[2017.09.02-09.52.20:181][337]Cmd: MEM
[2017.09.02-09.52.20:194][337]LogMemory: Platform Memory Stats for Windows
[2017.09.02-09.52.20:194][337]LogMemory: Process Physical Memory: 1446.25 MB used, 1531.96 MB peak
[2017.09.02-09.52.20:194][337]LogMemory: Process Virtual Memory: 2562.68 MB used, 2562.68 MB peak
[2017.09.02-09.52.20:194][337]LogMemory: Physical Memory: 6941.90 MB used,  1111.04 MB free, 8052.93 MB total
[2017.09.02-09.52.20:194][337]LogMemory: Virtual Memory: 3470.27 MB used,  1111.04 MB free, 134217728.00 MB total
[2017.09.02-09.52.20:194][337]LogMemory: 
[2017.09.02-09.52.20:194][337]Allocator Stats for TBB: (not implemented)
[2017.09.02-09.52.20:194][337]LogPlayLevel: Creating play world package: /Game/SideScrollerBP/Maps/UEDPIE_0_LevelONE
[2017.09.02-09.52.20:213][337]LogPlayLevel: PIE: StaticDuplicateObject took: (0.019036s)
[2017.09.02-09.52.20:214][337]LogAIModule: Creating AISystem for world LevelONE
[2017.09.02-09.52.20:214][337]LogPlayLevel: PIE: World Init took: (0.001294s)
[2017.09.02-09.52.20:214][337]LogPlayLevel: PIE: Created PIE world by copying editor world from /Game/SideScrollerBP/Maps/LevelONE.LevelONE to /Game/SideScrollerBP/Maps/UEDPIE_0_LevelONE.LevelONE (0.020760s)
[2017.09.02-09.52.20:215][337]LogLoad: Game class is 'SideScrollerGameMode_C'
[2017.09.02-09.52.20:222][337]LogWorld: Bringing World /Game/SideScrollerBP/Maps/UEDPIE_0_LevelONE.LevelONE up for play (max tick rate 0) at 2017.09.02-21.52.20
[2017.09.02-09.52.20:222][337]LogWorld: Bringing up level for play took: 0.006196
[2017.09.02-09.52.20:236][337]LogLoad: Took 0.070413 seconds to LoadMap(/Game/SideScrollerBP/Maps/UEDPIE_0_LevelONE)
[2017.09.02-09.52.31:379][493]LogNet: Browse: /Game/SideScrollerBP/Maps/LevelTWO
[2017.09.02-09.52.31:379][493]LogLoad: LoadMap: /Game/SideScrollerBP/Maps/LevelTWO
[2017.09.02-09.52.31:394][493]Cmd: MEM
[2017.09.02-09.52.31:407][493]LogMemory: Platform Memory Stats for Windows
[2017.09.02-09.52.31:407][493]LogMemory: Process Physical Memory: 1410.80 MB used, 1531.96 MB peak
[2017.09.02-09.52.31:407][493]LogMemory: Process Virtual Memory: 2379.29 MB used, 2722.20 MB peak
[2017.09.02-09.52.31:407][493]LogMemory: Physical Memory: 6879.67 MB used,  1173.26 MB free, 8052.93 MB total
[2017.09.02-09.52.31:407][493]LogMemory: Virtual Memory: 3485.52 MB used,  1173.26 MB free, 134217728.00 MB total
[2017.09.02-09.52.31:407][493]LogMemory: 
[2017.09.02-09.52.31:407][493]Allocator Stats for TBB: (not implemented)
[2017.09.02-09.52.31:665][493]LogStats: FPlatformStackWalk::StackWalkAndDump -  0.147 s
[2017.09.02-09.52.31:665][493]LogOutputDevice:Error: === Handled ensure: ===
[2017.09.02-09.52.31:665][493]LogOutputDevice:Error: 
[2017.09.02-09.52.31:665][493]LogOutputDevice:Error: Ensure condition failed: IsObjectValidForDatabase(AssetObject) [File:D:\Build\++UE4+Release-4.14+Compile\Sync\Engine\Source\Editor\BlueprintGraph\Private\BlueprintActionDatabase.cpp] [Line: 1263]
[2017.09.02-09.52.31:665][493]LogOutputDevice:Error: 
[2017.09.02-09.52.31:665][493]LogOutputDevice:Error: Stack: 
[2017.09.02-09.52.31:665][493]LogOutputDevice:Error: UE4Editor-Core.dll
[2017.09.02-09.52.31:665][493]LogOutputDevice:Error: UE4Editor-Core.dll
[2017.09.02-09.52.31:665][493]LogOutputDevice:Error: UE4Editor-Core.dll
[2017.09.02-09.52.31:665][493]LogOutputDevice:Error: UE4Editor-BlueprintGraph.dll
[2017.09.02-09.52.31:665][493]LogOutputDevice:Error: UE4Editor-BlueprintGraph.dll
[2017.09.02-09.52.31:665][493]LogOutputDevice:Error: UE4Editor-CoreUObject.dll
[2017.09.02-09.52.31:665][493]LogOutputDevice:Error: UE4Editor-CoreUObject.dll
[2017.09.02-09.52.31:665][493]LogOutputDevice:Error: UE4Editor-CoreUObject.dll
[2017.09.02-09.52.31:665][493]LogOutputDevice:Error: UE4Editor-CoreUObject.dll
[2017.09.02-09.52.31:665][493]LogOutputDevice:Error: UE4Editor-Engine.dll
[2017.09.02-09.52.31:665][493]LogOutputDevice:Error: UE4Editor-Engine.dll
[2017.09.02-09.52.31:665][493]LogOutputDevice:Error: UE4Editor-Engine.dll
[2017.09.02-09.52.31:665][493]LogOutputDevice:Error: UE4Editor-UnrealEd.dll
[2017.09.02-09.52.31:665][493]LogOutputDevice:Error: UE4Editor-UnrealEd.dll
[2017.09.02-09.52.31:665][493]LogOutputDevice:Error: UE4Editor.exe
[2017.09.02-09.52.31:665][493]LogOutputDevice:Error: UE4Editor.exe
[2017.09.02-09.52.31:665][493]LogOutputDevice:Error: UE4Editor.exe
[2017.09.02-09.52.31:665][493]LogOutputDevice:Error: UE4Editor.exe
[2017.09.02-09.52.31:665][493]LogOutputDevice:Error: UE4Editor.exe
[2017.09.02-09.52.31:665][493]LogOutputDevice:Error: KERNEL32.DLL
[2017.09.02-09.52.31:665][493]LogOutputDevice:Error: ntdll.dll
[2017.09.02-09.52.31:665][493]LogOutputDevice:Error: 
[2017.09.02-09.52.31:674][493]LogStats:                SubmitErrorReport -  0.000 s
